============================================================
  Generated by:           Genus(TM) Synthesis Solution 19.11-s087_1
  Generated on:           Aug 20 2021  11:46:02 am
  Module:                 top_nft
  Operating conditions:   NCCOM 
  Operating conditions:   WCCOM 
  Operating conditions:   WCCOM 
  Operating conditions:   BCCOM 
  Interconnect mode:      global
  Area mode:              physical library
============================================================

Timing
--------

 Analysis view Clock Period 
----------------------------
view_typ       clk   1000.0 
view_slow      clk   1000.0 
view_superslow clk   1000.0 
view_fast      clk   1000.0 


   Analysis      Cost   Critical            Violating 
     View       Group  Path Slack    TNS      Paths   
------------------------------------------------------
view_typ           C2C       73.0      0.0          0 
                   C2O       71.8      0.0          0 
                   clk   No paths      0.0          0 
               default   No paths      0.0          0 
                   I2C      131.9      0.0          0 
                   I2O      131.6      0.0          0 
------------------------------------------------------
Total                                 -0.0          0 
                                                      
view_slow          C2C     -494.6 -51228.6        312 
                   C2O     -418.6  -5783.4         35 
                   clk   No paths      0.0          0 
               default   No paths      0.0          0 
                   I2C     -339.3 -11956.2         62 
                   I2O     -259.9   -387.9          3 
------------------------------------------------------
Total                             -57012.0        412 
                                                      
view_superslow     C2C     -524.9 -61229.6        370 
                   C2O     -437.6  -6670.5         35 
                   clk   No paths      0.0          0 
               default   No paths      0.0          0 
                   I2C     -368.4 -13920.5         77 
                   I2O     -278.1   -452.4          3 
------------------------------------------------------
Total                             -67900.1        485 
                                                      
view_fast          C2C      342.6      0.0          0 
                   C2O      303.3      0.0          0 
                   clk   No paths      0.0          0 
               default   No paths      0.0          0 
                   I2C      354.2      0.0          0 
                   I2O      316.1      0.0          0 
------------------------------------------------------
Total                                 -0.0          0 
                                                      

Instance Count
--------------
Leaf Instance Count             18656 
Physical Instance count             0 
Sequential Instance Count        2704 
Combinational Instance Count    15952 
Hierarchical Instance Count         1 

Area
----
Cell Area                          83945.600
Physical Cell Area                 0.000
Total Cell Area (Cell+Physical)    83945.600
Net Area                           33252.085
Total Area (Cell+Physical+Net)     117197.685

Runtime                            106.81315900000001 seconds
Elapsed Runtime                    4451 seconds
Genus peak memory usage            1482.54 
Innovus peak memory usage          no_value 
Hostname                           epi03.bsc.es
