============================================================
  Generated by:           Genus(TM) Synthesis Solution 19.11-s087_1
  Generated on:           Aug 20 2021  10:36:23 am
  Module:                 top_nft
  Operating conditions:   NCCOM 
  Operating conditions:   WCCOM 
  Operating conditions:   WCCOM 
  Operating conditions:   BCCOM 
  Interconnect mode:      global
  Area mode:              physical library
============================================================

                                        Leakage  Leakage 
     Type      Instances  Area Area % Power (nW) Power % 
---------------------------------------------------------
sequential          2704 0.000    0.0  57147.688    98.3 
inverter               2 0.000    0.0      0.065     0.0 
logic              28582 0.000    0.0    967.296     1.7 
physical_cells         0 0.000    0.0      0.000     0.0 
---------------------------------------------------------
total              31288 0.000    0.0  58115.049   100.0 

