============================================================
  Generated by:           Genus(TM) Synthesis Solution 19.11-s087_1
  Generated on:           Aug 20 2021  10:36:20 am
  Module:                 top_nft
  Operating conditions:   NCCOM 
  Operating conditions:   WCCOM 
  Operating conditions:   WCCOM 
  Operating conditions:   BCCOM 
  Interconnect mode:      global
  Area mode:              physical library
============================================================

                         Instance                                      Module              Cell Count  Cell Area  Net Area   Total Area 
----------------------------------------------------------------------------------------------------------------------------------------
top_nft                                                                                         31288 134971.599    41.621   135013.221 
  dut_pmu_ahb_inst_pmu_raw_inst_MCCU                       MCCU                                  3559  14115.489     0.000    14115.489 
    sub_210_64_I4_I2                                       sub_unsigned_7049_7415                 195    691.762     0.000      691.762 
    sub_210_64_I3_I2                                       sub_unsigned_7049_7415                 195    691.762     0.000      691.762 
    sub_210_64_I2_I2                                       sub_unsigned_7049_7415                 195    691.762     0.000      691.762 
    sub_210_64_I1_I2                                       sub_unsigned_7049_7415                 195    691.762     0.000      691.762 
    sub_197_66_I4_I2                                       sub_unsigned_7049                      190    674.024     0.000      674.024 
    sub_197_66_I3_I2                                       sub_unsigned_7049                      190    674.024     0.000      674.024 
    sub_197_66_I2_I2                                       sub_unsigned_7049                      190    674.024     0.000      674.024 
    sub_197_66_I1_I2                                       sub_unsigned_7049                      190    674.024     0.000      674.024 
  dut_pmu_ahb_inst_pmu_raw_inst_quota_add_141_42           add_unsigned_7078                      422   1497.044     0.000     1497.044 
  dut_pmu_ahb_inst_pmu_raw_inst_counters_inc_add_68_63_I24 increment_unsigned_309                 187    663.382     0.000      663.382 
  dut_pmu_ahb_inst_pmu_raw_inst_counters_inc_add_68_63_I23 increment_unsigned_309                 187    663.382     0.000      663.382 
  dut_pmu_ahb_inst_pmu_raw_inst_counters_inc_add_68_63_I22 increment_unsigned_309                 187    663.382     0.000      663.382 
  dut_pmu_ahb_inst_pmu_raw_inst_counters_inc_add_68_63_I21 increment_unsigned_309                 187    663.382     0.000      663.382 
  dut_pmu_ahb_inst_pmu_raw_inst_counters_inc_add_68_63_I20 increment_unsigned_309                 187    663.382     0.000      663.382 
  dut_pmu_ahb_inst_pmu_raw_inst_counters_inc_add_68_63_I19 increment_unsigned_309                 187    663.382     0.000      663.382 
  dut_pmu_ahb_inst_pmu_raw_inst_counters_inc_add_68_63_I18 increment_unsigned_309                 187    663.382     0.000      663.382 
  dut_pmu_ahb_inst_pmu_raw_inst_counters_inc_add_68_63_I17 increment_unsigned_309                 187    663.382     0.000      663.382 
  dut_pmu_ahb_inst_pmu_raw_inst_counters_inc_add_68_63_I16 increment_unsigned_309                 187    663.382     0.000      663.382 
  dut_pmu_ahb_inst_pmu_raw_inst_counters_inc_add_68_63_I15 increment_unsigned_309                 187    663.382     0.000      663.382 
  dut_pmu_ahb_inst_pmu_raw_inst_counters_inc_add_68_63_I14 increment_unsigned_309                 187    663.382     0.000      663.382 
  dut_pmu_ahb_inst_pmu_raw_inst_counters_inc_add_68_63_I13 increment_unsigned_309                 187    663.382     0.000      663.382 
  dut_pmu_ahb_inst_pmu_raw_inst_counters_inc_add_68_63_I12 increment_unsigned_309                 187    663.382     0.000      663.382 
  dut_pmu_ahb_inst_pmu_raw_inst_counters_inc_add_68_63_I11 increment_unsigned_309                 187    663.382     0.000      663.382 
  dut_pmu_ahb_inst_pmu_raw_inst_counters_inc_add_68_63_I10 increment_unsigned_309                 187    663.382     0.000      663.382 
  dut_pmu_ahb_inst_pmu_raw_inst_counters_inc_add_68_63_I9  increment_unsigned_309                 187    663.382     0.000      663.382 
  dut_pmu_ahb_inst_pmu_raw_inst_counters_inc_add_68_63_I8  increment_unsigned_309                 187    663.382     0.000      663.382 
  dut_pmu_ahb_inst_pmu_raw_inst_counters_inc_add_68_63_I7  increment_unsigned_309                 187    663.382     0.000      663.382 
  dut_pmu_ahb_inst_pmu_raw_inst_counters_inc_add_68_63_I6  increment_unsigned_309                 187    663.382     0.000      663.382 
  dut_pmu_ahb_inst_pmu_raw_inst_counters_inc_add_68_63_I5  increment_unsigned_309                 187    663.382     0.000      663.382 
  dut_pmu_ahb_inst_pmu_raw_inst_counters_inc_add_68_63_I4  increment_unsigned_309                 187    663.382     0.000      663.382 
  dut_pmu_ahb_inst_pmu_raw_inst_counters_inc_add_68_63_I3  increment_unsigned_309                 187    663.382     0.000      663.382 
  dut_pmu_ahb_inst_pmu_raw_inst_counters_inc_add_68_63_I2  increment_unsigned_309                 187    663.382     0.000      663.382 
  dut_pmu_ahb_inst_pmu_raw_inst_counters_inc_add_68_63_I1  increment_unsigned_309                 187    663.382     0.000      663.382 
  dut_pmu_ahb_inst_pmu_raw_inst_quota_gt_163_37            gt_unsigned_rtlopto_model_1527         156    553.409     0.000      553.409 
