============================================================
  Generated by:           Genus(TM) Synthesis Solution 19.11-s087_1
  Generated on:           Aug 20 2021  10:32:39 am
  Module:                 top_nft
  Operating conditions:   NCCOM 
  Operating conditions:   WCCOM 
  Operating conditions:   WCCOM 
  Operating conditions:   BCCOM 
  Interconnect mode:      global
  Area mode:              physical library
============================================================

Some unconstrained paths have not been displayed.
Use -unconstrained or set the root attribute 'timing_report_unconstrained' to 'true' to see only these unconstrained paths.


============================================================
  Generated by:           Genus(TM) Synthesis Solution 19.11-s087_1
  Generated on:           Aug 20 2021  10:32:39 am
  Module:                 top_nft
  Operating conditions:   NCCOM 
  Operating conditions:   WCCOM 
  Operating conditions:   WCCOM 
  Operating conditions:   BCCOM 
  Interconnect mode:      global
  Area mode:              physical library
============================================================


Path 1: VIOLATED (-1474 ps) Setup Check with Pin dut_pmu_ahb/inst_pmu_raw/inst_quota/suma_int_reg[36]/clk->d
           View: view_superslow
          Group: clk
     Startpoint: (R) dut_pmu_ahb/genblk1.master_addr_reg[3]/clk
          Clock: (R) clk
       Endpoint: (R) dut_pmu_ahb/inst_pmu_raw/inst_quota/suma_int_reg[36]/d
          Clock: (R) clk

                     Capture       Launch     
        Clock Edge:+    1000            0     
       Src Latency:+       0            0     
       Net Latency:+       0 (I)        0 (I) 
           Arrival:=    1000            0     
                                              
             Setup:-      75                  
     Required Time:=     925                  
      Launch Clock:-       0                  
         Data Path:-    2399                  
             Slack:=   -1474                  

#---------------------------------------------------------------------------------------------------------------------------------------------------------------------------
#                                       Timing Point                                        Flags     Arc    Edge      Cell        Fanout Load Trans Delay Arrival Instance 
#                                                                                                                                         (fF)  (ps)  (ps)   (ps)  Location 
#---------------------------------------------------------------------------------------------------------------------------------------------------------------------------
  dut_pmu_ahb/genblk1.master_addr_reg[3]/clk                                                -       -        R     (arrival)         2950    -     0     -       0    (-,-) 
  dut_pmu_ahb/genblk1.master_addr_reg[3]/q                                                  (u)     clk->q   R     unmapped_d_flop     73 28.8     0   262     262    (-,-) 
  dut_pmu_ahb/gte_591_72/g13/z                                                              (u)     in_0->z  F     unmapped_nor2        1  3.0     0    31     294    (-,-) 
  dut_pmu_ahb/gte_591_72/g23/z                                                              (u)     in_0->z  R     unmapped_not         1  3.2     0    22     316    (-,-) 
  dut_pmu_ahb/gte_591_72/g24/z                                                              (u)     in_1->z  F     unmapped_nand2       1  3.0     0    31     347    (-,-) 
  dut_pmu_ahb/gte_591_72/g25/z                                                              (u)     in_1->z  R     unmapped_nand2       1  3.2     0    31     379    (-,-) 
  dut_pmu_ahb/gte_591_72/g37/z                                                              (u)     in_1->z  F     unmapped_nand2       1  3.0     0    31     410    (-,-) 
  dut_pmu_ahb/gte_591_72/g38/z                                                              (u)     in_1->z  R     unmapped_nand2       1  3.2     0    31     441    (-,-) 
  dut_pmu_ahb/gte_591_72/g42/z                                                              (u)     in_1->z  F     unmapped_nand2       1  3.0     0    31     473    (-,-) 
  dut_pmu_ahb/gte_591_72/g43/z                                                              (u)     in_1->z  R     unmapped_nand2       1  3.2     0    31     504    (-,-) 
  dut_pmu_ahb/mux_591_72/g1/z                                                               (u)     sel0->z  F     unmapped_bmux3       1  3.0     0    73     577    (-,-) 
  dut_pmu_ahb/g165/z                                                                        (u)     in_0->z  R     unmapped_not         2  6.4     0    26     604    (-,-) 
  dut_pmu_ahb/g166/z                                                                        (u)     in_1->z  R     unmapped_and2     3008 25.6     0   110     713    (-,-) 
  dut_pmu_ahb/mux_slv_reg_Q[0]_282_68/g2/z                                                  (u)     sel0->z  R     unmapped_bmux3      28 19.2     0   105     818    (-,-) 
  dut_pmu_ahb/inst_pmu_raw/mux_events_int_395_11/g17/z                                      (u)     sel0->z  R     unmapped_bmux6      10 32.0     0   163     981    (-,-) 
  dut_pmu_ahb/inst_pmu_raw/inst_counters/g15/z                                              (u)     in_0->z  R     unmapped_and2       32 19.2     0    63    1044    (-,-) 
  dut_pmu_ahb/inst_pmu_raw/inst_counters/mux_68_84/g31/z                                    (u)     sel0->z  R     unmapped_bmux3       2  6.4     0    77    1122    (-,-) 
  dut_pmu_ahb/inst_pmu_raw/inst_counters/mux_regs_o[7]_89_12/g31/z                          (u)     data0->z R     unmapped_bmux3       4 12.8     0    86    1208    (-,-) 
  dut_pmu_ahb/inst_pmu_raw/inst_quota/g16/g2/z                                              (u)     in_1->z  R     unmapped_and2        1  3.2     0    31    1239    (-,-) 
  dut_pmu_ahb/inst_pmu_raw/inst_quota/mux_83_76/g31/z                                       (u)     data0->z R     unmapped_bmux3       1  3.2     0    73    1312    (-,-) 
  dut_pmu_ahb/inst_pmu_raw/inst_quota/mux_masked_counter_value_int[sub_141_96]_141_62/g31/z (u)     data7->z R     unmapped_bmux29      2  6.4     0   323    1635    (-,-) 
  dut_pmu_ahb/inst_pmu_raw/inst_quota/add_141_42/g6/z                                       (u)     in_1->z  F     unmapped_nor2        1  3.0     0    31    1666    (-,-) 
  dut_pmu_ahb/inst_pmu_raw/inst_quota/add_141_42/g78/z                                      (u)     in_0->z  R     unmapped_not         2  6.4     0    26    1692    (-,-) 
  dut_pmu_ahb/inst_pmu_raw/inst_quota/add_141_42/g79/z                                      (u)     in_1->z  F     unmapped_nand2       1  3.0     0    31    1724    (-,-) 
  dut_pmu_ahb/inst_pmu_raw/inst_quota/add_141_42/g80/z                                      (u)     in_1->z  R     unmapped_nand2       3  9.6     0    40    1764    (-,-) 
  dut_pmu_ahb/inst_pmu_raw/inst_quota/add_141_42/g152/z                                     (u)     in_1->z  F     unmapped_nand2       1  3.0     0    31    1795    (-,-) 
  dut_pmu_ahb/inst_pmu_raw/inst_quota/add_141_42/g153/z                                     (u)     in_1->z  R     unmapped_nand2       5 16.0     0    47    1842    (-,-) 
  dut_pmu_ahb/inst_pmu_raw/inst_quota/add_141_42/g243/z                                     (u)     in_0->z  F     unmapped_nand2       1  3.0     0    31    1874    (-,-) 
  dut_pmu_ahb/inst_pmu_raw/inst_quota/add_141_42/g244/z                                     (u)     in_1->z  R     unmapped_nand2       9 28.8     0    58    1932    (-,-) 
  dut_pmu_ahb/inst_pmu_raw/inst_quota/add_141_42/g317/z                                     (u)     in_1->z  F     unmapped_nand2       1  3.0     0    31    1963    (-,-) 
  dut_pmu_ahb/inst_pmu_raw/inst_quota/add_141_42/g318/z                                     (u)     in_1->z  R     unmapped_nand2      17 54.4     0    75    2038    (-,-) 
  dut_pmu_ahb/inst_pmu_raw/inst_quota/add_141_42/g400/z                                     (u)     in_0->z  F     unmapped_nand2       1  3.0     0    31    2070    (-,-) 
  dut_pmu_ahb/inst_pmu_raw/inst_quota/add_141_42/g401/z                                     (u)     in_1->z  R     unmapped_nand2       5 16.0     0    47    2117    (-,-) 
  dut_pmu_ahb/inst_pmu_raw/inst_quota/add_141_42/g411/z                                     (u)     in_0->z  F     unmapped_nand2       1  3.0     0    31    2148    (-,-) 
  dut_pmu_ahb/inst_pmu_raw/inst_quota/add_141_42/g412/z                                     (u)     in_1->z  R     unmapped_nand2       1  3.2     0    31    2180    (-,-) 
  dut_pmu_ahb/inst_pmu_raw/inst_quota/add_141_42/g507/z                                     (u)     in_0->z  R     unmapped_xnor2       1  3.2     0    73    2253    (-,-) 
  dut_pmu_ahb/inst_pmu_raw/inst_quota/mux_suma_int_138_29/g1/z                              (u)     data0->z R     unmapped_bmux3       1  3.2     0    73    2326    (-,-) 
  dut_pmu_ahb/inst_pmu_raw/inst_quota/mux_suma_int_135_16/g1/z                              (u)     data0->z R     unmapped_bmux3       1  3.2     0    73    2399    (-,-) 
  dut_pmu_ahb/inst_pmu_raw/inst_quota/suma_int_reg[36]/d                                    -       -        R     unmapped_d_flop      1    -     -     0    2399    (-,-) 
#---------------------------------------------------------------------------------------------------------------------------------------------------------------------------

(u) : Net has unmapped pin(s).


============================================================
  Generated by:           Genus(TM) Synthesis Solution 19.11-s087_1
  Generated on:           Aug 20 2021  10:32:41 am
  Module:                 top_nft
  Operating conditions:   NCCOM 
  Operating conditions:   WCCOM 
  Operating conditions:   WCCOM 
  Operating conditions:   BCCOM 
  Interconnect mode:      global
  Area mode:              physical library
============================================================


Path 1: VIOLATED (-1091 ps) Setup Check with Pin dut_pmu_ahb/inst_pmu_raw/inst_quota/suma_int_reg[36]/clk->d
           View: view_slow
          Group: I2C
     Startpoint: (R) hwdata_i[30]
          Clock: (R) clk
       Endpoint: (R) dut_pmu_ahb/inst_pmu_raw/inst_quota/suma_int_reg[36]/d
          Clock: (R) clk

                     Capture       Launch     
        Clock Edge:+    1000            0     
        Drv Adjust:+       0            0     
       Src Latency:+       0            0     
       Net Latency:+       0 (I)        0 (I) 
           Arrival:=    1000            0     
                                              
             Setup:-      75                  
     Required Time:=     925                  
      Launch Clock:-       0                  
       Input Delay:-     100                  
         Data Path:-    1916                  
             Slack:=   -1091                  

Exceptions/Constraints:
  input_delay             100             top_nft_65.sdc_1_line_11_200_1 

#---------------------------------------------------------------------------------------------------------------------------------------------------------------------------
#                                       Timing Point                                        Flags     Arc    Edge      Cell        Fanout Load Trans Delay Arrival Instance 
#                                                                                                                                         (fF)  (ps)  (ps)   (ps)  Location 
#---------------------------------------------------------------------------------------------------------------------------------------------------------------------------
  hwdata_i[30]                                                                              (u)     -        R     (arrival)            2  6.4   200     0     100    (-,-) 
  dut_pmu_ahb/mux_dwrite_slave_440_15/g2/z                                                  (u)     data3->z R     unmapped_bmux6      94 32.0     0   179     279    (-,-) 
  dut_pmu_ahb/mux_slv_reg_Q[0]_285_21/g33/z                                                 (u)     data0->z R     unmapped_mux4        1  3.2     0    51     330    (-,-) 
  dut_pmu_ahb/mux_slv_reg_Q[0]_282_68/g2/z                                                  (u)     data1->z R     unmapped_bmux3      28 19.2     0   105     435    (-,-) 
  dut_pmu_ahb/inst_pmu_raw/mux_events_int_395_11/g17/z                                      (u)     sel0->z  R     unmapped_bmux6      10 32.0     0   163     598    (-,-) 
  dut_pmu_ahb/inst_pmu_raw/inst_counters/g15/z                                              (u)     in_0->z  R     unmapped_and2       32 19.2     0    63     661    (-,-) 
  dut_pmu_ahb/inst_pmu_raw/inst_counters/mux_68_84/g31/z                                    (u)     sel0->z  R     unmapped_bmux3       2  6.4     0    77     738    (-,-) 
  dut_pmu_ahb/inst_pmu_raw/inst_counters/mux_regs_o[7]_89_12/g31/z                          (u)     data0->z R     unmapped_bmux3       4 12.8     0    86     824    (-,-) 
  dut_pmu_ahb/inst_pmu_raw/inst_quota/g16/g2/z                                              (u)     in_1->z  R     unmapped_and2        1  3.2     0    31     856    (-,-) 
  dut_pmu_ahb/inst_pmu_raw/inst_quota/mux_83_76/g31/z                                       (u)     data0->z R     unmapped_bmux3       1  3.2     0    73     929    (-,-) 
  dut_pmu_ahb/inst_pmu_raw/inst_quota/mux_masked_counter_value_int[sub_141_96]_141_62/g31/z (u)     data7->z R     unmapped_bmux29      2  6.4     0   323    1252    (-,-) 
  dut_pmu_ahb/inst_pmu_raw/inst_quota/add_141_42/g6/z                                       (u)     in_1->z  F     unmapped_nor2        1  3.0     0    31    1283    (-,-) 
  dut_pmu_ahb/inst_pmu_raw/inst_quota/add_141_42/g78/z                                      (u)     in_0->z  R     unmapped_not         2  6.4     0    26    1309    (-,-) 
  dut_pmu_ahb/inst_pmu_raw/inst_quota/add_141_42/g79/z                                      (u)     in_1->z  F     unmapped_nand2       1  3.0     0    31    1341    (-,-) 
  dut_pmu_ahb/inst_pmu_raw/inst_quota/add_141_42/g80/z                                      (u)     in_1->z  R     unmapped_nand2       3  9.6     0    40    1380    (-,-) 
  dut_pmu_ahb/inst_pmu_raw/inst_quota/add_141_42/g152/z                                     (u)     in_1->z  F     unmapped_nand2       1  3.0     0    31    1412    (-,-) 
  dut_pmu_ahb/inst_pmu_raw/inst_quota/add_141_42/g153/z                                     (u)     in_1->z  R     unmapped_nand2       5 16.0     0    47    1459    (-,-) 
  dut_pmu_ahb/inst_pmu_raw/inst_quota/add_141_42/g243/z                                     (u)     in_0->z  F     unmapped_nand2       1  3.0     0    31    1490    (-,-) 
  dut_pmu_ahb/inst_pmu_raw/inst_quota/add_141_42/g244/z                                     (u)     in_1->z  R     unmapped_nand2       9 28.8     0    58    1548    (-,-) 
  dut_pmu_ahb/inst_pmu_raw/inst_quota/add_141_42/g317/z                                     (u)     in_1->z  F     unmapped_nand2       1  3.0     0    31    1580    (-,-) 
  dut_pmu_ahb/inst_pmu_raw/inst_quota/add_141_42/g318/z                                     (u)     in_1->z  R     unmapped_nand2      17 54.4     0    75    1655    (-,-) 
  dut_pmu_ahb/inst_pmu_raw/inst_quota/add_141_42/g400/z                                     (u)     in_0->z  F     unmapped_nand2       1  3.0     0    31    1686    (-,-) 
  dut_pmu_ahb/inst_pmu_raw/inst_quota/add_141_42/g401/z                                     (u)     in_1->z  R     unmapped_nand2       5 16.0     0    47    1734    (-,-) 
  dut_pmu_ahb/inst_pmu_raw/inst_quota/add_141_42/g411/z                                     (u)     in_0->z  F     unmapped_nand2       1  3.0     0    31    1765    (-,-) 
  dut_pmu_ahb/inst_pmu_raw/inst_quota/add_141_42/g412/z                                     (u)     in_1->z  R     unmapped_nand2       1  3.2     0    31    1796    (-,-) 
  dut_pmu_ahb/inst_pmu_raw/inst_quota/add_141_42/g507/z                                     (u)     in_0->z  R     unmapped_xnor2       1  3.2     0    73    1870    (-,-) 
  dut_pmu_ahb/inst_pmu_raw/inst_quota/mux_suma_int_138_29/g1/z                              (u)     data0->z R     unmapped_bmux3       1  3.2     0    73    1943    (-,-) 
  dut_pmu_ahb/inst_pmu_raw/inst_quota/mux_suma_int_135_16/g1/z                              (u)     data0->z R     unmapped_bmux3       1  3.2     0    73    2016    (-,-) 
  dut_pmu_ahb/inst_pmu_raw/inst_quota/suma_int_reg[36]/d                                    -       -        R     unmapped_d_flop      1    -     -     0    2016    (-,-) 
#---------------------------------------------------------------------------------------------------------------------------------------------------------------------------

(u) : Net has unmapped pin(s).


============================================================
  Generated by:           Genus(TM) Synthesis Solution 19.11-s087_1
  Generated on:           Aug 20 2021  10:32:43 am
  Module:                 top_nft
  Operating conditions:   NCCOM 
  Operating conditions:   WCCOM 
  Operating conditions:   WCCOM 
  Operating conditions:   BCCOM 
  Interconnect mode:      global
  Area mode:              physical library
============================================================


Path 1: VIOLATED (-888 ps) Late External Delay Assertion at pin intr_overflow_o
           View: view_slow
          Group: C2O
     Startpoint: (R) dut_pmu_ahb/genblk1.master_addr_reg[3]/clk
          Clock: (R) clk
       Endpoint: (R) intr_overflow_o
          Clock: (R) clk

                     Capture       Launch     
        Clock Edge:+    1000            0     
       Src Latency:+       0            0     
       Net Latency:+       0 (I)        0 (I) 
           Arrival:=    1000            0     
                                              
      Output Delay:-     100                  
     Required Time:=     900                  
      Launch Clock:-       0                  
         Data Path:-    1788                  
             Slack:=    -888                  

Exceptions/Constraints:
  output_delay             100             top_nft_65.sdc_1_line_12_302_1 

#---------------------------------------------------------------------------------------------------------------------------------------------------
#                          Timing Point                            Flags     Arc    Edge      Cell        Fanout  Load Trans Delay Arrival Instance 
#                                                                                                                 (fF)  (ps)  (ps)   (ps)  Location 
#---------------------------------------------------------------------------------------------------------------------------------------------------
  dut_pmu_ahb/genblk1.master_addr_reg[3]/clk                       -       -        R     (arrival)         2950     -     0     -       0    (-,-) 
  dut_pmu_ahb/genblk1.master_addr_reg[3]/q                         (u)     clk->q   R     unmapped_d_flop     73  28.8     0   262     262    (-,-) 
  dut_pmu_ahb/gte_591_72/g13/z                                     (u)     in_0->z  F     unmapped_nor2        1   3.0     0    31     294    (-,-) 
  dut_pmu_ahb/gte_591_72/g23/z                                     (u)     in_0->z  R     unmapped_not         1   3.2     0    22     316    (-,-) 
  dut_pmu_ahb/gte_591_72/g24/z                                     (u)     in_1->z  F     unmapped_nand2       1   3.0     0    31     347    (-,-) 
  dut_pmu_ahb/gte_591_72/g25/z                                     (u)     in_1->z  R     unmapped_nand2       1   3.2     0    31     379    (-,-) 
  dut_pmu_ahb/gte_591_72/g37/z                                     (u)     in_1->z  F     unmapped_nand2       1   3.0     0    31     410    (-,-) 
  dut_pmu_ahb/gte_591_72/g38/z                                     (u)     in_1->z  R     unmapped_nand2       1   3.2     0    31     441    (-,-) 
  dut_pmu_ahb/gte_591_72/g42/z                                     (u)     in_1->z  F     unmapped_nand2       1   3.0     0    31     473    (-,-) 
  dut_pmu_ahb/gte_591_72/g43/z                                     (u)     in_1->z  R     unmapped_nand2       1   3.2     0    31     504    (-,-) 
  dut_pmu_ahb/mux_591_72/g1/z                                      (u)     sel0->z  F     unmapped_bmux3       1   3.0     0    73     577    (-,-) 
  dut_pmu_ahb/g165/z                                               (u)     in_0->z  R     unmapped_not         2   6.4     0    26     604    (-,-) 
  dut_pmu_ahb/g166/z                                               (u)     in_1->z  R     unmapped_and2     3008  25.6     0   110     713    (-,-) 
  dut_pmu_ahb/mux_slv_reg_Q[0]_282_68/g2/z                         (u)     sel0->z  R     unmapped_bmux3      28  19.2     0   105     818    (-,-) 
  dut_pmu_ahb/inst_pmu_raw/mux_events_int_395_11/g16/z             (u)     sel0->z  R     unmapped_bmux6       1   3.2     0   134     953    (-,-) 
  dut_pmu_ahb/inst_pmu_raw/inst_counters/g17/z                     (u)     in_0->z  R     unmapped_and2       32  19.2     0    63    1016    (-,-) 
  dut_pmu_ahb/inst_pmu_raw/inst_counters/mux_68_82/g16/z           (u)     sel0->z  R     unmapped_bmux3       2   6.4     0    77    1093    (-,-) 
  dut_pmu_ahb/inst_pmu_raw/inst_counters/mux_regs_o[8]_89_12/g16/z (u)     data0->z R     unmapped_bmux3       4  12.8     0    86    1179    (-,-) 
  dut_pmu_ahb/inst_pmu_raw/inst_overflow/g9/g4/z                   (u)     in_3->z  F     unmapped_nand4       1   3.0     0    76    1255    (-,-) 
  dut_pmu_ahb/inst_pmu_raw/inst_overflow/g9/g9/z                   (u)     in_3->z  R     unmapped_nor4        1   3.2     0    76    1331    (-,-) 
  dut_pmu_ahb/inst_pmu_raw/inst_overflow/g9/g11/z                  (u)     in_1->z  F     unmapped_nand2       1   3.0     0    31    1363    (-,-) 
  dut_pmu_ahb/inst_pmu_raw/inst_overflow/g9/g12/z                  (u)     in_0->z  R     unmapped_not         1   3.2     0    22    1385    (-,-) 
  dut_pmu_ahb/inst_pmu_raw/inst_overflow/g33/z                     (u)     in_0->z  R     unmapped_and2        3   9.6     0    40    1424    (-,-) 
  dut_pmu_ahb/inst_pmu_raw/inst_overflow/g53/g9/z                  (u)     in_0->z  R     unmapped_or2         1   3.2     0    31    1456    (-,-) 
  dut_pmu_ahb/inst_pmu_raw/inst_overflow/g54/g4/z                  (u)     in_3->z  F     unmapped_nor4        1   3.0     0    76    1532    (-,-) 
  dut_pmu_ahb/inst_pmu_raw/inst_overflow/g54/g7/z                  (u)     in_3->z  R     unmapped_nand4       1   3.2     0    76    1608    (-,-) 
  dut_pmu_ahb/inst_pmu_raw/inst_overflow/g54/g9/z                  (u)     in_1->z  F     unmapped_nor2        1   3.0     0    31    1640    (-,-) 
  dut_pmu_ahb/inst_pmu_raw/inst_overflow/g54/g10/z                 (u)     in_0->z  R     unmapped_not         1   3.2     0    22    1662    (-,-) 
  dut_pmu_ahb/inst_pmu_raw/inst_overflow/mux_92_29/g1/z            (u)     data0->z R     unmapped_bmux3       1 502.6     0   126    1788    (-,-) 
  intr_overflow_o                                                  -       -        R     (port)               -     -     -     0    1788    (-,-) 
#---------------------------------------------------------------------------------------------------------------------------------------------------

(u) : Net has unmapped pin(s).


============================================================
  Generated by:           Genus(TM) Synthesis Solution 19.11-s087_1
  Generated on:           Aug 20 2021  10:32:44 am
  Module:                 top_nft
  Operating conditions:   NCCOM 
  Operating conditions:   WCCOM 
  Operating conditions:   WCCOM 
  Operating conditions:   BCCOM 
  Interconnect mode:      global
  Area mode:              physical library
============================================================


Path 1: VIOLATED (-1474 ps) Setup Check with Pin dut_pmu_ahb/inst_pmu_raw/inst_quota/suma_int_reg[36]/clk->d
           View: view_slow
          Group: C2C
     Startpoint: (R) dut_pmu_ahb/genblk1.master_addr_reg[3]/clk
          Clock: (R) clk
       Endpoint: (R) dut_pmu_ahb/inst_pmu_raw/inst_quota/suma_int_reg[36]/d
          Clock: (R) clk

                     Capture       Launch     
        Clock Edge:+    1000            0     
       Src Latency:+       0            0     
       Net Latency:+       0 (I)        0 (I) 
           Arrival:=    1000            0     
                                              
             Setup:-      75                  
     Required Time:=     925                  
      Launch Clock:-       0                  
         Data Path:-    2399                  
             Slack:=   -1474                  

#---------------------------------------------------------------------------------------------------------------------------------------------------------------------------
#                                       Timing Point                                        Flags     Arc    Edge      Cell        Fanout Load Trans Delay Arrival Instance 
#                                                                                                                                         (fF)  (ps)  (ps)   (ps)  Location 
#---------------------------------------------------------------------------------------------------------------------------------------------------------------------------
  dut_pmu_ahb/genblk1.master_addr_reg[3]/clk                                                -       -        R     (arrival)         2950    -     0     -       0    (-,-) 
  dut_pmu_ahb/genblk1.master_addr_reg[3]/q                                                  (u)     clk->q   R     unmapped_d_flop     73 28.8     0   262     262    (-,-) 
  dut_pmu_ahb/gte_591_72/g13/z                                                              (u)     in_0->z  F     unmapped_nor2        1  3.0     0    31     294    (-,-) 
  dut_pmu_ahb/gte_591_72/g23/z                                                              (u)     in_0->z  R     unmapped_not         1  3.2     0    22     316    (-,-) 
  dut_pmu_ahb/gte_591_72/g24/z                                                              (u)     in_1->z  F     unmapped_nand2       1  3.0     0    31     347    (-,-) 
  dut_pmu_ahb/gte_591_72/g25/z                                                              (u)     in_1->z  R     unmapped_nand2       1  3.2     0    31     379    (-,-) 
  dut_pmu_ahb/gte_591_72/g37/z                                                              (u)     in_1->z  F     unmapped_nand2       1  3.0     0    31     410    (-,-) 
  dut_pmu_ahb/gte_591_72/g38/z                                                              (u)     in_1->z  R     unmapped_nand2       1  3.2     0    31     441    (-,-) 
  dut_pmu_ahb/gte_591_72/g42/z                                                              (u)     in_1->z  F     unmapped_nand2       1  3.0     0    31     473    (-,-) 
  dut_pmu_ahb/gte_591_72/g43/z                                                              (u)     in_1->z  R     unmapped_nand2       1  3.2     0    31     504    (-,-) 
  dut_pmu_ahb/mux_591_72/g1/z                                                               (u)     sel0->z  F     unmapped_bmux3       1  3.0     0    73     577    (-,-) 
  dut_pmu_ahb/g165/z                                                                        (u)     in_0->z  R     unmapped_not         2  6.4     0    26     604    (-,-) 
  dut_pmu_ahb/g166/z                                                                        (u)     in_1->z  R     unmapped_and2     3008 25.6     0   110     713    (-,-) 
  dut_pmu_ahb/mux_slv_reg_Q[0]_282_68/g2/z                                                  (u)     sel0->z  R     unmapped_bmux3      28 19.2     0   105     818    (-,-) 
  dut_pmu_ahb/inst_pmu_raw/mux_events_int_395_11/g17/z                                      (u)     sel0->z  R     unmapped_bmux6      10 32.0     0   163     981    (-,-) 
  dut_pmu_ahb/inst_pmu_raw/inst_counters/g15/z                                              (u)     in_0->z  R     unmapped_and2       32 19.2     0    63    1044    (-,-) 
  dut_pmu_ahb/inst_pmu_raw/inst_counters/mux_68_84/g31/z                                    (u)     sel0->z  R     unmapped_bmux3       2  6.4     0    77    1122    (-,-) 
  dut_pmu_ahb/inst_pmu_raw/inst_counters/mux_regs_o[7]_89_12/g31/z                          (u)     data0->z R     unmapped_bmux3       4 12.8     0    86    1208    (-,-) 
  dut_pmu_ahb/inst_pmu_raw/inst_quota/g16/g2/z                                              (u)     in_1->z  R     unmapped_and2        1  3.2     0    31    1239    (-,-) 
  dut_pmu_ahb/inst_pmu_raw/inst_quota/mux_83_76/g31/z                                       (u)     data0->z R     unmapped_bmux3       1  3.2     0    73    1312    (-,-) 
  dut_pmu_ahb/inst_pmu_raw/inst_quota/mux_masked_counter_value_int[sub_141_96]_141_62/g31/z (u)     data7->z R     unmapped_bmux29      2  6.4     0   323    1635    (-,-) 
  dut_pmu_ahb/inst_pmu_raw/inst_quota/add_141_42/g6/z                                       (u)     in_1->z  F     unmapped_nor2        1  3.0     0    31    1666    (-,-) 
  dut_pmu_ahb/inst_pmu_raw/inst_quota/add_141_42/g78/z                                      (u)     in_0->z  R     unmapped_not         2  6.4     0    26    1692    (-,-) 
  dut_pmu_ahb/inst_pmu_raw/inst_quota/add_141_42/g79/z                                      (u)     in_1->z  F     unmapped_nand2       1  3.0     0    31    1724    (-,-) 
  dut_pmu_ahb/inst_pmu_raw/inst_quota/add_141_42/g80/z                                      (u)     in_1->z  R     unmapped_nand2       3  9.6     0    40    1764    (-,-) 
  dut_pmu_ahb/inst_pmu_raw/inst_quota/add_141_42/g152/z                                     (u)     in_1->z  F     unmapped_nand2       1  3.0     0    31    1795    (-,-) 
  dut_pmu_ahb/inst_pmu_raw/inst_quota/add_141_42/g153/z                                     (u)     in_1->z  R     unmapped_nand2       5 16.0     0    47    1842    (-,-) 
  dut_pmu_ahb/inst_pmu_raw/inst_quota/add_141_42/g243/z                                     (u)     in_0->z  F     unmapped_nand2       1  3.0     0    31    1874    (-,-) 
  dut_pmu_ahb/inst_pmu_raw/inst_quota/add_141_42/g244/z                                     (u)     in_1->z  R     unmapped_nand2       9 28.8     0    58    1932    (-,-) 
  dut_pmu_ahb/inst_pmu_raw/inst_quota/add_141_42/g317/z                                     (u)     in_1->z  F     unmapped_nand2       1  3.0     0    31    1963    (-,-) 
  dut_pmu_ahb/inst_pmu_raw/inst_quota/add_141_42/g318/z                                     (u)     in_1->z  R     unmapped_nand2      17 54.4     0    75    2038    (-,-) 
  dut_pmu_ahb/inst_pmu_raw/inst_quota/add_141_42/g400/z                                     (u)     in_0->z  F     unmapped_nand2       1  3.0     0    31    2070    (-,-) 
  dut_pmu_ahb/inst_pmu_raw/inst_quota/add_141_42/g401/z                                     (u)     in_1->z  R     unmapped_nand2       5 16.0     0    47    2117    (-,-) 
  dut_pmu_ahb/inst_pmu_raw/inst_quota/add_141_42/g411/z                                     (u)     in_0->z  F     unmapped_nand2       1  3.0     0    31    2148    (-,-) 
  dut_pmu_ahb/inst_pmu_raw/inst_quota/add_141_42/g412/z                                     (u)     in_1->z  R     unmapped_nand2       1  3.2     0    31    2180    (-,-) 
  dut_pmu_ahb/inst_pmu_raw/inst_quota/add_141_42/g507/z                                     (u)     in_0->z  R     unmapped_xnor2       1  3.2     0    73    2253    (-,-) 
  dut_pmu_ahb/inst_pmu_raw/inst_quota/mux_suma_int_138_29/g1/z                              (u)     data0->z R     unmapped_bmux3       1  3.2     0    73    2326    (-,-) 
  dut_pmu_ahb/inst_pmu_raw/inst_quota/mux_suma_int_135_16/g1/z                              (u)     data0->z R     unmapped_bmux3       1  3.2     0    73    2399    (-,-) 
  dut_pmu_ahb/inst_pmu_raw/inst_quota/suma_int_reg[36]/d                                    -       -        R     unmapped_d_flop      1    -     -     0    2399    (-,-) 
#---------------------------------------------------------------------------------------------------------------------------------------------------------------------------

(u) : Net has unmapped pin(s).


============================================================
  Generated by:           Genus(TM) Synthesis Solution 19.11-s087_1
  Generated on:           Aug 20 2021  10:32:46 am
  Module:                 top_nft
  Operating conditions:   NCCOM 
  Operating conditions:   WCCOM 
  Operating conditions:   WCCOM 
  Operating conditions:   BCCOM 
  Interconnect mode:      global
  Area mode:              physical library
============================================================


Path 1: VIOLATED (-505 ps) Late External Delay Assertion at pin intr_overflow_o
           View: view_slow
          Group: I2O
     Startpoint: (R) hwdata_i[30]
          Clock: (R) clk
       Endpoint: (R) intr_overflow_o
          Clock: (R) clk

                     Capture       Launch     
        Clock Edge:+    1000            0     
        Drv Adjust:+       0            0     
       Src Latency:+       0            0     
       Net Latency:+       0 (I)        0 (I) 
           Arrival:=    1000            0     
                                              
      Output Delay:-     100                  
     Required Time:=     900                  
      Launch Clock:-       0                  
       Input Delay:-     100                  
         Data Path:-    1305                  
             Slack:=    -505                  

Exceptions/Constraints:
  input_delay              100             top_nft_65.sdc_1_line_11_200_1 
  output_delay             100             top_nft_65.sdc_1_line_12_302_1 

#--------------------------------------------------------------------------------------------------------------------------------------------------
#                          Timing Point                            Flags     Arc    Edge      Cell       Fanout  Load Trans Delay Arrival Instance 
#                                                                                                                (fF)  (ps)  (ps)   (ps)  Location 
#--------------------------------------------------------------------------------------------------------------------------------------------------
  hwdata_i[30]                                                     (u)     -        R     (arrival)           2   6.4   200     0     100    (-,-) 
  dut_pmu_ahb/mux_dwrite_slave_440_15/g2/z                         (u)     data3->z R     unmapped_bmux6     94  32.0     0   179     279    (-,-) 
  dut_pmu_ahb/mux_slv_reg_Q[0]_285_21/g33/z                        (u)     data0->z R     unmapped_mux4       1   3.2     0    51     330    (-,-) 
  dut_pmu_ahb/mux_slv_reg_Q[0]_282_68/g2/z                         (u)     data1->z R     unmapped_bmux3     28  19.2     0   105     435    (-,-) 
  dut_pmu_ahb/inst_pmu_raw/mux_events_int_395_11/g16/z             (u)     sel0->z  R     unmapped_bmux6      1   3.2     0   134     570    (-,-) 
  dut_pmu_ahb/inst_pmu_raw/inst_counters/g17/z                     (u)     in_0->z  R     unmapped_and2      32  19.2     0    63     633    (-,-) 
  dut_pmu_ahb/inst_pmu_raw/inst_counters/mux_68_82/g16/z           (u)     sel0->z  R     unmapped_bmux3      2   6.4     0    77     710    (-,-) 
  dut_pmu_ahb/inst_pmu_raw/inst_counters/mux_regs_o[8]_89_12/g16/z (u)     data0->z R     unmapped_bmux3      4  12.8     0    86     796    (-,-) 
  dut_pmu_ahb/inst_pmu_raw/inst_overflow/g9/g4/z                   (u)     in_3->z  F     unmapped_nand4      1   3.0     0    76     872    (-,-) 
  dut_pmu_ahb/inst_pmu_raw/inst_overflow/g9/g9/z                   (u)     in_3->z  R     unmapped_nor4       1   3.2     0    76     948    (-,-) 
  dut_pmu_ahb/inst_pmu_raw/inst_overflow/g9/g11/z                  (u)     in_1->z  F     unmapped_nand2      1   3.0     0    31     979    (-,-) 
  dut_pmu_ahb/inst_pmu_raw/inst_overflow/g9/g12/z                  (u)     in_0->z  R     unmapped_not        1   3.2     0    22    1001    (-,-) 
  dut_pmu_ahb/inst_pmu_raw/inst_overflow/g33/z                     (u)     in_0->z  R     unmapped_and2       3   9.6     0    40    1041    (-,-) 
  dut_pmu_ahb/inst_pmu_raw/inst_overflow/g53/g9/z                  (u)     in_0->z  R     unmapped_or2        1   3.2     0    31    1073    (-,-) 
  dut_pmu_ahb/inst_pmu_raw/inst_overflow/g54/g4/z                  (u)     in_3->z  F     unmapped_nor4       1   3.0     0    76    1149    (-,-) 
  dut_pmu_ahb/inst_pmu_raw/inst_overflow/g54/g7/z                  (u)     in_3->z  R     unmapped_nand4      1   3.2     0    76    1225    (-,-) 
  dut_pmu_ahb/inst_pmu_raw/inst_overflow/g54/g9/z                  (u)     in_1->z  F     unmapped_nor2       1   3.0     0    31    1256    (-,-) 
  dut_pmu_ahb/inst_pmu_raw/inst_overflow/g54/g10/z                 (u)     in_0->z  R     unmapped_not        1   3.2     0    22    1278    (-,-) 
  dut_pmu_ahb/inst_pmu_raw/inst_overflow/mux_92_29/g1/z            (u)     data0->z R     unmapped_bmux3      1 502.6     0   126    1405    (-,-) 
  intr_overflow_o                                                  -       -        R     (port)              -     -     -     0    1405    (-,-) 
#--------------------------------------------------------------------------------------------------------------------------------------------------

(u) : Net has unmapped pin(s).


