============================================================
  Generated by:           Genus(TM) Synthesis Solution 19.11-s087_1
  Generated on:           Aug 20 2021  10:49:41 am
  Module:                 top_nft
  Operating conditions:   NCCOM 
  Operating conditions:   WCCOM 
  Operating conditions:   WCCOM 
  Operating conditions:   BCCOM 
  Interconnect mode:      global
  Area mode:              physical library
============================================================


Path 1: VIOLATED (-322 ps) Late External Delay Assertion at pin intr_overflow_o
           View: view_superslow
          Group: I2O
     Startpoint: (R) hwdata_i[31]
          Clock: (R) clk
       Endpoint: (F) intr_overflow_o
          Clock: (R) clk

                     Capture       Launch     
        Clock Edge:+    1000            0     
        Drv Adjust:+       0            0     
       Src Latency:+       0            0     
       Net Latency:+       0 (I)        0 (I) 
           Arrival:=    1000            0     
                                              
      Output Delay:-     100                  
     Required Time:=     900                  
      Launch Clock:-       0                  
       Input Delay:-     100                  
         Data Path:-    1122                  
             Slack:=    -322                  

Exceptions/Constraints:
  input_delay              100             tmp_sdc_view_typ.sdc_line_11242 
  output_delay             100             tmp_sdc_view_typ.sdc_line_11346 

#------------------------------------------------------------------------------------------------
#  Timing Point   Flags    Arc   Edge      Cell        Fanout  Load Trans Delay Arrival Instance 
#                                                              (fF)  (ps)  (ps)   (ps)  Location 
#------------------------------------------------------------------------------------------------
  hwdata_i[31]    -       -      R     (arrival)            1  21.8   200     0     100    (-,-) 
  g266890/ZN      -       A1->ZN F     NR2XD8HPBWPLVT       2   8.3    47    38     138    (-,-) 
  g265517/ZN      -       I0->ZN R     MUX2ND4HPBWPLVT      4  31.5    68   127     265    (-,-) 
  g265385/Z       -       I->Z   R     BUFFD6HPBWPLVT       3  19.3    36    65     330    (-,-) 
  g263964/ZN      -       A2->ZN F     NR2XD4HPBWPLVT       1  24.3    44    40     370    (-,-) 
  g263681/ZN      -       I->ZN  R     INVD16HPBWPLVT      16 159.6    80    61     432    (-,-) 
  g261906/ZN      -       A1->ZN F     NR2XD3HPBWPLVT       1  24.3    54    53     484    (-,-) 
  g261859/ZN      -       I->ZN  R     INVD16HPBWPLVT      31 140.7    72    60     544    (-,-) 
  g271247/ZN      -       A1->ZN R     IND2D2HPBWPLVT       1   5.4    36    62     606    (-,-) 
  g271246/Z       -       A1->Z  R     AN3D4HPBWPLVT        3  14.2    50    89     696    (-,-) 
  g258024/ZN      -       A2->ZN F     NR2XD2HPBWPLVT       1   6.9    33    37     733    (-,-) 
  g257775/ZN      -       A1->ZN R     ND2D3HPBWPLVT        1   7.5    33    29     762    (-,-) 
  g256845/ZN      -       A2->ZN F     NR2XD2HPBWPLVT       1   6.9    32    33     794    (-,-) 
  g256659/ZN      -       A1->ZN R     ND2D3HPBWPLVT        1   7.4    33    28     822    (-,-) 
  g256477/ZN      -       A1->ZN F     NR2XD2HPBWPLVT       1   8.1    36    29     852    (-,-) 
  g256424/ZN      -       B1->ZN R     IND2D4HPBWPLVT       2  11.1    38    30     882    (-,-) 
  g256310/ZN      -       A1->ZN F     ND2D3HPBWPLVT        1   8.8    41    36     918    (-,-) 
  g256193/ZN      -       A1->ZN R     NR3D3HPBWPLVT        1   7.0    55    42     960    (-,-) 
  g256164/ZN      -       A1->ZN F     ND2D3HPBWPLVT        1   8.1    41    39     999    (-,-) 
  g256121/ZN      -       A2->ZN R     OAI21D4HPBWPLVT      1  25.1   121    90    1089    (-,-) 
  g256116/ZN      -       I->ZN  F     INVD16HPBWPLVT       1 502.6   159   126    1215    (-,-) 
  intr_overflow_o -       -      F     (port)               -     -     -     8    1222    (-,-) 
#------------------------------------------------------------------------------------------------


