============================================================
  Generated by:           Genus(TM) Synthesis Solution 19.11-s087_1
  Generated on:           Aug 20 2021  11:45:55 am
  Module:                 top_nft
  Operating conditions:   NCCOM 
  Operating conditions:   WCCOM 
  Operating conditions:   WCCOM 
  Operating conditions:   BCCOM 
  Interconnect mode:      global
  Area mode:              physical library
============================================================


Path 1: VIOLATED (-368 ps) Setup Check with Pin dut_pmu_ahb_inst_pmu_raw_inst_quota_suma_int_reg[35]/CP->D
           View: view_superslow
          Group: I2C
     Startpoint: (R) hwdata_i[0]
          Clock: (R) clk
       Endpoint: (R) dut_pmu_ahb_inst_pmu_raw_inst_quota_suma_int_reg[35]/D
          Clock: (R) clk

                     Capture       Launch     
        Clock Edge:+    1000            0     
        Drv Adjust:+       0            0     
       Src Latency:+       0            0     
       Net Latency:+       0 (I)        0 (I) 
           Arrival:=    1000            0     
                                              
             Setup:-      78                  
     Required Time:=     922                  
      Launch Clock:-       0                  
       Input Delay:-     100                  
         Data Path:-    1190                  
             Slack:=    -368                  

Exceptions/Constraints:
  input_delay             100             tmp_sdc_view_typ.sdc_line_11273 

#--------------------------------------------------------------------------------------------------------------------------------------------
#                        Timing Point                         Flags    Arc   Edge       Cell        Fanout Load Trans Delay Arrival Instance 
#                                                                                                          (fF)  (ps)  (ps)   (ps)  Location 
#--------------------------------------------------------------------------------------------------------------------------------------------
  hwdata_i[0]                                                 -       -      R     (arrival)             2 17.9   200     0     100    (-,-) 
  g289510/ZN                                                  -       A1->ZN F     ND2D8HPBWPLVT         1  8.1    57    48     148    (-,-) 
  g274485_dup309050/ZN                                        -       B1->ZN R     IND2D4HPBWPLVT        1  8.5    33    33     181    (-,-) 
  g275682/ZN                                                  -       A1->ZN F     ND2D4HPBWPLVT         1  8.3    32    30     211    (-,-) 
  g275681/ZN                                                  -       A1->ZN R     ND2D4HPBWPLVT         3 19.7    54    38     249    (-,-) 
  g271999/ZN                                                  -       A1->ZN F     ND2D2HPBWPLVT         5 23.7   119    85     334    (-,-) 
  g311188/Z                                                   -       B->Z   F     AO21D4HPBWPLVT       11 32.7    62   141     476    (-,-) 
  g259861/Z                                                   -       A1->Z  F     OA21D2HPBWPLVT        1  7.9    44    98     574    (-,-) 
  g276871/ZN                                                  -       B->ZN  R     IOA21D4HPBWPLVT       4 13.8    55    38     612    (-,-) 
  g299254/ZN                                                  -       A1->ZN R     IOA21D2HPBWPLVT       1  9.9    58    92     704    (-,-) 
  g299308/ZN                                                  -       A2->ZN F     NR2XD3HPBWPLVT        1 13.2    38    42     746    (-,-) 
  g302091/ZN                                                  -       A1->ZN R     ND2D8HPBWPLVT         1 13.7    26    29     774    (-,-) 
  g300053/ZN                                                  -       A1->ZN F     NR2D8HPBWPLVT         1 13.8    21    18     792    (-,-) 
  g312433/ZN                                                  -       A1->ZN R     ND3D8HPBWPLVT         3 16.2    38    25     818    (-,-) 
  g312435/ZN                                                  -       B1->ZN F     IND2D4HPBWPLVT        1  8.0    33    31     848    (-,-) 
  g312434/ZN                                                  -       A1->ZN R     OAI21D4HPBWPLVT       1  8.5    59    47     895    (-,-) 
  g35/ZN                                                      -       I->ZN  F     INVD4HPBWPLVT         2 15.4    29    32     927    (-,-) 
  dut_pmu_ahb_inst_pmu_raw_inst_quota_add_141_42_g3453/ZN     -       A1->ZN R     NR2D8HPBWPLVT         1 12.1    42    35     962    (-,-) 
  dut_pmu_ahb_inst_pmu_raw_inst_quota_add_141_42_g278963/ZN   -       A1->ZN F     NR2XD4HPBWPLVT        3 14.8    37    30     993    (-,-) 
  dut_pmu_ahb_inst_pmu_raw_inst_quota_add_141_42_g3402_dup/ZN -       A1->ZN R     OAI21D4HPBWPLVT       2 17.3    92    66    1059    (-,-) 
  g299801/ZN                                                  -       A1->ZN F     ND2D4HPBWPLVT         1 13.2    51    49    1108    (-,-) 
  g300948/ZN                                                  -       A1->ZN R     ND2D8HPBWPLVT         3 27.5    38    40    1148    (-,-) 
  g301145/ZN                                                  -       A2->ZN F     NR2XD8HPBWPLVT        4 23.6    30    32    1180    (-,-) 
  g301146/ZN                                                  -       A1->ZN R     NR2XD2HPBWPLVT        1  5.2    39    30    1210    (-,-) 
  dut_pmu_ahb_inst_pmu_raw_inst_quota_add_141_42_g3301/Z      -       A1->Z  R     CKXOR2D2HPBWPLVT      1  4.0    42    80    1290    (-,-) 
  dut_pmu_ahb_inst_pmu_raw_inst_quota_suma_int_reg[35]/D      -       -      R     DFKCND1HPBWPLVT       1    -     -     0    1290    (-,-) 
#--------------------------------------------------------------------------------------------------------------------------------------------


