============================================================
  Generated by:           Genus(TM) Synthesis Solution 19.11-s087_1
  Generated on:           Aug 20 2021  10:49:39 am
  Module:                 top_nft
  Operating conditions:   NCCOM 
  Operating conditions:   WCCOM 
  Operating conditions:   WCCOM 
  Operating conditions:   BCCOM 
  Interconnect mode:      global
  Area mode:              physical library
============================================================


Path 1: VIOLATED (-486 ps) Late External Delay Assertion at pin intr_overflow_o
           View: view_superslow
          Group: C2O
     Startpoint: (R) dut_pmu_ahb_inst_pmu_raw_inst_counters_slv_reg_reg[6][7]/CP
          Clock: (R) clk
       Endpoint: (R) intr_overflow_o
          Clock: (R) clk

                     Capture       Launch     
        Clock Edge:+    1000            0     
       Src Latency:+       0            0     
       Net Latency:+       0 (I)        0 (I) 
           Arrival:=    1000            0     
                                              
      Output Delay:-     100                  
     Required Time:=     900                  
      Launch Clock:-       0                  
         Data Path:-    1386                  
             Slack:=    -486                  

Exceptions/Constraints:
  output_delay             100             tmp_sdc_view_typ.sdc_line_11346 

#--------------------------------------------------------------------------------------------------------------------------------------------------
#                          Timing Point                            Flags    Arc   Edge       Cell        Fanout  Load Trans Delay Arrival Instance 
#                                                                                                                (fF)  (ps)  (ps)   (ps)  Location 
#--------------------------------------------------------------------------------------------------------------------------------------------------
  dut_pmu_ahb_inst_pmu_raw_inst_counters_slv_reg_reg[6][7]/CP      -       -      R     (arrival)          2704     -     0     -       0    (-,-) 
  dut_pmu_ahb_inst_pmu_raw_inst_counters_slv_reg_reg[6][7]/Q       -       CP->Q  R     DFKCNQD2HPBWPLVT      3  12.8    57   146     146    (-,-) 
  dut_pmu_ahb_inst_pmu_raw_inst_counters_inc_add_68_63_I7_g2136/ZN -       A2->ZN F     ND2D3HPBWPLVT         2   8.4    41    42     188    (-,-) 
  dut_pmu_ahb_inst_pmu_raw_inst_counters_inc_add_68_63_I7_g2156/Z  -       A1->Z  F     OR4D4HPBWPLVT         2  12.0    63   178     366    (-,-) 
  dut_pmu_ahb_inst_pmu_raw_inst_counters_inc_add_68_63_I7_g2116/ZN -       A1->ZN R     NR2XD3HPBWPLVT        1  13.5    63    46     413    (-,-) 
  dut_pmu_ahb_inst_pmu_raw_inst_counters_inc_add_68_63_I7_g2106/ZN -       A1->ZN F     ND2D8HPBWPLVT        11  36.6    70    56     468    (-,-) 
  dut_pmu_ahb_inst_pmu_raw_inst_counters_inc_add_68_63_I7_g2105/ZN -       I->ZN  R     CKND4HPBWPLVT         5  15.3    39    42     510    (-,-) 
  dut_pmu_ahb_inst_pmu_raw_inst_counters_inc_add_68_63_I7_g2094/ZN -       A2->ZN F     ND2D1HPBWPLVT         1   4.7    62    50     560    (-,-) 
  dut_pmu_ahb_inst_pmu_raw_inst_counters_inc_add_68_63_I7_g2068/ZN -       A1->ZN R     XNR2D1HPBWPLVT        1   5.2    60   118     678    (-,-) 
  fopt271551/ZN                                                    -       I->ZN  F     CKND2HPBWPLVT         1   4.1    30    34     712    (-,-) 
  g258650/Z                                                        -       A1->Z  F     OA21D2HPBWPLVT        1   6.9    42    88     800    (-,-) 
  g257811/ZN                                                       -       A1->ZN R     ND2D3HPBWPLVT         4  13.3    47    39     840    (-,-) 
  g256795/ZN                                                       -       A1->ZN F     ND2D2HPBWPLVT         1   7.2    46    41     880    (-,-) 
  g256756/ZN                                                       -       A2->ZN R     NR2XD2HPBWPLVT        1   9.0    48    50     930    (-,-) 
  g256437/ZN                                                       -       A2->ZN F     ND2D4HPBWPLVT         2   9.1    36    37     967    (-,-) 
  g256342/ZN                                                       -       A1->ZN R     NR2D2HPBWPLVT         1   8.1    78    57    1024    (-,-) 
  g256226/ZN                                                       -       A1->ZN F     AOI21D4HPBWPLVT       1   6.9    40    41    1066    (-,-) 
  g256210/ZN                                                       -       A2->ZN R     ND2D3HPBWPLVT         1   9.4    40    36    1101    (-,-) 
  g270661/ZN                                                       -       A2->ZN F     NR3D3HPBWPLVT         1   8.3    38    34    1136    (-,-) 
  g256156/ZN                                                       -       A1->ZN R     ND3D4HPBWPLVT         1   8.2    36    29    1165    (-,-) 
  g256121/ZN                                                       -       A1->ZN F     OAI21D4HPBWPLVT       1  24.3    85    56    1220    (-,-) 
  g256116/ZN                                                       -       I->ZN  R     INVD16HPBWPLVT        1 502.6   238   158    1378    (-,-) 
  intr_overflow_o                                                  -       -      R     (port)                -     -     -     8    1386    (-,-) 
#--------------------------------------------------------------------------------------------------------------------------------------------------


