============================================================
  Generated by:           Genus(TM) Synthesis Solution 19.11-s087_1
  Generated on:           Aug 20 2021  11:45:58 am
  Module:                 top_nft
  Operating conditions:   NCCOM 
  Operating conditions:   WCCOM 
  Operating conditions:   WCCOM 
  Operating conditions:   BCCOM 
  Interconnect mode:      global
  Area mode:              physical library
============================================================


Path 1: VIOLATED (-278 ps) Late External Delay Assertion at pin intr_overflow_o
           View: view_superslow
          Group: I2O
     Startpoint: (R) hwdata_i[0]
          Clock: (R) clk
       Endpoint: (R) intr_overflow_o
          Clock: (R) clk

                     Capture       Launch     
        Clock Edge:+    1000            0     
        Drv Adjust:+       0            0     
       Src Latency:+       0            0     
       Net Latency:+       0 (I)        0 (I) 
           Arrival:=    1000            0     
                                              
      Output Delay:-     100                  
     Required Time:=     900                  
      Launch Clock:-       0                  
       Input Delay:-     100                  
         Data Path:-    1078                  
             Slack:=    -278                  

Exceptions/Constraints:
  input_delay              100             tmp_sdc_view_typ.sdc_line_11273 
  output_delay             100             tmp_sdc_view_typ.sdc_line_11346 

#-----------------------------------------------------------------------------------------------------
#    Timing Point      Flags    Arc   Edge      Cell        Fanout  Load Trans Delay Arrival Instance 
#                                                                   (fF)  (ps)  (ps)   (ps)  Location 
#-----------------------------------------------------------------------------------------------------
  hwdata_i[0]          -       -      R     (arrival)            2  17.9   200     0     100    (-,-) 
  g289510/ZN           -       A1->ZN F     ND2D8HPBWPLVT        1   8.1    57    48     148    (-,-) 
  g274485_dup309050/ZN -       B1->ZN R     IND2D4HPBWPLVT       1   8.5    33    33     181    (-,-) 
  g275682/ZN           -       A1->ZN F     ND2D4HPBWPLVT        1   8.3    32    30     211    (-,-) 
  g275681/ZN           -       A1->ZN R     ND2D4HPBWPLVT        3  19.7    54    38     249    (-,-) 
  g271886_dup/ZN       -       A1->ZN F     ND2D8HPBWPLVT        4  39.4    64    55     305    (-,-) 
  g305394/ZN           -       A1->ZN R     NR2XD8HPBWPLVT       2  38.3    52    49     353    (-,-) 
  g291146_dup305984/ZN -       I->ZN  F     INVD12HPBWPLVT       9  78.8    39    38     392    (-,-) 
  g305404/ZN           -       I->ZN  R     CKND12HPBWPLVT       2  15.7    19    22     414    (-,-) 
  g280427/ZN           -       A1->ZN F     ND2D4HPBWPLVT        1  13.7    45    34     448    (-,-) 
  g312759/ZN           -       I->ZN  R     INVD8HPBWPLVT        2  32.6    38    37     485    (-,-) 
  g312765/ZN           -       I->ZN  F     INVD8HPBWPLVT       13  66.6    46    39     524    (-,-) 
  g312764/ZN           -       B1->ZN R     INR2XD1HPBWPLVT      1   7.4    70    54     578    (-,-) 
  g259426/ZN           -       A1->ZN F     NR2XD2HPBWPLVT       2   8.2    36    39     618    (-,-) 
  g259066/ZN           -       I->ZN  R     INVD2HPBWPLVT        3  14.0    58    45     663    (-,-) 
  g257520/ZN           -       A2->ZN F     ND3D4HPBWPLVT        1   9.1    56    54     716    (-,-) 
  g279798/ZN           -       A1->ZN R     NR2XD3HPBWPLVT       1   8.3    38    37     754    (-,-) 
  g279796/ZN           -       B1->ZN F     IND2D4HPBWPLVT       1  11.7    42    36     789    (-,-) 
  g302633/ZN           -       A2->ZN R     NR2XD4HPBWPLVT       2  10.5    37    40     830    (-,-) 
  g125/ZN              -       B1->ZN F     IND2D4HPBWPLVT       1   8.6    35    31     861    (-,-) 
  g273838/ZN           -       A3->ZN R     ND3D4HPBWPLVT        1   9.9    39    35     896    (-,-) 
  g256192/ZN           -       A2->ZN F     NR2XD3HPBWPLVT       1   8.7    30    32     929    (-,-) 
  g256156/ZN           -       A2->ZN R     ND3D4HPBWPLVT        1   8.2    36    30     958    (-,-) 
  g279587/ZN           -       A1->ZN F     OAI21D4HPBWPLVT      1  24.3    82    56    1014    (-,-) 
  g279586/ZN           -       I->ZN  R     INVD16HPBWPLVT       1 502.6   238   157    1171    (-,-) 
  intr_overflow_o      -       -      R     (port)               -     -     -     8    1178    (-,-) 
#-----------------------------------------------------------------------------------------------------


