============================================================
  Generated by:           Genus(TM) Synthesis Solution 19.11-s087_1
  Generated on:           Aug 20 2021  10:49:39 am
  Module:                 top_nft
  Operating conditions:   NCCOM 
  Operating conditions:   WCCOM 
  Operating conditions:   WCCOM 
  Operating conditions:   BCCOM 
  Interconnect mode:      global
  Area mode:              physical library
============================================================


Path 1: VIOLATED (-628 ps) Setup Check with Pin dut_pmu_ahb_inst_pmu_raw_inst_quota_suma_int_reg[34]/CP->D
           View: view_superslow
          Group: C2C
     Startpoint: (R) dut_pmu_ahb_genblk1.master_addr_reg[4]/CP
          Clock: (R) clk
       Endpoint: (R) dut_pmu_ahb_inst_pmu_raw_inst_quota_suma_int_reg[34]/D
          Clock: (R) clk

                     Capture       Launch     
        Clock Edge:+    1000            0     
       Src Latency:+       0            0     
       Net Latency:+       0 (I)        0 (I) 
           Arrival:=    1000            0     
                                              
             Setup:-      78                  
     Required Time:=     922                  
      Launch Clock:-       0                  
         Data Path:-    1549                  
             Slack:=    -628                  

#-----------------------------------------------------------------------------------------------------------------------------------------
#                      Timing Point                       Flags    Arc   Edge       Cell        Fanout  Load Trans Delay Arrival Instance 
#                                                                                                       (fF)  (ps)  (ps)   (ps)  Location 
#-----------------------------------------------------------------------------------------------------------------------------------------
  dut_pmu_ahb_genblk1.master_addr_reg[4]/CP               -       -      R     (arrival)          2704     -     0     -       0    (-,-) 
  dut_pmu_ahb_genblk1.master_addr_reg[4]/Q                -       CP->Q  F     DFKCNQD4HPBWPLVT      2  28.9    49   155     155    (-,-) 
  fopt271528/ZN                                           -       I->ZN  R     INVD12HPBWPLVT        2  20.7    24    28     183    (-,-) 
  g267739/ZN                                              -       A1->ZN F     ND2D8HPBWPLVT         2  18.3    38    33     216    (-,-) 
  g267462/ZN                                              -       A1->ZN R     NR2XD4HPBWPLVT        2  10.6    35    32     249    (-,-) 
  g265924/ZN                                              -       A1->ZN F     ND2D4HPBWPLVT         4  17.8    54    43     292    (-,-) 
  g265869/ZN                                              -       I->ZN  R     INVD2HPBWPLVT         2  11.3    49    45     337    (-,-) 
  g265720/ZN                                              -       B1->ZN F     INR2D2HPBWPLVT        1   5.6    29    27     364    (-,-) 
  g265336/ZN                                              -       A1->ZN F     IND2D4HPBWPLVT        2  15.6    50    72     435    (-,-) 
  g264707/ZN                                              -       A1->ZN R     ND2D8HPBWPLVT         9  56.9    66    54     490    (-,-) 
  g263964/ZN                                              -       A1->ZN F     NR2XD4HPBWPLVT        1  24.3    44    44     533    (-,-) 
  g263681/ZN                                              -       I->ZN  R     INVD16HPBWPLVT       16 159.6    80    61     595    (-,-) 
  g261909/ZN                                              -       A1->ZN F     NR2XD3HPBWPLVT        1  24.3    54    53     647    (-,-) 
  g261865/ZN                                              -       I->ZN  R     INVD16HPBWPLVT       32 146.1    74    61     708    (-,-) 
  g271233/ZN                                              -       A1->ZN R     IND2D4HPBWPLVT        1   5.4    28    58     766    (-,-) 
  g271232/Z                                               -       A1->Z  R     AN3D4HPBWPLVT         3  17.1    54    92     858    (-,-) 
  g258165/ZN                                              -       A1->ZN F     NR2D4HPBWPLVT         1   9.1    30    26     884    (-,-) 
  g257551/ZN                                              -       A1->ZN R     NR2XD3HPBWPLVT        1   8.5    36    31     915    (-,-) 
  g256947/ZN                                              -       A1->ZN F     ND2D4HPBWPLVT         1   9.5    35    32     948    (-,-) 
  g256456/ZN                                              -       A2->ZN R     NR2XD3HPBWPLVT        1   8.3    35    39     987    (-,-) 
  g256415/ZN                                              -       B1->ZN F     IND2D4HPBWPLVT        1   5.6    29    27    1014    (-,-) 
  g269070/ZN                                              -       A1->ZN F     IND2D4HPBWPLVT        2  12.3    44    67    1081    (-,-) 
  dut_pmu_ahb_inst_pmu_raw_inst_quota_add_141_42_g3612/ZN -       A1->ZN R     NR2D4HPBWPLVT         2   8.4    57    44    1124    (-,-) 
  dut_pmu_ahb_inst_pmu_raw_inst_quota_add_141_42_g3529/ZN -       A1->ZN R     IND2D4HPBWPLVT        2  12.8    41    62    1186    (-,-) 
  dut_pmu_ahb_inst_pmu_raw_inst_quota_add_141_42_g2/ZN    -       A1->ZN R     IND2D4HPBWPLVT        2  14.3    43    59    1245    (-,-) 
  dut_pmu_ahb_inst_pmu_raw_inst_quota_add_141_42_g3402/ZN -       A2->ZN F     OAI21D4HPBWPLVT       4  16.9    64    53    1298    (-,-) 
  dut_pmu_ahb_inst_pmu_raw_inst_quota_add_141_42_g3386/ZN -       A1->ZN R     ND2D2HPBWPLVT         1   8.5    45    45    1342    (-,-) 
  dut_pmu_ahb_inst_pmu_raw_inst_quota_add_141_42_g3382/ZN -       A1->ZN F     ND2D4HPBWPLVT         1  11.7    42    37    1380    (-,-) 
  dut_pmu_ahb_inst_pmu_raw_inst_quota_add_141_42_g3334/ZN -       A2->ZN R     NR2XD4HPBWPLVT        6  20.2    52    51    1430    (-,-) 
  dut_pmu_ahb_inst_pmu_raw_inst_quota_add_141_42_g3319/ZN -       A1->ZN F     NR2XD1HPBWPLVT        1   5.0    46    38    1468    (-,-) 
  dut_pmu_ahb_inst_pmu_raw_inst_quota_add_141_42_g3302/Z  -       A1->Z  R     CKXOR2D2HPBWPLVT      1   4.0    42    81    1549    (-,-) 
  dut_pmu_ahb_inst_pmu_raw_inst_quota_suma_int_reg[34]/D  -       -      R     DFKCND1HPBWPLVT       1     -     -     0    1549    (-,-) 
#-----------------------------------------------------------------------------------------------------------------------------------------


