============================================================
  Generated by:           Genus(TM) Synthesis Solution 19.11-s087_1
  Generated on:           Aug 20 2021  10:49:37 am
  Module:                 top_nft
  Operating conditions:   NCCOM 
  Operating conditions:   WCCOM 
  Operating conditions:   WCCOM 
  Operating conditions:   BCCOM 
  Interconnect mode:      global
  Area mode:              physical library
============================================================


Path 1: VIOLATED (-466 ps) Setup Check with Pin dut_pmu_ahb_inst_pmu_raw_inst_quota_suma_int_reg[33]/CP->D
           View: view_superslow
          Group: I2C
     Startpoint: (R) hwdata_i[31]
          Clock: (R) clk
       Endpoint: (R) dut_pmu_ahb_inst_pmu_raw_inst_quota_suma_int_reg[33]/D
          Clock: (R) clk

                     Capture       Launch     
        Clock Edge:+    1000            0     
        Drv Adjust:+       0            0     
       Src Latency:+       0            0     
       Net Latency:+       0 (I)        0 (I) 
           Arrival:=    1000            0     
                                              
             Setup:-      78                  
     Required Time:=     922                  
      Launch Clock:-       0                  
       Input Delay:-     100                  
         Data Path:-    1288                  
             Slack:=    -466                  

Exceptions/Constraints:
  input_delay             100             tmp_sdc_view_typ.sdc_line_11242 

#----------------------------------------------------------------------------------------------------------------------------------------
#                      Timing Point                       Flags    Arc   Edge       Cell        Fanout Load Trans Delay Arrival Instance 
#                                                                                                      (fF)  (ps)  (ps)   (ps)  Location 
#----------------------------------------------------------------------------------------------------------------------------------------
  hwdata_i[31]                                            -       -      R     (arrival)             1 21.8   200     0     100    (-,-) 
  g266890/ZN                                              -       A1->ZN F     NR2XD8HPBWPLVT        2  8.3    47    38     138    (-,-) 
  g265517/ZN                                              -       I0->ZN R     MUX2ND4HPBWPLVT       4 31.5    68   127     265    (-,-) 
  g265383/ZN                                              -       I->ZN  F     INVD6HPBWPLVT         2 25.1    32    35     300    (-,-) 
  g264355/ZN                                              -       A1->ZN R     NR2D8HPBWPLVT         1 21.8    59    46     346    (-,-) 
  g264267/ZN                                              -       A1->ZN F     NR2XD8HPBWPLVT        4 39.8    39    39     385    (-,-) 
  g263984/ZN                                              -       I->ZN  R     INVD6HPBWPLVT         2 35.1    50    42     426    (-,-) 
  g263979/ZN                                              -       I->ZN  F     INVD6HPBWPLVT         6 49.6    45    42     468    (-,-) 
  g261802/ZN                                              -       B->ZN  R     IOA21D2HPBWPLVT       1  8.5    54    39     507    (-,-) 
  g261747/Z                                               -       I->Z   R     BUFFD12HPBWPLVT      19 78.1    59    75     582    (-,-) 
  g258763/ZN                                              -       A1->ZN R     IOA21D4HPBWPLVT       4 16.2    59   109     691    (-,-) 
  g256966/ZN                                              -       A1->ZN R     IOA21D2HPBWPLVT       1  7.4    50    87     778    (-,-) 
  g256606/ZN                                              -       A1->ZN F     NR2XD2HPBWPLVT        1  5.8    30    30     809    (-,-) 
  g256381/Z                                               -       A2->Z  F     AN2D4HPBWPLVT         1  8.6    23    52     861    (-,-) 
  g256291/ZN                                              -       A3->ZN R     ND3D4HPBWPLVT         2 12.6    44    34     896    (-,-) 
  dut_pmu_ahb_inst_pmu_raw_inst_quota_add_141_42_g3648/ZN -       A1->ZN F     NR2XD3HPBWPLVT        3 11.9    56    32     927    (-,-) 
  dut_pmu_ahb_inst_pmu_raw_inst_quota_add_141_42_g3621/ZN -       I->ZN  R     INVD3HPBWPLVT         1  8.3    32    35     962    (-,-) 
  dut_pmu_ahb_inst_pmu_raw_inst_quota_add_141_42_g3543/ZN -       B1->ZN F     IND2D4HPBWPLVT        2 15.0    49    39    1001    (-,-) 
  dut_pmu_ahb_inst_pmu_raw_inst_quota_add_141_42_g3472/ZN -       A1->ZN R     NR2D4HPBWPLVT         2  7.0    46    42    1043    (-,-) 
  dut_pmu_ahb_inst_pmu_raw_inst_quota_add_141_42_g3445/ZN -       A1->ZN R     INR2XD2HPBWPLVT       2  9.9    55    84    1127    (-,-) 
  dut_pmu_ahb_inst_pmu_raw_inst_quota_add_141_42_g3411/ZN -       A1->ZN F     ND2D2HPBWPLVT         1  9.5    56    49    1176    (-,-) 
  dut_pmu_ahb_inst_pmu_raw_inst_quota_add_141_42_g3347/ZN -       A2->ZN R     NR2XD3HPBWPLVT        1 12.1    45    50    1226    (-,-) 
  dut_pmu_ahb_inst_pmu_raw_inst_quota_add_141_42_g3334/ZN -       A1->ZN F     NR2XD4HPBWPLVT        6 19.4    39    35    1261    (-,-) 
  dut_pmu_ahb_inst_pmu_raw_inst_quota_add_141_42_g3320/ZN -       B1->ZN R     INR2XD1HPBWPLVT       1  5.2    55    43    1304    (-,-) 
  dut_pmu_ahb_inst_pmu_raw_inst_quota_add_141_42_g3299/Z  -       A1->Z  R     CKXOR2D2HPBWPLVT      1  4.0    42    83    1388    (-,-) 
  dut_pmu_ahb_inst_pmu_raw_inst_quota_suma_int_reg[33]/D  -       -      R     DFKCND1HPBWPLVT       1    -     -     0    1388    (-,-) 
#----------------------------------------------------------------------------------------------------------------------------------------


