

Working Directory = /users/gcabo/genus_runs_pmu/bsc_pmu_ft1000/synth/genus
QoS Summary for top_ft
================================================================================
Metric                          generic         map             final          
================================================================================
Slack (ps):                      -946            -989            -900
  R2R (ps):                      -946            -989            -900
  I2R (ps):                      -413            -462            -394
  R2O (ps):                      -674            -881            -780
  I2O (ps):                      -140            -353            -271
  CG  (ps):                  no_value        no_value        no_value
TNS (ps):                     666,019       1,338,139       1,076,312
  R2R (ps):                   653,041       1,313,324       1,052,218
  I2R (ps):                    25,588         161,624          70,885
  R2O (ps):                    12,979          24,816          24,094
  I2O (ps):                       170           1,753             978
  CG  (ps):                  no_value        no_value        no_value
Failing Paths:                  2,615           3,781           3,705
Cell Area:                    280,798         206,736         206,997
Total Cell Area:              280,798         206,736         206,997
Leaf Instances:                70,828          46,382          45,005
Total Instances:               70,828          46,382          45,005
Utilization (%):                 0.00            0.00            0.00
Tot. Net Length (um):        no_value        no_value        no_value
Avg. Net Length (um):        no_value        no_value        no_value
Route Overflow H (%):        no_value        no_value        no_value
Route Overflow V (%):        no_value        no_value        no_value
MBCI(%) (bits/gate) :            0.00            0.00            0.00
Norm Cong Hotspot Area:
  Max Cong:                  no_value        no_value        no_value
  Tot Cong:                  no_value        no_value        no_value
================================================================================
CPU  Runtime (h:m:s):        00:05:18        01:21:29        02:33:04
Real Runtime (h:m:s):        00:07:52        00:56:14        02:09:12
CPU  Elapsed (h:m:s):        00:05:21        01:26:50        03:59:54
Real Elapsed (h:m:s):        00:07:53        01:04:08        03:13:19
Memory (MB):                  1577.09         1573.65         1604.30
================================================================================
================================================================================
Flow Settings:
================================================================================
Total Runtime (h:m:s): 03:13:46
Total Memory (MB):     1612.31
Executable Version:    19.11-s087_1
================================================================================
Total Cell Area =  Cell Area + Physical Cell Area
Total Instances =  Leaf Instances + Physical Instances


