============================================================
  Generated by:           Genus(TM) Synthesis Solution 19.11-s087_1
  Generated on:           Aug 20 2021  11:36:01 am
  Module:                 top_ft
  Operating conditions:   NCCOM 
  Operating conditions:   WCCOM 
  Operating conditions:   WCCOM 
  Operating conditions:   BCCOM 
  Interconnect mode:      global
  Area mode:              physical library
============================================================

                                           Leakage                         Library 
       Gate        Instances     Area     Power (nW)        Library         Domain 
-----------------------------------------------------------------------------------
AN2D0HPBWPLVT              4       9.600       3.030    tcbn65lphpbwplvttc       0 
AN2D1HPBWPLVT              2       4.800       1.899    tcbn65lphpbwplvttc       0 
AN2D2HPBWPLVT            163     456.400     343.160    tcbn65lphpbwplvttc       0 
AN2D4HPBWP                 2       9.600       1.239    tcbn65lphpbwptc          0 
AN2D4HPBWPLVT            101     484.800     536.286    tcbn65lphpbwplvttc       0 
AN2D8HPBWPLVT             69     552.000     806.391    tcbn65lphpbwplvttc       0 
AN2XD1HPBWP                2       4.800       0.480    tcbn65lphpbwptc          0 
AN2XD1HPBWPLVT           326     782.400     549.734    tcbn65lphpbwplvttc       0 
AN3D2HPBWPLVT              6      19.200      19.045    tcbn65lphpbwplvttc       0 
AN3D4HPBWPLVT             13      78.000      93.114    tcbn65lphpbwplvttc       0 
AN3D8HPBWPLVT              2      19.200      10.428    tcbn65lphpbwplvttc       0 
AN3XD1HPBWPLVT            19      53.200      20.891    tcbn65lphpbwplvttc       0 
AN4D1HPBWPLVT              1       3.200       0.628    tcbn65lphpbwplvttc       0 
AN4D2HPBWPLVT             19      76.000      24.065    tcbn65lphpbwplvttc       0 
AN4D4HPBWPLVT              4      28.800      10.319    tcbn65lphpbwplvttc       0 
AN4D8HPBWPLVT              1      11.200       5.100    tcbn65lphpbwplvttc       0 
AN4XD1HPBWPLVT            71     227.200      49.387    tcbn65lphpbwplvttc       0 
AO211D1HPBWPLVT            4      12.800      15.890    tcbn65lphpbwplvttc       0 
AO211D2HPBWPLVT            1       3.600       6.068    tcbn65lphpbwplvttc       0 
AO21D1HPBWPLVT            70     196.000     239.591    tcbn65lphpbwplvttc       0 
AO21D2HPBWPLVT            17      54.400      84.308    tcbn65lphpbwplvttc       0 
AO21D4HPBWPLVT           231    1386.000    2722.737    tcbn65lphpbwplvttc       0 
AO222D1HPBWPLVT           13      62.400      36.224    tcbn65lphpbwplvttc       0 
AO222D2HPBWPLVT            1       5.200       2.998    tcbn65lphpbwplvttc       0 
AO22D0HPBWP                4      12.800       0.485    tcbn65lphpbwptc          0 
AO22D0HPBWPLVT            66     211.200      98.083    tcbn65lphpbwplvttc       0 
AO22D1HPBWP                1       3.600       0.280    tcbn65lphpbwptc          0 
AO22D1HPBWPLVT           367    1321.200     821.363    tcbn65lphpbwplvttc       0 
AO22D2HPBWPLVT           427    1708.000    1402.719    tcbn65lphpbwplvttc       0 
AO22D4HPBWPLVT           126     907.200     870.227    tcbn65lphpbwplvttc       0 
AO31D1HPBWPLVT             8      25.600      22.314    tcbn65lphpbwplvttc       0 
AO31D2HPBWPLVT             1       4.000       4.586    tcbn65lphpbwplvttc       0 
AO31D4HPBWPLVT             2      14.400      19.468    tcbn65lphpbwplvttc       0 
AO32D1HPBWPLVT             1       4.000       2.109    tcbn65lphpbwplvttc       0 
AO32D2HPBWPLVT             2       9.600       7.639    tcbn65lphpbwplvttc       0 
AOI211D1HPBWPLVT           8      22.400       4.030    tcbn65lphpbwplvttc       0 
AOI211D2HPBWPLVT           1       4.800       3.008    tcbn65lphpbwplvttc       0 
AOI211XD0HPBWPLVT          6      16.800       7.805    tcbn65lphpbwplvttc       0 
AOI211XD1HPBWPLVT         11      52.800      29.140    tcbn65lphpbwplvttc       0 
AOI211XD2HPBWPLVT          8      73.600      44.528    tcbn65lphpbwplvttc       0 
AOI21D0HPBWPLVT            1       2.400       0.507    tcbn65lphpbwplvttc       0 
AOI21D1HPBWPLVT           73     175.200     111.439    tcbn65lphpbwplvttc       0 
AOI21D2HPBWPLVT           98     392.000     378.185    tcbn65lphpbwplvttc       0 
AOI21D4HPBWPLVT          291    2095.200    3019.902    tcbn65lphpbwplvttc       0 
AOI221D1HPBWPLVT           8      28.800      13.143    tcbn65lphpbwplvttc       0 
AOI221D2HPBWPLVT           2      12.800       3.145    tcbn65lphpbwplvttc       0 
AOI222D0HPBWPLVT           4      16.000       4.797    tcbn65lphpbwplvttc       0 
AOI222D1HPBWP              1       4.400       0.174    tcbn65lphpbwptc          0 
AOI222D1HPBWPLVT         119     523.600     216.560    tcbn65lphpbwplvttc       0 
AOI222D2HPBWPLVT          13      93.600      41.229    tcbn65lphpbwplvttc       0 
AOI22D0HPBWPLVT            4      11.200       3.413    tcbn65lphpbwplvttc       0 
AOI22D1HPBWP               2       5.600       0.214    tcbn65lphpbwptc          0 
AOI22D1HPBWPLVT          264     739.200     399.477    tcbn65lphpbwplvttc       0 
AOI22D2HPBWP              10      48.000       2.230    tcbn65lphpbwptc          0 
AOI22D2HPBWPLVT          237    1137.600     789.729    tcbn65lphpbwplvttc       0 
AOI22D4HPBWPLVT           56     560.000     247.947    tcbn65lphpbwplvttc       0 
AOI31D1HPBWPLVT            7      19.600      10.494    tcbn65lphpbwplvttc       0 
AOI31D2HPBWPLVT           21     100.800      47.415    tcbn65lphpbwplvttc       0 
AOI31D4HPBWPLVT           10      96.000      48.051    tcbn65lphpbwplvttc       0 
AOI32D1HPBWP               1       3.200       0.101    tcbn65lphpbwptc          0 
AOI32D1HPBWPLVT           13      41.600      19.695    tcbn65lphpbwplvttc       0 
AOI32D2HPBWPLVT            1       6.000       3.858    tcbn65lphpbwplvttc       0 
BMLD1HPBWPLVT              2      20.000      25.150    tcbn65lphpbwplvttc       0 
BMLD2HPBWPLVT             63     655.200     859.831    tcbn65lphpbwplvttc       0 
BMLD4HPBWPLVT              4      60.800      83.484    tcbn65lphpbwplvttc       0 
BUFFD0HPBWP               14      22.400       1.246    tcbn65lphpbwptc          0 
BUFFD12HPBWPLVT           37     340.400    1047.039    tcbn65lphpbwplvttc       0 
BUFFD16HPBWPLVT           35     406.000    1556.475    tcbn65lphpbwplvttc       0 
BUFFD1HPBWP                1       1.600       0.145    tcbn65lphpbwptc          0 
BUFFD2HPBWP                1       2.400       0.332    tcbn65lphpbwptc          0 
BUFFD2HPBWPLVT           405     972.000    1465.543    tcbn65lphpbwplvttc       0 
BUFFD3HPBWPLVT           195     546.000     934.394    tcbn65lphpbwplvttc       0 
BUFFD4HPBWPLVT            82     328.000     703.189    tcbn65lphpbwplvttc       0 
BUFFD6HPBWPLVT            53     254.400     621.686    tcbn65lphpbwplvttc       0 
BUFFD8HPBWP                1       6.400       1.744    tcbn65lphpbwptc          0 
BUFFD8HPBWPLVT            37     236.800     606.571    tcbn65lphpbwplvttc       0 
CKAN2D1HPBWPLVT            1       2.400       1.257    tcbn65lphpbwplvttc       0 
CKAN2D4HPBWPLVT            6      24.000      18.872    tcbn65lphpbwplvttc       0 
CKAN2D8HPBWPLVT            7      47.600      39.624    tcbn65lphpbwplvttc       0 
CKBD0HPBWP                 1       1.600       0.072    tcbn65lphpbwptc          0 
CKBD0HPBWPLVT              5       8.000       4.275    tcbn65lphpbwplvttc       0 
CKBD12HPBWPLVT             6      50.400     108.210    tcbn65lphpbwplvttc       0 
CKBD16HPBWP                1      10.400       1.819    tcbn65lphpbwptc          0 
CKBD1HPBWP                 9      14.400       1.350    tcbn65lphpbwptc          0 
CKBD1HPBWPLVT              3       4.800       4.659    tcbn65lphpbwplvttc       0 
CKBD4HPBWPLVT              2       8.000      10.876    tcbn65lphpbwplvttc       0 
CKMUX2D0HPBWPLVT           1       4.000       2.207    tcbn65lphpbwplvttc       0 
CKMUX2D1HPBWP              1       4.000       0.339    tcbn65lphpbwptc          0 
CKMUX2D1HPBWPLVT         216     864.000     814.252    tcbn65lphpbwplvttc       0 
CKMUX2D2HPBWPLVT          44     193.600     238.742    tcbn65lphpbwplvttc       0 
CKMUX2D4HPBWPLVT          10      68.000     110.958    tcbn65lphpbwplvttc       0 
CKND0HPBWPLVT              4       4.800       1.441    tcbn65lphpbwplvttc       0 
CKND12HPBWPLVT            28     190.400     307.739    tcbn65lphpbwplvttc       0 
CKND16HPBWP                1       9.200       1.595    tcbn65lphpbwptc          0 
CKND16HPBWPLVT            34     312.800     581.680    tcbn65lphpbwplvttc       0 
CKND1HPBWP                 2       2.400       0.175    tcbn65lphpbwptc          0 
CKND1HPBWPLVT            195     234.000     130.581    tcbn65lphpbwplvttc       0 
CKND2D1HPBWPLVT           17      27.200       7.189    tcbn65lphpbwplvttc       0 
CKND2D2HPBWPLVT           98     274.400      61.061    tcbn65lphpbwplvttc       0 
CKND2D3HPBWPLVT           10      40.000      13.981    tcbn65lphpbwplvttc       0 
CKND2D4HPBWPLVT            4      19.200       5.515    tcbn65lphpbwplvttc       0 
CKND2D8HPBWP               1       9.200       0.281    tcbn65lphpbwptc          0 
CKND2D8HPBWPLVT            2      18.400      13.464    tcbn65lphpbwplvttc       0 
CKND2HPBWP                 3       4.800       0.410    tcbn65lphpbwptc          0 
CKND2HPBWPLVT            116     185.600     175.929    tcbn65lphpbwplvttc       0 
CKND3HPBWPLVT            167     400.800     448.043    tcbn65lphpbwplvttc       0 
CKND4HPBWP                 1       2.800       0.393    tcbn65lphpbwptc          0 
CKND4HPBWPLVT            216     604.800     806.722    tcbn65lphpbwplvttc       0 
CKND6HPBWPLVT            151     604.000     813.937    tcbn65lphpbwplvttc       0 
CKND8HPBWPLVT             44     211.200     327.500    tcbn65lphpbwplvttc       0 
CKXOR2D1HPBWPLVT          63     252.000     272.693    tcbn65lphpbwplvttc       0 
CKXOR2D2HPBWPLVT          51     224.400     271.167    tcbn65lphpbwplvttc       0 
CKXOR2D4HPBWPLVT           3      25.200      42.925    tcbn65lphpbwplvttc       0 
CMPE42D1HPBWPLVT          13     249.600     344.350    tcbn65lphpbwplvttc       0 
DFCNQD1HPBWPLVT            1       8.800       4.436    tcbn65lphpbwplvttc       0 
DFD1HPBWPLVT              95     760.000     574.305    tcbn65lphpbwplvttc       0 
DFD2HPBWPLVT              79     758.400    1052.331    tcbn65lphpbwplvttc       0 
DFD4HPBWPLVT             284    3521.600    5970.217    tcbn65lphpbwplvttc       0 
DFKCND1HPBWPLVT          395    3634.000    2228.957    tcbn65lphpbwplvttc       0 
DFKCND2HPBWPLVT          115    1196.000    1566.828    tcbn65lphpbwplvttc       0 
DFKCND4HPBWPLVT         1082   14282.400   22904.803    tcbn65lphpbwplvttc       0 
DFKCNQD1HPBWP              2      16.800       0.825    tcbn65lphpbwptc          0 
DFKCNQD1HPBWPLVT          16     134.400      66.766    tcbn65lphpbwplvttc       0 
DFKCNQD2HPBWPLVT         175    1540.000    1269.979    tcbn65lphpbwplvttc       0 
DFKCNQD4HPBWPLVT         278    2780.000    2923.465    tcbn65lphpbwplvttc       0 
DFKSND1HPBWPLVT           62     620.000     517.425    tcbn65lphpbwplvttc       0 
DFKSND2HPBWPLVT           40     448.000     632.582    tcbn65lphpbwplvttc       0 
DFKSND4HPBWPLVT            6      84.000     146.499    tcbn65lphpbwplvttc       0 
DFQD1HPBWPLVT            239    1816.400    1038.486    tcbn65lphpbwplvttc       0 
DFQD2HPBWPLVT            311    2488.000    1563.640    tcbn65lphpbwplvttc       0 
DFQD4HPBWPLVT             74     680.800     570.529    tcbn65lphpbwplvttc       0 
EDFD2HPBWPLVT              2      24.000      25.077    tcbn65lphpbwplvttc       0 
EDFD4HPBWPLVT             30     456.000     672.646    tcbn65lphpbwplvttc       0 
EDFQD4HPBWPLVT            40     496.000     508.745    tcbn65lphpbwplvttc       0 
FA1D0HPBWPLVT              2      20.000      26.500    tcbn65lphpbwplvttc       0 
FA1D1HPBWPLVT              5      58.000      87.705    tcbn65lphpbwplvttc       0 
FA1D2HPBWPLVT             19     235.600     420.248    tcbn65lphpbwplvttc       0 
FCICIND1HPBWPLVT           4      20.800      15.395    tcbn65lphpbwplvttc       0 
FCICIND2HPBWPLVT           3      16.800      17.906    tcbn65lphpbwplvttc       0 
FCICOND1HPBWPLVT           1       3.600       0.983    tcbn65lphpbwplvttc       0 
FICIND2HPBWPLVT           26     353.600     619.921    tcbn65lphpbwplvttc       0 
FICOND2HPBWPLVT            8     108.800     185.099    tcbn65lphpbwplvttc       0 
FIICOND1HPBWPLVT          25     300.000     468.447    tcbn65lphpbwplvttc       0 
FIICOND2HPBWPLVT           5      72.000     121.234    tcbn65lphpbwplvttc       0 
HA1D0HPBWPLVT            583    3731.200    4051.797    tcbn65lphpbwplvttc       0 
HA1D1HPBWPLVT              2      13.600      18.945    tcbn65lphpbwplvttc       0 
HA1D2HPBWPLVT              3      24.000      34.604    tcbn65lphpbwplvttc       0 
HA1D4HPBWPLVT              5      60.000      98.372    tcbn65lphpbwplvttc       0 
HCOSCIND1HPBWPLVT          2      24.800      24.942    tcbn65lphpbwplvttc       0 
HCOSCOND1HPBWPLVT          4      44.800      48.043    tcbn65lphpbwplvttc       0 
HICIND1HPBWP               1       7.600       1.057    tcbn65lphpbwptc          0 
HICIND1HPBWPLVT            2      15.200      20.639    tcbn65lphpbwplvttc       0 
HICIND2HPBWPLVT            6      52.800      81.667    tcbn65lphpbwplvttc       0 
HICOND1HPBWPLVT            4      30.400      37.429    tcbn65lphpbwplvttc       0 
HICOND2HPBWPLVT            3      26.400      34.593    tcbn65lphpbwplvttc       0 
IAO21D1HPBWP               2       5.600       0.543    tcbn65lphpbwptc          0 
IAO21D1HPBWPLVT           21      58.800      61.065    tcbn65lphpbwplvttc       0 
IAO21D2HPBWPLVT           89     356.000     666.825    tcbn65lphpbwplvttc       0 
IAO21D4HPBWPLVT            4      25.600      83.402    tcbn65lphpbwplvttc       0 
IAO22D1HPBWPLVT            3      10.800      10.013    tcbn65lphpbwplvttc       0 
IAO22D2HPBWPLVT           18      86.400      98.312    tcbn65lphpbwplvttc       0 
IIND4D1HPBWPLVT            1       4.000       1.872    tcbn65lphpbwplvttc       0 
IIND4D2HPBWPLVT            2      13.600       8.197    tcbn65lphpbwplvttc       0 
IIND4D4HPBWPLVT            3      36.000      57.201    tcbn65lphpbwplvttc       0 
IINR4D0HPBWPLVT            2       8.000       3.844    tcbn65lphpbwplvttc       0 
IND2D0HPBWPLVT            10      24.000      16.336    tcbn65lphpbwplvttc       0 
IND2D1HPBWP                1       2.400       0.151    tcbn65lphpbwptc          0 
IND2D1HPBWPLVT           256     614.400     383.192    tcbn65lphpbwplvttc       0 
IND2D2HPBWP                7      22.400       2.620    tcbn65lphpbwptc          0 
IND2D2HPBWPLVT          1725    5520.000    6384.434    tcbn65lphpbwplvttc       0 
IND2D4HPBWPLVT           352    2252.800    3065.846    tcbn65lphpbwplvttc       0 
IND3D1HPBWP                1       2.800       0.140    tcbn65lphpbwptc          0 
IND3D1HPBWPLVT            25      70.000      38.217    tcbn65lphpbwplvttc       0 
IND3D2HPBWPLVT            28     134.400      67.939    tcbn65lphpbwplvttc       0 
IND3D4HPBWPLVT             9      75.600      87.687    tcbn65lphpbwplvttc       0 
IND4D1HPBWPLVT            12      38.400      14.056    tcbn65lphpbwplvttc       0 
IND4D2HPBWPLVT             2      12.800      12.069    tcbn65lphpbwplvttc       0 
IND4D4HPBWPLVT            12     129.600     129.555    tcbn65lphpbwplvttc       0 
INR2D0HPBWPLVT             1       2.400       0.718    tcbn65lphpbwplvttc       0 
INR2D1HPBWP                5      12.000       0.625    tcbn65lphpbwptc          0 
INR2D1HPBWPLVT            40      96.000      63.514    tcbn65lphpbwplvttc       0 
INR2D2HPBWPLVT           275     880.000     767.922    tcbn65lphpbwplvttc       0 
INR2D4HPBWP                1       6.000       0.528    tcbn65lphpbwptc          0 
INR2D4HPBWPLVT            95     570.000    1038.433    tcbn65lphpbwplvttc       0 
INR2XD0HPBWP              15      36.000       1.518    tcbn65lphpbwptc          0 
INR2XD0HPBWPLVT           37      88.800      54.427    tcbn65lphpbwplvttc       0 
INR2XD1HPBWP               4      12.800       0.955    tcbn65lphpbwptc          0 
INR2XD1HPBWPLVT          117     374.400     286.272    tcbn65lphpbwplvttc       0 
INR2XD2HPBWPLVT          150     780.000     437.038    tcbn65lphpbwplvttc       0 
INR2XD4HPBWP               1      10.400       0.648    tcbn65lphpbwptc          0 
INR2XD4HPBWPLVT           83     863.200    1062.353    tcbn65lphpbwplvttc       0 
INR3D0HPBWPLVT            10      28.000      14.112    tcbn65lphpbwplvttc       0 
INR3D1HPBWPLVT            33     132.000      62.781    tcbn65lphpbwplvttc       0 
INR3D4HPBWPLVT             1       8.400      28.077    tcbn65lphpbwplvttc       0 
INR4D0HPBWPLVT             4      12.800       9.886    tcbn65lphpbwplvttc       0 
INR4D1HPBWPLVT            31     173.600      21.388    tcbn65lphpbwplvttc       0 
INR4D2HPBWPLVT             6      52.800      13.102    tcbn65lphpbwplvttc       0 
INVD0HPBWPLVT              1       1.200       0.321    tcbn65lphpbwplvttc       0 
INVD12HPBWPLVT            89     605.200    1781.071    tcbn65lphpbwplvttc       0 
INVD16HPBWPLVT            96     883.200    2551.638    tcbn65lphpbwplvttc       0 
INVD1HPBWP                11      13.200       1.100    tcbn65lphpbwptc          0 
INVD1HPBWPLVT           1316    1579.200    1386.784    tcbn65lphpbwplvttc       0 
INVD2HPBWP                 8      12.800       1.758    tcbn65lphpbwptc          0 
INVD2HPBWPLVT           1476    2361.600    3321.453    tcbn65lphpbwplvttc       0 
INVD3HPBWP                 5      12.000       1.867    tcbn65lphpbwptc          0 
INVD3HPBWPLVT            604    1449.600    2542.378    tcbn65lphpbwplvttc       0 
INVD4HPBWP                 7      19.600       3.471    tcbn65lphpbwptc          0 
INVD4HPBWPLVT           1614    4519.200    9299.945    tcbn65lphpbwplvttc       0 
INVD6HPBWP                 1       4.000       0.915    tcbn65lphpbwptc          0 
INVD6HPBWPLVT            420    1680.000    3726.498    tcbn65lphpbwplvttc       0 
INVD8HPBWPLVT            156     748.800    1984.705    tcbn65lphpbwplvttc       0 
IOA21D0HPBWP               4      11.200       0.536    tcbn65lphpbwptc          0 
IOA21D1HPBWP               2       5.600       0.408    tcbn65lphpbwptc          0 
IOA21D1HPBWPLVT          458    1282.400     810.497    tcbn65lphpbwplvttc       0 
IOA21D2HPBWP               3      12.000       1.425    tcbn65lphpbwptc          0 
IOA21D2HPBWPLVT         1349    5396.000    5261.437    tcbn65lphpbwplvttc       0 
IOA21D4HPBWPLVT           17     108.800     109.787    tcbn65lphpbwplvttc       0 
IOA22D1HPBWPLVT            6      21.600      10.089    tcbn65lphpbwplvttc       0 
IOA22D2HPBWPLVT           11      52.800      58.913    tcbn65lphpbwplvttc       0 
IOA22D4HPBWPLVT            5      38.000      52.877    tcbn65lphpbwplvttc       0 
MAOI222D0HPBWPLVT          1       3.200       0.731    tcbn65lphpbwplvttc       0 
MAOI222D1HPBWPLVT         39     124.800      62.321    tcbn65lphpbwplvttc       0 
MAOI22D1HPBWPLVT          89     284.800     354.021    tcbn65lphpbwplvttc       0 
MAOI22D2HPBWPLVT           5      24.000      26.077    tcbn65lphpbwplvttc       0 
MOAI22D1HPBWPLVT        1010    3232.000    2471.020    tcbn65lphpbwplvttc       0 
MOAI22D2HPBWPLVT          17      81.600      98.255    tcbn65lphpbwplvttc       0 
MUX2D0HPBWP                6      21.600       0.961    tcbn65lphpbwptc          0 
MUX2D0HPBWPLVT            17      61.200      34.683    tcbn65lphpbwplvttc       0 
MUX2D1HPBWP               10      40.000       4.344    tcbn65lphpbwptc          0 
MUX2D1HPBWPLVT           231     924.000    1023.115    tcbn65lphpbwplvttc       0 
MUX2D2HPBWPLVT           626    2754.400    3700.412    tcbn65lphpbwplvttc       0 
MUX2D4HPBWPLVT           580    3944.000    7861.190    tcbn65lphpbwplvttc       0 
MUX2ND0HPBWPLVT           67     214.400     120.343    tcbn65lphpbwplvttc       0 
MUX2ND1HPBWPLVT            2       9.600      10.415    tcbn65lphpbwplvttc       0 
MUX2ND2HPBWPLVT           73     379.600     451.308    tcbn65lphpbwplvttc       0 
MUX2ND4HPBWPLVT           46     368.000     798.411    tcbn65lphpbwplvttc       0 
MUX3D1HPBWPLVT             2      12.800      14.483    tcbn65lphpbwplvttc       0 
MUX3ND0HPBWPLVT          266    1596.000    1892.628    tcbn65lphpbwplvttc       0 
MUX3ND4HPBWPLVT            1      11.200      18.884    tcbn65lphpbwplvttc       0 
MUX4D2HPBWPLVT             1      13.200      14.888    tcbn65lphpbwplvttc       0 
ND2D1HPBWP                 6       9.600       0.331    tcbn65lphpbwptc          0 
ND2D1HPBWPLVT           2052    3283.200    1557.453    tcbn65lphpbwplvttc       0 
ND2D2HPBWP                91     254.800      15.858    tcbn65lphpbwptc          0 
ND2D2HPBWPLVT           4967   13907.600   10931.130    tcbn65lphpbwplvttc       0 
ND2D3HPBWP                 3      12.000       0.540    tcbn65lphpbwptc          0 
ND2D3HPBWPLVT           2294    9176.000    8880.056    tcbn65lphpbwplvttc       0 
ND2D4HPBWP                 1       4.800       0.136    tcbn65lphpbwptc          0 
ND2D4HPBWPLVT           3079   14779.200   16648.589    tcbn65lphpbwplvttc       0 
ND2D8HPBWP                 1       9.200       1.492    tcbn65lphpbwptc          0 
ND2D8HPBWPLVT            464    4268.800    4972.543    tcbn65lphpbwplvttc       0 
ND3D0HPBWPLVT              1       2.400       0.237    tcbn65lphpbwplvttc       0 
ND3D1HPBWPLVT             42     100.800      32.175    tcbn65lphpbwplvttc       0 
ND3D2HPBWP                 2       8.000       0.320    tcbn65lphpbwptc          0 
ND3D2HPBWPLVT             92     368.000     166.235    tcbn65lphpbwplvttc       0 
ND3D3HPBWPLVT             80     416.000     349.015    tcbn65lphpbwplvttc       0 
ND3D4HPBWPLVT            326    2216.800    2148.465    tcbn65lphpbwplvttc       0 
ND3D8HPBWPLVT             71     965.600    1042.005    tcbn65lphpbwplvttc       0 
ND4D1HPBWP                 1       2.800       0.018    tcbn65lphpbwptc          0 
ND4D1HPBWPLVT             43     120.400      14.962    tcbn65lphpbwplvttc       0 
ND4D2HPBWPLVT              9      46.800      30.275    tcbn65lphpbwplvttc       0 
ND4D3HPBWPLVT              1       6.800       6.682    tcbn65lphpbwplvttc       0 
ND4D4HPBWPLVT              1       9.600       8.730    tcbn65lphpbwplvttc       0 
NR2D0HPBWPLVT              5       8.000       1.512    tcbn65lphpbwplvttc       0 
NR2D1HPBWP                 1       1.600       0.216    tcbn65lphpbwptc          0 
NR2D1HPBWPLVT            233     372.800     171.781    tcbn65lphpbwplvttc       0 
NR2D2HPBWP                18      50.400       2.493    tcbn65lphpbwptc          0 
NR2D2HPBWPLVT            308     862.400     698.629    tcbn65lphpbwplvttc       0 
NR2D3HPBWPLVT            152     608.000     705.622    tcbn65lphpbwplvttc       0 
NR2D4HPBWP                 2       9.600       1.120    tcbn65lphpbwptc          0 
NR2D4HPBWPLVT            291    1396.800    2255.616    tcbn65lphpbwplvttc       0 
NR2D8HPBWP                 1       9.200       1.208    tcbn65lphpbwptc          0 
NR2D8HPBWPLVT             94     864.800    2350.065    tcbn65lphpbwplvttc       0 
NR2XD0HPBWPLVT           382     611.200     228.707    tcbn65lphpbwplvttc       0 
NR2XD1HPBWP               15      42.000       1.500    tcbn65lphpbwptc          0 
NR2XD1HPBWPLVT           618    1730.400     696.180    tcbn65lphpbwplvttc       0 
NR2XD2HPBWP               12      57.600       3.304    tcbn65lphpbwptc          0 
NR2XD2HPBWPLVT          1127    5409.600    4432.982    tcbn65lphpbwplvttc       0 
NR2XD3HPBWP                3      20.400       1.440    tcbn65lphpbwptc          0 
NR2XD3HPBWPLVT           670    4556.000    4855.145    tcbn65lphpbwplvttc       0 
NR2XD4HPBWP                1       9.200       0.539    tcbn65lphpbwptc          0 
NR2XD4HPBWPLVT           185    1702.000    1723.334    tcbn65lphpbwplvttc       0 
NR2XD8HPBWPLVT            59    1014.800    1053.043    tcbn65lphpbwplvttc       0 
NR3D0HPBWP                 1       2.400       0.056    tcbn65lphpbwptc          0 
NR3D0HPBWPLVT             15      36.000      13.331    tcbn65lphpbwplvttc       0 
NR3D1HPBWPLVT            107     385.200      84.913    tcbn65lphpbwplvttc       0 
NR3D2HPBWPLVT             82     524.800     139.488    tcbn65lphpbwplvttc       0 
NR3D3HPBWPLVT             38     364.800     313.344    tcbn65lphpbwplvttc       0 
NR3D4HPBWPLVT              1      11.600       5.361    tcbn65lphpbwplvttc       0 
NR3D8HPBWPLVT              2      42.400      52.903    tcbn65lphpbwplvttc       0 
NR4D0HPBWP                 2       5.600       0.099    tcbn65lphpbwptc          0 
NR4D0HPBWPLVT             34      95.200      62.055    tcbn65lphpbwplvttc       0 
NR4D1HPBWPLVT             23     110.400      13.687    tcbn65lphpbwplvttc       0 
NR4D2HPBWPLVT              1       8.000       0.666    tcbn65lphpbwplvttc       0 
NR4D3HPBWPLVT              1      12.000       1.099    tcbn65lphpbwplvttc       0 
OA211D1HPBWPLVT           12      38.400      28.758    tcbn65lphpbwplvttc       0 
OA211D2HPBWPLVT            5      18.000      22.184    tcbn65lphpbwplvttc       0 
OA211D4HPBWPLVT            3      21.600      31.598    tcbn65lphpbwplvttc       0 
OA21D1HPBWPLVT            71     198.800     203.828    tcbn65lphpbwplvttc       0 
OA21D2HPBWPLVT            24      76.800     104.730    tcbn65lphpbwplvttc       0 
OA21D4HPBWPLVT             9      57.600      76.484    tcbn65lphpbwplvttc       0 
OA221D1HPBWPLVT           13      52.000      31.688    tcbn65lphpbwplvttc       0 
OA221D2HPBWPLVT            3      14.400      12.417    tcbn65lphpbwplvttc       0 
OA221D4HPBWPLVT            1       8.800       9.253    tcbn65lphpbwplvttc       0 
OA222D1HPBWPLVT            4      19.200       9.738    tcbn65lphpbwplvttc       0 
OA222D2HPBWPLVT            4      20.800      17.790    tcbn65lphpbwplvttc       0 
OA22D0HPBWPLVT             2       7.200       2.865    tcbn65lphpbwplvttc       0 
OA22D1HPBWP                1       3.600       0.194    tcbn65lphpbwptc          0 
OA22D1HPBWPLVT            28     100.800      67.164    tcbn65lphpbwplvttc       0 
OA22D2HPBWPLVT            22      88.000      81.327    tcbn65lphpbwplvttc       0 
OA22D4HPBWPLVT             4      28.800      35.328    tcbn65lphpbwplvttc       0 
OA31D1HPBWPLVT             6      19.200      15.868    tcbn65lphpbwplvttc       0 
OA31D2HPBWPLVT             3      12.000      11.811    tcbn65lphpbwplvttc       0 
OA31D4HPBWPLVT             1       7.200      10.477    tcbn65lphpbwplvttc       0 
OA32D1HPBWPLVT             2       8.000       3.057    tcbn65lphpbwplvttc       0 
OAI211D1HPBWPLVT          38     106.400      39.283    tcbn65lphpbwplvttc       0 
OAI211D2HPBWPLVT          13      62.400      32.989    tcbn65lphpbwplvttc       0 
OAI211D4HPBWPLVT           4      38.400      29.246    tcbn65lphpbwplvttc       0 
OAI21D0HPBWPLVT            3       7.200       1.587    tcbn65lphpbwplvttc       0 
OAI21D1HPBWP               1       2.400       0.157    tcbn65lphpbwptc          0 
OAI21D1HPBWPLVT          210     504.000     265.930    tcbn65lphpbwplvttc       0 
OAI21D2HPBWP               2       8.000       0.742    tcbn65lphpbwptc          0 
OAI21D2HPBWPLVT          266    1064.000     766.862    tcbn65lphpbwplvttc       0 
OAI21D4HPBWPLVT          262    1886.400    1817.414    tcbn65lphpbwplvttc       0 
OAI221D0HPBWPLVT           8      25.600       6.317    tcbn65lphpbwplvttc       0 
OAI221D1HPBWPLVT          17      61.200      23.703    tcbn65lphpbwplvttc       0 
OAI221D2HPBWPLVT           3      19.200       8.371    tcbn65lphpbwplvttc       0 
OAI221D4HPBWPLVT           1       6.800       6.035    tcbn65lphpbwplvttc       0 
OAI222D0HPBWPLVT           4      14.400       3.499    tcbn65lphpbwplvttc       0 
OAI222D1HPBWPLVT          17      68.000      24.621    tcbn65lphpbwplvttc       0 
OAI222D2HPBWPLVT           2      15.200       6.492    tcbn65lphpbwplvttc       0 
OAI22D0HPBWPLVT            2       5.600       1.875    tcbn65lphpbwplvttc       0 
OAI22D1HPBWP               1       2.800       0.194    tcbn65lphpbwptc          0 
OAI22D1HPBWPLVT          176     492.800     237.607    tcbn65lphpbwplvttc       0 
OAI22D2HPBWP               2       9.600       0.854    tcbn65lphpbwptc          0 
OAI22D2HPBWPLVT          112     537.600     383.421    tcbn65lphpbwplvttc       0 
OAI22D4HPBWPLVT           10      96.000      71.182    tcbn65lphpbwplvttc       0 
OAI31D1HPBWP               1       2.800       0.141    tcbn65lphpbwptc          0 
OAI31D1HPBWPLVT           11      30.800      14.046    tcbn65lphpbwplvttc       0 
OAI31D2HPBWPLVT           23     110.400      67.721    tcbn65lphpbwplvttc       0 
OAI31D4HPBWPLVT            2      18.400      14.121    tcbn65lphpbwplvttc       0 
OAI32D1HPBWP               1       3.200       0.083    tcbn65lphpbwptc          0 
OAI32D1HPBWPLVT            2       6.400       3.952    tcbn65lphpbwplvttc       0 
OAI32D2HPBWPLVT            1       6.000       0.549    tcbn65lphpbwplvttc       0 
OAI33D1HPBWPLVT            1       4.000       0.299    tcbn65lphpbwplvttc       0 
OR2D1HPBWPLVT             56     134.400     104.242    tcbn65lphpbwplvttc       0 
OR2D2HPBWPLVT             19      53.200      78.216    tcbn65lphpbwplvttc       0 
OR2D4HPBWPLVT             28     134.400     240.414    tcbn65lphpbwplvttc       0 
OR2D8HPBWPLVT              5      40.000     100.902    tcbn65lphpbwplvttc       0 
OR2XD1HPBWPLVT           109     261.600     268.945    tcbn65lphpbwplvttc       0 
OR3D1HPBWPLVT             11      30.800      22.254    tcbn65lphpbwplvttc       0 
OR3D4HPBWPLVT              2      12.000      19.635    tcbn65lphpbwplvttc       0 
OR3XD1HPBWPLVT             2       5.600       4.725    tcbn65lphpbwplvttc       0 
OR4D0HPBWPLVT              1       3.200       1.282    tcbn65lphpbwplvttc       0 
OR4D1HPBWPLVT             15      48.000      29.495    tcbn65lphpbwplvttc       0 
OR4XD1HPBWPLVT             1       3.200       1.912    tcbn65lphpbwplvttc       0 
XNR2D1HPBWPLVT           483    1932.000    2210.298    tcbn65lphpbwplvttc       0 
XNR2D2HPBWPLVT            42     184.800     260.007    tcbn65lphpbwplvttc       0 
XNR2D4HPBWPLVT            12     100.800     191.121    tcbn65lphpbwplvttc       0 
XNR3D1HPBWP               10      68.000       6.844    tcbn65lphpbwptc          0 
XNR3D1HPBWPLVT           113     768.400     861.262    tcbn65lphpbwplvttc       0 
XNR3D2HPBWPLVT             8      70.400      77.774    tcbn65lphpbwplvttc       0 
XNR3D4HPBWPLVT           102    1224.000    2448.499    tcbn65lphpbwplvttc       0 
XNR4D0HPBWPLVT             1       9.600       7.916    tcbn65lphpbwplvttc       0 
XNR4D1HPBWPLVT            88     844.800     822.535    tcbn65lphpbwplvttc       0 
XNR4D2HPBWPLVT            28     280.000     322.022    tcbn65lphpbwplvttc       0 
XOR2D0HPBWPLVT             1       4.000       3.369    tcbn65lphpbwplvttc       0 
XOR2D1HPBWPLVT           677    2708.000    3697.999    tcbn65lphpbwplvttc       0 
XOR2D2HPBWPLVT           234    1029.600    1625.793    tcbn65lphpbwplvttc       0 
XOR2D4HPBWPLVT            14     117.600     231.970    tcbn65lphpbwplvttc       0 
XOR3D0HPBWPLVT             7      47.600      35.357    tcbn65lphpbwplvttc       0 
XOR3D1HPBWPLVT            76     516.800     529.161    tcbn65lphpbwplvttc       0 
XOR3D2HPBWPLVT           185    1406.000    1820.630    tcbn65lphpbwplvttc       0 
XOR3D4HPBWPLVT           245    2940.000    5832.700    tcbn65lphpbwplvttc       0 
XOR4D0HPBWP               18     180.000      10.550    tcbn65lphpbwptc          0 
XOR4D0HPBWPLVT            39     390.000     302.502    tcbn65lphpbwplvttc       0 
XOR4D1HPBWP                1      10.000       0.981    tcbn65lphpbwptc          0 
XOR4D1HPBWPLVT            25     250.000     276.397    tcbn65lphpbwplvttc       0 
XOR4D2HPBWPLVT            34     367.200     411.753    tcbn65lphpbwplvttc       0 
-----------------------------------------------------------------------------------
total                  46382  206736.000  239899.859                       


                                                      Leakage  Leakage 
      Library      Instances Instances %    Area    Power (nW) Power % 
-----------------------------------------------------------------------
tcbn65lphpbwplvttc     46026        99.2 205466.000 239806.951   100.0 
tcbn65lphpbwptc          356         0.8   1270.000     92.908     0.0 

                                             Leakage  Leakage 
     Type      Instances    Area    Area % Power (nW) Power % 
--------------------------------------------------------------
sequential          3326  35745.600   17.3  44238.541    18.4 
inverter            6766  16657.200    8.1  30200.048    12.6 
buffer               888   3214.000    1.6   7069.626     2.9 
logic              35402 151119.200   73.1 158391.644    66.0 
physical_cells         0      0.000    0.0      0.000     0.0 
--------------------------------------------------------------
total              46382 206736.000  100.0 239899.859   100.0 

