============================================================
  Generated by:           Genus(TM) Synthesis Solution 19.11-s087_1
  Generated on:           Aug 20 2021  01:44:53 pm
  Module:                 top_ft
  Operating conditions:   NCCOM 
  Operating conditions:   WCCOM 
  Operating conditions:   WCCOM 
  Operating conditions:   BCCOM 
  Interconnect mode:      global
  Area mode:              physical library
============================================================


Path 1: VIOLATED (-780 ps) Late External Delay Assertion at pin intr_overflow_o
           View: view_slow
          Group: C2O
     Startpoint: (R) dut_pmu_ahb/slv_reg_reg[1][3]/CP
          Clock: (R) clk
       Endpoint: (R) intr_overflow_o
          Clock: (R) clk

                     Capture       Launch     
        Clock Edge:+    1000            0     
       Src Latency:+       0            0     
       Net Latency:+       0 (I)        0 (I) 
           Arrival:=    1000            0     
                                              
      Output Delay:-     100                  
     Required Time:=     900                  
      Launch Clock:-       0                  
         Data Path:-    1680                  
             Slack:=    -780                  

Exceptions/Constraints:
  output_delay             100             top_ft_65.sdc_1_line_12_302_1 

#--------------------------------------------------------------------------------------------------------------------
#            Timing Point             Flags    Arc   Edge      Cell        Fanout  Load Trans Delay Arrival Instance 
#                                                                                  (fF)  (ps)  (ps)   (ps)  Location 
#--------------------------------------------------------------------------------------------------------------------
  dut_pmu_ahb/slv_reg_reg[1][3]/CP    -       -      R     (arrival)         3326     -     0     -       0    (-,-) 
  dut_pmu_ahb/slv_reg_reg[1][3]/QN    -       CP->QN F     DFKCND4HPBWPLVT      3  15.7    32   174     174    (-,-) 
  dut_pmu_ahb/g336146/ZN              -       B1->ZN R     AOI22D4HPBWPLVT      2  11.4    89    71     244    (-,-) 
  dut_pmu_ahb/g337566/ZN              -       A1->ZN R     IND2D4HPBWPLVT       1  13.5    42    70     314    (-,-) 
  dut_pmu_ahb/g337565/ZN              -       A1->ZN F     ND2D8HPBWPLVT        3  21.8    43    40     354    (-,-) 
  dut_pmu_ahb/g225612/ZN              -       I->ZN  R     INVD6HPBWPLVT        2  14.0    26    28     382    (-,-) 
  dut_pmu_ahb/g223935/ZN              -       A1->ZN F     ND2D3HPBWPLVT        2  13.6    55    42     424    (-,-) 
  dut_pmu_ahb/g336392/ZN              -       A1->ZN R     ND2D3HPBWPLVT        1   8.5    36    36     461    (-,-) 
  dut_pmu_ahb/g336391/ZN              -       A1->ZN F     ND2D4HPBWPLVT        1  14.4    46    39     500    (-,-) 
  dut_pmu_ahb/g336389/ZN              -       A2->ZN R     ND2D8HPBWPLVT        4  27.6    45    38     538    (-,-) 
  dut_pmu_ahb/g304706/ZN              -       I->ZN  F     INVD6HPBWPLVT        1  11.3    19    21     559    (-,-) 
  dut_pmu_ahb/g299124/ZN              -       A1->ZN R     NR2XD4HPBWPLVT       3  15.9    44    34     593    (-,-) 
  dut_pmu_ahb/g300811/ZN              -       A1->ZN F     AOI31D4HPBWPLVT      1  11.7    71    55     648    (-,-) 
  dut_pmu_ahb/g304695/ZN              -       A2->ZN R     NR2XD4HPBWPLVT       1  13.5    41    51     699    (-,-) 
  dut_pmu_ahb/g304694/ZN              -       A1->ZN F     ND2D8HPBWPLVT        3  25.5    47    42     742    (-,-) 
  dut_pmu_ahb/inst_pmu_raw/g162871/ZN -       I->ZN  R     INVD6HPBWPLVT        9  53.0    71    56     797    (-,-) 
  dut_pmu_ahb/inst_pmu_raw/g162869/ZN -       I->ZN  F     INVD6HPBWPLVT        2  17.3    29    30     827    (-,-) 
  dut_pmu_ahb/inst_pmu_raw/g160744/ZN -       A1->ZN R     NR2XD4HPBWPLVT       2  19.5    51    39     867    (-,-) 
  dut_pmu_ahb/inst_pmu_raw/g160662/ZN -       A2->ZN F     NR2XD4HPBWPLVT       1  20.0    40    42     908    (-,-) 
  dut_pmu_ahb/inst_pmu_raw/g160644/ZN -       A1->ZN R     NR2XD8HPBWPLVT      14  70.7    81    59     968    (-,-) 
  dut_pmu_ahb/inst_pmu_raw/g160547/ZN -       I->ZN  F     INVD16HPBWPLVT      19 112.3    46    47    1015    (-,-) 
  dut_pmu_ahb/inst_pmu_raw/g180973/Z  -       A1->Z  F     OA21D4HPBWPLVT       2  11.5    39    91    1106    (-,-) 
  dut_pmu_ahb/inst_pmu_raw/g157915/ZN -       A2->ZN R     NR2D4HPBWPLVT        1   8.5    50    48    1154    (-,-) 
  dut_pmu_ahb/inst_pmu_raw/g178780/ZN -       A1->ZN F     ND2D4HPBWPLVT        1  11.7    42    39    1192    (-,-) 
  dut_pmu_ahb/inst_pmu_raw/g157374/ZN -       A2->ZN R     NR2XD4HPBWPLVT       1  13.5    40    44    1236    (-,-) 
  dut_pmu_ahb/inst_pmu_raw/g577/ZN    -       A1->ZN F     ND2D8HPBWPLVT        1  11.3    30    32    1268    (-,-) 
  dut_pmu_ahb/inst_pmu_raw/g205655/ZN -       A1->ZN R     NR2XD4HPBWPLVT       2  14.9    43    35    1303    (-,-) 
  dut_pmu_ahb/inst_pmu_raw/g205658/ZN -       A1->ZN F     AOI21D4HPBWPLVT      2   7.9    38    35    1338    (-,-) 
  dut_pmu_ahb/inst_pmu_raw/g205657/ZN -       A1->ZN F     INR2D4HPBWPLVT       1   8.7    25    54    1391    (-,-) 
  dut_pmu_ahb/inst_pmu_raw/g179873/ZN -       A2->ZN R     ND2D4HPBWPLVT        1   8.7    30    27    1419    (-,-) 
  dut_pmu_ahb/inst_pmu_raw/g178763/ZN -       A2->ZN F     NR2D4HPBWPLVT        1   8.7    20    22    1441    (-,-) 
  dut_pmu_ahb/inst_pmu_raw/g181455/ZN -       A2->ZN R     ND3D4HPBWPLVT        1   8.3    36    27    1468    (-,-) 
  dut_pmu_ahb/inst_pmu_raw/g179083/ZN -       B1->ZN F     IND2D4HPBWPLVT       1  24.3    70    52    1520    (-,-) 
  dut_pmu_ahb/inst_pmu_raw/g179082/ZN -       I->ZN  R     INVD16HPBWPLVT       1 502.6   238   153    1673    (-,-) 
  intr_overflow_o                     -       -      R     (port)               -     -     -     8    1680    (-,-) 
#--------------------------------------------------------------------------------------------------------------------


