============================================================
  Generated by:           Genus(TM) Synthesis Solution 19.11-s087_1
  Generated on:           Aug 20 2021  01:44:54 pm
  Module:                 top_ft
  Operating conditions:   NCCOM 
  Operating conditions:   WCCOM 
  Operating conditions:   WCCOM 
  Operating conditions:   BCCOM 
  Interconnect mode:      global
  Area mode:              physical library
============================================================


Path 1: VIOLATED (-900 ps) Setup Check with Pin dut_pmu_ahb/inst_pmu_raw/inst_quota_suma_int_reg[34]/CP->D
           View: view_slow
          Group: C2C
     Startpoint: (R) dut_pmu_ahb/slv_reg_reg[18][5]/CP
          Clock: (R) clk
       Endpoint: (R) dut_pmu_ahb/inst_pmu_raw/inst_quota_suma_int_reg[34]/D
          Clock: (R) clk

                     Capture       Launch     
        Clock Edge:+    1000            0     
       Src Latency:+       0            0     
       Net Latency:+       0 (I)        0 (I) 
           Arrival:=    1000            0     
                                              
             Setup:-      78                  
     Required Time:=     922                  
      Launch Clock:-       0                  
         Data Path:-    1822                  
             Slack:=    -900                  

#----------------------------------------------------------------------------------------------------------------------------------------
#                      Timing Point                       Flags    Arc   Edge       Cell        Fanout Load Trans Delay Arrival Instance 
#                                                                                                      (fF)  (ps)  (ps)   (ps)  Location 
#----------------------------------------------------------------------------------------------------------------------------------------
  dut_pmu_ahb/slv_reg_reg[18][5]/CP                       -       -      R     (arrival)          3326    -     0     -       0    (-,-) 
  dut_pmu_ahb/slv_reg_reg[18][5]/QN                       -       CP->QN R     DFKCND4HPBWPLVT       3 11.0    32   189     189    (-,-) 
  dut_pmu_ahb/g281185/ZN                                  -       A1->ZN R     IOA21D2HPBWPLVT       1  6.8    48    79     268    (-,-) 
  dut_pmu_ahb/g305394/Z                                   -       A3->Z  F     XOR3D4HPBWPLVT        3 16.5    56   121     389    (-,-) 
  dut_pmu_ahb/g302940/ZN                                  -       I->ZN  R     INVD4HPBWPLVT         2 16.9    39    40     430    (-,-) 
  dut_pmu_ahb/g302938/ZN                                  -       A2->ZN F     NR2XD4HPBWPLVT        1 11.3    29    32     462    (-,-) 
  dut_pmu_ahb/g302937/ZN                                  -       A1->ZN R     NR2XD4HPBWPLVT        2 19.5    51    40     501    (-,-) 
  dut_pmu_ahb/g222708/ZN                                  -       I->ZN  F     INVD4HPBWPLVT         1 20.9    33    34     535    (-,-) 
  dut_pmu_ahb/g336511/ZN                                  -       A2->ZN R     NR2XD8HPBWPLVT        1 21.8    35    39     574    (-,-) 
  dut_pmu_ahb/g336510/ZN                                  -       A1->ZN F     NR2XD8HPBWPLVT        5 25.6    32    28     602    (-,-) 
  dut_pmu_ahb/g221753/ZN                                  -       I->ZN  R     CKND6HPBWPLVT         3 23.2    34    31     632    (-,-) 
  dut_pmu_ahb/g221252/ZN                                  -       A1->ZN F     ND2D4HPBWPLVT         2 16.9    51    42     674    (-,-) 
  dut_pmu_ahb/g220592/ZN                                  -       A1->ZN R     NR2XD3HPBWPLVT        4 15.2    53    46     720    (-,-) 
  dut_pmu_ahb/g272097/Z                                   -       A1->Z  R     AN2XD1HPBWPLVT        1  4.8    49    74     793    (-,-) 
  dut_pmu_ahb/g217441/Z                                   -       A1->Z  F     XOR2D1HPBWPLVT        2  6.4    58   109     902    (-,-) 
  dut_pmu_ahb/g217032/Z                                   -       I1->Z  F     MUX2D1HPBWPLVT        1  4.1    43    90     992    (-,-) 
  dut_pmu_ahb/inst_pmu_raw/g183928/ZN                     -       A1->ZN F     IOA21D2HPBWPLVT       1  9.1    56    83    1075    (-,-) 
  dut_pmu_ahb/inst_pmu_raw/g167877/ZN                     -       A1->ZN R     NR2XD3HPBWPLVT        2 16.2    56    49    1123    (-,-) 
  dut_pmu_ahb/inst_pmu_raw/fopt168894/ZN                  -       I->ZN  F     CKND6HPBWPLVT         3 15.0    32    34    1158    (-,-) 
  dut_pmu_ahb/inst_pmu_raw/g108711/ZN                     -       A1->ZN R     ND2D2HPBWPLVT         1  5.5    35    28    1186    (-,-) 
  dut_pmu_ahb/inst_pmu_raw/g175977/ZN                     -       B->ZN  F     IOA21D2HPBWPLVT       1  5.3    40    33    1220    (-,-) 
  dut_pmu_ahb/inst_pmu_raw/g175976/ZN                     -       A1->ZN R     NR2D2HPBWPLVT         1  5.4    58    47    1267    (-,-) 
  dut_pmu_ahb/inst_pmu_raw/g177259/ZN                     -       A1->ZN F     ND2D2HPBWPLVT         1 11.3    64    54    1321    (-,-) 
  dut_pmu_ahb/inst_pmu_raw/g177258/ZN                     -       A1->ZN R     NR2XD4HPBWPLVT        2 13.3    42    42    1363    (-,-) 
  dut_pmu_ahb/inst_pmu_raw/g176637/ZN                     -       A2->ZN F     ND3D4HPBWPLVT         2 11.6    67    56    1418    (-,-) 
  dut_pmu_ahb/inst_pmu_raw/g195562/ZN                     -       A2->ZN R     ND2D4HPBWPLVT         2 17.3    47    49    1467    (-,-) 
  dut_pmu_ahb/inst_pmu_raw/g180419/ZN                     -       A2->ZN F     NR2XD3HPBWPLVT        2 11.5    34    37    1504    (-,-) 
  dut_pmu_ahb/inst_pmu_raw/g180418/ZN                     -       I->ZN  R     INVD3HPBWPLVT         1  8.2    28    28    1533    (-,-) 
  dut_pmu_ahb/inst_pmu_raw/g180445/ZN                     -       A2->ZN F     OAI21D4HPBWPLVT       1 11.7    52    42    1575    (-,-) 
  dut_pmu_ahb/inst_pmu_raw/inst_quota_add_141_42_g2672/ZN -       A2->ZN R     NR2XD4HPBWPLVT        2 16.9    46    50    1625    (-,-) 
  dut_pmu_ahb/inst_pmu_raw/inst_quota_add_141_42_g2655/ZN -       A1->ZN F     NR2XD3HPBWPLVT        1 11.3    34    32    1656    (-,-) 
  dut_pmu_ahb/inst_pmu_raw/inst_quota_add_141_42_g2642/ZN -       A1->ZN R     NR2XD4HPBWPLVT        2 14.8    42    36    1692    (-,-) 
  dut_pmu_ahb/inst_pmu_raw/inst_quota_add_141_42_g2630/ZN -       I->ZN  F     INVD6HPBWPLVT         5 19.2    23    25    1718    (-,-) 
  dut_pmu_ahb/inst_pmu_raw/inst_quota_add_141_42_g2626/ZN -       A1->ZN R     ND2D2HPBWPLVT         1  5.2    35    26    1743    (-,-) 
  dut_pmu_ahb/inst_pmu_raw/inst_quota_add_141_42_g2609/Z  -       A1->Z  R     CKXOR2D2HPBWPLVT      1  4.0    42    78    1822    (-,-) 
  dut_pmu_ahb/inst_pmu_raw/inst_quota_suma_int_reg[34]/D  -       -      R     DFKCND1HPBWPLVT       1    -     -     0    1822    (-,-) 
#----------------------------------------------------------------------------------------------------------------------------------------


