============================================================
  Generated by:           Genus(TM) Synthesis Solution 19.11-s087_1
  Generated on:           Aug 20 2021  11:36:11 am
  Module:                 top_ft
  Operating conditions:   NCCOM 
  Operating conditions:   WCCOM 
  Operating conditions:   WCCOM 
  Operating conditions:   BCCOM 
  Interconnect mode:      global
  Area mode:              physical library
============================================================


Path 1: VIOLATED (-353 ps) Late External Delay Assertion at pin intr_overflow_o
           View: view_slow
          Group: I2O
     Startpoint: (F) hwdata_i[30]
          Clock: (R) clk
       Endpoint: (R) intr_overflow_o
          Clock: (R) clk

                     Capture       Launch     
        Clock Edge:+    1000            0     
        Drv Adjust:+       0            0     
       Src Latency:+       0            0     
       Net Latency:+       0 (I)        0 (I) 
           Arrival:=    1000            0     
                                              
      Output Delay:-     100                  
     Required Time:=     900                  
      Launch Clock:-       0                  
       Input Delay:-     100                  
         Data Path:-    1153                  
             Slack:=    -353                  

Exceptions/Constraints:
  input_delay              100             top_ft_65.sdc_1_line_11_200_1 
  output_delay             100             top_ft_65.sdc_1_line_12_302_1 

#-----------------------------------------------------------------------------------------------------------------------
#             Timing Point               Flags    Arc   Edge      Cell        Fanout  Load Trans Delay Arrival Instance 
#                                                                                     (fF)  (ps)  (ps)   (ps)  Location 
#-----------------------------------------------------------------------------------------------------------------------
  hwdata_i[30]                           -       -      F     (arrival)            1  13.2   200     0     100    (-,-) 
  dut_pmu_ahb/g225308/ZN                 -       A1->ZN R     ND2D8HPBWPLVT        1   8.5    55    52     152    (-,-) 
  dut_pmu_ahb/fopt295457/ZN              -       I->ZN  F     INVD4HPBWPLVT        2  10.9    24    27     178    (-,-) 
  dut_pmu_ahb/g219680/ZN                 -       B1->ZN R     IND2D4HPBWPLVT       1  15.0    44    31     209    (-,-) 
  dut_pmu_ahb/g217338/ZN                 -       A2->ZN F     ND2D8HPBWPLVT        3  26.1    47    44     254    (-,-) 
  dut_pmu_ahb/inst_pmu_raw/g162871/ZN    -       I->ZN  R     INVD6HPBWPLVT        9  53.0    71    56     309    (-,-) 
  dut_pmu_ahb/inst_pmu_raw/g162867/ZN    -       I->ZN  F     INVD8HPBWPLVT        3  23.5    29    31     340    (-,-) 
  dut_pmu_ahb/inst_pmu_raw/g162759/ZN    -       A1->ZN R     NR2XD3HPBWPLVT       4  17.6    60    44     383    (-,-) 
  dut_pmu_ahb/inst_pmu_raw/g160658/ZN    -       A1->ZN F     ND2D2HPBWPLVT        1   7.0    46    43     427    (-,-) 
  dut_pmu_ahb/inst_pmu_raw/g160639/Z     -       A1->Z  F     AN2D8HPBWPLVT        3  33.0    35    67     494    (-,-) 
  dut_pmu_ahb/inst_pmu_raw/fopt168648/ZN -       I->ZN  R     INVD8HPBWPLVT       12  40.4    44    37     532    (-,-) 
  dut_pmu_ahb/inst_pmu_raw/g159694/ZN    -       A1->ZN R     IOA21D2HPBWPLVT      1   9.7    58    88     620    (-,-) 
  dut_pmu_ahb/inst_pmu_raw/g158653/ZN    -       A1->ZN F     NR2XD3HPBWPLVT       2  11.1    34    35     655    (-,-) 
  dut_pmu_ahb/inst_pmu_raw/g157829/ZN    -       A1->ZN R     NR2D3HPBWPLVT        1   7.0    56    45     700    (-,-) 
  dut_pmu_ahb/inst_pmu_raw/g157683/ZN    -       A1->ZN F     ND2D3HPBWPLVT        1   9.1    43    41     740    (-,-) 
  dut_pmu_ahb/inst_pmu_raw/g157346/ZN    -       A1->ZN R     NR2XD3HPBWPLVT       1   9.0    38    35     776    (-,-) 
  dut_pmu_ahb/inst_pmu_raw/g157301/ZN    -       A2->ZN F     ND2D4HPBWPLVT        1   9.1    36    35     811    (-,-) 
  dut_pmu_ahb/inst_pmu_raw/g157213/ZN    -       A1->ZN R     NR2XD3HPBWPLVT       1   8.1    35    32     842    (-,-) 
  dut_pmu_ahb/inst_pmu_raw/g157142/ZN    -       A1->ZN F     AOI21D4HPBWPLVT      2  13.3    49    40     883    (-,-) 
  dut_pmu_ahb/inst_pmu_raw/g157134/ZN    -       I->ZN  R     INVD2HPBWPLVT        2   8.1    38    37     920    (-,-) 
  dut_pmu_ahb/inst_pmu_raw/g86417/ZN     -       I->ZN  F     INVD2HPBWPLVT        1   6.9    24    26     946    (-,-) 
  dut_pmu_ahb/inst_pmu_raw/g86278/ZN     -       A1->ZN R     ND2D3HPBWPLVT        1   7.4    32    26     972    (-,-) 
  dut_pmu_ahb/inst_pmu_raw/g86039/ZN     -       A1->ZN F     NR2XD2HPBWPLVT       1   6.9    32    27     999    (-,-) 
  dut_pmu_ahb/inst_pmu_raw/g85980/ZN     -       A1->ZN R     ND2D3HPBWPLVT        1   8.2    34    29    1028    (-,-) 
  dut_pmu_ahb/inst_pmu_raw/g85879/ZN     -       A2->ZN F     OAI21D4HPBWPLVT      1  24.3    82    60    1089    (-,-) 
  dut_pmu_ahb/inst_pmu_raw/g85875/ZN     -       I->ZN  R     INVD16HPBWPLVT       1 502.6   238   157    1245    (-,-) 
  intr_overflow_o                        -       -      R     (port)               -     -     -     8    1253    (-,-) 
#-----------------------------------------------------------------------------------------------------------------------


