============================================================
  Generated by:           Genus(TM) Synthesis Solution 19.11-s087_1
  Generated on:           Aug 20 2021  10:39:59 am
  Module:                 top_ft
  Operating conditions:   NCCOM 
  Operating conditions:   WCCOM 
  Operating conditions:   WCCOM 
  Operating conditions:   BCCOM 
  Interconnect mode:      global
  Area mode:              physical library
============================================================

                                        Leakage  Leakage 
     Type      Instances  Area Area % Power (nW) Power % 
---------------------------------------------------------
sequential          3326 0.000    0.0  70293.347    97.5 
inverter               4 0.000    0.0      0.130     0.0 
logic              67562 0.000    0.0   1810.701     2.5 
physical_cells         0 0.000    0.0      0.000     0.0 
---------------------------------------------------------
total              70892 0.000    0.0  72104.178   100.0 

