============================================================
  Generated by:           Genus(TM) Synthesis Solution 19.11-s087_1
  Generated on:           Aug 20 2021  01:28:40 pm
  Module:                 top_ft
  Operating conditions:   NCCOM 
  Operating conditions:   WCCOM 
  Operating conditions:   WCCOM 
  Operating conditions:   BCCOM 
  Interconnect mode:      global
  Area mode:              physical library
============================================================


Path 1: VIOLATED (-575 ps) Setup Check with Pin dut_pmu_ahb/inst_pmu_raw/inst_quota_suma_int_reg[33]/CP->D
           View: view_slow
          Group: C2C
     Startpoint: (R) dut_pmu_ahb/slv_reg_reg[0][25]/CP
          Clock: (R) clk
       Endpoint: (R) dut_pmu_ahb/inst_pmu_raw/inst_quota_suma_int_reg[33]/D
          Clock: (R) clk

                     Capture       Launch     
        Clock Edge:+    1333            0     
       Src Latency:+       0            0     
       Net Latency:+       0 (I)        0 (I) 
           Arrival:=    1333            0     
                                              
             Setup:-      78                  
     Required Time:=    1255                  
      Launch Clock:-       0                  
         Data Path:-    1829                  
             Slack:=    -575                  

#----------------------------------------------------------------------------------------------------------------------------------------
#                      Timing Point                       Flags    Arc   Edge       Cell        Fanout Load Trans Delay Arrival Instance 
#                                                                                                      (fF)  (ps)  (ps)   (ps)  Location 
#----------------------------------------------------------------------------------------------------------------------------------------
  dut_pmu_ahb/slv_reg_reg[0][25]/CP                       -       -      R     (arrival)          3326    -     0     -       0    (-,-) 
  dut_pmu_ahb/slv_reg_reg[0][25]/QN                       -       CP->QN R     DFKCND4HPBWPLVT       5 26.5    58   203     203    (-,-) 
  dut_pmu_ahb/g228797/ZN                                  -       A1->ZN F     ND2D3HPBWPLVT         1 13.2    54    49     252    (-,-) 
  dut_pmu_ahb/g315074/ZN                                  -       A1->ZN R     ND2D8HPBWPLVT         2 22.1    41    38     290    (-,-) 
  dut_pmu_ahb/g315073/ZN                                  -       I->ZN  F     INVD6HPBWPLVT         1 11.3    18    21     311    (-,-) 
  dut_pmu_ahb/g315072/ZN                                  -       A1->ZN R     NR2XD4HPBWPLVT        1  9.7    33    27     337    (-,-) 
  dut_pmu_ahb/g315071/ZN                                  -       A1->ZN F     NR2XD3HPBWPLVT        2 12.4    35    29     367    (-,-) 
  dut_pmu_ahb/g224588/ZN                                  -       I->ZN  R     INVD4HPBWPLVT         1  9.0    24    26     393    (-,-) 
  dut_pmu_ahb/g292193/ZN                                  -       A2->ZN F     ND2D4HPBWPLVT         2 11.0    40    34     427    (-,-) 
  dut_pmu_ahb/g322617/Z                                   -       A1->Z  F     AN2D4HPBWPLVT         1 13.2    28    56     483    (-,-) 
  dut_pmu_ahb/g314129/ZN                                  -       A1->ZN R     NR2D8HPBWPLVT         1 22.1    60    46     529    (-,-) 
  dut_pmu_ahb/g289381/ZN                                  -       A2->ZN F     NR2XD8HPBWPLVT        4 27.3    34    40     568    (-,-) 
  dut_pmu_ahb/g221127/ZN                                  -       I->ZN  R     INVD6HPBWPLVT         5 31.9    45    38     606    (-,-) 
  dut_pmu_ahb/g301671/ZN                                  -       A1->ZN F     NR2XD2HPBWPLVT        3 12.0    46    38     644    (-,-) 
  dut_pmu_ahb/g270/ZN                                     -       I->ZN  R     INVD2HPBWPLVT         2  7.7    36    36     680    (-,-) 
  dut_pmu_ahb/g313487/ZN                                  -       A1->ZN F     ND2D2HPBWPLVT         1  8.7    57    42     722    (-,-) 
  dut_pmu_ahb/g313574/ZN                                  -       A2->ZN R     ND3D4HPBWPLVT         1 13.5    50    44     766    (-,-) 
  dut_pmu_ahb/g286166/ZN                                  -       A1->ZN F     ND2D8HPBWPLVT         4 24.9    47    44     810    (-,-) 
  dut_pmu_ahb/inst_pmu_raw/g182457/ZN                     -       A1->ZN R     NR2XD4HPBWPLVT        3 15.0    43    39     849    (-,-) 
  dut_pmu_ahb/inst_pmu_raw/g182456/ZN                     -       I->ZN  F     INVD4HPBWPLVT         3 31.7    44    39     888    (-,-) 
  dut_pmu_ahb/inst_pmu_raw/g173620/ZN                     -       A1->ZN R     NR2XD3HPBWPLVT        4 23.0    71    55     943    (-,-) 
  dut_pmu_ahb/inst_pmu_raw/g178632/ZN                     -       A1->ZN R     INR2XD2HPBWPLVT       2 10.1    55    92    1035    (-,-) 
  dut_pmu_ahb/inst_pmu_raw/g173624_dup/Z                  -       I->Z   R     BUFFD6HPBWPLVT        8 35.0    54    72    1108    (-,-) 
  dut_pmu_ahb/inst_pmu_raw/g180728/ZN                     -       A2->ZN F     ND2D2HPBWP            1  8.7    67    63    1171    (-,-) 
  dut_pmu_ahb/inst_pmu_raw/g183491/ZN                     -       A2->ZN R     ND2D4HPBWPLVT         1  9.9    36    41    1212    (-,-) 
  dut_pmu_ahb/inst_pmu_raw/g99856/ZN                      -       A2->ZN F     NR2XD3HPBWPLVT        1  8.3    29    31    1243    (-,-) 
  dut_pmu_ahb/inst_pmu_raw/g156108/ZN                     -       A1->ZN R     ND2D4HPBWPLVT         1 12.3    37    30    1273    (-,-) 
  dut_pmu_ahb/inst_pmu_raw/g157257/ZN                     -       A2->ZN F     NR2XD4HPBWPLVT        2 14.9    33    34    1307    (-,-) 
  dut_pmu_ahb/inst_pmu_raw/g173867/ZN                     -       A1->ZN R     ND3D4HPBWPLVT         1 10.1    39    30    1337    (-,-) 
  dut_pmu_ahb/inst_pmu_raw/fopt157106/ZN                  -       I->ZN  F     CKND6HPBWPLVT         2 16.0    30    31    1368    (-,-) 
  dut_pmu_ahb/inst_pmu_raw/inst_quota_add_141_42_g5406/ZN -       A2->ZN R     NR2D8HPBWP            2 14.3    56    56    1423    (-,-) 
  dut_pmu_ahb/inst_pmu_raw/inst_quota_add_141_42_g5393/ZN -       I->ZN  F     INVD4HPBWPLVT         1  8.1    22    24    1447    (-,-) 
  dut_pmu_ahb/inst_pmu_raw/g24/ZN                         -       A2->ZN R     OAI21D4HPBWPLVT       1 12.3    73    59    1506    (-,-) 
  dut_pmu_ahb/inst_pmu_raw/inst_quota_add_141_42_g5231/ZN -       A2->ZN F     NR2XD4HPBWPLVT        2 14.1    36    43    1550    (-,-) 
  dut_pmu_ahb/inst_pmu_raw/g159373/ZN                     -       A1->ZN R     NR2XD4HPBWPLVT        1 21.8    55    44    1593    (-,-) 
  dut_pmu_ahb/inst_pmu_raw/g159372/ZN                     -       A1->ZN F     NR2XD8HPBWPLVT       10 41.4    50    38    1632    (-,-) 
  dut_pmu_ahb/inst_pmu_raw/inst_quota_add_141_42_g5210/ZN -       A1->ZN R     NR2XD4HPBWPLVT        1 12.1    39    37    1669    (-,-) 
  dut_pmu_ahb/inst_pmu_raw/inst_quota_add_141_42_g5197/ZN -       A1->ZN F     NR2XD4HPBWPLVT        6 19.4    41    33    1702    (-,-) 
  dut_pmu_ahb/inst_pmu_raw/inst_quota_add_141_42_g5183/ZN -       B1->ZN R     INR2XD1HPBWPLVT       1  5.2    55    44    1746    (-,-) 
  dut_pmu_ahb/inst_pmu_raw/inst_quota_add_141_42_g5162/Z  -       A1->Z  R     CKXOR2D2HPBWPLVT      1  4.0    42    83    1829    (-,-) 
  dut_pmu_ahb/inst_pmu_raw/inst_quota_suma_int_reg[33]/D  -       -      R     DFKCND1HPBWPLVT       1    -     -     0    1829    (-,-) 
#----------------------------------------------------------------------------------------------------------------------------------------


