============================================================
  Generated by:           Genus(TM) Synthesis Solution 19.11-s087_1
  Generated on:           Aug 20 2021  01:28:38 pm
  Module:                 top_ft
  Operating conditions:   NCCOM 
  Operating conditions:   WCCOM 
  Operating conditions:   WCCOM 
  Operating conditions:   BCCOM 
  Interconnect mode:      global
  Area mode:              physical library
============================================================


Path 1: VIOLATED (-438 ps) Late External Delay Assertion at pin intr_overflow_o
           View: view_slow
          Group: C2O
     Startpoint: (R) dut_pmu_ahb/slv_reg_reg[1][16]/CP
          Clock: (R) clk
       Endpoint: (R) intr_overflow_o
          Clock: (R) clk

                     Capture       Launch     
        Clock Edge:+    1333            0     
       Src Latency:+       0            0     
       Net Latency:+       0 (I)        0 (I) 
           Arrival:=    1333            0     
                                              
      Output Delay:-     100                  
     Required Time:=    1233                  
      Launch Clock:-       0                  
         Data Path:-    1672                  
             Slack:=    -438                  

Exceptions/Constraints:
  output_delay             100             top_ft_65.sdc_1_line_12_302_1 

#--------------------------------------------------------------------------------------------------------------------
#            Timing Point             Flags    Arc   Edge      Cell        Fanout  Load Trans Delay Arrival Instance 
#                                                                                  (fF)  (ps)  (ps)   (ps)  Location 
#--------------------------------------------------------------------------------------------------------------------
  dut_pmu_ahb/slv_reg_reg[1][16]/CP   -       -      R     (arrival)         3326     -     0     -       0    (-,-) 
  dut_pmu_ahb/slv_reg_reg[1][16]/Q    -       CP->Q  F     DFKCND4HPBWPLVT      5  25.3    49   170     170    (-,-) 
  dut_pmu_ahb/g329317/Z               -       B2->Z  F     AO22D4HPBWPLVT       2  11.2    40   114     285    (-,-) 
  dut_pmu_ahb/g288483/ZN              -       I->ZN  R     INVD3HPBWPLVT        2  11.1    36    34     319    (-,-) 
  dut_pmu_ahb/g239/ZN                 -       A1->ZN F     ND2D2HPBWPLVT        1   7.0    44    38     356    (-,-) 
  dut_pmu_ahb/g339/ZN                 -       A2->ZN R     ND3D3HPBWPLVT        1  15.0    59    46     402    (-,-) 
  dut_pmu_ahb/g336/ZN                 -       A2->ZN F     ND2D8HPBWPLVT        2  18.4    39    42     444    (-,-) 
  dut_pmu_ahb/g290177/ZN              -       I->ZN  R     INVD6HPBWPLVT        1   8.5    20    24     467    (-,-) 
  dut_pmu_ahb/g290176/ZN              -       A1->ZN F     ND2D4HPBWPLVT        1  14.4    46    35     502    (-,-) 
  dut_pmu_ahb/g290175/ZN              -       A2->ZN R     ND2D8HPBWPLVT        3  29.4    41    39     542    (-,-) 
  dut_pmu_ahb/g291910/ZN              -       A3->ZN F     ND3D8HPBWPLVT        2  19.5    61    58     600    (-,-) 
  dut_pmu_ahb/g291914/ZN              -       A1->ZN R     NR2XD4HPBWPLVT       2  15.9    46    44     644    (-,-) 
  dut_pmu_ahb/g291915/ZN              -       A1->ZN F     NR2D8HPBWPLVT        1  20.0    25    25     669    (-,-) 
  dut_pmu_ahb/g291268/ZN              -       A1->ZN R     NR2XD8HPBWPLVT       2  15.5    30    27     695    (-,-) 
  dut_pmu_ahb/g287844/ZN              -       A1->ZN F     ND2D8HPBWPLVT        3  35.5    59    47     742    (-,-) 
  dut_pmu_ahb/inst_pmu_raw/g165985/ZN -       I->ZN  R     INVD16HPBWPLVT      21  81.8    46    46     789    (-,-) 
  dut_pmu_ahb/inst_pmu_raw/g163329/ZN -       B1->ZN F     IND2D4HPBWPLVT       1   6.9    31    31     820    (-,-) 
  dut_pmu_ahb/inst_pmu_raw/g144565/ZN -       A2->ZN R     ND2D3HPBWPLVT        2  13.4    47    38     858    (-,-) 
  dut_pmu_ahb/inst_pmu_raw/g144518/ZN -       A1->ZN F     ND2D3HPBWPLVT        2  15.8    62    51     909    (-,-) 
  dut_pmu_ahb/inst_pmu_raw/g154136/Z  -       I->Z   F     CKBD2HPBWPLVT        1   4.1    30    64     972    (-,-) 
  dut_pmu_ahb/inst_pmu_raw/g171712/ZN -       A1->ZN F     IOA21D2HPBWPLVT      1   6.9    47    73    1046    (-,-) 
  dut_pmu_ahb/inst_pmu_raw/g154134/ZN -       A1->ZN R     ND2D3HPBWPLVT        1  12.1    46    39    1085    (-,-) 
  dut_pmu_ahb/inst_pmu_raw/g158808/ZN -       A1->ZN F     NR2XD4HPBWPLVT       2  18.6    39    34    1119    (-,-) 
  dut_pmu_ahb/inst_pmu_raw/g158809/ZN -       A2->ZN R     NR3D3HPBWPLVT        1   8.9    62    60    1179    (-,-) 
  dut_pmu_ahb/inst_pmu_raw/g140869/ZN -       A3->ZN F     ND3D4HPBWPLVT        1   9.1    55    57    1236    (-,-) 
  dut_pmu_ahb/inst_pmu_raw/g161528/ZN -       A1->ZN R     NR2XD3HPBWPLVT       1   8.1    38    37    1273    (-,-) 
  dut_pmu_ahb/inst_pmu_raw/g90/ZN     -       A1->ZN F     AOI21D4HPBWPLVT      2  12.7    47    40    1313    (-,-) 
  dut_pmu_ahb/inst_pmu_raw/g161529/ZN -       I->ZN  R     INVD3HPBWPLVT        2  12.5    39    38    1351    (-,-) 
  dut_pmu_ahb/inst_pmu_raw/g161530/ZN -       A2->ZN F     NR2XD3HPBWPLVT       1   8.3    29    32    1383    (-,-) 
  dut_pmu_ahb/inst_pmu_raw/g418/ZN    -       A1->ZN R     ND2D4HPBWPLVT        1  12.3    37    30    1413    (-,-) 
  dut_pmu_ahb/inst_pmu_raw/g160520/ZN -       A2->ZN F     NR2XD4HPBWPLVT       1  13.8    32    33    1446    (-,-) 
  dut_pmu_ahb/inst_pmu_raw/g159956/ZN -       A3->ZN R     ND3D8HPBWPLVT        1  13.5    34    32    1478    (-,-) 
  dut_pmu_ahb/inst_pmu_raw/g99992/ZN  -       A1->ZN F     ND2D8HPBWPLVT        1  24.3    45    40    1518    (-,-) 
  dut_pmu_ahb/inst_pmu_raw/g99970/ZN  -       I->ZN  R     INVD16HPBWPLVT       1 502.6   238   146    1664    (-,-) 
  intr_overflow_o                     -       -      R     (port)               -     -     -     8    1672    (-,-) 
#--------------------------------------------------------------------------------------------------------------------


