============================================================
  Generated by:           Genus(TM) Synthesis Solution 19.11-s087_1
  Generated on:           Aug 20 2021  01:28:43 pm
  Module:                 top_ft
  Operating conditions:   NCCOM 
  Operating conditions:   WCCOM 
  Operating conditions:   WCCOM 
  Operating conditions:   BCCOM 
  Interconnect mode:      global
  Area mode:              physical library
============================================================


Path 1: MET (3 ps) Late External Delay Assertion at pin intr_FT1_o
           View: view_slow
          Group: I2O
     Startpoint: (R) hwdata_i[2]
          Clock: (R) clk
       Endpoint: (F) intr_FT1_o
          Clock: (R) clk

                     Capture       Launch     
        Clock Edge:+    1333            0     
        Drv Adjust:+       0            0     
       Src Latency:+       0            0     
       Net Latency:+       0 (I)        0 (I) 
           Arrival:=    1333            0     
                                              
      Output Delay:-     100                  
     Required Time:=    1233                  
      Launch Clock:-       0                  
       Input Delay:-     100                  
         Data Path:-    1130                  
             Slack:=       3                  

Exceptions/Constraints:
  input_delay              100             top_ft_65.sdc_1_line_11_228_1 
  output_delay             100             top_ft_65.sdc_1_line_12_309_1 

#---------------------------------------------------------------------------------------------------------------------
#            Timing Point             Flags    Arc   Edge       Cell        Fanout  Load Trans Delay Arrival Instance 
#                                                                                   (fF)  (ps)  (ps)   (ps)  Location 
#---------------------------------------------------------------------------------------------------------------------
  hwdata_i[2]                         -       -      R     (arrival)             1  14.1   200     0     100    (-,-) 
  dut_pmu_ahb/g230747/ZN              -       I->ZN  F     INVD8HPBWPLVT         1  11.3    46    32     132    (-,-) 
  dut_pmu_ahb/g298044/ZN              -       A1->ZN R     NR2XD4HPBWPLVT        1  21.8    56    46     178    (-,-) 
  dut_pmu_ahb/g301811/ZN              -       A1->ZN F     NR2XD8HPBWPLVT       14  59.0    51    45     223    (-,-) 
  dut_pmu_ahb/g300526/ZN              -       I->ZN  R     INVD16HPBWPLVT       34 115.5    61    52     275    (-,-) 
  dut_pmu_ahb/g258137/ZN              -       I->ZN  F     INVD12HPBWPLVT       11  31.2    26    28     302    (-,-) 
  dut_pmu_ahb/g253306/ZN              -       A2->ZN R     NR2XD0HPBWPLVT        1   5.9   104    73     376    (-,-) 
  dut_pmu_ahb/g246876/Z               -       B->Z   R     AO21D4HPBWPLVT       10  35.7    79   101     476    (-,-) 
  dut_pmu_ahb/inst_pmu_raw/g101104/ZN -       A1->ZN F     ND2D2HPBWPLVT         1   4.8    47    41     517    (-,-) 
  dut_pmu_ahb/inst_pmu_raw/g101019/ZN -       A2->ZN R     NR2XD1HPBWPLVT        1   4.1    46    48     566    (-,-) 
  dut_pmu_ahb/inst_pmu_raw/g172011/ZN -       A1->ZN R     IOA21D2HPBWPLVT       1   7.0    48    83     649    (-,-) 
  dut_pmu_ahb/inst_pmu_raw/g100006/ZN -       A1->ZN F     ND2D3HPBWPLVT         1   6.9    37    35     684    (-,-) 
  dut_pmu_ahb/inst_pmu_raw/g99937/ZN  -       A1->ZN R     NR2XD2HPBWPLVT        1   8.1    45    38     722    (-,-) 
  dut_pmu_ahb/inst_pmu_raw/g99645/ZN  -       A2->ZN F     OAI211D4HPBWPLVT      2  11.9    85    56     778    (-,-) 
  dut_pmu_ahb/inst_pmu_raw/g99534/ZN  -       A1->ZN R     NR2XD3HPBWPLVT        1   8.4    44    44     821    (-,-) 
  dut_pmu_ahb/inst_pmu_raw/g167516/ZN -       A1->ZN F     ND3D4HPBWPLVT         1  13.7    70    54     874    (-,-) 
  dut_pmu_ahb/inst_pmu_raw/g167514/ZN -       A2->ZN R     NR2D8HPBWPLVT         4  17.7    52    59     933    (-,-) 
  dut_pmu_ahb/inst_pmu_raw/g99487/ZN  -       A2->ZN F     NR2XD1HPBWPLVT        1   5.6    45    46     979    (-,-) 
  dut_pmu_ahb/inst_pmu_raw/g99484/ZN  -       A1->ZN F     IND2D4HPBWPLVT        1  13.7    46    74    1052    (-,-) 
  dut_pmu_ahb/inst_pmu_raw/g99478/ZN  -       A2->ZN R     NR2D8HPBWPLVT         1  25.1    66    60    1113    (-,-) 
  dut_pmu_ahb/inst_pmu_raw/g99477/ZN  -       I->ZN  F     INVD16HPBWPLVT        1 502.6   158   110    1223    (-,-) 
  intr_FT1_o                          -       -      F     (port)                -     -     -     8    1230    (-,-) 
#---------------------------------------------------------------------------------------------------------------------


