============================================================
  Generated by:           Genus(TM) Synthesis Solution 19.11-s087_1
  Generated on:           Aug 20 2021  11:29:10 am
  Module:                 top_ft
  Operating conditions:   NCCOM 
  Operating conditions:   WCCOM 
  Operating conditions:   WCCOM 
  Operating conditions:   BCCOM 
  Interconnect mode:      global
  Area mode:              physical library
============================================================


Path 1: VIOLATED (-147 ps) Setup Check with Pin dut_pmu_ahb/inst_pmu_raw/inst_quota_suma_int_reg[33]/CP->D
           View: view_slow
          Group: I2C
     Startpoint: (F) hwdata_i[31]
          Clock: (R) clk
       Endpoint: (R) dut_pmu_ahb/inst_pmu_raw/inst_quota_suma_int_reg[33]/D
          Clock: (R) clk

                     Capture       Launch     
        Clock Edge:+    1333            0     
        Drv Adjust:+       0            0     
       Src Latency:+       0            0     
       Net Latency:+       0 (I)        0 (I) 
           Arrival:=    1333            0     
                                              
             Setup:-      78                  
     Required Time:=    1255                  
      Launch Clock:-       0                  
       Input Delay:-     100                  
         Data Path:-    1301                  
             Slack:=    -147                  

Exceptions/Constraints:
  input_delay             100             top_ft_65.sdc_1_line_11_199_1 

#-----------------------------------------------------------------------------------------------------------------------------------------
#                      Timing Point                       Flags    Arc   Edge       Cell        Fanout  Load Trans Delay Arrival Instance 
#                                                                                                       (fF)  (ps)  (ps)   (ps)  Location 
#-----------------------------------------------------------------------------------------------------------------------------------------
  hwdata_i[31]                                            -       -      F     (arrival)             1  20.4   200     0     100    (-,-) 
  dut_pmu_ahb/g231595/ZN                                  -       I->ZN  R     CKND16HPBWPLVT        1   8.3    44    35     135    (-,-) 
  dut_pmu_ahb/g224458/ZN                                  -       B1->ZN F     IND2D4HPBWPLVT        2  10.9    40    36     171    (-,-) 
  dut_pmu_ahb/g221365/ZN                                  -       B1->ZN R     IND2D4HPBWPLVT        1  13.5    42    34     205    (-,-) 
  dut_pmu_ahb/g216505/ZN                                  -       A1->ZN F     ND2D8HPBWPLVT         4  39.8    64    53     258    (-,-) 
  dut_pmu_ahb/inst_pmu_raw/g146954/ZN                     -       I->ZN  R     INVD16HPBWPLVT       24 112.7    60    55     313    (-,-) 
  dut_pmu_ahb/inst_pmu_raw/g144629/ZN                     -       A1->ZN F     ND2D2HPBWPLVT         1   5.7    41    40     353    (-,-) 
  dut_pmu_ahb/inst_pmu_raw/g144601/ZN                     -       A2->ZN R     ND2D2HPBWPLVT         2  10.0    50    43     396    (-,-) 
  dut_pmu_ahb/inst_pmu_raw/g144546/Z                      -       A1->Z  R     AN2D8HPBWPLVT        15  76.7    86   108     504    (-,-) 
  dut_pmu_ahb/inst_pmu_raw/g144480/ZN                     -       I->ZN  F     INVD16HPBWPLVT       18 101.8    45    46     550    (-,-) 
  dut_pmu_ahb/inst_pmu_raw/g143899/ZN                     -       A1->ZN R     NR2XD2HPBWPLVT        1   9.9    52    44     594    (-,-) 
  dut_pmu_ahb/inst_pmu_raw/g143493/ZN                     -       A2->ZN F     NR2XD3HPBWPLVT        2  11.0    34    38     632    (-,-) 
  dut_pmu_ahb/inst_pmu_raw/g143143/ZN                     -       I->ZN  R     INVD2HPBWPLVT         3  12.0    50    40     672    (-,-) 
  dut_pmu_ahb/inst_pmu_raw/g100615/ZN                     -       A1->ZN F     ND2D2HPBWPLVT         1   4.0    37    33     705    (-,-) 
  dut_pmu_ahb/inst_pmu_raw/g100304/ZN                     -       B->ZN  R     IOA21D1HPBWPLVT       1   7.5    82    54     759    (-,-) 
  dut_pmu_ahb/inst_pmu_raw/g99883/ZN                      -       A2->ZN F     NR2XD2HPBWPLVT        1   5.8    36    44     803    (-,-) 
  dut_pmu_ahb/inst_pmu_raw/g99697/Z                       -       A2->Z  F     AN2D4HPBWPLVT         1   8.7    23    54     857    (-,-) 
  dut_pmu_ahb/inst_pmu_raw/g99521/ZN                      -       A2->ZN R     ND2D4HPBWPLVT         2  12.6    37    31     888    (-,-) 
  dut_pmu_ahb/inst_pmu_raw/inst_quota_add_141_42_g5467/ZN -       A1->ZN F     NR2XD3HPBWPLVT        3  19.2    67    36     924    (-,-) 
  dut_pmu_ahb/inst_pmu_raw/inst_quota_add_141_42_g5402/ZN -       A2->ZN R     NR2D4HPBWPLVT         1   9.7    56    58     982    (-,-) 
  dut_pmu_ahb/inst_pmu_raw/inst_quota_add_141_42_g5358/ZN -       A1->ZN F     NR2XD3HPBWPLVT        3  13.3    38    36    1018    (-,-) 
  dut_pmu_ahb/inst_pmu_raw/inst_quota_add_141_42_g5312/ZN -       A1->ZN R     NR2D4HPBWPLVT         1   9.7    55    45    1063    (-,-) 
  dut_pmu_ahb/inst_pmu_raw/inst_quota_add_141_42_g5296/ZN -       A1->ZN F     NR2XD3HPBWPLVT        4  15.4    41    38    1101    (-,-) 
  dut_pmu_ahb/inst_pmu_raw/inst_quota_add_141_42_g5260/Z  -       A1->Z  F     OA21D4HPBWPLVT        1   8.3    35    86    1187    (-,-) 
  dut_pmu_ahb/inst_pmu_raw/inst_quota_add_141_42_g5241/ZN -       B->ZN  R     OAI21D4HPBWPLVT       1   9.9    64    36    1223    (-,-) 
  dut_pmu_ahb/inst_pmu_raw/inst_quota_add_141_42_g5197/ZN -       A2->ZN F     NR2XD3HPBWPLVT        6  19.4    47    50    1272    (-,-) 
  dut_pmu_ahb/inst_pmu_raw/inst_quota_add_141_42_g5183/ZN -       B1->ZN R     INR2XD1HPBWPLVT       1   5.2    55    46    1318    (-,-) 
  dut_pmu_ahb/inst_pmu_raw/inst_quota_add_141_42_g5162/Z  -       A1->Z  R     CKXOR2D2HPBWPLVT      1   4.0    42    83    1401    (-,-) 
  dut_pmu_ahb/inst_pmu_raw/inst_quota_suma_int_reg[33]/D  -       -      R     DFKCND1HPBWPLVT       1     -     -     0    1401    (-,-) 
#-----------------------------------------------------------------------------------------------------------------------------------------


