============================================================
  Generated by:           Genus(TM) Synthesis Solution 19.11-s087_1
  Generated on:           Aug 20 2021  10:48:51 am
  Module:                 top_nft
  Operating conditions:   NCCOM 
  Operating conditions:   WCCOM 
  Operating conditions:   WCCOM 
  Operating conditions:   BCCOM 
  Interconnect mode:      global
  Area mode:              physical library
============================================================

Timing
--------

 Analysis view Clock Period 
----------------------------
view_typ       clk   2000.0 
view_slow      clk   2000.0 
view_superslow clk   2000.0 
view_fast      clk   2000.0 


   Analysis      Cost   Critical        Violating 
     View       Group  Path Slack  TNS    Paths   
--------------------------------------------------
view_typ           C2C      819.9  0.0          0 
                   C2O      766.9  0.0          0 
                   clk   No paths  0.0          0 
               default   No paths  0.0          0 
                   I2C      820.8  0.0          0 
                   I2O      780.0  0.0          0 
--------------------------------------------------
Total                             -0.0          0 
                                                  
view_slow          C2C       54.5  0.0          0 
                   C2O       56.7  0.0          0 
                   clk   No paths  0.0          0 
               default   No paths  0.0          0 
                   I2C      127.6  0.0          0 
                   I2O      155.9  0.0          0 
--------------------------------------------------
Total                             -0.0          0 
                                                  
view_superslow     C2C        0.1  0.0          0 
                   C2O        0.3  0.0          0 
                   clk   No paths  0.0          0 
               default   No paths  0.0          0 
                   I2C       46.2  0.0          0 
                   I2O       93.8  0.0          0 
--------------------------------------------------
Total                             -0.0          0 
                                                  
view_fast          C2C     1176.1  0.0          0 
                   C2O     1100.4  0.0          0 
                   clk   No paths  0.0          0 
               default   No paths  0.0          0 
                   I2C     1150.9  0.0          0 
                   I2O     1078.1  0.0          0 
--------------------------------------------------
Total                             -0.0          0 
                                                  

Instance Count
--------------
Leaf Instance Count             14236 
Physical Instance count             0 
Sequential Instance Count        2704 
Combinational Instance Count    11532 
Hierarchical Instance Count         2 

Area
----
Cell Area                          58934.000
Physical Cell Area                 0.000
Total Cell Area (Cell+Physical)    58934.000
Net Area                           28348.862
Total Area (Cell+Physical+Net)     87282.862

Runtime                            46.71449999999999 seconds
Elapsed Runtime                    1004 seconds
Genus peak memory usage            1614.19 
Innovus peak memory usage          no_value 
Hostname                           epi03.bsc.es
