============================================================
  Generated by:           Genus(TM) Synthesis Solution 19.11-s087_1
  Generated on:           Aug 20 2021  10:36:25 am
  Module:                 top_nft
  Operating conditions:   NCCOM 
  Operating conditions:   WCCOM 
  Operating conditions:   WCCOM 
  Operating conditions:   BCCOM 
  Interconnect mode:      global
  Area mode:              physical library
============================================================

                      Instance                                  Module              Cell Count  Cell Area  Net Area   Total Area 
---------------------------------------------------------------------------------------------------------------------------------
top_nft                                                                                  31717 136488.154    41.621   136529.775 
  dut_pmu_ahb                                       pmu_ahb                              31717 136488.154     0.000   136488.154 
    inst_pmu_raw                                    PMU_raw                              19332  79130.457     0.000    79130.457 
      inst_quota                                    PMU_quota                             3151  11772.367     0.000    11772.367 
        add_141_42                                  add_unsigned_7078                      419   1486.401     0.000     1486.401 
        gt_163_37                                   gt_unsigned_rtlopto_model_1557         165    585.337     0.000      585.337 
      inst_MCCU_sub_210_64_I4_I2_Y_sub_197_66_I4_I2 sub_unsigned_7049                      189    670.477     0.000      670.477 
      inst_MCCU_sub_210_64_I3_I2_Y_sub_197_66_I3_I2 sub_unsigned_7049                      189    670.477     0.000      670.477 
      inst_MCCU_sub_210_64_I2_I2_Y_sub_197_66_I2_I2 sub_unsigned_7049                      189    670.477     0.000      670.477 
      inst_MCCU_sub_210_64_I1_I2_Y_sub_197_66_I1_I2 sub_unsigned_7049                      189    670.477     0.000      670.477 
      inst_counters_inc_add_68_63_I24               increment_unsigned_309                 168    595.979     0.000      595.979 
      inst_counters_inc_add_68_63_I23               increment_unsigned_309                 168    595.979     0.000      595.979 
      inst_counters_inc_add_68_63_I22               increment_unsigned_309                 168    595.979     0.000      595.979 
      inst_counters_inc_add_68_63_I21               increment_unsigned_309                 168    595.979     0.000      595.979 
      inst_counters_inc_add_68_63_I20               increment_unsigned_309                 168    595.979     0.000      595.979 
      inst_counters_inc_add_68_63_I19               increment_unsigned_309                 168    595.979     0.000      595.979 
      inst_counters_inc_add_68_63_I18               increment_unsigned_309                 168    595.979     0.000      595.979 
      inst_counters_inc_add_68_63_I17               increment_unsigned_309                 168    595.979     0.000      595.979 
      inst_counters_inc_add_68_63_I16               increment_unsigned_309                 168    595.979     0.000      595.979 
      inst_counters_inc_add_68_63_I15               increment_unsigned_309                 168    595.979     0.000      595.979 
      inst_counters_inc_add_68_63_I14               increment_unsigned_309                 168    595.979     0.000      595.979 
      inst_counters_inc_add_68_63_I13               increment_unsigned_309                 168    595.979     0.000      595.979 
      inst_counters_inc_add_68_63_I12               increment_unsigned_309                 168    595.979     0.000      595.979 
      inst_counters_inc_add_68_63_I11               increment_unsigned_309                 168    595.979     0.000      595.979 
      inst_counters_inc_add_68_63_I10               increment_unsigned_309                 168    595.979     0.000      595.979 
      inst_counters_inc_add_68_63_I9                increment_unsigned_309                 168    595.979     0.000      595.979 
      inst_counters_inc_add_68_63_I8                increment_unsigned_309                 168    595.979     0.000      595.979 
      inst_counters_inc_add_68_63_I7                increment_unsigned_309                 168    595.979     0.000      595.979 
      inst_counters_inc_add_68_63_I6                increment_unsigned_309                 168    595.979     0.000      595.979 
      inst_counters_inc_add_68_63_I5                increment_unsigned_309                 168    595.979     0.000      595.979 
      inst_counters_inc_add_68_63_I4                increment_unsigned_309                 168    595.979     0.000      595.979 
      inst_counters_inc_add_68_63_I3                increment_unsigned_309                 168    595.979     0.000      595.979 
      inst_counters_inc_add_68_63_I2                increment_unsigned_309                 168    595.979     0.000      595.979 
      inst_counters_inc_add_68_63_I1                increment_unsigned_309                 168    595.979     0.000      595.979 
