============================================================
  Generated by:           Genus(TM) Synthesis Solution 19.11-s087_1
  Generated on:           Aug 20 2021  10:43:28 am
  Module:                 top_nft
  Operating conditions:   NCCOM 
  Operating conditions:   WCCOM 
  Operating conditions:   WCCOM 
  Operating conditions:   BCCOM 
  Interconnect mode:      global
  Area mode:              physical library
============================================================

Timing
--------

 Analysis view Clock Period 
----------------------------
view_typ       clk   2000.0 
view_slow      clk   2000.0 
view_superslow clk   2000.0 
view_fast      clk   2000.0 


   Analysis      Cost   Critical        Violating 
     View       Group  Path Slack  TNS    Paths   
--------------------------------------------------
view_typ           C2C      822.3  0.0          0 
                   C2O      768.0  0.0          0 
                   clk   No paths  0.0          0 
               default   No paths  0.0          0 
                   I2C      821.5  0.0          0 
                   I2O      801.6  0.0          0 
--------------------------------------------------
Total                             -0.0          0 
                                                  
view_slow          C2C       64.4  0.0          0 
                   C2O       59.2  0.0          0 
                   clk   No paths  0.0          0 
               default   No paths  0.0          0 
                   I2C      121.2  0.0          0 
                   I2O      161.1  0.0          0 
--------------------------------------------------
Total                             -0.0          0 
                                                  
view_superslow     C2C        0.0  0.0          0 
                   C2O        0.3  0.0          0 
                   clk   No paths  0.0          0 
               default   No paths  0.0          0 
                   I2C       39.3  0.0          0 
                   I2O       99.0  0.0          0 
--------------------------------------------------
Total                             -0.0          0 
                                                  
view_fast          C2C     1174.8  0.0          0 
                   C2O     1101.6  0.0          0 
                   clk   No paths  0.0          0 
               default   No paths  0.0          0 
                   I2C     1170.2  0.0          0 
                   I2O     1096.1  0.0          0 
--------------------------------------------------
Total                             -0.0          0 
                                                  

Instance Count
--------------
Leaf Instance Count             13954 
Physical Instance count             0 
Sequential Instance Count        2704 
Combinational Instance Count    11250 
Hierarchical Instance Count         2 

Area
----
Cell Area                          58852.400
Physical Cell Area                 0.000
Total Cell Area (Cell+Physical)    58852.400
Net Area                           28137.034
Total Area (Cell+Physical+Net)     86989.434

Runtime                            46.71449999999999 seconds
Elapsed Runtime                    680 seconds
Genus peak memory usage            1567.34 
Innovus peak memory usage          no_value 
Hostname                           epi03.bsc.es
