============================================================
  Generated by:           Genus(TM) Synthesis Solution 19.11-s087_1
  Generated on:           Aug 20 2021  10:43:31 am
  Module:                 top_nft
  Operating conditions:   NCCOM 
  Operating conditions:   WCCOM 
  Operating conditions:   WCCOM 
  Operating conditions:   BCCOM 
  Interconnect mode:      global
  Area mode:              physical library
============================================================


Path 1: MET (39 ps) Setup Check with Pin dut_pmu_ahb/inst_pmu_raw/inst_MCCU_Nft_suma.quota_int_reg[3][31]/CP->D
           View: view_superslow
          Group: I2C
     Startpoint: (R) hwdata_i[5]
          Clock: (R) clk
       Endpoint: (R) dut_pmu_ahb/inst_pmu_raw/inst_MCCU_Nft_suma.quota_int_reg[3][31]/D
          Clock: (R) clk

                     Capture       Launch     
        Clock Edge:+    2000            0     
        Drv Adjust:+       0            0     
       Src Latency:+       0            0     
       Net Latency:+       0 (I)        0 (I) 
           Arrival:=    2000            0     
                                              
             Setup:-      44                  
     Required Time:=    1956                  
      Launch Clock:-       0                  
       Input Delay:-     100                  
         Data Path:-    1817                  
             Slack:=      39                  

Exceptions/Constraints:
  input_delay             100             tmp_sdc_view_typ.sdc_line_11268 

#----------------------------------------------------------------------------------------------------------------------------------------------------------------
#                                  Timing Point                                   Flags    Arc   Edge       Cell        Fanout Load Trans Delay Arrival Instance 
#                                                                                                                              (fF)  (ps)  (ps)   (ps)  Location 
#----------------------------------------------------------------------------------------------------------------------------------------------------------------
  hwdata_i[5]                                                                     -       -      R     (arrival)             1  4.1   200     0     100    (-,-) 
  dut_pmu_ahb/g94363/Z                                                            -       A2->Z  R     AN2XD1HPBWPLVT        7 21.8   170   165     265    (-,-) 
  dut_pmu_ahb/g94326/ZN                                                           -       I->ZN  F     INVD2HPBWPLVT        12 38.2   111   108     373    (-,-) 
  dut_pmu_ahb/g80326/ZN                                                           -       A2->ZN R     OAI21D4HPBWPLVT       6 22.5   112   102     475    (-,-) 
  dut_pmu_ahb/inst_pmu_raw/g95964/ZN                                              -       I->ZN  F     CKND3HPBWPLVT         7 27.9    90    85     560    (-,-) 
  dut_pmu_ahb/inst_pmu_raw/g95014/Z                                               -       S->Z   F     MUX2D4HPBWPLVT        3  9.9    49   111     671    (-,-) 
  dut_pmu_ahb/inst_pmu_raw/inst_MCCU_sub_210_64_I4_I2_Y_sub_197_66_I4_I2_g1176/ZN -       A1->ZN R     NR2XD1HPBWPLVT        3  9.8    87    64     736    (-,-) 
  dut_pmu_ahb/inst_pmu_raw/inst_MCCU_sub_210_64_I4_I2_Y_sub_197_66_I4_I2_g1155/ZN -       A1->ZN F     OAI21D1HPBWPLVT       1  5.4    74    63     799    (-,-) 
  dut_pmu_ahb/inst_pmu_raw/inst_MCCU_sub_210_64_I4_I2_Y_sub_197_66_I4_I2_g1154/CO -       CI->CO F     FA1D2HPBWPLVT         1  5.4    42    92     890    (-,-) 
  dut_pmu_ahb/inst_pmu_raw/inst_MCCU_sub_210_64_I4_I2_Y_sub_197_66_I4_I2_g1153/CO -       CI->CO F     FA1D2HPBWPLVT         3 10.3    54    93     984    (-,-) 
  dut_pmu_ahb/inst_pmu_raw/g97692/Z                                               -       A1->Z  F     AO31D1HPBWPLVT        1  5.4    50    93    1076    (-,-) 
  dut_pmu_ahb/inst_pmu_raw/inst_MCCU_sub_210_64_I4_I2_Y_sub_197_66_I4_I2_g1148/CO -       CI->CO F     FA1D2HPBWPLVT         1  5.4    42    85    1161    (-,-) 
  dut_pmu_ahb/inst_pmu_raw/inst_MCCU_sub_210_64_I4_I2_Y_sub_197_66_I4_I2_g1147/CO -       CI->CO F     FA1D2HPBWPLVT         2  8.9    51    91    1252    (-,-) 
  dut_pmu_ahb/inst_pmu_raw/inst_MCCU_sub_210_64_I4_I2_Y_sub_197_66_I4_I2_g1146/ZN -       A1->ZN R     ND2D2HPBWPLVT         3 11.1    61    46    1298    (-,-) 
  dut_pmu_ahb/inst_pmu_raw/inst_MCCU_sub_210_64_I4_I2_Y_sub_197_66_I4_I2_g1144/ZN -       A1->ZN F     ND2D2HPBWPLVT         3 11.5    65    55    1353    (-,-) 
  dut_pmu_ahb/inst_pmu_raw/inst_MCCU_sub_210_64_I4_I2_Y_sub_197_66_I4_I2_g1141/ZN -       A1->ZN R     NR2XD2HPBWPLVT        2  8.3    47    46    1399    (-,-) 
  dut_pmu_ahb/inst_pmu_raw/inst_MCCU_sub_210_64_I4_I2_Y_sub_197_66_I4_I2_g1133/ZN -       A1->ZN F     ND2D2HPBWPLVT         2 11.9    88    53    1452    (-,-) 
  dut_pmu_ahb/inst_pmu_raw/inst_MCCU_sub_210_64_I4_I2_Y_sub_197_66_I4_I2_g1130/ZN -       A1->ZN R     NR2XD3HPBWPLVT        3 14.0    61    53    1505    (-,-) 
  dut_pmu_ahb/inst_pmu_raw/inst_MCCU_sub_210_64_I4_I2_Y_sub_197_66_I4_I2_g1119/ZN -       B1->ZN F     IND2D4HPBWPLVT        4 15.1    50    46    1551    (-,-) 
  dut_pmu_ahb/inst_pmu_raw/inst_MCCU_sub_210_64_I4_I2_Y_sub_197_66_I4_I2_g1110/ZN -       A1->ZN R     NR2XD2HPBWPLVT        2 11.2    57    48    1599    (-,-) 
  dut_pmu_ahb/inst_pmu_raw/inst_MCCU_sub_210_64_I4_I2_Y_sub_197_66_I4_I2_g1106/ZN -       B1->ZN F     IND2D4HPBWPLVT        4 15.2    50    45    1644    (-,-) 
  dut_pmu_ahb/inst_pmu_raw/inst_MCCU_sub_210_64_I4_I2_Y_sub_197_66_I4_I2_g1099/ZN -       A1->ZN R     NR2XD2HPBWPLVT        2  8.6    60    42    1686    (-,-) 
  dut_pmu_ahb/inst_pmu_raw/inst_MCCU_sub_210_64_I4_I2_Y_sub_197_66_I4_I2_g1096/ZN -       B1->ZN F     IND2D2HPBWPLVT        3  9.6    61    54    1740    (-,-) 
  dut_pmu_ahb/inst_pmu_raw/inst_MCCU_sub_210_64_I4_I2_Y_sub_197_66_I4_I2_g1094/ZN -       A1->ZN R     MOAI22D1HPBWPLVT      1  3.6    83    66    1806    (-,-) 
  dut_pmu_ahb/inst_pmu_raw/g52263/Z                                               -       A1->Z  R     AO22D0HPBWPLVT        1  4.1    81   111    1917    (-,-) 
  dut_pmu_ahb/inst_pmu_raw/inst_MCCU_Nft_suma.quota_int_reg[3][31]/D              -       -      R     DFQD1HPBWPLVT         1    -     -     0    1917    (-,-) 
#----------------------------------------------------------------------------------------------------------------------------------------------------------------


