============================================================
  Generated by:           Genus(TM) Synthesis Solution 19.11-s087_1
  Generated on:           Aug 20 2021  10:43:34 am
  Module:                 top_nft
  Operating conditions:   NCCOM 
  Operating conditions:   WCCOM 
  Operating conditions:   WCCOM 
  Operating conditions:   BCCOM 
  Interconnect mode:      global
  Area mode:              physical library
============================================================


Path 1: MET (0 ps) Setup Check with Pin dut_pmu_ahb/inst_pmu_raw/inst_quota_suma_int_reg[23]/CP->D
           View: view_superslow
          Group: C2C
     Startpoint: (R) dut_pmu_ahb/inst_pmu_raw/inst_counters_slv_reg_reg[22][0]/CP
          Clock: (R) clk
       Endpoint: (R) dut_pmu_ahb/inst_pmu_raw/inst_quota_suma_int_reg[23]/D
          Clock: (R) clk

                     Capture       Launch     
        Clock Edge:+    2000            0     
       Src Latency:+       0            0     
       Net Latency:+       0 (I)        0 (I) 
           Arrival:=    2000            0     
                                              
             Setup:-      80                  
     Required Time:=    1920                  
      Launch Clock:-       0                  
         Data Path:-    1920                  
             Slack:=       0                  

#--------------------------------------------------------------------------------------------------------------------------------------------------
#                          Timing Point                            Flags    Arc    Edge       Cell        Fanout Load Trans Delay Arrival Instance 
#                                                                                                                (fF)  (ps)  (ps)   (ps)  Location 
#--------------------------------------------------------------------------------------------------------------------------------------------------
  dut_pmu_ahb/inst_pmu_raw/inst_counters_slv_reg_reg[22][0]/CP     -       -       R     (arrival)          2704    -     0     -       0    (-,-) 
  dut_pmu_ahb/inst_pmu_raw/inst_counters_slv_reg_reg[22][0]/Q      -       CP->Q   R     DFKCNQD1HPBWPLVT      3 12.7   105   160     160    (-,-) 
  dut_pmu_ahb/inst_pmu_raw/g97935/CON                              -       CI->CON F     HICOND1HPBWPLVT       2  9.8   110    94     254    (-,-) 
  dut_pmu_ahb/inst_pmu_raw/inst_counters_inc_add_68_63_I23_g818/ZN -       A1->ZN  R     NR2XD2HPBWPLVT        2 11.2    66    62     316    (-,-) 
  dut_pmu_ahb/inst_pmu_raw/inst_counters_inc_add_68_63_I23_g816/Z  -       A1->Z   R     AN2D4HPBWPLVT         3 14.3    42    77     392    (-,-) 
  dut_pmu_ahb/inst_pmu_raw/g97678/ZN                               -       B1->ZN  F     IND4D4HPBWPLVT        3 15.9   117    90     483    (-,-) 
  dut_pmu_ahb/inst_pmu_raw/inst_counters_inc_add_68_63_I23_g809/ZN -       A1->ZN  R     NR2XD3HPBWPLVT        4 19.9    81    69     551    (-,-) 
  dut_pmu_ahb/inst_pmu_raw/inst_counters_inc_add_68_63_I23_g808/ZN -       I->ZN   F     INVD2HPBWPLVT         3 12.9    44    46     597    (-,-) 
  dut_pmu_ahb/inst_pmu_raw/inst_counters_inc_add_68_63_I23_g783/ZN -       A1->ZN  R     NR3D2HPBWPLVT         2  7.5    75    54     651    (-,-) 
  dut_pmu_ahb/inst_pmu_raw/g97271/Z                                -       A2->Z   R     AN2XD1HPBWP           2  7.1    79   115     767    (-,-) 
  dut_pmu_ahb/inst_pmu_raw/inst_counters_inc_add_68_63_I23_g759/ZN -       A1->ZN  F     MOAI22D1HPBWPLVT      1  4.1    61    54     820    (-,-) 
  dut_pmu_ahb/inst_pmu_raw/g97524/Z                                -       B1->Z   F     AO222D2HPBWPLVT       4 12.4    77   199    1019    (-,-) 
  dut_pmu_ahb/inst_pmu_raw/inst_quota_g28795/ZN                    -       B1->ZN  R     AOI22D1HPBWPLVT       1  4.1   108    97    1117    (-,-) 
  dut_pmu_ahb/inst_pmu_raw/inst_quota_g28280/ZN                    -       A2->ZN  F     ND2D1HPBWPLVT         1  4.9    66    66    1183    (-,-) 
  dut_pmu_ahb/inst_pmu_raw/inst_quota_g28163/ZN                    -       A2->ZN  R     NR3D1HPBWPLVT         1  5.4    91    80    1263    (-,-) 
  dut_pmu_ahb/inst_pmu_raw/inst_quota_g28151/ZN                    -       A1->ZN  F     ND2D2HPBWPLVT         2  7.5    53    51    1314    (-,-) 
  dut_pmu_ahb/inst_pmu_raw/inst_quota_add_141_42_g1333/ZN          -       A1->ZN  R     NR2XD1HPBWPLVT        3 10.5    93    68    1382    (-,-) 
  dut_pmu_ahb/inst_pmu_raw/inst_quota_add_141_42_g1231/Z           -       A1->Z   R     OA21D1HPBWPLVT        1  5.5    57    86    1469    (-,-) 
  dut_pmu_ahb/inst_pmu_raw/inst_quota_add_141_42_g1193/Z           -       B->Z    R     OA21D4HPBWPLVT        3 12.6    43    91    1560    (-,-) 
  dut_pmu_ahb/inst_pmu_raw/inst_quota_add_141_42_g1183/ZN          -       I->ZN   F     INVD1HPBWPLVT         3  9.7    56    46    1606    (-,-) 
  dut_pmu_ahb/inst_pmu_raw/g97857/Z                                -       A1->Z   F     AO221D1HPBWPLVT       1  5.4    62   129    1735    (-,-) 
  dut_pmu_ahb/inst_pmu_raw/inst_quota_add_141_42_g1084/ZN          -       B->ZN   R     AOI31D2HPBWPLVT       1  4.8    83    83    1818    (-,-) 
  dut_pmu_ahb/inst_pmu_raw/inst_quota_add_141_42_g1064/Z           -       A1->Z   R     XOR2D1HPBWPLVT        1  4.0    50   102    1920    (-,-) 
  dut_pmu_ahb/inst_pmu_raw/inst_quota_suma_int_reg[23]/D           -       -       R     DFKCND1HPBWPLVT       1    -     -     0    1920    (-,-) 
#--------------------------------------------------------------------------------------------------------------------------------------------------


