============================================================
  Generated by:           Genus(TM) Synthesis Solution 19.11-s087_1
  Generated on:           Aug 20 2021  10:48:46 am
  Module:                 top_nft
  Operating conditions:   NCCOM 
  Operating conditions:   WCCOM 
  Operating conditions:   WCCOM 
  Operating conditions:   BCCOM 
  Interconnect mode:      global
  Area mode:              physical library
============================================================


Path 1: MET (0 ps) Late External Delay Assertion at pin intr_overflow_o
           View: view_superslow
          Group: C2O
     Startpoint: (R) dut_pmu_ahb/inst_pmu_raw/inst_counters_slv_reg_reg[21][0]/CP
          Clock: (R) clk
       Endpoint: (F) intr_overflow_o
          Clock: (R) clk

                     Capture       Launch     
        Clock Edge:+    2000            0     
       Src Latency:+       0            0     
       Net Latency:+       0 (I)        0 (I) 
           Arrival:=    2000            0     
                                              
      Output Delay:-     100                  
     Required Time:=    1900                  
      Launch Clock:-       0                  
         Data Path:-    1900                  
             Slack:=       0                  

Exceptions/Constraints:
  output_delay             100             tmp_sdc_view_typ.sdc_line_11346 

#---------------------------------------------------------------------------------------------------------------------------------------------------
#                          Timing Point                            Flags    Arc    Edge       Cell        Fanout  Load Trans Delay Arrival Instance 
#                                                                                                                 (fF)  (ps)  (ps)   (ps)  Location 
#---------------------------------------------------------------------------------------------------------------------------------------------------
  dut_pmu_ahb/inst_pmu_raw/inst_counters_slv_reg_reg[21][0]/CP     -       -       R     (arrival)          2704     -     0     -       0    (-,-) 
  dut_pmu_ahb/inst_pmu_raw/inst_counters_slv_reg_reg[21][0]/Q      -       CP->Q   R     DFKCNQD1HPBWPLVT      3  13.6   111   163     163    (-,-) 
  dut_pmu_ahb/inst_pmu_raw/g97936/CON                              -       CI->CON F     HICOND2HPBWPLVT       2   9.8    66    65     228    (-,-) 
  dut_pmu_ahb/inst_pmu_raw/inst_counters_inc_add_68_63_I22_g817/ZN -       A1->ZN  R     NR2D3HPBWPLVT         2  11.2    77    65     293    (-,-) 
  dut_pmu_ahb/inst_pmu_raw/inst_counters_inc_add_68_63_I22_g815/Z  -       A1->Z   R     AN2D4HPBWPLVT         3  15.7    44    81     374    (-,-) 
  dut_pmu_ahb/inst_pmu_raw/g97685/ZN                               -       B1->ZN  F     IND4D4HPBWPLVT        5  22.8   147   109     482    (-,-) 
  dut_pmu_ahb/inst_pmu_raw/inst_counters_inc_add_68_63_I22_g812/ZN -       I->ZN   R     INVD2HPBWPLVT         2   9.0    62    64     547    (-,-) 
  dut_pmu_ahb/inst_pmu_raw/g97683/ZN                               -       B1->ZN  F     IND3D2HPBWPLVT        2   8.7   101    76     623    (-,-) 
  dut_pmu_ahb/inst_pmu_raw/inst_counters_inc_add_68_63_I22_g792/ZN -       A1->ZN  R     NR2D2HPBWPLVT         2   7.7    79    73     696    (-,-) 
  dut_pmu_ahb/inst_pmu_raw/inst_counters_inc_add_68_63_I22_g785/ZN -       A1->ZN  F     ND2D1HPBWPLVT         1   4.7    62    58     754    (-,-) 
  dut_pmu_ahb/inst_pmu_raw/inst_counters_inc_add_68_63_I22_g768/ZN -       A1->ZN  F     XNR2D1HPBWPLVT        1   4.1    49    96     850    (-,-) 
  dut_pmu_ahb/inst_pmu_raw/g100502/Z                               -       B1->Z   F     AO222D1HPBWPLVT       4  12.2    97   199    1049    (-,-) 
  dut_pmu_ahb/inst_pmu_raw/g92371__6161/Z                          -       A1->Z   F     AN4XD1HPBWPLVT        1   4.1    35    78    1127    (-,-) 
  dut_pmu_ahb/inst_pmu_raw/g92250__6131/ZN                         -       A2->ZN  R     ND2D1HPBWPLVT         1   5.6    56    44    1171    (-,-) 
  dut_pmu_ahb/inst_pmu_raw/g92155__7098/ZN                         -       A2->ZN  F     OAI31D2HPBWPLVT       3   9.3    74    57    1228    (-,-) 
  dut_pmu_ahb/inst_pmu_raw/g92109__5107/Z                          -       A1->Z   F     OR4D1HPBWPLVT         1   3.8    56   159    1387    (-,-) 
  dut_pmu_ahb/inst_pmu_raw/g92091__4733/ZN                         -       A2->ZN  R     NR4D0HPBWPLVT         1   4.2   182   132    1519    (-,-) 
  dut_pmu_ahb/inst_pmu_raw/g92080__2802/ZN                         -       A1->ZN  F     ND3D1HPBWPLVT         1   7.0   136   118    1637    (-,-) 
  dut_pmu_ahb/inst_pmu_raw/g92075__1617/Z                          -       A1->Z   F     AN2D8HPBWPLVT         1 502.6   317   255    1892    (-,-) 
  intr_overflow_o                                                  -       -       F     (port)                -     -     -     8    1900    (-,-) 
#---------------------------------------------------------------------------------------------------------------------------------------------------


