============================================================
  Generated by:           Genus(TM) Synthesis Solution 19.11-s087_1
  Generated on:           Aug 20 2021  10:43:33 am
  Module:                 top_nft
  Operating conditions:   NCCOM 
  Operating conditions:   WCCOM 
  Operating conditions:   WCCOM 
  Operating conditions:   BCCOM 
  Interconnect mode:      global
  Area mode:              physical library
============================================================


Path 1: MET (0 ps) Late External Delay Assertion at pin intr_RDC_o
           View: view_superslow
          Group: C2O
     Startpoint: (R) dut_pmu_ahb/genblk3.state_reg[1]/CP
          Clock: (R) clk
       Endpoint: (F) intr_RDC_o
          Clock: (R) clk

                     Capture       Launch     
        Clock Edge:+    2000            0     
       Src Latency:+       0            0     
       Net Latency:+       0 (I)        0 (I) 
           Arrival:=    2000            0     
                                              
      Output Delay:-     100                  
     Required Time:=    1900                  
      Launch Clock:-       0                  
         Data Path:-    1900                  
             Slack:=       0                  

Exceptions/Constraints:
  output_delay             100             tmp_sdc_view_typ.sdc_line_11352 

#--------------------------------------------------------------------------------------------------------------------------
#              Timing Point                Flags    Arc   Edge       Cell        Fanout  Load Trans Delay Arrival Instance 
#                                                                                        (fF)  (ps)  (ps)   (ps)  Location 
#--------------------------------------------------------------------------------------------------------------------------
  dut_pmu_ahb/genblk3.state_reg[1]/CP      -       -      R     (arrival)          2704     -     0     -       0    (-,-) 
  dut_pmu_ahb/genblk3.state_reg[1]/Q       -       CP->Q  R     DFQD4HPBWPLVT         8  26.8    65   147     147    (-,-) 
  dut_pmu_ahb/g94530/Z                     -       I->Z   R     BUFFD6HPBWPLVT       15  47.6    69    84     230    (-,-) 
  dut_pmu_ahb/g94512/ZN                    -       A1->ZN F     ND2D2HPBWPLVT        14  43.3   211   138     369    (-,-) 
  dut_pmu_ahb/g94491/ZN                    -       I->ZN  R     INVD1HPBWPLVT         8  21.0   170   156     525    (-,-) 
  dut_pmu_ahb/g80182/Z                     -       I0->Z  R     CKMUX2D4HPBWPLVT      5  14.3    51   111     635    (-,-) 
  dut_pmu_ahb/inst_pmu_raw/g94959/ZN       -       A1->ZN R     IND2D1HPBWPLVT        1   4.1    52    69     704    (-,-) 
  dut_pmu_ahb/inst_pmu_raw/g94745/ZN       -       C->ZN  F     OAI211D1HPBWPLVT      1   4.1   100    88     792    (-,-) 
  dut_pmu_ahb/inst_pmu_raw/g94539/ZN       -       A1->ZN R     MAOI22D1HPBWPLVT      1   4.1    95    78     870    (-,-) 
  dut_pmu_ahb/inst_pmu_raw/g94477/ZN       -       A1->ZN F     OAI22D1HPBWPLVT       1   5.1    81    72     942    (-,-) 
  dut_pmu_ahb/inst_pmu_raw/g97912/CO       -       B->CO  F     FCICIND1HPBWPLVT      1   5.3    63   130    1072    (-,-) 
  dut_pmu_ahb/inst_pmu_raw/g97911/CO       -       A->CO  F     FCICIND1HPBWPLVT      1   4.1    57   119    1191    (-,-) 
  dut_pmu_ahb/inst_pmu_raw/g94286/ZN       -       A1->ZN R     ND2D1HPBWPLVT         1   4.2    53    44    1234    (-,-) 
  dut_pmu_ahb/inst_pmu_raw/g97869/ZN       -       A1->ZN F     ND2D1HPBWPLVT         1   5.3    65    55    1289    (-,-) 
  dut_pmu_ahb/inst_pmu_raw/g97868/CO       -       A->CO  F     FCICIND1HPBWPLVT      2   7.0    70   132    1421    (-,-) 
  dut_pmu_ahb/inst_pmu_raw/g92487__9945/ZN -       A1->ZN F     IND2D2HPBWPLVT        1   6.5    55    79    1500    (-,-) 
  dut_pmu_ahb/inst_pmu_raw/g92273__2802/Z  -       A2->Z  F     OR4D8HPBWPLVT         2 505.1   348   394    1894    (-,-) 
  intr_RDC_o                               -       -      F     (port)                -     -     -     6    1900    (-,-) 
#--------------------------------------------------------------------------------------------------------------------------


