============================================================
  Generated by:           Genus(TM) Synthesis Solution 19.11-s087_1
  Generated on:           Aug 20 2021  01:45:05 pm
  Module:                 top_ft
  Operating conditions:   NCCOM 
  Operating conditions:   WCCOM 
  Operating conditions:   WCCOM 
  Operating conditions:   BCCOM 
  Interconnect mode:      global
  Area mode:              physical library
============================================================

Timing
--------

 Analysis view Clock Period 
----------------------------
view_typ       clk   1000.0 
view_slow      clk   1000.0 
view_superslow clk   1000.0 
view_fast      clk   1000.0 


   Analysis      Cost   Critical              Violating 
     View       Group  Path Slack     TNS       Paths   
--------------------------------------------------------
view_typ           C2C     -177.3   -23352.3        227 
                   C2O     -152.9    -1344.4         29 
                   clk   No paths        0.0          0 
               default   No paths        0.0          0 
                   I2C       95.0        0.0          0 
                   I2O      118.1        0.0          0 
--------------------------------------------------------
Total                               -24696.7        256 
                                                        
view_slow          C2C     -900.2 -1052217.6       3664 
                   C2O     -780.3   -24094.2         41 
                   clk   No paths        0.0          0 
               default   No paths        0.0          0 
                   I2C     -393.5   -70885.1        408 
                   I2O     -271.1     -978.0          4 
--------------------------------------------------------
Total                             -1076311.8       4117 
                                                        
view_superslow     C2C     -862.0  -946727.5       3494 
                   C2O     -750.0   -22529.3         41 
                   clk   No paths        0.0          0 
               default   No paths        0.0          0 
                   I2C     -365.5   -60248.9        344 
                   I2O     -253.1     -885.0          4 
--------------------------------------------------------
Total                              -969256.8       3883 
                                                        
view_fast          C2C      163.8        0.0          0 
                   C2O      144.0        0.0          0 
                   clk   No paths        0.0          0 
               default   No paths        0.0          0 
                   I2C      327.0        0.0          0 
                   I2O      304.5        0.0          0 
--------------------------------------------------------
Total                                   -0.0          0 
                                                        

Instance Count
--------------
Leaf Instance Count             45005 
Physical Instance count             0 
Sequential Instance Count        3326 
Combinational Instance Count    41679 
Hierarchical Instance Count         3 

Area
----
Cell Area                          206996.800
Physical Cell Area                 0.000
Total Cell Area (Cell+Physical)    206996.800
Net Area                           78159.084
Total Area (Cell+Physical+Net)     285155.884

Runtime                            410.33040200000005 seconds
Elapsed Runtime                    11609 seconds
Genus peak memory usage            1612.31 
Innovus peak memory usage          no_value 
Hostname                           epi03.bsc.es
