============================================================
  Generated by:           Genus(TM) Synthesis Solution 19.11-s087_1
  Generated on:           Aug 20 2021  01:45:12 pm
  Module:                 top_ft
  Operating conditions:   NCCOM 
  Operating conditions:   WCCOM 
  Operating conditions:   WCCOM 
  Operating conditions:   BCCOM 
  Interconnect mode:      global
  Area mode:              physical library
============================================================

                                           Leakage                         Library 
       Gate        Instances     Area     Power (nW)        Library         Domain 
-----------------------------------------------------------------------------------
AN2D0HPBWP                 1       2.400       0.080    tcbn65lphpbwptc          0 
AN2D1HPBWP                 1       2.400       0.120    tcbn65lphpbwptc          0 
AN2D1HPBWPLVT              5      12.000       5.594    tcbn65lphpbwplvttc       0 
AN2D2HPBWPLVT            183     512.400     399.172    tcbn65lphpbwplvttc       0 
AN2D4HPBWPLVT            118     566.400     715.834    tcbn65lphpbwplvttc       0 
AN2D8HPBWP                 1       8.000       1.127    tcbn65lphpbwptc          0 
AN2D8HPBWPLVT             76     608.000     855.532    tcbn65lphpbwplvttc       0 
AN2XD1HPBWPLVT           312     748.800     554.534    tcbn65lphpbwplvttc       0 
AN3D2HPBWPLVT             20      64.000      46.079    tcbn65lphpbwplvttc       0 
AN3D4HPBWPLVT             21     126.000     153.383    tcbn65lphpbwplvttc       0 
AN3D8HPBWPLVT              1       9.600       5.404    tcbn65lphpbwplvttc       0 
AN3XD1HPBWPLVT            23      64.400      29.098    tcbn65lphpbwplvttc       0 
AN4D0HPBWPLVT              1       3.200       0.364    tcbn65lphpbwplvttc       0 
AN4D1HPBWPLVT              3       9.600       1.883    tcbn65lphpbwplvttc       0 
AN4D2HPBWPLVT              7      28.000       8.848    tcbn65lphpbwplvttc       0 
AN4D4HPBWP                 1       7.200       0.451    tcbn65lphpbwptc          0 
AN4D8HPBWP                 1      11.200       0.890    tcbn65lphpbwptc          0 
AN4XD1HPBWPLVT            74     236.800      51.033    tcbn65lphpbwplvttc       0 
AO211D1HPBWPLVT            6      19.200      22.042    tcbn65lphpbwplvttc       0 
AO211D2HPBWPLVT            1       3.600       6.067    tcbn65lphpbwplvttc       0 
AO21D0HPBWPLVT             1       2.800       1.465    tcbn65lphpbwplvttc       0 
AO21D1HPBWP                1       2.800       0.275    tcbn65lphpbwptc          0 
AO21D1HPBWPLVT            85     238.000     293.695    tcbn65lphpbwplvttc       0 
AO21D2HPBWPLVT            32     102.400     163.470    tcbn65lphpbwplvttc       0 
AO21D4HPBWPLVT           267    1602.000    3174.438    tcbn65lphpbwplvttc       0 
AO222D0HPBWP               1       4.800       0.136    tcbn65lphpbwptc          0 
AO222D1HPBWPLVT           16      76.800      44.767    tcbn65lphpbwplvttc       0 
AO222D2HPBWPLVT            1       5.200       2.774    tcbn65lphpbwplvttc       0 
AO22D0HPBWP                9      28.800       1.089    tcbn65lphpbwptc          0 
AO22D0HPBWPLVT           119     380.800     163.322    tcbn65lphpbwplvttc       0 
AO22D1HPBWP                7      25.200       1.870    tcbn65lphpbwptc          0 
AO22D1HPBWPLVT           401    1443.600     943.750    tcbn65lphpbwplvttc       0 
AO22D2HPBWPLVT           451    1804.000    1542.291    tcbn65lphpbwplvttc       0 
AO22D4HPBWPLVT           297    2138.400    2535.167    tcbn65lphpbwplvttc       0 
AO31D1HPBWPLVT             9      28.800      25.060    tcbn65lphpbwplvttc       0 
AO31D2HPBWPLVT             2       8.000       9.032    tcbn65lphpbwplvttc       0 
AO31D4HPBWPLVT             1       7.200      10.170    tcbn65lphpbwplvttc       0 
AO32D1HPBWPLVT             3      12.000       5.471    tcbn65lphpbwplvttc       0 
AO32D2HPBWPLVT             1       4.800       5.081    tcbn65lphpbwplvttc       0 
AOI211D1HPBWPLVT           8      22.400       4.013    tcbn65lphpbwplvttc       0 
AOI211D2HPBWPLVT           3      14.400       6.941    tcbn65lphpbwplvttc       0 
AOI211XD0HPBWPLVT          8      22.400       9.463    tcbn65lphpbwplvttc       0 
AOI211XD1HPBWPLVT          9      43.200      29.494    tcbn65lphpbwplvttc       0 
AOI211XD2HPBWPLVT          6      55.200      40.982    tcbn65lphpbwplvttc       0 
AOI211XD4HPBWPLVT          1      17.600       9.509    tcbn65lphpbwplvttc       0 
AOI21D0HPBWPLVT            1       2.400       0.507    tcbn65lphpbwplvttc       0 
AOI21D1HPBWP               2       4.800       0.296    tcbn65lphpbwptc          0 
AOI21D1HPBWPLVT           87     208.800     126.235    tcbn65lphpbwplvttc       0 
AOI21D2HPBWP               1       4.000       0.652    tcbn65lphpbwptc          0 
AOI21D2HPBWPLVT          114     456.000     427.996    tcbn65lphpbwplvttc       0 
AOI21D4HPBWP               1       7.200       1.021    tcbn65lphpbwptc          0 
AOI21D4HPBWPLVT          274    1972.800    2800.111    tcbn65lphpbwplvttc       0 
AOI221D1HPBWPLVT          10      36.000      16.635    tcbn65lphpbwplvttc       0 
AOI221D2HPBWPLVT           1       6.400       1.574    tcbn65lphpbwplvttc       0 
AOI222D0HPBWPLVT           6      24.000       6.791    tcbn65lphpbwplvttc       0 
AOI222D1HPBWP              1       4.400       0.194    tcbn65lphpbwptc          0 
AOI222D1HPBWPLVT          78     343.200     139.159    tcbn65lphpbwplvttc       0 
AOI222D2HPBWPLVT          24     172.800      93.297    tcbn65lphpbwplvttc       0 
AOI222D4HPBWP             28     190.400      27.503    tcbn65lphpbwptc          0 
AOI222D4HPBWPLVT           5      34.000      59.673    tcbn65lphpbwplvttc       0 
AOI22D0HPBWP               1       2.800       0.076    tcbn65lphpbwptc          0 
AOI22D0HPBWPLVT            6      16.800       5.218    tcbn65lphpbwplvttc       0 
AOI22D1HPBWP               8      22.400       1.122    tcbn65lphpbwptc          0 
AOI22D1HPBWPLVT          274     767.200     418.602    tcbn65lphpbwplvttc       0 
AOI22D2HPBWP              12      57.600       3.873    tcbn65lphpbwptc          0 
AOI22D2HPBWPLVT          243    1166.400     805.211    tcbn65lphpbwplvttc       0 
AOI22D4HPBWP               1      10.000       0.757    tcbn65lphpbwptc          0 
AOI22D4HPBWPLVT           79     790.000     392.286    tcbn65lphpbwplvttc       0 
AOI31D1HPBWPLVT           10      28.000      10.373    tcbn65lphpbwplvttc       0 
AOI31D2HPBWPLVT           22     105.600      53.972    tcbn65lphpbwplvttc       0 
AOI31D4HPBWPLVT           13     124.800      61.101    tcbn65lphpbwplvttc       0 
AOI32D0HPBWPLVT            1       3.200       0.857    tcbn65lphpbwplvttc       0 
AOI32D1HPBWP               1       3.200       0.101    tcbn65lphpbwptc          0 
AOI32D1HPBWPLVT           14      44.800      21.433    tcbn65lphpbwplvttc       0 
AOI32XD4HPBWPLVT           1      12.000       7.739    tcbn65lphpbwplvttc       0 
BMLD1HPBWPLVT              3      30.000      36.884    tcbn65lphpbwplvttc       0 
BMLD2HPBWPLVT             58     603.200     791.617    tcbn65lphpbwplvttc       0 
BMLD4HPBWPLVT              3      45.600      62.783    tcbn65lphpbwplvttc       0 
BUFFD0HPBWP                7      11.200       0.623    tcbn65lphpbwptc          0 
BUFFD0HPBWPLVT            22      35.200      25.014    tcbn65lphpbwplvttc       0 
BUFFD12HPBWPLVT           41     377.200    1032.741    tcbn65lphpbwplvttc       0 
BUFFD16HPBWPLVT           42     487.200    1599.634    tcbn65lphpbwplvttc       0 
BUFFD1HPBWP                3       4.800       0.437    tcbn65lphpbwptc          0 
BUFFD1HPBWPLVT            23      36.800      35.732    tcbn65lphpbwplvttc       0 
BUFFD2HPBWP               15      36.000       5.677    tcbn65lphpbwptc          0 
BUFFD2HPBWPLVT           335     804.000    1208.003    tcbn65lphpbwplvttc       0 
BUFFD3HPBWPLVT           149     417.200     734.731    tcbn65lphpbwplvttc       0 
BUFFD4HPBWP                3      12.000       2.252    tcbn65lphpbwptc          0 
BUFFD4HPBWPLVT            72     288.000     601.849    tcbn65lphpbwplvttc       0 
BUFFD6HPBWP                4      19.200       4.588    tcbn65lphpbwptc          0 
BUFFD6HPBWPLVT            46     220.800     519.682    tcbn65lphpbwplvttc       0 
BUFFD8HPBWPLVT           108     691.200    1956.250    tcbn65lphpbwplvttc       0 
CKAN2D1HPBWPLVT            4       9.600       4.439    tcbn65lphpbwplvttc       0 
CKAN2D2HPBWPLVT            8      22.400      14.540    tcbn65lphpbwplvttc       0 
CKAN2D4HPBWPLVT            1       4.000       2.962    tcbn65lphpbwplvttc       0 
CKAN2D8HPBWPLVT            2      13.600      14.866    tcbn65lphpbwplvttc       0 
CKBD0HPBWP                 1       1.600       0.072    tcbn65lphpbwptc          0 
CKBD0HPBWPLVT             58      92.800      49.590    tcbn65lphpbwplvttc       0 
CKBD16HPBWP                2      20.800       3.757    tcbn65lphpbwptc          0 
CKBD1HPBWP                54      86.400       8.100    tcbn65lphpbwptc          0 
CKBD1HPBWPLVT              8      12.800      12.424    tcbn65lphpbwplvttc       0 
CKBD2HPBWPLVT             11      26.400      30.481    tcbn65lphpbwplvttc       0 
CKBD3HPBWPLVT             10      28.000      38.901    tcbn65lphpbwplvttc       0 
CKBD4HPBWPLVT              5      20.000      29.500    tcbn65lphpbwplvttc       0 
CKBD6HPBWPLVT              1       4.800       8.109    tcbn65lphpbwplvttc       0 
CKMUX2D0HPBWP              1       4.000       0.171    tcbn65lphpbwptc          0 
CKMUX2D0HPBWPLVT           2       8.000       4.203    tcbn65lphpbwplvttc       0 
CKMUX2D1HPBWP              1       4.000       0.373    tcbn65lphpbwptc          0 
CKMUX2D1HPBWPLVT         195     780.000     741.744    tcbn65lphpbwplvttc       0 
CKMUX2D2HPBWPLVT          51     224.400     273.774    tcbn65lphpbwplvttc       0 
CKMUX2D4HPBWPLVT          26     176.800     270.688    tcbn65lphpbwplvttc       0 
CKND0HPBWPLVT              8       9.600       2.969    tcbn65lphpbwplvttc       0 
CKND12HPBWPLVT            45     306.000     426.983    tcbn65lphpbwplvttc       0 
CKND16HPBWPLVT            53     487.600     813.653    tcbn65lphpbwplvttc       0 
CKND1HPBWP                30      36.000       2.125    tcbn65lphpbwptc          0 
CKND1HPBWPLVT            267     320.400     183.072    tcbn65lphpbwplvttc       0 
CKND2D0HPBWP               1       1.600       0.022    tcbn65lphpbwptc          0 
CKND2D0HPBWPLVT            1       1.600       0.266    tcbn65lphpbwplvttc       0 
CKND2D1HPBWP               1       1.600       0.019    tcbn65lphpbwptc          0 
CKND2D1HPBWPLVT           32      51.200      16.550    tcbn65lphpbwplvttc       0 
CKND2D2HPBWP               1       2.800       0.024    tcbn65lphpbwptc          0 
CKND2D2HPBWPLVT          228     638.400     181.482    tcbn65lphpbwplvttc       0 
CKND2D3HPBWPLVT           12      48.000      14.763    tcbn65lphpbwplvttc       0 
CKND2D4HPBWPLVT            3      14.400      10.016    tcbn65lphpbwplvttc       0 
CKND2D8HPBWPLVT            4      36.800      10.592    tcbn65lphpbwplvttc       0 
CKND2HPBWP                18      28.800       2.578    tcbn65lphpbwptc          0 
CKND2HPBWPLVT            221     353.600     340.804    tcbn65lphpbwplvttc       0 
CKND3HPBWP                 1       2.400       0.234    tcbn65lphpbwptc          0 
CKND3HPBWPLVT            154     369.600     414.075    tcbn65lphpbwplvttc       0 
CKND4HPBWP                 7      19.600       2.496    tcbn65lphpbwptc          0 
CKND4HPBWPLVT            177     495.600     629.967    tcbn65lphpbwplvttc       0 
CKND6HPBWP                 2       8.000       1.013    tcbn65lphpbwptc          0 
CKND6HPBWPLVT            164     656.000     817.533    tcbn65lphpbwplvttc       0 
CKND8HPBWP                 2       9.600       1.438    tcbn65lphpbwptc          0 
CKND8HPBWPLVT             42     201.600     300.147    tcbn65lphpbwplvttc       0 
CKXOR2D1HPBWP              2       8.000       0.805    tcbn65lphpbwptc          0 
CKXOR2D1HPBWPLVT          81     324.000     350.419    tcbn65lphpbwplvttc       0 
CKXOR2D2HPBWPLVT          50     220.000     266.555    tcbn65lphpbwplvttc       0 
CKXOR2D4HPBWPLVT           1       8.400      14.352    tcbn65lphpbwplvttc       0 
CMPE42D1HPBWPLVT          12     230.400     317.689    tcbn65lphpbwplvttc       0 
CMPE42D2HPBWPLVT           2      40.800      59.597    tcbn65lphpbwplvttc       0 
DFCNQD2HPBWPLVT            1      10.000       6.465    tcbn65lphpbwplvttc       0 
DFD1HPBWPLVT              96     768.000     580.729    tcbn65lphpbwplvttc       0 
DFD2HPBWPLVT              90     864.000    1197.710    tcbn65lphpbwplvttc       0 
DFD4HPBWPLVT             281    3484.400    5908.192    tcbn65lphpbwplvttc       0 
DFKCND1HPBWPLVT          350    3220.000    1979.608    tcbn65lphpbwplvttc       0 
DFKCND2HPBWPLVT          225    2340.000    3075.647    tcbn65lphpbwplvttc       0 
DFKCND4HPBWPLVT         1111   14665.200   23521.367    tcbn65lphpbwplvttc       0 
DFKCNQD1HPBWPLVT          96     806.400     378.388    tcbn65lphpbwplvttc       0 
DFKCNQD2HPBWPLVT          14     123.200     102.086    tcbn65lphpbwplvttc       0 
DFKCNQD4HPBWPLVT         258    2580.000    2706.946    tcbn65lphpbwplvttc       0 
DFKSND1HPBWPLVT           62     620.000     516.874    tcbn65lphpbwplvttc       0 
DFKSND2HPBWPLVT           44     492.800     697.032    tcbn65lphpbwplvttc       0 
DFKSND4HPBWPLVT            2      28.000      48.833    tcbn65lphpbwplvttc       0 
DFQD1HPBWPLVT            286    2173.600    1242.386    tcbn65lphpbwplvttc       0 
DFQD2HPBWPLVT            261    2088.000    1316.680    tcbn65lphpbwplvttc       0 
DFQD4HPBWPLVT             77     708.400     592.497    tcbn65lphpbwplvttc       0 
EDFD2HPBWPLVT              1      12.000      11.857    tcbn65lphpbwplvttc       0 
EDFD4HPBWPLVT             49     744.800    1098.542    tcbn65lphpbwplvttc       0 
EDFQD2HPBWPLVT             1      11.200       8.919    tcbn65lphpbwplvttc       0 
EDFQD4HPBWPLVT            21     260.400     267.117    tcbn65lphpbwplvttc       0 
FA1D0HPBWPLVT              2      20.000      26.474    tcbn65lphpbwplvttc       0 
FA1D1HPBWPLVT             16     185.600     282.552    tcbn65lphpbwplvttc       0 
FA1D2HPBWPLVT             50     620.000    1103.190    tcbn65lphpbwplvttc       0 
FA1D4HPBWPLVT              1      16.400      32.650    tcbn65lphpbwplvttc       0 
FCICIND1HPBWPLVT           4      20.800      15.359    tcbn65lphpbwplvttc       0 
FCICIND2HPBWPLVT           4      22.400      22.686    tcbn65lphpbwplvttc       0 
FCICOND1HPBWPLVT           1       3.600       0.983    tcbn65lphpbwplvttc       0 
FICIND1HPBWPLVT            1      11.200      16.385    tcbn65lphpbwplvttc       0 
FICIND2HPBWPLVT           63     856.800    1505.344    tcbn65lphpbwplvttc       0 
FICOND2HPBWPLVT            4      54.400      94.782    tcbn65lphpbwplvttc       0 
FIICOND1HPBWPLVT          91    1092.000    1708.880    tcbn65lphpbwplvttc       0 
FIICOND2HPBWPLVT           9     129.600     222.321    tcbn65lphpbwplvttc       0 
HA1D0HPBWP                 1       6.400       0.683    tcbn65lphpbwptc          0 
HA1D0HPBWPLVT            545    3488.000    3788.399    tcbn65lphpbwplvttc       0 
HA1D1HPBWP                 5      34.000       4.515    tcbn65lphpbwptc          0 
HA1D1HPBWPLVT             27     183.600     255.910    tcbn65lphpbwplvttc       0 
HA1D2HPBWP                 1       8.000       1.141    tcbn65lphpbwptc          0 
HA1D2HPBWPLVT             37     296.000     428.216    tcbn65lphpbwplvttc       0 
HA1D4HPBWPLVT              3      36.000      60.436    tcbn65lphpbwplvttc       0 
HCOSCIND1HPBWPLVT          1      12.400      12.576    tcbn65lphpbwplvttc       0 
HCOSCOND1HPBWPLVT          8      89.600      95.305    tcbn65lphpbwplvttc       0 
HCOSCOND2HPBWPLVT          1      12.800      14.919    tcbn65lphpbwplvttc       0 
HICIND1HPBWPLVT            5      38.000      52.701    tcbn65lphpbwplvttc       0 
HICIND2HPBWPLVT           26     228.800     348.951    tcbn65lphpbwplvttc       0 
HICOND1HPBWPLVT           14     106.400     131.687    tcbn65lphpbwplvttc       0 
HICOND2HPBWP               1       8.800       1.139    tcbn65lphpbwptc          0 
HICOND2HPBWPLVT           13     114.400     156.491    tcbn65lphpbwplvttc       0 
IAO21D0HPBWPLVT            1       2.800       1.539    tcbn65lphpbwplvttc       0 
IAO21D1HPBWP               1       2.800       0.259    tcbn65lphpbwptc          0 
IAO21D1HPBWPLVT           24      67.200      72.907    tcbn65lphpbwplvttc       0 
IAO21D2HPBWP               2       8.000       0.802    tcbn65lphpbwptc          0 
IAO21D2HPBWPLVT           90     360.000     655.001    tcbn65lphpbwplvttc       0 
IAO21D4HPBWPLVT           10      64.000     157.797    tcbn65lphpbwplvttc       0 
IAO22D1HPBWPLVT            4      14.400      13.082    tcbn65lphpbwplvttc       0 
IAO22D2HPBWPLVT            9      43.200      49.139    tcbn65lphpbwplvttc       0 
IAO22D4HPBWPLVT            3      22.800      33.565    tcbn65lphpbwplvttc       0 
IIND4D1HPBWPLVT            1       4.000       1.872    tcbn65lphpbwplvttc       0 
IIND4D2HPBWPLVT            5      34.000      17.979    tcbn65lphpbwplvttc       0 
IIND4D4HPBWPLVT            1      12.000      19.067    tcbn65lphpbwplvttc       0 
IINR4D0HPBWPLVT            3      12.000       5.683    tcbn65lphpbwplvttc       0 
IINR4D2HPBWPLVT            3      33.600      29.566    tcbn65lphpbwplvttc       0 
IINR4D4HPBWPLVT            1      16.400       5.776    tcbn65lphpbwplvttc       0 
IND2D0HPBWP                2       4.800       0.210    tcbn65lphpbwptc          0 
IND2D0HPBWPLVT            21      50.400      30.950    tcbn65lphpbwplvttc       0 
IND2D1HPBWP                5      12.000       0.925    tcbn65lphpbwptc          0 
IND2D1HPBWPLVT           281     674.400     438.421    tcbn65lphpbwplvttc       0 
IND2D2HPBWP               15      48.000       5.300    tcbn65lphpbwptc          0 
IND2D2HPBWPLVT          1392    4454.400    5008.025    tcbn65lphpbwplvttc       0 
IND2D4HPBWP                4      25.600       3.371    tcbn65lphpbwptc          0 
IND2D4HPBWPLVT           467    2988.800    3574.743    tcbn65lphpbwplvttc       0 
IND3D1HPBWP                1       2.800       0.140    tcbn65lphpbwptc          0 
IND3D1HPBWPLVT            38     106.400      55.608    tcbn65lphpbwplvttc       0 
IND3D2HPBWPLVT            50     240.000     133.502    tcbn65lphpbwplvttc       0 
IND3D4HPBWPLVT            23     193.200     228.475    tcbn65lphpbwplvttc       0 
IND4D1HPBWPLVT            13      41.600      15.040    tcbn65lphpbwplvttc       0 
IND4D2HPBWPLVT             4      25.600      14.772    tcbn65lphpbwplvttc       0 
IND4D4HPBWPLVT             4      43.200      38.666    tcbn65lphpbwplvttc       0 
INR2D0HPBWPLVT             1       2.400       0.992    tcbn65lphpbwplvttc       0 
INR2D1HPBWP                6      14.400       0.792    tcbn65lphpbwptc          0 
INR2D1HPBWPLVT            54     129.600      89.097    tcbn65lphpbwplvttc       0 
INR2D2HPBWPLVT           298     953.600     887.688    tcbn65lphpbwplvttc       0 
INR2D4HPBWP                1       6.000       0.478    tcbn65lphpbwptc          0 
INR2D4HPBWPLVT            71     426.000     710.220    tcbn65lphpbwplvttc       0 
INR2XD0HPBWP              13      31.200       1.359    tcbn65lphpbwptc          0 
INR2XD0HPBWPLVT           64     153.600      90.284    tcbn65lphpbwplvttc       0 
INR2XD1HPBWP               2       6.400       0.513    tcbn65lphpbwptc          0 
INR2XD1HPBWPLVT          154     492.800     324.175    tcbn65lphpbwplvttc       0 
INR2XD2HPBWP              14      72.800       4.401    tcbn65lphpbwptc          0 
INR2XD2HPBWPLVT          158     821.600     464.276    tcbn65lphpbwplvttc       0 
INR2XD4HPBWP               1      10.400       0.557    tcbn65lphpbwptc          0 
INR2XD4HPBWPLVT           82     852.800     960.611    tcbn65lphpbwplvttc       0 
INR3D0HPBWP                1       2.800       0.081    tcbn65lphpbwptc          0 
INR3D0HPBWPLVT            14      39.200      17.603    tcbn65lphpbwplvttc       0 
INR3D1HPBWP                1       4.000       0.283    tcbn65lphpbwptc          0 
INR3D1HPBWPLVT            35     140.000      71.966    tcbn65lphpbwplvttc       0 
INR3D2HPBWPLVT             3      13.200       7.437    tcbn65lphpbwplvttc       0 
INR3D4HPBWPLVT             3      25.200      51.057    tcbn65lphpbwplvttc       0 
INR4D0HPBWPLVT             3       9.600       5.086    tcbn65lphpbwplvttc       0 
INR4D1HPBWPLVT            19     106.400      15.494    tcbn65lphpbwplvttc       0 
INR4D2HPBWP                1       8.800       0.157    tcbn65lphpbwptc          0 
INR4D2HPBWPLVT             8      70.400      23.278    tcbn65lphpbwplvttc       0 
INR4D4HPBWPLVT             1      10.800       4.532    tcbn65lphpbwplvttc       0 
INVD0HPBWPLVT             21      25.200       9.709    tcbn65lphpbwplvttc       0 
INVD12HPBWP                1       6.800       2.084    tcbn65lphpbwptc          0 
INVD12HPBWPLVT           118     802.400    2553.694    tcbn65lphpbwplvttc       0 
INVD16HPBWP                5      46.000      15.443    tcbn65lphpbwptc          0 
INVD16HPBWPLVT           118    1085.600    3128.936    tcbn65lphpbwplvttc       0 
INVD1HPBWP                57      68.400       5.700    tcbn65lphpbwptc          0 
INVD1HPBWPLVT            990    1188.000    1032.882    tcbn65lphpbwplvttc       0 
INVD2HPBWP                63     100.800      13.873    tcbn65lphpbwptc          0 
INVD2HPBWPLVT           1358    2172.800    3142.049    tcbn65lphpbwplvttc       0 
INVD3HPBWP                 7      16.800       2.520    tcbn65lphpbwptc          0 
INVD3HPBWPLVT            545    1308.000    2232.825    tcbn65lphpbwplvttc       0 
INVD4HPBWP                 8      22.400       3.923    tcbn65lphpbwptc          0 
INVD4HPBWPLVT           1031    2886.800    5874.176    tcbn65lphpbwplvttc       0 
INVD6HPBWP                 1       4.000       0.801    tcbn65lphpbwptc          0 
INVD6HPBWPLVT            326    1304.000    2951.709    tcbn65lphpbwplvttc       0 
INVD8HPBWP                 4      19.200       4.750    tcbn65lphpbwptc          0 
INVD8HPBWPLVT            160     768.000    1982.786    tcbn65lphpbwplvttc       0 
IOA21D0HPBWP               4      11.200       0.540    tcbn65lphpbwptc          0 
IOA21D1HPBWP               3       8.400       0.608    tcbn65lphpbwptc          0 
IOA21D1HPBWPLVT          390    1092.000     674.398    tcbn65lphpbwplvttc       0 
IOA21D2HPBWP               1       4.000       0.470    tcbn65lphpbwptc          0 
IOA21D2HPBWPLVT         1260    5040.000    4896.212    tcbn65lphpbwplvttc       0 
IOA21D4HPBWPLVT           52     332.800     341.578    tcbn65lphpbwplvttc       0 
IOA22D1HPBWPLVT            6      21.600       9.969    tcbn65lphpbwplvttc       0 
IOA22D2HPBWPLVT           16      76.800      92.449    tcbn65lphpbwplvttc       0 
IOA22D4HPBWPLVT           15     114.000     156.848    tcbn65lphpbwplvttc       0 
MAOI222D0HPBWPLVT          1       3.200       0.731    tcbn65lphpbwplvttc       0 
MAOI222D1HPBWPLVT         38     121.600      61.022    tcbn65lphpbwplvttc       0 
MAOI22D0HPBWPLVT           1       3.200       1.630    tcbn65lphpbwplvttc       0 
MAOI22D1HPBWP              1       3.200       0.322    tcbn65lphpbwptc          0 
MAOI22D1HPBWPLVT          89     284.800     354.111    tcbn65lphpbwplvttc       0 
MAOI22D2HPBWPLVT           2       9.600      10.519    tcbn65lphpbwplvttc       0 
MOAI22D0HPBWPLVT          10      32.000      12.811    tcbn65lphpbwplvttc       0 
MOAI22D1HPBWPLVT         890    2848.000    2111.360    tcbn65lphpbwplvttc       0 
MOAI22D2HPBWPLVT          35     168.000     197.999    tcbn65lphpbwplvttc       0 
MOAI22D4HPBWPLVT           1       5.600       8.505    tcbn65lphpbwplvttc       0 
MUX2D0HPBWP               17      61.200       2.746    tcbn65lphpbwptc          0 
MUX2D0HPBWPLVT            48     172.800      96.240    tcbn65lphpbwplvttc       0 
MUX2D1HPBWP                5      20.000       2.186    tcbn65lphpbwptc          0 
MUX2D1HPBWPLVT           219     876.000     982.170    tcbn65lphpbwplvttc       0 
MUX2D2HPBWPLVT           678    2983.200    3965.243    tcbn65lphpbwplvttc       0 
MUX2D4HPBWPLVT           603    4100.400    8159.988    tcbn65lphpbwplvttc       0 
MUX2ND0HPBWP               3       9.600       0.480    tcbn65lphpbwptc          0 
MUX2ND0HPBWPLVT           71     227.200     129.418    tcbn65lphpbwplvttc       0 
MUX2ND1HPBWPLVT           12      57.600      64.124    tcbn65lphpbwplvttc       0 
MUX2ND2HPBWPLVT           59     306.800     373.927    tcbn65lphpbwplvttc       0 
MUX2ND4HPBWPLVT           58     464.000     993.087    tcbn65lphpbwplvttc       0 
MUX3D1HPBWPLVT             2      12.800      14.484    tcbn65lphpbwplvttc       0 
MUX3ND0HPBWP               1       6.000       0.607    tcbn65lphpbwptc          0 
MUX3ND0HPBWPLVT          228    1368.000    1621.067    tcbn65lphpbwplvttc       0 
MUX4D2HPBWPLVT             1      13.200      14.888    tcbn65lphpbwplvttc       0 
ND2D0HPBWP                 1       1.600       0.049    tcbn65lphpbwptc          0 
ND2D0HPBWPLVT              1       1.600       0.527    tcbn65lphpbwplvttc       0 
ND2D1HPBWP                18      28.800       1.465    tcbn65lphpbwptc          0 
ND2D1HPBWPLVT           1665    2664.000    1330.283    tcbn65lphpbwplvttc       0 
ND2D2HPBWP               117     327.600      19.173    tcbn65lphpbwptc          0 
ND2D2HPBWPLVT           4488   12566.400    9527.127    tcbn65lphpbwplvttc       0 
ND2D3HPBWP                 2       8.000       0.529    tcbn65lphpbwptc          0 
ND2D3HPBWPLVT           2259    9036.000    8752.519    tcbn65lphpbwplvttc       0 
ND2D4HPBWP                10      48.000       3.604    tcbn65lphpbwptc          0 
ND2D4HPBWPLVT           2100   10080.000   11321.241    tcbn65lphpbwplvttc       0 
ND2D8HPBWPLVT            483    4443.600    4983.822    tcbn65lphpbwplvttc       0 
ND3D0HPBWPLVT              2       4.800       0.454    tcbn65lphpbwplvttc       0 
ND3D1HPBWP                 2       4.800       0.105    tcbn65lphpbwptc          0 
ND3D1HPBWPLVT             82     196.800      71.122    tcbn65lphpbwplvttc       0 
ND3D2HPBWP                 4      16.000       0.721    tcbn65lphpbwptc          0 
ND3D2HPBWPLVT            142     568.000     322.111    tcbn65lphpbwplvttc       0 
ND3D3HPBWPLVT             91     473.200     355.426    tcbn65lphpbwplvttc       0 
ND3D4HPBWPLVT            418    2842.400    2807.938    tcbn65lphpbwplvttc       0 
ND3D8HPBWPLVT             59     802.400     814.998    tcbn65lphpbwplvttc       0 
ND4D1HPBWPLVT             49     137.200      17.569    tcbn65lphpbwplvttc       0 
ND4D2HPBWPLVT              8      41.600      14.479    tcbn65lphpbwplvttc       0 
ND4D3HPBWPLVT              5      34.000      33.805    tcbn65lphpbwplvttc       0 
ND4D4HPBWP                 1       9.600       0.239    tcbn65lphpbwptc          0 
ND4D4HPBWPLVT              2      19.200      19.379    tcbn65lphpbwplvttc       0 
NR2D0HPBWP                 2       3.200       0.071    tcbn65lphpbwptc          0 
NR2D0HPBWPLVT             11      17.600       4.256    tcbn65lphpbwplvttc       0 
NR2D1HPBWP                 8      12.800       1.178    tcbn65lphpbwptc          0 
NR2D1HPBWPLVT            251     401.600     272.245    tcbn65lphpbwplvttc       0 
NR2D2HPBWP                12      33.600       2.080    tcbn65lphpbwptc          0 
NR2D2HPBWPLVT            285     798.000     773.571    tcbn65lphpbwplvttc       0 
NR2D3HPBWP                 1       4.000       0.153    tcbn65lphpbwptc          0 
NR2D3HPBWPLVT            166     664.000     811.443    tcbn65lphpbwplvttc       0 
NR2D4HPBWP                 1       4.800       0.264    tcbn65lphpbwptc          0 
NR2D4HPBWPLVT            265    1272.000    2181.556    tcbn65lphpbwplvttc       0 
NR2D8HPBWPLVT            135    1242.000    3656.289    tcbn65lphpbwplvttc       0 
NR2XD0HPBWP                3       4.800       0.142    tcbn65lphpbwptc          0 
NR2XD0HPBWPLVT           346     553.600     209.912    tcbn65lphpbwplvttc       0 
NR2XD1HPBWP               46     128.800       6.285    tcbn65lphpbwptc          0 
NR2XD1HPBWPLVT           657    1839.600     752.331    tcbn65lphpbwplvttc       0 
NR2XD2HPBWP               16      76.800       3.351    tcbn65lphpbwptc          0 
NR2XD2HPBWPLVT           956    4588.800    3597.613    tcbn65lphpbwplvttc       0 
NR2XD3HPBWP                3      20.400       1.180    tcbn65lphpbwptc          0 
NR2XD3HPBWPLVT           490    3332.000    3415.179    tcbn65lphpbwplvttc       0 
NR2XD4HPBWPLVT           275    2530.000    2722.811    tcbn65lphpbwplvttc       0 
NR2XD8HPBWP                3      51.600       2.585    tcbn65lphpbwptc          0 
NR2XD8HPBWPLVT            88    1513.600    1486.924    tcbn65lphpbwplvttc       0 
NR3D0HPBWP                 2       4.800       0.101    tcbn65lphpbwptc          0 
NR3D0HPBWPLVT             21      50.400      18.458    tcbn65lphpbwplvttc       0 
NR3D1HPBWP                 1       3.600       0.196    tcbn65lphpbwptc          0 
NR3D1HPBWPLVT            121     435.600     104.985    tcbn65lphpbwplvttc       0 
NR3D2HPBWP                 1       6.400       0.212    tcbn65lphpbwptc          0 
NR3D2HPBWPLVT             71     454.400     147.068    tcbn65lphpbwplvttc       0 
NR3D3HPBWPLVT             27     259.200     121.924    tcbn65lphpbwplvttc       0 
NR3D4HPBWPLVT             11     127.600     139.302    tcbn65lphpbwplvttc       0 
NR3D8HPBWPLVT              1      21.200      55.348    tcbn65lphpbwplvttc       0 
NR4D0HPBWP                 3       8.400       0.149    tcbn65lphpbwptc          0 
NR4D0HPBWPLVT             36     100.800      60.415    tcbn65lphpbwplvttc       0 
NR4D1HPBWPLVT             18      86.400      11.479    tcbn65lphpbwplvttc       0 
NR4D2HPBWPLVT              1       8.000       0.571    tcbn65lphpbwplvttc       0 
NR4D4HPBWPLVT              2      29.600       2.399    tcbn65lphpbwplvttc       0 
OA211D1HPBWPLVT           14      44.800      34.304    tcbn65lphpbwplvttc       0 
OA211D2HPBWPLVT            4      14.400      15.528    tcbn65lphpbwplvttc       0 
OA211D4HPBWPLVT            3      21.600      31.598    tcbn65lphpbwplvttc       0 
OA21D0HPBWPLVT             1       2.800       2.151    tcbn65lphpbwplvttc       0 
OA21D1HPBWPLVT            68     190.400     187.460    tcbn65lphpbwplvttc       0 
OA21D2HPBWPLVT            15      48.000      65.936    tcbn65lphpbwplvttc       0 
OA21D4HPBWPLVT            15      96.000     130.131    tcbn65lphpbwplvttc       0 
OA221D0HPBWPLVT            1       4.000       0.943    tcbn65lphpbwplvttc       0 
OA221D1HPBWPLVT           14      56.000      35.435    tcbn65lphpbwplvttc       0 
OA221D2HPBWPLVT            1       4.800       4.981    tcbn65lphpbwplvttc       0 
OA221D4HPBWPLVT            1       8.800       9.254    tcbn65lphpbwplvttc       0 
OA222D0HPBWPLVT            1       4.800       1.333    tcbn65lphpbwplvttc       0 
OA222D1HPBWPLVT            4      19.200       9.749    tcbn65lphpbwplvttc       0 
OA222D2HPBWPLVT            3      15.600      13.385    tcbn65lphpbwplvttc       0 
OA22D0HPBWP                1       3.600       0.111    tcbn65lphpbwptc          0 
OA22D0HPBWPLVT             3      10.800       4.537    tcbn65lphpbwplvttc       0 
OA22D1HPBWP                3      10.800       0.743    tcbn65lphpbwptc          0 
OA22D1HPBWPLVT            25      90.000      60.817    tcbn65lphpbwplvttc       0 
OA22D2HPBWPLVT            37     148.000     137.875    tcbn65lphpbwplvttc       0 
OA22D4HPBWPLVT            30     216.000     279.252    tcbn65lphpbwplvttc       0 
OA31D0HPBWPLVT             1       3.200       1.198    tcbn65lphpbwplvttc       0 
OA31D1HPBWPLVT             9      28.800      23.450    tcbn65lphpbwplvttc       0 
OA31D2HPBWPLVT             1       4.000       4.905    tcbn65lphpbwplvttc       0 
OA31D4HPBWPLVT             2      14.400      14.157    tcbn65lphpbwplvttc       0 
OA32D1HPBWPLVT             2       8.000       3.049    tcbn65lphpbwplvttc       0 
OAI211D1HPBWPLVT          37     103.600      39.942    tcbn65lphpbwplvttc       0 
OAI211D2HPBWPLVT          38     182.400     103.845    tcbn65lphpbwplvttc       0 
OAI211D4HPBWPLVT           9      86.400      55.812    tcbn65lphpbwplvttc       0 
OAI21D0HPBWPLVT            2       4.800       0.957    tcbn65lphpbwplvttc       0 
OAI21D1HPBWP               5      12.000       0.708    tcbn65lphpbwptc          0 
OAI21D1HPBWPLVT          220     528.000     270.649    tcbn65lphpbwplvttc       0 
OAI21D2HPBWP               5      20.000       1.858    tcbn65lphpbwptc          0 
OAI21D2HPBWPLVT          283    1132.000     852.561    tcbn65lphpbwplvttc       0 
OAI21D4HPBWP               1       7.200       0.741    tcbn65lphpbwptc          0 
OAI21D4HPBWPLVT          270    1944.000    1845.773    tcbn65lphpbwplvttc       0 
OAI221D0HPBWPLVT           8      25.600       6.308    tcbn65lphpbwplvttc       0 
OAI221D1HPBWPLVT          33     118.800      47.278    tcbn65lphpbwplvttc       0 
OAI221D2HPBWPLVT           7      44.800      26.566    tcbn65lphpbwplvttc       0 
OAI221D4HPBWPLVT           1       6.800       6.035    tcbn65lphpbwplvttc       0 
OAI221XD4HPBWPLVT          2      24.000      18.172    tcbn65lphpbwplvttc       0 
OAI222D0HPBWPLVT           4      14.400       3.499    tcbn65lphpbwplvttc       0 
OAI222D1HPBWP              1       4.000       0.275    tcbn65lphpbwptc          0 
OAI222D1HPBWPLVT          26     104.000      37.550    tcbn65lphpbwplvttc       0 
OAI222D2HPBWPLVT           3      22.800       9.723    tcbn65lphpbwplvttc       0 
OAI22D0HPBWPLVT            3       8.400       2.977    tcbn65lphpbwplvttc       0 
OAI22D1HPBWP               5      14.000       0.912    tcbn65lphpbwptc          0 
OAI22D1HPBWPLVT          186     520.800     252.811    tcbn65lphpbwplvttc       0 
OAI22D2HPBWP               3      14.400       1.045    tcbn65lphpbwptc          0 
OAI22D2HPBWPLVT          112     537.600     388.505    tcbn65lphpbwplvttc       0 
OAI22D4HPBWPLVT           30     288.000     208.601    tcbn65lphpbwplvttc       0 
OAI31D0HPBWPLVT            1       2.800       1.085    tcbn65lphpbwplvttc       0 
OAI31D1HPBWP               1       2.800       0.141    tcbn65lphpbwptc          0 
OAI31D1HPBWPLVT           15      42.000      21.572    tcbn65lphpbwplvttc       0 
OAI31D2HPBWPLVT           15      72.000      49.306    tcbn65lphpbwplvttc       0 
OAI31D4HPBWPLVT            6      55.200      37.105    tcbn65lphpbwplvttc       0 
OAI32D1HPBWP               1       3.200       0.083    tcbn65lphpbwptc          0 
OAI32D1HPBWPLVT            3       9.600       3.816    tcbn65lphpbwplvttc       0 
OAI33D1HPBWPLVT            1       4.000       0.290    tcbn65lphpbwplvttc       0 
OR2D0HPBWP                 1       2.400       0.068    tcbn65lphpbwptc          0 
OR2D0HPBWPLVT              5      12.000       8.608    tcbn65lphpbwplvttc       0 
OR2D1HPBWP                 1       2.400       0.211    tcbn65lphpbwptc          0 
OR2D1HPBWPLVT             77     184.800     143.356    tcbn65lphpbwplvttc       0 
OR2D2HPBWP                 1       2.800       0.319    tcbn65lphpbwptc          0 
OR2D2HPBWPLVT             36     100.800     140.441    tcbn65lphpbwplvttc       0 
OR2D4HPBWP                 2       9.600       1.469    tcbn65lphpbwptc          0 
OR2D4HPBWPLVT             51     244.800     441.945    tcbn65lphpbwplvttc       0 
OR2D8HPBWPLVT             11      88.000     224.678    tcbn65lphpbwplvttc       0 
OR2XD1HPBWPLVT            91     218.400     247.121    tcbn65lphpbwplvttc       0 
OR3D0HPBWPLVT              1       2.800       1.284    tcbn65lphpbwplvttc       0 
OR3D1HPBWPLVT             14      39.200      27.235    tcbn65lphpbwplvttc       0 
OR3D4HPBWPLVT              2      12.000      18.854    tcbn65lphpbwplvttc       0 
OR3XD1HPBWPLVT             3       8.400       7.004    tcbn65lphpbwplvttc       0 
OR4D0HPBWP                 1       3.200       0.202    tcbn65lphpbwptc          0 
OR4D0HPBWPLVT              4      12.800       7.243    tcbn65lphpbwplvttc       0 
OR4D1HPBWPLVT             14      44.800      27.558    tcbn65lphpbwplvttc       0 
OR4XD1HPBWPLVT             1       3.200       1.912    tcbn65lphpbwplvttc       0 
XNR2D0HPBWP                2       8.000       0.517    tcbn65lphpbwptc          0 
XNR2D0HPBWPLVT             6      24.000      18.545    tcbn65lphpbwplvttc       0 
XNR2D1HPBWP                3      12.000       1.236    tcbn65lphpbwptc          0 
XNR2D1HPBWPLVT           498    1992.000    2300.767    tcbn65lphpbwplvttc       0 
XNR2D2HPBWP                1       4.400       0.534    tcbn65lphpbwptc          0 
XNR2D2HPBWPLVT            52     228.800     343.846    tcbn65lphpbwplvttc       0 
XNR2D4HPBWPLVT            34     285.600     539.091    tcbn65lphpbwplvttc       0 
XNR3D0HPBWP                1       6.800       0.405    tcbn65lphpbwptc          0 
XNR3D0HPBWPLVT             2      13.600      11.078    tcbn65lphpbwplvttc       0 
XNR3D1HPBWP                9      61.200       6.121    tcbn65lphpbwptc          0 
XNR3D1HPBWPLVT           117     795.600     889.374    tcbn65lphpbwplvttc       0 
XNR3D2HPBWPLVT             7      61.600      69.803    tcbn65lphpbwplvttc       0 
XNR3D4HPBWPLVT            78     936.000    1865.254    tcbn65lphpbwplvttc       0 
XNR4D0HPBWPLVT             3      28.800      24.200    tcbn65lphpbwplvttc       0 
XNR4D1HPBWPLVT            98     940.800     914.319    tcbn65lphpbwplvttc       0 
XNR4D2HPBWPLVT            39     390.000     451.817    tcbn65lphpbwplvttc       0 
XOR2D0HPBWPLVT             7      28.000      22.487    tcbn65lphpbwplvttc       0 
XOR2D1HPBWPLVT           691    2764.000    3770.979    tcbn65lphpbwplvttc       0 
XOR2D2HPBWPLVT           245    1078.000    1687.897    tcbn65lphpbwplvttc       0 
XOR2D4HPBWPLVT            15     126.000     248.996    tcbn65lphpbwplvttc       0 
XOR3D0HPBWP                1       6.800       0.380    tcbn65lphpbwptc          0 
XOR3D0HPBWPLVT            22     149.600     110.482    tcbn65lphpbwplvttc       0 
XOR3D1HPBWP                2      13.600       1.187    tcbn65lphpbwptc          0 
XOR3D1HPBWPLVT            76     516.800     529.861    tcbn65lphpbwplvttc       0 
XOR3D2HPBWPLVT           101     767.600     991.602    tcbn65lphpbwplvttc       0 
XOR3D4HPBWPLVT           224    2688.000    5343.345    tcbn65lphpbwplvttc       0 
XOR4D0HPBWP               18     180.000      10.549    tcbn65lphpbwptc          0 
XOR4D0HPBWPLVT            42     420.000     325.691    tcbn65lphpbwplvttc       0 
XOR4D1HPBWP                1      10.000       0.981    tcbn65lphpbwptc          0 
XOR4D1HPBWPLVT            38     380.000     419.394    tcbn65lphpbwplvttc       0 
XOR4D2HPBWPLVT            25     270.000     303.876    tcbn65lphpbwplvttc       0 
-----------------------------------------------------------------------------------
total                  45005  206996.800  239808.419                       


                                                      Leakage  Leakage 
      Library      Instances Instances %    Area    Power (nW) Power % 
-----------------------------------------------------------------------
tcbn65lphpbwplvttc     44184        98.2 204329.200 239571.195    99.9 
tcbn65lphpbwptc          821         1.8   2667.600    237.223     0.1 

                                             Leakage  Leakage 
     Type      Instances    Area    Area % Power (nW) Power % 
--------------------------------------------------------------
sequential          3326  36000.400   17.4  45257.876    18.9 
inverter            6004  15129.600    7.3  26896.950    11.2 
buffer              1020   3734.400    1.8   7908.147     3.3 
logic              34655 152132.400   73.5 159745.447    66.6 
physical_cells         0      0.000    0.0      0.000     0.0 
--------------------------------------------------------------
total              45005 206996.800  100.0 239808.419   100.0 

