============================================================
  Generated by:           Genus(TM) Synthesis Solution 19.11-s087_1
  Generated on:           Aug 20 2021  10:39:48 am
  Module:                 top_ft
  Operating conditions:   NCCOM 
  Operating conditions:   WCCOM 
  Operating conditions:   WCCOM 
  Operating conditions:   BCCOM 
  Interconnect mode:      global
  Area mode:              physical library
============================================================

                                        Leakage  Leakage 
     Type      Instances  Area Area % Power (nW) Power % 
---------------------------------------------------------
sequential          3326 0.000    0.0  70293.347    97.4 
inverter               3 0.000    0.0      0.097     0.0 
logic              67499 0.000    0.0   1864.757     2.6 
physical_cells         0 0.000    0.0      0.000     0.0 
---------------------------------------------------------
total              70828 0.000    0.0  72158.201   100.0 

