============================================================
  Generated by:           Genus(TM) Synthesis Solution 19.11-s087_1
  Generated on:           Aug 20 2021  10:39:40 am
  Module:                 top_ft
  Operating conditions:   NCCOM 
  Operating conditions:   WCCOM 
  Operating conditions:   WCCOM 
  Operating conditions:   BCCOM 
  Interconnect mode:      global
  Area mode:              physical library
============================================================

Timing
--------

 Analysis view Clock Period 
----------------------------
view_typ       clk   1000.0 
view_slow      clk   1000.0 
view_superslow clk   1000.0 
view_fast      clk   1000.0 


   Analysis      Cost   Critical             Violating 
     View       Group  Path Slack    TNS       Paths   
-------------------------------------------------------
view_typ           C2C     -192.1   -5842.7         76 
                   C2O      -73.0     -74.6          3 
                   clk   No paths       0.0          0 
               default   No paths       0.0          0 
                   I2C       90.3       0.0          0 
                   I2O      209.4       0.0          0 
-------------------------------------------------------
Total                               -5917.3         79 
                                                       
view_slow          C2C     -946.2 -653040.8       2574 
                   C2O     -674.1  -12978.6         41 
                   clk   No paths       0.0          0 
               default   No paths       0.0          0 
                   I2C     -412.6  -25587.7        202 
                   I2O     -140.5    -169.5          3 
-------------------------------------------------------
Total                             -666019.4       2820 
                                                       
view_superslow     C2C     -946.2 -653040.8       2574 
                   C2O     -674.1  -12978.6         41 
                   clk   No paths       0.0          0 
               default   No paths       0.0          0 
                   I2C     -412.6  -25587.7        202 
                   I2O     -140.5    -169.5          3 
-------------------------------------------------------
Total                             -666019.4       2820 
                                                       
view_fast          C2C      127.7       0.0          0 
                   C2O      183.9       0.0          0 
                   clk   No paths       0.0          0 
               default   No paths       0.0          0 
                   I2C      299.4       0.0          0 
                   I2O      355.6       0.0          0 
-------------------------------------------------------
Total                                  -0.0          0 
                                                       

Instance Count
--------------
Leaf Instance Count             70828 
Physical Instance count             0 
Sequential Instance Count        3326 
Combinational Instance Count    67502 
Hierarchical Instance Count        37 

Area
----
Cell Area                          280754.194
Physical Cell Area                 0.000
Total Cell Area (Cell+Physical)    280754.194
Net Area                           43.756
Total Area (Cell+Physical+Net)     280797.950

Runtime                            139.528081 seconds
Elapsed Runtime                    484 seconds
Genus peak memory usage            1577.09 
Innovus peak memory usage          no_value 
Hostname                           epi03.bsc.es
