============================================================
  Generated by:           Genus(TM) Synthesis Solution 19.11-s087_1
  Generated on:           Aug 20 2021  10:39:40 am
  Module:                 top_ft
  Operating conditions:   NCCOM 
  Operating conditions:   WCCOM 
  Operating conditions:   WCCOM 
  Operating conditions:   BCCOM 
  Interconnect mode:      global
  Area mode:              physical library
============================================================

               Instance                           Module              Cell Count  Cell Area  Net Area   Total Area 
-------------------------------------------------------------------------------------------------------------------
top_ft                                                                     70828 280754.194    43.756   280797.950 
  dut_pmu_ahb                         pmu_ahb                              70828 280754.194     0.000   280754.194 
    inst_pmu_raw                      PMU_raw                              23631  96814.727     0.000    96814.727 
      inst_MCCU                       MCCU                                  3527  14001.969     0.000    14001.969 
        sub_378_66_I3_I2              sub_unsigned_8792_9185                 195    691.762     0.000      691.762 
        sub_378_66_I4_I2              sub_unsigned_8792_9189                 190    674.024     0.000      674.024 
        sub_378_66_I2_I2              sub_unsigned_8792_9189                 190    674.024     0.000      674.024 
        sub_378_66_I1_I2              sub_unsigned_8792_9189                 190    674.024     0.000      674.024 
        sub_361_69_I4_I2              sub_unsigned_8792                      189    670.477     0.000      670.477 
        sub_361_69_I3_I2              sub_unsigned_8792                      189    670.477     0.000      670.477 
        sub_361_69_I2_I2              sub_unsigned_8792                      189    670.477     0.000      670.477 
        sub_361_69_I1_I2              sub_unsigned_8792                      189    670.477     0.000      670.477 
      inst_quota_add_141_42           add_unsigned_8821                      422   1497.044     0.000     1497.044 
      inst_counters_inc_add_68_63_I24 increment_unsigned_309                 177    627.907     0.000      627.907 
      inst_counters_inc_add_68_63_I23 increment_unsigned_309                 177    627.907     0.000      627.907 
      inst_counters_inc_add_68_63_I22 increment_unsigned_309                 177    627.907     0.000      627.907 
      inst_counters_inc_add_68_63_I21 increment_unsigned_309                 177    627.907     0.000      627.907 
      inst_counters_inc_add_68_63_I20 increment_unsigned_309                 177    627.907     0.000      627.907 
      inst_counters_inc_add_68_63_I19 increment_unsigned_309                 177    627.907     0.000      627.907 
      inst_counters_inc_add_68_63_I18 increment_unsigned_309                 177    627.907     0.000      627.907 
      inst_counters_inc_add_68_63_I17 increment_unsigned_309                 177    627.907     0.000      627.907 
      inst_counters_inc_add_68_63_I16 increment_unsigned_309                 177    627.907     0.000      627.907 
      inst_counters_inc_add_68_63_I15 increment_unsigned_309                 177    627.907     0.000      627.907 
      inst_counters_inc_add_68_63_I14 increment_unsigned_309                 177    627.907     0.000      627.907 
      inst_counters_inc_add_68_63_I13 increment_unsigned_309                 177    627.907     0.000      627.907 
      inst_counters_inc_add_68_63_I12 increment_unsigned_309                 177    627.907     0.000      627.907 
      inst_counters_inc_add_68_63_I11 increment_unsigned_309                 177    627.907     0.000      627.907 
      inst_counters_inc_add_68_63_I10 increment_unsigned_309                 177    627.907     0.000      627.907 
      inst_counters_inc_add_68_63_I9  increment_unsigned_309                 177    627.907     0.000      627.907 
      inst_counters_inc_add_68_63_I8  increment_unsigned_309                 177    627.907     0.000      627.907 
      inst_counters_inc_add_68_63_I7  increment_unsigned_309                 177    627.907     0.000      627.907 
      inst_counters_inc_add_68_63_I6  increment_unsigned_309                 177    627.907     0.000      627.907 
      inst_counters_inc_add_68_63_I5  increment_unsigned_309                 177    627.907     0.000      627.907 
      inst_counters_inc_add_68_63_I4  increment_unsigned_309                 177    627.907     0.000      627.907 
      inst_counters_inc_add_68_63_I3  increment_unsigned_309                 177    627.907     0.000      627.907 
      inst_counters_inc_add_68_63_I2  increment_unsigned_309                 177    627.907     0.000      627.907 
      inst_counters_inc_add_68_63_I1  increment_unsigned_309                 177    627.907     0.000      627.907 
      inst_quota_gt_163_37            gt_unsigned_rtlopto_model_1812         156    553.409     0.000      553.409 
