============================================================
  Generated by:           Genus(TM) Synthesis Solution 19.11-s087_1
  Generated on:           Aug 20 2021  11:35:54 am
  Module:                 top_ft
  Operating conditions:   NCCOM 
  Operating conditions:   WCCOM 
  Operating conditions:   WCCOM 
  Operating conditions:   BCCOM 
  Interconnect mode:      global
  Area mode:              physical library
============================================================

Timing
--------

 Analysis view Clock Period 
----------------------------
view_typ       clk   1000.0 
view_slow      clk   1000.0 
view_superslow clk   1000.0 
view_fast      clk   1000.0 


   Analysis      Cost   Critical              Violating 
     View       Group  Path Slack     TNS       Paths   
--------------------------------------------------------
view_typ           C2C     -230.9   -30063.9        229 
                   C2O     -213.9    -1713.1         31 
                   clk   No paths        0.0          0 
               default   No paths        0.0          0 
                   I2C       53.9        0.0          0 
                   I2O       67.6        0.0          0 
--------------------------------------------------------
Total                               -31777.0        260 
                                                        
view_slow          C2C     -989.0 -1313323.6       3740 
                   C2O     -880.8   -24815.7         41 
                   clk   No paths        0.0          0 
               default   No paths        0.0          0 
                   I2C     -461.6  -161624.2       1327 
                   I2O     -352.8    -1752.8          8 
--------------------------------------------------------
Total                             -1338139.3       5116 
                                                        
view_superslow     C2C     -945.2 -1192819.3       3597 
                   C2O     -846.7   -23256.4         41 
                   clk   No paths        0.0          0 
               default   No paths        0.0          0 
                   I2C     -431.2  -125495.8       1075 
                   I2O     -328.0    -1543.8          8 
--------------------------------------------------------
Total                             -1216075.7       4721 
                                                        
view_fast          C2C      126.4        0.0          0 
                   C2O      102.8        0.0          0 
                   clk   No paths        0.0          0 
               default   No paths        0.0          0 
                   I2C      297.1        0.0          0 
                   I2O      270.9        0.0          0 
--------------------------------------------------------
Total                                   -0.0          0 
                                                        

Instance Count
--------------
Leaf Instance Count             46382 
Physical Instance count             0 
Sequential Instance Count        3326 
Combinational Instance Count    43056 
Hierarchical Instance Count         3 

Area
----
Cell Area                          206736.000
Physical Cell Area                 0.000
Total Cell Area (Cell+Physical)    206736.000
Net Area                           79308.037
Total Area (Cell+Physical+Net)     286044.037

Runtime                            410.33040200000005 seconds
Elapsed Runtime                    3858 seconds
Genus peak memory usage            1573.65 
Innovus peak memory usage          no_value 
Hostname                           epi03.bsc.es
