============================================================
  Generated by:           Genus(TM) Synthesis Solution 19.11-s087_1
  Generated on:           Aug 20 2021  11:36:06 am
  Module:                 top_ft
  Operating conditions:   NCCOM 
  Operating conditions:   WCCOM 
  Operating conditions:   WCCOM 
  Operating conditions:   BCCOM 
  Interconnect mode:      global
  Area mode:              physical library
============================================================


Path 1: VIOLATED (-881 ps) Late External Delay Assertion at pin intr_overflow_o
           View: view_slow
          Group: C2O
     Startpoint: (R) dut_pmu_ahb/slv_reg_reg[1][11]/CP
          Clock: (R) clk
       Endpoint: (F) intr_overflow_o
          Clock: (R) clk

                     Capture       Launch     
        Clock Edge:+    1000            0     
       Src Latency:+       0            0     
       Net Latency:+       0 (I)        0 (I) 
           Arrival:=    1000            0     
                                              
      Output Delay:-     100                  
     Required Time:=     900                  
      Launch Clock:-       0                  
         Data Path:-    1781                  
             Slack:=    -881                  

Exceptions/Constraints:
  output_delay             100             top_ft_65.sdc_1_line_12_302_1 

#-----------------------------------------------------------------------------------------------------------------------
#             Timing Point               Flags    Arc   Edge      Cell        Fanout  Load Trans Delay Arrival Instance 
#                                                                                     (fF)  (ps)  (ps)   (ps)  Location 
#-----------------------------------------------------------------------------------------------------------------------
  dut_pmu_ahb/slv_reg_reg[1][11]/CP      -       -      R     (arrival)         3326     -     0     -       0    (-,-) 
  dut_pmu_ahb/slv_reg_reg[1][11]/QN      -       CP->QN R     DFKCND4HPBWPLVT      3  18.1    44   195     195    (-,-) 
  dut_pmu_ahb/g230490/ZN                 -       A1->ZN F     ND2D4HPBWPLVT        1   8.7    34    33     229    (-,-) 
  dut_pmu_ahb/g229164/ZN                 -       A2->ZN R     ND2D4HPBWPLVT        4  25.5    60    47     276    (-,-) 
  dut_pmu_ahb/g226801/ZN                 -       A1->ZN F     NR2XD2HPBWPLVT       1   5.6    30    32     308    (-,-) 
  dut_pmu_ahb/g225257/ZN                 -       A1->ZN F     IND2D4HPBWPLVT       2  15.1    49    71     379    (-,-) 
  dut_pmu_ahb/g224500/ZN                 -       I->ZN  R     INVD4HPBWPLVT        1   7.0    24    28     407    (-,-) 
  dut_pmu_ahb/g223745/ZN                 -       A1->ZN F     ND2D3HPBWPLVT        1   8.3    39    32     439    (-,-) 
  dut_pmu_ahb/g222876/ZN                 -       A1->ZN R     ND2D4HPBWPLVT        2  12.7    37    33     472    (-,-) 
  dut_pmu_ahb/g272196/ZN                 -       A1->ZN R     IND2D4HPBWPLVT       1  13.5    42    57     529    (-,-) 
  dut_pmu_ahb/g222279/ZN                 -       A1->ZN F     ND2D8HPBWPLVT        4  28.0    50    44     574    (-,-) 
  dut_pmu_ahb/fopt295106/ZN              -       I->ZN  R     INVD4HPBWPLVT        1   7.4    25    28     602    (-,-) 
  dut_pmu_ahb/g221629/ZN                 -       A1->ZN F     NR2XD2HPBWPLVT       2  11.0    42    31     633    (-,-) 
  dut_pmu_ahb/g218599/ZN                 -       A2->ZN R     ND3D4HPBWPLVT        1   8.5    39    34     667    (-,-) 
  dut_pmu_ahb/g217413/ZN                 -       B->ZN  F     OAI21D4HPBWPLVT      1   9.1    48    47     713    (-,-) 
  dut_pmu_ahb/g217371/ZN                 -       A1->ZN R     NR2XD3HPBWPLVT       1  19.8    64    52     765    (-,-) 
  dut_pmu_ahb/fopt294956/ZN              -       I->ZN  F     INVD12HPBWPLVT       4  54.4    33    36     800    (-,-) 
  dut_pmu_ahb/inst_pmu_raw/fopt168441/ZN -       I->ZN  R     INVD16HPBWPLVT      17  89.0    48    40     840    (-,-) 
  dut_pmu_ahb/inst_pmu_raw/g161712/Z     -       A1->Z  R     AO21D4HPBWPLVT       4  24.6    60    87     928    (-,-) 
  dut_pmu_ahb/inst_pmu_raw/g160711/Z     -       A2->Z  R     AN2D8HPBWPLVT        2  32.0    48    88    1016    (-,-) 
  dut_pmu_ahb/inst_pmu_raw/g160694/ZN    -       I->ZN  F     INVD16HPBWPLVT      31 145.2    50    45    1060    (-,-) 
  dut_pmu_ahb/inst_pmu_raw/g160421/ZN    -       A1->ZN R     ND2D2HPBWPLVT        1   8.4    44    40    1100    (-,-) 
  dut_pmu_ahb/inst_pmu_raw/g159852/ZN    -       A1->ZN F     ND3D4HPBWPLVT        4  15.0    76    56    1156    (-,-) 
  dut_pmu_ahb/inst_pmu_raw/g158404/ZN    -       A2->ZN R     ND2D2HPBWPLVT        1   7.5    44    48    1205    (-,-) 
  dut_pmu_ahb/inst_pmu_raw/g158079/ZN    -       A2->ZN F     NR2XD2HPBWPLVT       1   8.7    37    38    1243    (-,-) 
  dut_pmu_ahb/inst_pmu_raw/g157523/ZN    -       A2->ZN R     ND2D4HPBWPLVT        1   9.7    32    32    1275    (-,-) 
  dut_pmu_ahb/inst_pmu_raw/g157434/ZN    -       A1->ZN F     NR2XD3HPBWPLVT       1   8.1    29    25    1300    (-,-) 
  dut_pmu_ahb/inst_pmu_raw/g157169/ZN    -       A2->ZN R     AOI21D4HPBWPLVT      2  11.7    79    58    1359    (-,-) 
  dut_pmu_ahb/inst_pmu_raw/g157155/ZN    -       I->ZN  F     INVD2HPBWPLVT        2   6.4    32    34    1392    (-,-) 
  dut_pmu_ahb/inst_pmu_raw/g165624/Z     -       A2->Z  F     OR2D1HPBWPLVT        1   6.9    53    87    1479    (-,-) 
  dut_pmu_ahb/inst_pmu_raw/g86038/ZN     -       A1->ZN R     NR2XD2HPBWPLVT       1   7.1    43    40    1519    (-,-) 
  dut_pmu_ahb/inst_pmu_raw/g85980/ZN     -       A2->ZN F     ND2D3HPBWPLVT        1   8.1    39    38    1557    (-,-) 
  dut_pmu_ahb/inst_pmu_raw/g85879/ZN     -       A2->ZN R     OAI21D4HPBWPLVT      1  25.1   121    90    1648    (-,-) 
  dut_pmu_ahb/inst_pmu_raw/g85875/ZN     -       I->ZN  F     INVD16HPBWPLVT       1 502.6   159   126    1773    (-,-) 
  intr_overflow_o                        -       -      F     (port)               -     -     -     8    1781    (-,-) 
#-----------------------------------------------------------------------------------------------------------------------


