============================================================
  Generated by:           Genus(TM) Synthesis Solution 19.11-s087_1
  Generated on:           Aug 20 2021  11:36:07 am
  Module:                 top_ft
  Operating conditions:   NCCOM 
  Operating conditions:   WCCOM 
  Operating conditions:   WCCOM 
  Operating conditions:   BCCOM 
  Interconnect mode:      global
  Area mode:              physical library
============================================================


Path 1: VIOLATED (-989 ps) Setup Check with Pin dut_pmu_ahb/inst_pmu_raw/inst_quota_suma_int_reg[34]/CP->D
           View: view_slow
          Group: C2C
     Startpoint: (R) dut_pmu_ahb/slv_reg_reg[1][11]/CP
          Clock: (R) clk
       Endpoint: (R) dut_pmu_ahb/inst_pmu_raw/inst_quota_suma_int_reg[34]/D
          Clock: (R) clk

                     Capture       Launch     
        Clock Edge:+    1000            0     
       Src Latency:+       0            0     
       Net Latency:+       0 (I)        0 (I) 
           Arrival:=    1000            0     
                                              
             Setup:-      78                  
     Required Time:=     922                  
      Launch Clock:-       0                  
         Data Path:-    1910                  
             Slack:=    -989                  

#----------------------------------------------------------------------------------------------------------------------------------------
#                      Timing Point                       Flags    Arc   Edge       Cell        Fanout Load Trans Delay Arrival Instance 
#                                                                                                      (fF)  (ps)  (ps)   (ps)  Location 
#----------------------------------------------------------------------------------------------------------------------------------------
  dut_pmu_ahb/slv_reg_reg[1][11]/CP                       -       -      R     (arrival)          3326    -     0     -       0    (-,-) 
  dut_pmu_ahb/slv_reg_reg[1][11]/QN                       -       CP->QN R     DFKCND4HPBWPLVT       3 18.1    44   195     195    (-,-) 
  dut_pmu_ahb/g230490/ZN                                  -       A1->ZN F     ND2D4HPBWPLVT         1  8.7    34    33     229    (-,-) 
  dut_pmu_ahb/g229164/ZN                                  -       A2->ZN R     ND2D4HPBWPLVT         4 25.5    60    47     276    (-,-) 
  dut_pmu_ahb/g228595/ZN                                  -       I->ZN  F     INVD4HPBWPLVT         1  6.9    22    24     300    (-,-) 
  dut_pmu_ahb/g226193/ZN                                  -       A1->ZN R     ND2D3HPBWPLVT         1  8.5    36    27     326    (-,-) 
  dut_pmu_ahb/g225674/ZN                                  -       A1->ZN F     ND2D4HPBWPLVT         2 16.4    50    41     368    (-,-) 
  dut_pmu_ahb/fopt295015/ZN                               -       I->ZN  R     CKND6HPBWPLVT         1  8.5    22    25     393    (-,-) 
  dut_pmu_ahb/g224065/ZN                                  -       A1->ZN F     ND2D4HPBWPLVT         1 14.4    46    36     428    (-,-) 
  dut_pmu_ahb/g222976/ZN                                  -       A2->ZN R     ND2D8HPBWPLVT         2 21.1    34    35     463    (-,-) 
  dut_pmu_ahb/g222663/ZN                                  -       A2->ZN F     ND2D4HPBWPLVT         1  5.6    30    30     493    (-,-) 
  dut_pmu_ahb/g222276/ZN                                  -       A1->ZN F     INR2XD4HPBWPLVT       4 24.8    50    77     569    (-,-) 
  dut_pmu_ahb/g221630/ZN                                  -       A2->ZN R     NR2XD3HPBWPLVT        2 15.2    52    53     622    (-,-) 
  dut_pmu_ahb/g221346/ZN                                  -       I->ZN  F     INVD4HPBWPLVT         2 12.7    26    28     650    (-,-) 
  dut_pmu_ahb/g218598/ZN                                  -       A2->ZN R     NR3D3HPBWPLVT         1 12.1    74    63     713    (-,-) 
  dut_pmu_ahb/g217416/ZN                                  -       A1->ZN F     NR2XD4HPBWPLVT        1 13.2    40    37     750    (-,-) 
  dut_pmu_ahb/g217338/ZN                                  -       A1->ZN R     ND2D8HPBWPLVT         3 26.9    39    36     786    (-,-) 
  dut_pmu_ahb/inst_pmu_raw/g162871/ZN                     -       I->ZN  F     INVD6HPBWPLVT         9 52.1    47    40     826    (-,-) 
  dut_pmu_ahb/inst_pmu_raw/g162867/ZN                     -       I->ZN  R     INVD8HPBWPLVT         3 24.9    32    33     859    (-,-) 
  dut_pmu_ahb/inst_pmu_raw/g160742/ZN                     -       A1->ZN F     NR2XD3HPBWPLVT        1 13.2    42    30     889    (-,-) 
  dut_pmu_ahb/inst_pmu_raw/g160699/ZN                     -       A1->ZN R     NR2D8HPBWPLVT         2 19.7    56    46     935    (-,-) 
  dut_pmu_ahb/inst_pmu_raw/g160613/ZN                     -       A1->ZN F     NR2XD3HPBWPLVT        2 15.1    42    38     973    (-,-) 
  dut_pmu_ahb/inst_pmu_raw/g160397/ZN                     -       A1->ZN R     NR2XD3HPBWPLVT        1 14.1    50    42    1015    (-,-) 
  dut_pmu_ahb/inst_pmu_raw/g160124/ZN                     -       I->ZN  F     INVD8HPBWPLVT         3 41.5    33    34    1049    (-,-) 
  dut_pmu_ahb/inst_pmu_raw/g160128/ZN                     -       I->ZN  R     INVD12HPBWPLVT        9 58.6    43    37    1086    (-,-) 
  dut_pmu_ahb/inst_pmu_raw/g159385/ZN                     -       B1->ZN F     INR2D4HPBWPLVT        1  8.6    26    23    1109    (-,-) 
  dut_pmu_ahb/inst_pmu_raw/g159033/ZN                     -       A2->ZN R     NR2D4HPBWPLVT         2 17.1    82    62    1171    (-,-) 
  dut_pmu_ahb/inst_pmu_raw/g158700/ZN                     -       I->ZN  F     INVD4HPBWPLVT         3 13.3    33    34    1205    (-,-) 
  dut_pmu_ahb/inst_pmu_raw/g167444/Z                      -       A1->Z  F     AO22D1HPBWPLVT        1  6.9    57   100    1306    (-,-) 
  dut_pmu_ahb/inst_pmu_raw/g108529/ZN                     -       A1->ZN R     NR2XD2HPBWPLVT        1  9.0    49    45    1351    (-,-) 
  dut_pmu_ahb/inst_pmu_raw/g108315/ZN                     -       A2->ZN F     ND2D4HPBWPLVT         1  7.2    62    35    1385    (-,-) 
  dut_pmu_ahb/inst_pmu_raw/g108140/ZN                     -       A2->ZN R     NR2XD2HPBWPLVT        1  9.0    49    54    1439    (-,-) 
  dut_pmu_ahb/inst_pmu_raw/g108111/ZN                     -       A2->ZN F     ND2D4HPBWPLVT         2 13.9    45    44    1483    (-,-) 
  dut_pmu_ahb/inst_pmu_raw/inst_quota_add_141_42_g2918/ZN -       A1->ZN R     ND2D4HPBWPLVT         2 11.6    53    34    1517    (-,-) 
  dut_pmu_ahb/inst_pmu_raw/inst_quota_add_141_42_g2852/ZN -       A2->ZN F     NR2D4HPBWPLVT         1  9.1    26    28    1545    (-,-) 
  dut_pmu_ahb/inst_pmu_raw/inst_quota_add_141_42_g2806/ZN -       A1->ZN R     NR2XD3HPBWPLVT        2 11.1    42    34    1579    (-,-) 
  dut_pmu_ahb/inst_pmu_raw/inst_quota_add_141_42_g2741/ZN -       A1->ZN F     OAI21D4HPBWPLVT       2 13.9    57    43    1622    (-,-) 
  dut_pmu_ahb/inst_pmu_raw/inst_quota_add_141_42_g2708/ZN -       A1->ZN R     AOI21D4HPBWPLVT       1  8.5    67    51    1673    (-,-) 
  dut_pmu_ahb/inst_pmu_raw/inst_quota_add_141_42_g2691/ZN -       B->ZN  F     OAI21D4HPBWPLVT       1  9.5    47    54    1727    (-,-) 
  dut_pmu_ahb/inst_pmu_raw/inst_quota_add_141_42_g2642/ZN -       A2->ZN R     NR2XD3HPBWPLVT        2 14.8    51    51    1778    (-,-) 
  dut_pmu_ahb/inst_pmu_raw/inst_quota_add_141_42_g2630/ZN -       I->ZN  F     INVD6HPBWPLVT         5 19.2    25    27    1806    (-,-) 
  dut_pmu_ahb/inst_pmu_raw/inst_quota_add_141_42_g2626/ZN -       A1->ZN R     ND2D2HPBWPLVT         1  5.2    36    26    1832    (-,-) 
  dut_pmu_ahb/inst_pmu_raw/inst_quota_add_141_42_g2609/Z  -       A1->Z  R     CKXOR2D2HPBWPLVT      1  4.0    42    79    1910    (-,-) 
  dut_pmu_ahb/inst_pmu_raw/inst_quota_suma_int_reg[34]/D  -       -      R     DFKCND1HPBWPLVT       1    -     -     0    1910    (-,-) 
#----------------------------------------------------------------------------------------------------------------------------------------


