============================================================
  Generated by:           Genus(TM) Synthesis Solution 19.11-s087_1
  Generated on:           Aug 20 2021  11:36:02 am
  Module:                 top_ft
  Operating conditions:   NCCOM 
  Operating conditions:   WCCOM 
  Operating conditions:   WCCOM 
  Operating conditions:   BCCOM 
  Interconnect mode:      global
  Area mode:              physical library
============================================================


Path 1: VIOLATED (-462 ps) Setup Check with Pin dut_pmu_ahb/inst_pmu_raw/inst_quota_suma_int_reg[34]/CP->D
           View: view_slow
          Group: I2C
     Startpoint: (R) hwdata_i[0]
          Clock: (R) clk
       Endpoint: (R) dut_pmu_ahb/inst_pmu_raw/inst_quota_suma_int_reg[34]/D
          Clock: (R) clk

                     Capture       Launch     
        Clock Edge:+    1000            0     
        Drv Adjust:+       0            0     
       Src Latency:+       0            0     
       Net Latency:+       0 (I)        0 (I) 
           Arrival:=    1000            0     
                                              
             Setup:-      78                  
     Required Time:=     922                  
      Launch Clock:-       0                  
       Input Delay:-     100                  
         Data Path:-    1283                  
             Slack:=    -462                  

Exceptions/Constraints:
  input_delay             100             top_ft_65.sdc_1_line_11_230_1 

#-----------------------------------------------------------------------------------------------------------------------------------------
#                      Timing Point                       Flags    Arc   Edge       Cell        Fanout  Load Trans Delay Arrival Instance 
#                                                                                                       (fF)  (ps)  (ps)   (ps)  Location 
#-----------------------------------------------------------------------------------------------------------------------------------------
  hwdata_i[0]                                             -       -      R     (arrival)             1   8.1   200     0     100    (-,-) 
  dut_pmu_ahb/g224241/ZN                                  -       A1->ZN F     AOI21D4HPBWPLVT       1   8.3    68    59     159    (-,-) 
  dut_pmu_ahb/fopt295325/ZN                               -       I->ZN  R     INVD4HPBWPLVT         2  11.2    34    38     197    (-,-) 
  dut_pmu_ahb/g219684/ZN                                  -       B1->ZN F     IND2D4HPBWPLVT        1  13.2    45    37     233    (-,-) 
  dut_pmu_ahb/g217370/ZN                                  -       A1->ZN R     ND2D8HPBWPLVT         5  40.2    50    44     278    (-,-) 
  dut_pmu_ahb/inst_pmu_raw/g162860/ZN                     -       I->ZN  F     CKND16HPBWPLVT        4  53.4    37    38     316    (-,-) 
  dut_pmu_ahb/inst_pmu_raw/g162245/ZN                     -       A1->ZN R     ND2D8HPBWPLVT         8  72.7    80    58     374    (-,-) 
  dut_pmu_ahb/inst_pmu_raw/g161767/ZN                     -       I->ZN  F     CKND12HPBWPLVT        4  27.8    36    39     413    (-,-) 
  dut_pmu_ahb/inst_pmu_raw/g159860/ZN                     -       A1->ZN R     NR2XD4HPBWPLVT        1  25.1    61    47     460    (-,-) 
  dut_pmu_ahb/inst_pmu_raw/g159525/ZN                     -       I->ZN  F     INVD16HPBWPLVT       32 134.5    47    47     507    (-,-) 
  dut_pmu_ahb/inst_pmu_raw/g158369/ZN                     -       A1->ZN R     ND2D2HPBWPLVT         1   8.9    46    40     547    (-,-) 
  dut_pmu_ahb/inst_pmu_raw/g157747/ZN                     -       A2->ZN F     ND3D4HPBWPLVT         4  14.7    75    62     609    (-,-) 
  dut_pmu_ahb/inst_pmu_raw/g167345/Z                      -       B1->Z  F     AO22D1HPBWPLVT        1   5.3    50   120     730    (-,-) 
  dut_pmu_ahb/inst_pmu_raw/g108504/ZN                     -       A1->ZN R     NR2D2HPBWPLVT         1   7.1    71    57     786    (-,-) 
  dut_pmu_ahb/inst_pmu_raw/g108324/ZN                     -       A2->ZN F     ND2D3HPBWPLVT         1   9.5    47    47     833    (-,-) 
  dut_pmu_ahb/inst_pmu_raw/g108123/ZN                     -       A2->ZN R     NR2XD3HPBWPLVT        1   8.5    39    43     875    (-,-) 
  dut_pmu_ahb/inst_pmu_raw/g108092/ZN                     -       A1->ZN F     ND2D4HPBWPLVT         2  17.3    53    43     919    (-,-) 
  dut_pmu_ahb/inst_pmu_raw/inst_quota_add_141_42_g2910/ZN -       A1->ZN R     NR2D8HPBWPLVT         3  15.3    58    44     963    (-,-) 
  dut_pmu_ahb/inst_pmu_raw/inst_quota_add_141_42_g2816/ZN -       A1->ZN F     NR2D4HPBWPLVT         1   9.1    25    27     990    (-,-) 
  dut_pmu_ahb/inst_pmu_raw/inst_quota_add_141_42_g2804/ZN -       A1->ZN R     NR2XD3HPBWPLVT        3  13.8    49    37    1027    (-,-) 
  dut_pmu_ahb/inst_pmu_raw/inst_quota_add_141_42_g2746/ZN -       A1->ZN F     NR2D4HPBWPLVT         1   9.1    23    25    1052    (-,-) 
  dut_pmu_ahb/inst_pmu_raw/inst_quota_add_141_42_g2736/ZN -       A1->ZN R     NR2XD3HPBWPLVT        1   8.5    36    30    1082    (-,-) 
  dut_pmu_ahb/inst_pmu_raw/inst_quota_add_141_42_g2709/ZN -       B->ZN  F     OAI21D4HPBWPLVT       1  11.7    52    50    1132    (-,-) 
  dut_pmu_ahb/inst_pmu_raw/inst_quota_add_141_42_g2672/ZN -       A2->ZN R     NR2XD4HPBWPLVT        2  16.9    46    50    1181    (-,-) 
  dut_pmu_ahb/inst_pmu_raw/inst_quota_add_141_42_g2655/ZN -       A1->ZN F     NR2XD3HPBWPLVT        1   9.1    31    30    1211    (-,-) 
  dut_pmu_ahb/inst_pmu_raw/inst_quota_add_141_42_g2642/ZN -       A1->ZN R     NR2XD3HPBWPLVT        2  14.8    51    40    1251    (-,-) 
  dut_pmu_ahb/inst_pmu_raw/inst_quota_add_141_42_g2630/ZN -       I->ZN  F     INVD6HPBWPLVT         5  19.2    25    27    1278    (-,-) 
  dut_pmu_ahb/inst_pmu_raw/inst_quota_add_141_42_g2626/ZN -       A1->ZN R     ND2D2HPBWPLVT         1   5.2    36    26    1304    (-,-) 
  dut_pmu_ahb/inst_pmu_raw/inst_quota_add_141_42_g2609/Z  -       A1->Z  R     CKXOR2D2HPBWPLVT      1   4.0    42    79    1383    (-,-) 
  dut_pmu_ahb/inst_pmu_raw/inst_quota_suma_int_reg[34]/D  -       -      R     DFKCND1HPBWPLVT       1     -     -     0    1383    (-,-) 
#-----------------------------------------------------------------------------------------------------------------------------------------


