============================================================
  Generated by:           Genus(TM) Synthesis Solution 19.11-s087_1
  Generated on:           Aug 20 2021  01:44:49 pm
  Module:                 top_ft
  Operating conditions:   NCCOM 
  Operating conditions:   WCCOM 
  Operating conditions:   WCCOM 
  Operating conditions:   BCCOM 
  Interconnect mode:      global
  Area mode:              physical library
============================================================


Path 1: VIOLATED (-394 ps) Setup Check with Pin dut_pmu_ahb/inst_pmu_raw/inst_quota_suma_int_reg[34]/CP->D
           View: view_slow
          Group: I2C
     Startpoint: (R) hwdata_i[0]
          Clock: (R) clk
       Endpoint: (R) dut_pmu_ahb/inst_pmu_raw/inst_quota_suma_int_reg[34]/D
          Clock: (R) clk

                     Capture       Launch     
        Clock Edge:+    1000            0     
        Drv Adjust:+       0            0     
       Src Latency:+       0            0     
       Net Latency:+       0 (I)        0 (I) 
           Arrival:=    1000            0     
                                              
             Setup:-      78                  
     Required Time:=     922                  
      Launch Clock:-       0                  
       Input Delay:-     100                  
         Data Path:-    1215                  
             Slack:=    -394                  

Exceptions/Constraints:
  input_delay             100             top_ft_65.sdc_1_line_11_230_1 

#----------------------------------------------------------------------------------------------------------------------------------------
#                      Timing Point                       Flags    Arc   Edge       Cell        Fanout Load Trans Delay Arrival Instance 
#                                                                                                      (fF)  (ps)  (ps)   (ps)  Location 
#----------------------------------------------------------------------------------------------------------------------------------------
  hwdata_i[0]                                             -       -      R     (arrival)             1 13.5   200     0     100    (-,-) 
  dut_pmu_ahb/g317988/ZN                                  -       A1->ZN F     ND2D8HPBWPLVT         1  8.1    57    48     148    (-,-) 
  dut_pmu_ahb/g299403/ZN                                  -       B1->ZN R     IND2D4HPBWPLVT        2 11.2    38    36     184    (-,-) 
  dut_pmu_ahb/g219684/ZN                                  -       B1->ZN F     IND2D4HPBWPLVT        1 13.2    45    38     222    (-,-) 
  dut_pmu_ahb/g303632/ZN                                  -       A1->ZN R     ND2D8HPBWPLVT         5 38.1    48    43     265    (-,-) 
  dut_pmu_ahb/inst_pmu_raw/g162860/ZN                     -       I->ZN  F     CKND16HPBWPLVT        4 53.4    37    38     303    (-,-) 
  dut_pmu_ahb/inst_pmu_raw/g162861/ZN                     -       I->ZN  R     INVD6HPBWPLVT         2 11.4    22    25     328    (-,-) 
  dut_pmu_ahb/inst_pmu_raw/g199279/Z                      -       A1->Z  R     AO21D4HPBWPLVT        3 22.8    57    79     407    (-,-) 
  dut_pmu_ahb/inst_pmu_raw/fopt174455/ZN                  -       I->ZN  F     INVD6HPBWPLVT         2 18.3    26    28     435    (-,-) 
  dut_pmu_ahb/inst_pmu_raw/fopt174379/ZN                  -       I->ZN  R     INVD4HPBWPLVT         2 25.7    53    40     474    (-,-) 
  dut_pmu_ahb/inst_pmu_raw/g178956/ZN                     -       A1->ZN F     ND2D8HPBWPLVT         8 31.4    55    50     524    (-,-) 
  dut_pmu_ahb/inst_pmu_raw/g174385/ZN                     -       A1->ZN R     ND2D2HPBWPLVT         1  8.4    45    42     566    (-,-) 
  dut_pmu_ahb/inst_pmu_raw/g159735/ZN                     -       A1->ZN F     ND3D4HPBWPLVT         3 13.7    70    54     620    (-,-) 
  dut_pmu_ahb/inst_pmu_raw/g108623/ZN                     -       B1->ZN R     AOI22D2HPBWPLVT       1  7.0    95    87     706    (-,-) 
  dut_pmu_ahb/inst_pmu_raw/g108357/ZN                     -       A1->ZN F     ND2D3HPBWPLVT         1  9.1    51    49     755    (-,-) 
  dut_pmu_ahb/inst_pmu_raw/g171911/ZN                     -       A1->ZN R     NR2XD3HPBWPLVT        2 12.4    46    42     797    (-,-) 
  dut_pmu_ahb/inst_pmu_raw/g176109/ZN                     -       B3->ZN F     IND4D4HPBWPLVT        1  8.1    81    80     878    (-,-) 
  dut_pmu_ahb/inst_pmu_raw/g177236/ZN                     -       B1->ZN R     IND2D4HPBWPLVT        2 11.1    39    42     920    (-,-) 
  dut_pmu_ahb/inst_pmu_raw/g177234/ZN                     -       A1->ZN F     NR2D4HPBWPLVT         1 11.3    26    24     944    (-,-) 
  dut_pmu_ahb/inst_pmu_raw/g58/ZN                         -       A1->ZN R     NR2XD4HPBWPLVT        1  8.5    32    27     972    (-,-) 
  dut_pmu_ahb/inst_pmu_raw/g180474/ZN                     -       B->ZN  F     OAI21D4HPBWPLVT       1  8.3    44    44    1016    (-,-) 
  dut_pmu_ahb/inst_pmu_raw/g180473/ZN                     -       B->ZN  R     AOI21D4HPBWPLVT       1  8.5    67    66    1081    (-,-) 
  dut_pmu_ahb/inst_pmu_raw/inst_quota_add_141_42_g2691/ZN -       B->ZN  F     OAI21D4HPBWPLVT       1 11.7    52    57    1138    (-,-) 
  dut_pmu_ahb/inst_pmu_raw/inst_quota_add_141_42_g2642/ZN -       A2->ZN R     NR2XD4HPBWPLVT        2 14.8    42    48    1186    (-,-) 
  dut_pmu_ahb/inst_pmu_raw/inst_quota_add_141_42_g2630/ZN -       I->ZN  F     INVD6HPBWPLVT         5 19.2    23    25    1211    (-,-) 
  dut_pmu_ahb/inst_pmu_raw/inst_quota_add_141_42_g2626/ZN -       A1->ZN R     ND2D2HPBWPLVT         1  5.2    35    26    1236    (-,-) 
  dut_pmu_ahb/inst_pmu_raw/inst_quota_add_141_42_g2609/Z  -       A1->Z  R     CKXOR2D2HPBWPLVT      1  4.0    42    78    1315    (-,-) 
  dut_pmu_ahb/inst_pmu_raw/inst_quota_suma_int_reg[34]/D  -       -      R     DFKCND1HPBWPLVT       1    -     -     0    1315    (-,-) 
#----------------------------------------------------------------------------------------------------------------------------------------


