============================================================
  Generated by:           Genus(TM) Synthesis Solution 19.11-s087_1
  Generated on:           Aug 20 2021  01:44:58 pm
  Module:                 top_ft
  Operating conditions:   NCCOM 
  Operating conditions:   WCCOM 
  Operating conditions:   WCCOM 
  Operating conditions:   BCCOM 
  Interconnect mode:      global
  Area mode:              physical library
============================================================


Path 1: VIOLATED (-271 ps) Late External Delay Assertion at pin intr_overflow_o
           View: view_slow
          Group: I2O
     Startpoint: (R) hwdata_i[0]
          Clock: (R) clk
       Endpoint: (R) intr_overflow_o
          Clock: (R) clk

                     Capture       Launch     
        Clock Edge:+    1000            0     
        Drv Adjust:+       0            0     
       Src Latency:+       0            0     
       Net Latency:+       0 (I)        0 (I) 
           Arrival:=    1000            0     
                                              
      Output Delay:-     100                  
     Required Time:=     900                  
      Launch Clock:-       0                  
       Input Delay:-     100                  
         Data Path:-    1071                  
             Slack:=    -271                  

Exceptions/Constraints:
  input_delay              100             top_ft_65.sdc_1_line_11_230_1 
  output_delay             100             top_ft_65.sdc_1_line_12_302_1 

#--------------------------------------------------------------------------------------------------------------------
#            Timing Point             Flags    Arc   Edge      Cell        Fanout  Load Trans Delay Arrival Instance 
#                                                                                  (fF)  (ps)  (ps)   (ps)  Location 
#--------------------------------------------------------------------------------------------------------------------
  hwdata_i[0]                         -       -      R     (arrival)            1  13.5   200     0     100    (-,-) 
  dut_pmu_ahb/g317988/ZN              -       A1->ZN F     ND2D8HPBWPLVT        1   8.1    57    48     148    (-,-) 
  dut_pmu_ahb/g299403/ZN              -       B1->ZN R     IND2D4HPBWPLVT       2  11.2    38    36     184    (-,-) 
  dut_pmu_ahb/g219684/ZN              -       B1->ZN F     IND2D4HPBWPLVT       1  13.2    45    38     222    (-,-) 
  dut_pmu_ahb/g303632/ZN              -       A1->ZN R     ND2D8HPBWPLVT        5  38.1    48    43     265    (-,-) 
  dut_pmu_ahb/inst_pmu_raw/g183049/Z  -       A1->Z  R     AN2D8HPBWPLVT        2  25.7    43    79     344    (-,-) 
  dut_pmu_ahb/inst_pmu_raw/g180917/ZN -       I->ZN  F     INVD12HPBWPLVT       4  62.2    32    32     376    (-,-) 
  dut_pmu_ahb/inst_pmu_raw/g161773/ZN -       I->ZN  R     INVD6HPBWPLVT        6  38.7    54    42     418    (-,-) 
  dut_pmu_ahb/inst_pmu_raw/g160642/Z  -       A1->Z  R     AN2D8HPBWPLVT       16  71.5    82   106     524    (-,-) 
  dut_pmu_ahb/inst_pmu_raw/g176822/ZN -       A1->ZN R     INR2XD4HPBWPLVT      1  13.9    44    72     596    (-,-) 
  dut_pmu_ahb/inst_pmu_raw/g178811/ZN -       A2->ZN F     NR2D8HPBWPLVT        3  13.9    21    24     620    (-,-) 
  dut_pmu_ahb/inst_pmu_raw/g157509/ZN -       B1->ZN R     INR2XD2HPBWPLVT      1   8.5    49    35     656    (-,-) 
  dut_pmu_ahb/inst_pmu_raw/g178512/ZN -       A1->ZN F     ND2D4HPBWPLVT        1  11.3    40    38     694    (-,-) 
  dut_pmu_ahb/inst_pmu_raw/g178511/ZN -       A1->ZN R     NR2XD4HPBWPLVT       1   8.5    32    31     724    (-,-) 
  dut_pmu_ahb/inst_pmu_raw/g157206/ZN -       A1->ZN F     ND2D4HPBWPLVT        1  11.3    39    34     758    (-,-) 
  dut_pmu_ahb/inst_pmu_raw/g179058/ZN -       A1->ZN R     NR2XD4HPBWPLVT       2  18.1    48    41     799    (-,-) 
  dut_pmu_ahb/inst_pmu_raw/g439/ZN    -       I->ZN  F     INVD6HPBWPLVT        1  11.7    20    22     821    (-,-) 
  dut_pmu_ahb/inst_pmu_raw/g434/ZN    -       A2->ZN R     NR2XD4HPBWPLVT       2  11.1    35    35     856    (-,-) 
  dut_pmu_ahb/inst_pmu_raw/g429/ZN    -       A1->ZN F     NR2D4HPBWPLVT        1  13.2    25    25     881    (-,-) 
  dut_pmu_ahb/inst_pmu_raw/g271/ZN    -       A1->ZN R     ND2D8HPBWPLVT        1  12.1    24    24     906    (-,-) 
  dut_pmu_ahb/inst_pmu_raw/g352/ZN    -       A1->ZN F     NR2XD4HPBWPLVT       1   8.6    28    22     927    (-,-) 
  dut_pmu_ahb/inst_pmu_raw/g181455/ZN -       A3->ZN R     ND3D4HPBWPLVT        1   8.3    36    32     959    (-,-) 
  dut_pmu_ahb/inst_pmu_raw/g179083/ZN -       B1->ZN F     IND2D4HPBWPLVT       1  24.3    70    52    1010    (-,-) 
  dut_pmu_ahb/inst_pmu_raw/g179082/ZN -       I->ZN  R     INVD16HPBWPLVT       1 502.6   238   153    1164    (-,-) 
  intr_overflow_o                     -       -      R     (port)               -     -     -     8    1171    (-,-) 
#--------------------------------------------------------------------------------------------------------------------


