============================================================
  Generated by:           Genus(TM) Synthesis Solution 19.11-s087_1
  Generated on:           Aug 20 2021  11:35:54 am
  Module:                 top_nft
  Operating conditions:   NCCOM 
  Operating conditions:   WCCOM 
  Operating conditions:   WCCOM 
  Operating conditions:   BCCOM 
  Interconnect mode:      global
  Area mode:              physical library
============================================================

Timing
--------

 Analysis view Clock Period 
----------------------------
view_typ       clk   1333.0 
view_slow      clk   1333.0 
view_superslow clk   1333.0 
view_fast      clk   1333.0 


   Analysis      Cost   Critical           Violating 
     View       Group  Path Slack   TNS      Paths   
-----------------------------------------------------
view_typ           C2C      399.2     0.0          0 
                   C2O      400.4     0.0          0 
                   clk   No paths     0.0          0 
               default   No paths     0.0          0 
                   I2C      448.2     0.0          0 
                   I2O      449.9     0.0          0 
-----------------------------------------------------
Total                                -0.0          0 
                                                     
view_slow          C2C     -182.9 -5565.6         35 
                   C2O      -98.9  -215.2          3 
                   clk   No paths     0.0          0 
               default   No paths     0.0          0 
                   I2C      -31.7  -719.0         26 
                   I2O       44.2     0.0          0 
-----------------------------------------------------
Total                             -5780.8         64 
                                                     
view_superslow     C2C     -215.0 -6792.7         42 
                   C2O     -120.8  -311.9          3 
                   clk   No paths     0.0          0 
               default   No paths     0.0          0 
                   I2C      -60.9 -1522.0         31 
                   I2O       13.1     0.0          0 
-----------------------------------------------------
Total                             -7104.6         76 
                                                     
view_fast          C2C      670.8     0.0          0 
                   C2O      637.5     0.0          0 
                   clk   No paths     0.0          0 
               default   No paths     0.0          0 
                   I2C      676.7     0.0          0 
                   I2O      640.0     0.0          0 
-----------------------------------------------------
Total                                -0.0          0 
                                                     

Instance Count
--------------
Leaf Instance Count             16765 
Physical Instance count             0 
Sequential Instance Count        2704 
Combinational Instance Count    14061 
Hierarchical Instance Count         3 

Area
----
Cell Area                          75582.400
Physical Cell Area                 0.000
Total Cell Area (Cell+Physical)    75582.400
Net Area                           30782.167
Total Area (Cell+Physical+Net)     106364.567

Runtime                            79.19811900000002 seconds
Elapsed Runtime                    3838 seconds
Genus peak memory usage            1615.02 
Innovus peak memory usage          no_value 
Hostname                           epi03.bsc.es
