============================================================
  Generated by:           Genus(TM) Synthesis Solution 19.11-s087_1
  Generated on:           Aug 20 2021  11:35:58 am
  Module:                 top_nft
  Operating conditions:   NCCOM 
  Operating conditions:   WCCOM 
  Operating conditions:   WCCOM 
  Operating conditions:   BCCOM 
  Interconnect mode:      global
  Area mode:              physical library
============================================================

                                          Leakage                        Library 
       Gate        Instances    Area    Power (nW)        Library         Domain 
---------------------------------------------------------------------------------
AN2D0HPBWP                 1      2.400      0.113    tcbn65lphpbwptc          0 
AN2D0HPBWPLVT              2      4.800      2.315    tcbn65lphpbwplvttc       0 
AN2D1HPBWPLVT              4      9.600      5.540    tcbn65lphpbwplvttc       0 
AN2D2HPBWPLVT             93    260.400    222.135    tcbn65lphpbwplvttc       0 
AN2D4HPBWP                 4     19.200      2.246    tcbn65lphpbwptc          0 
AN2D4HPBWPLVT            151    724.800    683.343    tcbn65lphpbwplvttc       0 
AN2D8HPBWPLVT             38    304.000    389.888    tcbn65lphpbwplvttc       0 
AN2XD1HPBWP                2      4.800      0.539    tcbn65lphpbwptc          0 
AN2XD1HPBWPLVT           141    338.400    273.632    tcbn65lphpbwplvttc       0 
AN3D2HPBWPLVT              8     25.600     17.989    tcbn65lphpbwplvttc       0 
AN3D4HPBWPLVT             15     90.000    100.568    tcbn65lphpbwplvttc       0 
AN3XD1HPBWP                1      2.800      0.171    tcbn65lphpbwptc          0 
AN3XD1HPBWPLVT            38    106.400     63.524    tcbn65lphpbwplvttc       0 
AN4D1HPBWPLVT              1      3.200      0.741    tcbn65lphpbwplvttc       0 
AN4D2HPBWPLVT              2      8.000      3.272    tcbn65lphpbwplvttc       0 
AN4D4HPBWPLVT             14    100.800     55.633    tcbn65lphpbwplvttc       0 
AN4XD1HPBWPLVT            23     73.600     57.097    tcbn65lphpbwplvttc       0 
AO211D1HPBWPLVT            5     16.000     18.345    tcbn65lphpbwplvttc       0 
AO211D4HPBWPLVT            1      7.200     12.296    tcbn65lphpbwplvttc       0 
AO21D0HPBWP                4     11.200      0.552    tcbn65lphpbwptc          0 
AO21D0HPBWPLVT             1      2.800      1.839    tcbn65lphpbwplvttc       0 
AO21D1HPBWPLVT            59    165.200    212.528    tcbn65lphpbwplvttc       0 
AO21D2HPBWPLVT             3      9.600     13.621    tcbn65lphpbwplvttc       0 
AO21D4HPBWPLVT             5     30.000     47.994    tcbn65lphpbwplvttc       0 
AO221D0HPBWPLVT           11     44.000     18.370    tcbn65lphpbwplvttc       0 
AO221D1HPBWPLVT            4     17.600     15.305    tcbn65lphpbwplvttc       0 
AO221D4HPBWPLVT            3     26.400     27.707    tcbn65lphpbwplvttc       0 
AO222D0HPBWPLVT            2      9.600      3.178    tcbn65lphpbwplvttc       0 
AO222D1HPBWPLVT           15     72.000     44.207    tcbn65lphpbwplvttc       0 
AO22D0HPBWP                2      6.400      0.233    tcbn65lphpbwptc          0 
AO22D0HPBWPLVT           249    796.800    319.000    tcbn65lphpbwplvttc       0 
AO22D1HPBWP                2      7.200      0.537    tcbn65lphpbwptc          0 
AO22D1HPBWPLVT            48    172.800    110.183    tcbn65lphpbwplvttc       0 
AO22D2HPBWPLVT             6     24.000     18.149    tcbn65lphpbwplvttc       0 
AO22D4HPBWPLVT             9     64.800     50.180    tcbn65lphpbwplvttc       0 
AO31D1HPBWPLVT            26     83.200     63.299    tcbn65lphpbwplvttc       0 
AO31D2HPBWPLVT             2      8.000      9.920    tcbn65lphpbwplvttc       0 
AO31D4HPBWPLVT             4     28.800     42.941    tcbn65lphpbwplvttc       0 
AO32D1HPBWPLVT             1      4.000      2.355    tcbn65lphpbwplvttc       0 
AOI211D0HPBWPLVT           3      8.400      2.253    tcbn65lphpbwplvttc       0 
AOI211D1HPBWPLVT           6     16.800     22.731    tcbn65lphpbwplvttc       0 
AOI211D2HPBWPLVT           2      9.600      2.960    tcbn65lphpbwplvttc       0 
AOI211XD0HPBWPLVT         12     33.600     17.819    tcbn65lphpbwplvttc       0 
AOI211XD1HPBWPLVT          6     28.800     18.921    tcbn65lphpbwplvttc       0 
AOI211XD2HPBWPLVT          9     82.800     40.589    tcbn65lphpbwplvttc       0 
AOI211XD4HPBWPLVT          2     35.200     36.434    tcbn65lphpbwplvttc       0 
AOI21D0HPBWP               1      2.400      0.066    tcbn65lphpbwptc          0 
AOI21D0HPBWPLVT            1      2.400      0.549    tcbn65lphpbwplvttc       0 
AOI21D1HPBWPLVT           58    139.200    105.263    tcbn65lphpbwplvttc       0 
AOI21D2HPBWP               3     12.000      1.025    tcbn65lphpbwptc          0 
AOI21D2HPBWPLVT          150    600.000    610.685    tcbn65lphpbwplvttc       0 
AOI21D4HPBWP               9     64.800      6.803    tcbn65lphpbwptc          0 
AOI21D4HPBWPLVT          109    784.800    961.410    tcbn65lphpbwplvttc       0 
AOI221D0HPBWP              2      6.400      0.156    tcbn65lphpbwptc          0 
AOI221D0HPBWPLVT          59    188.800     77.435    tcbn65lphpbwplvttc       0 
AOI221D1HPBWP              4     14.400      0.971    tcbn65lphpbwptc          0 
AOI221D1HPBWPLVT         151    543.600    436.945    tcbn65lphpbwplvttc       0 
AOI221D2HPBWPLVT          12     76.800     76.243    tcbn65lphpbwplvttc       0 
AOI221XD4HPBWPLVT          2     24.000     22.758    tcbn65lphpbwplvttc       0 
AOI222D0HPBWP              1      4.000      0.095    tcbn65lphpbwptc          0 
AOI222D0HPBWPLVT          74    296.000     93.401    tcbn65lphpbwplvttc       0 
AOI222D1HPBWP              6     26.400      1.036    tcbn65lphpbwptc          0 
AOI222D1HPBWPLVT          83    365.200    154.851    tcbn65lphpbwplvttc       0 
AOI222D2HPBWPLVT           2     14.400     10.193    tcbn65lphpbwplvttc       0 
AOI222XD4HPBWPLVT          1     14.000      8.167    tcbn65lphpbwplvttc       0 
AOI22D0HPBWP               1      2.800      0.072    tcbn65lphpbwptc          0 
AOI22D0HPBWPLVT            5     14.000      4.871    tcbn65lphpbwplvttc       0 
AOI22D1HPBWP              26     72.800      4.403    tcbn65lphpbwptc          0 
AOI22D1HPBWPLVT          470   1316.000    830.660    tcbn65lphpbwplvttc       0 
AOI22D2HPBWP              19     91.200      7.747    tcbn65lphpbwptc          0 
AOI22D2HPBWPLVT           86    412.800    271.403    tcbn65lphpbwplvttc       0 
AOI22D4HPBWPLVT           35    350.000    193.833    tcbn65lphpbwplvttc       0 
AOI31D0HPBWPLVT            3      8.400      1.216    tcbn65lphpbwplvttc       0 
AOI31D1HPBWPLVT           11     30.800     14.037    tcbn65lphpbwplvttc       0 
AOI31D2HPBWPLVT            8     38.400     21.845    tcbn65lphpbwplvttc       0 
AOI31D4HPBWPLVT            4     38.400     26.645    tcbn65lphpbwplvttc       0 
AOI32D1HPBWPLVT           13     41.600     22.954    tcbn65lphpbwplvttc       0 
AOI32D2HPBWPLVT            1      6.000      1.470    tcbn65lphpbwplvttc       0 
AOI33D1HPBWPLVT            3     12.000      4.613    tcbn65lphpbwplvttc       0 
BUFFD0HPBWP                5      8.000      0.445    tcbn65lphpbwptc          0 
BUFFD0HPBWPLVT             6      9.600      6.822    tcbn65lphpbwplvttc       0 
BUFFD12HPBWPLVT           16    147.200    415.201    tcbn65lphpbwplvttc       0 
BUFFD16HPBWPLVT           31    359.600   1082.095    tcbn65lphpbwplvttc       0 
BUFFD1HPBWP                2      3.200      0.292    tcbn65lphpbwptc          0 
BUFFD1HPBWPLVT             6      9.600      9.426    tcbn65lphpbwplvttc       0 
BUFFD2HPBWP               28     67.200     10.355    tcbn65lphpbwptc          0 
BUFFD2HPBWPLVT            79    189.600    279.289    tcbn65lphpbwplvttc       0 
BUFFD3HPBWPLVT            21     58.800    124.246    tcbn65lphpbwplvttc       0 
BUFFD4HPBWP                4     16.000      3.222    tcbn65lphpbwptc          0 
BUFFD4HPBWPLVT            58    232.000    442.628    tcbn65lphpbwplvttc       0 
BUFFD6HPBWPLVT             8     38.400     92.896    tcbn65lphpbwplvttc       0 
BUFFD8HPBWPLVT            33    211.200    549.541    tcbn65lphpbwplvttc       0 
CKAN2D0HPBWP               1      2.400      0.093    tcbn65lphpbwptc          0 
CKAN2D1HPBWP               1      2.400      0.127    tcbn65lphpbwptc          0 
CKAN2D1HPBWPLVT            1      2.400      1.409    tcbn65lphpbwplvttc       0 
CKAN2D2HPBWPLVT            2      5.600      3.505    tcbn65lphpbwplvttc       0 
CKAN2D4HPBWPLVT            1      4.000      3.504    tcbn65lphpbwplvttc       0 
CKAN2D8HPBWPLVT            5     34.000     30.458    tcbn65lphpbwplvttc       0 
CKBD0HPBWPLVT            120    192.000    102.600    tcbn65lphpbwplvttc       0 
CKBD1HPBWP               216    345.600     32.400    tcbn65lphpbwptc          0 
CKBD1HPBWPLVT             23     36.800     35.719    tcbn65lphpbwplvttc       0 
CKBD2HPBWP                 1      2.400      0.240    tcbn65lphpbwptc          0 
CKBD2HPBWPLVT              3      7.200      8.081    tcbn65lphpbwplvttc       0 
CKBD3HPBWP                 1      2.800      0.335    tcbn65lphpbwptc          0 
CKBD3HPBWPLVT              5     14.000     18.616    tcbn65lphpbwplvttc       0 
CKBD4HPBWPLVT              3     12.000     18.468    tcbn65lphpbwplvttc       0 
CKBD6HPBWPLVT              1      4.800      7.484    tcbn65lphpbwplvttc       0 
CKMUX2D0HPBWPLVT           3     12.000      6.038    tcbn65lphpbwplvttc       0 
CKMUX2D1HPBWP              4     16.000      1.329    tcbn65lphpbwptc          0 
CKMUX2D1HPBWPLVT           6     24.000     21.496    tcbn65lphpbwplvttc       0 
CKMUX2D2HPBWP              2      8.800      0.849    tcbn65lphpbwptc          0 
CKMUX2D2HPBWPLVT          15     66.000     67.746    tcbn65lphpbwplvttc       0 
CKMUX2D4HPBWPLVT          10     68.000    100.292    tcbn65lphpbwplvttc       0 
CKND0HPBWPLVT              7      8.400      2.595    tcbn65lphpbwplvttc       0 
CKND12HPBWP                1      6.800      1.193    tcbn65lphpbwptc          0 
CKND12HPBWPLVT            11     74.800    106.758    tcbn65lphpbwplvttc       0 
CKND16HPBWPLVT            11    101.200    171.738    tcbn65lphpbwplvttc       0 
CKND1HPBWP                 4      4.800      0.299    tcbn65lphpbwptc          0 
CKND1HPBWPLVT             85    102.000     58.286    tcbn65lphpbwplvttc       0 
CKND2D1HPBWPLVT            9     14.400      5.617    tcbn65lphpbwplvttc       0 
CKND2D2HPBWPLVT           26     72.800     22.513    tcbn65lphpbwplvttc       0 
CKND2D3HPBWPLVT            6     24.000      9.587    tcbn65lphpbwplvttc       0 
CKND2D4HPBWPLVT            1      4.800      1.434    tcbn65lphpbwplvttc       0 
CKND2HPBWP                 2      3.200      0.216    tcbn65lphpbwptc          0 
CKND2HPBWPLVT             40     64.000     57.017    tcbn65lphpbwplvttc       0 
CKND3HPBWPLVT             17     40.800     41.148    tcbn65lphpbwplvttc       0 
CKND4HPBWPLVT             31     86.800    102.551    tcbn65lphpbwplvttc       0 
CKND6HPBWPLVT             34    136.000    167.883    tcbn65lphpbwplvttc       0 
CKND8HPBWP                 1      4.800      0.793    tcbn65lphpbwptc          0 
CKND8HPBWPLVT             14     67.200     78.166    tcbn65lphpbwplvttc       0 
CKXOR2D0HPBWPLVT           9     36.000     22.267    tcbn65lphpbwplvttc       0 
CKXOR2D1HPBWP              5     20.000      1.974    tcbn65lphpbwptc          0 
CKXOR2D1HPBWPLVT          24     96.000    106.699    tcbn65lphpbwplvttc       0 
CKXOR2D2HPBWPLVT          28    123.200    146.538    tcbn65lphpbwplvttc       0 
CKXOR2D4HPBWPLVT           1      8.400     11.055    tcbn65lphpbwplvttc       0 
DFCND1HPBWPLVT             2     19.200     11.670    tcbn65lphpbwplvttc       0 
DFCNQD1HPBWPLVT           50    440.000    221.761    tcbn65lphpbwplvttc       0 
DFCNQD2HPBWPLVT            1     10.000      6.468    tcbn65lphpbwplvttc       0 
DFD1HPBWP                 21    168.000     12.857    tcbn65lphpbwptc          0 
DFD1HPBWPLVT             125   1000.000    758.787    tcbn65lphpbwplvttc       0 
DFD2HPBWPLVT              25    240.000    337.859    tcbn65lphpbwplvttc       0 
DFD4HPBWPLVT               2     24.800     42.044    tcbn65lphpbwplvttc       0 
DFKCND1HPBWP               4     36.800      2.324    tcbn65lphpbwptc          0 
DFKCND1HPBWPLVT          134   1232.800    757.864    tcbn65lphpbwplvttc       0 
DFKCND2HPBWPLVT           15    156.000    202.477    tcbn65lphpbwplvttc       0 
DFKCND4HPBWPLVT            7     92.400    148.646    tcbn65lphpbwplvttc       0 
DFKCNQD1HPBWP             24    201.600     10.274    tcbn65lphpbwptc          0 
DFKCNQD1HPBWPLVT        1250  10500.000   5340.465    tcbn65lphpbwplvttc       0 
DFKCNQD2HPBWP              5     44.000      3.616    tcbn65lphpbwptc          0 
DFKCNQD2HPBWPLVT         255   2244.000   1873.513    tcbn65lphpbwplvttc       0 
DFKCNQD4HPBWP              2     20.000      2.217    tcbn65lphpbwptc          0 
DFKCNQD4HPBWPLVT         428   4280.000   4560.321    tcbn65lphpbwplvttc       0 
DFKCSND1HPBWPLVT           4     41.600     23.164    tcbn65lphpbwplvttc       0 
DFQD1HPBWPLVT            338   2568.800   1468.043    tcbn65lphpbwplvttc       0 
DFQD2HPBWPLVT              2     16.000     10.240    tcbn65lphpbwplvttc       0 
EDFD4HPBWPLVT              2     30.400     44.874    tcbn65lphpbwplvttc       0 
EDFQD1HPBWPLVT             1     10.800      5.226    tcbn65lphpbwplvttc       0 
EDFQD4HPBWPLVT             7     86.800     95.012    tcbn65lphpbwplvttc       0 
FA1D2HPBWPLVT             12    148.800    261.120    tcbn65lphpbwplvttc       0 
FCICIND1HPBWPLVT           2     10.400      7.469    tcbn65lphpbwplvttc       0 
HA1D0HPBWPLVT            120    768.000    845.749    tcbn65lphpbwplvttc       0 
HA1D2HPBWPLVT              3     24.000     34.282    tcbn65lphpbwplvttc       0 
HA1D4HPBWPLVT              6     72.000    119.996    tcbn65lphpbwplvttc       0 
HCOSCIND1HPBWPLVT          1     12.400     11.890    tcbn65lphpbwplvttc       0 
HICIND2HPBWPLVT            3     26.400     40.308    tcbn65lphpbwplvttc       0 
HICOND1HPBWPLVT            1      7.600      9.451    tcbn65lphpbwplvttc       0 
HICOND2HPBWP               1      8.800      1.144    tcbn65lphpbwptc          0 
IAO21D1HPBWPLVT           12     33.600     34.249    tcbn65lphpbwplvttc       0 
IAO21D2HPBWPLVT            8     32.000     60.452    tcbn65lphpbwplvttc       0 
IAO22D1HPBWPLVT            4     14.400     11.041    tcbn65lphpbwplvttc       0 
IAO22D2HPBWPLVT            1      4.800      5.180    tcbn65lphpbwplvttc       0 
IIND4D2HPBWPLVT            1      6.800      2.580    tcbn65lphpbwplvttc       0 
IINR4D0HPBWPLVT            1      4.000      4.955    tcbn65lphpbwplvttc       0 
IND2D0HPBWP                9     21.600      1.065    tcbn65lphpbwptc          0 
IND2D0HPBWPLVT             2      4.800      2.746    tcbn65lphpbwplvttc       0 
IND2D1HPBWP               15     36.000      2.465    tcbn65lphpbwptc          0 
IND2D1HPBWPLVT           155    372.000    271.482    tcbn65lphpbwplvttc       0 
IND2D2HPBWP               11     35.200      3.498    tcbn65lphpbwptc          0 
IND2D2HPBWPLVT           104    332.800    318.821    tcbn65lphpbwplvttc       0 
IND2D4HPBWP                1      6.400      0.830    tcbn65lphpbwptc          0 
IND2D4HPBWPLVT            94    601.600    595.022    tcbn65lphpbwplvttc       0 
IND3D1HPBWP                2      5.600      0.309    tcbn65lphpbwptc          0 
IND3D1HPBWPLVT           143    400.400     82.899    tcbn65lphpbwplvttc       0 
IND3D2HPBWP                2      9.600      0.758    tcbn65lphpbwptc          0 
IND3D2HPBWPLVT            24    115.200     52.689    tcbn65lphpbwplvttc       0 
IND3D4HPBWPLVT            18    151.200    145.409    tcbn65lphpbwplvttc       0 
IND4D1HPBWPLVT             9     28.800      7.166    tcbn65lphpbwplvttc       0 
IND4D2HPBWPLVT             2     12.800      3.299    tcbn65lphpbwplvttc       0 
IND4D4HPBWPLVT             3     32.400      6.299    tcbn65lphpbwplvttc       0 
INR2D0HPBWPLVT            10     24.000     13.135    tcbn65lphpbwplvttc       0 
INR2D1HPBWP                1      2.400      0.155    tcbn65lphpbwptc          0 
INR2D1HPBWPLVT            42    100.800     68.625    tcbn65lphpbwplvttc       0 
INR2D2HPBWPLVT            59    188.800    220.555    tcbn65lphpbwplvttc       0 
INR2D4HPBWPLVT            13     78.000     91.807    tcbn65lphpbwplvttc       0 
INR2XD0HPBWP               1      2.400      0.085    tcbn65lphpbwptc          0 
INR2XD0HPBWPLVT           54    129.600     73.280    tcbn65lphpbwplvttc       0 
INR2XD1HPBWPLVT           36    115.200     67.995    tcbn65lphpbwplvttc       0 
INR2XD2HPBWP               2     10.400      0.873    tcbn65lphpbwptc          0 
INR2XD2HPBWPLVT           27    140.400    102.489    tcbn65lphpbwplvttc       0 
INR2XD4HPBWPLVT            8     83.200     75.682    tcbn65lphpbwplvttc       0 
INR3D0HPBWP                1      2.800      0.072    tcbn65lphpbwptc          0 
INR3D0HPBWPLVT            19     53.200     17.772    tcbn65lphpbwplvttc       0 
INR3D1HPBWPLVT            63    252.000     80.538    tcbn65lphpbwplvttc       0 
INR3D4HPBWPLVT             1      8.400      4.333    tcbn65lphpbwplvttc       0 
INR4D0HPBWPLVT             7     22.400      5.998    tcbn65lphpbwplvttc       0 
INR4D1HPBWPLVT             9     50.400      5.609    tcbn65lphpbwplvttc       0 
INVD0HPBWPLVT             16     19.200      7.851    tcbn65lphpbwplvttc       0 
INVD12HPBWPLVT            34    231.200    585.475    tcbn65lphpbwplvttc       0 
INVD16HPBWPLVT            34    312.800    797.986    tcbn65lphpbwplvttc       0 
INVD1HPBWP                60     72.000      6.000    tcbn65lphpbwptc          0 
INVD1HPBWPLVT            386    463.200    410.065    tcbn65lphpbwplvttc       0 
INVD2HPBWP                 4      6.400      0.868    tcbn65lphpbwptc          0 
INVD2HPBWPLVT            193    308.800    415.134    tcbn65lphpbwplvttc       0 
INVD3HPBWP                 2      4.800      0.699    tcbn65lphpbwptc          0 
INVD3HPBWPLVT            137    328.800    542.474    tcbn65lphpbwplvttc       0 
INVD4HPBWPLVT            127    355.600    653.816    tcbn65lphpbwplvttc       0 
INVD6HPBWPLVT            102    408.000    941.656    tcbn65lphpbwplvttc       0 
INVD8HPBWPLVT             49    235.200    631.851    tcbn65lphpbwplvttc       0 
IOA21D1HPBWPLVT          262    733.600    421.159    tcbn65lphpbwplvttc       0 
IOA21D2HPBWP               1      4.000      0.473    tcbn65lphpbwptc          0 
IOA21D2HPBWPLVT          314   1256.000   1132.125    tcbn65lphpbwplvttc       0 
IOA21D4HPBWP               1      6.400      0.785    tcbn65lphpbwptc          0 
IOA21D4HPBWPLVT           79    505.600    485.824    tcbn65lphpbwplvttc       0 
IOA22D1HPBWPLVT           34    122.400     50.887    tcbn65lphpbwplvttc       0 
IOA22D2HPBWPLVT           17     81.600     95.494    tcbn65lphpbwplvttc       0 
IOA22D4HPBWPLVT            5     38.000     49.861    tcbn65lphpbwplvttc       0 
MAOI222D1HPBWPLVT          9     28.800     12.970    tcbn65lphpbwplvttc       0 
MAOI22D0HPBWPLVT           4     12.800      7.347    tcbn65lphpbwplvttc       0 
MAOI22D1HPBWP              5     16.000      1.649    tcbn65lphpbwptc          0 
MAOI22D1HPBWPLVT         251    803.200    840.707    tcbn65lphpbwplvttc       0 
MAOI22D2HPBWP              1      4.800      0.517    tcbn65lphpbwptc          0 
MAOI22D2HPBWPLVT          16     76.800     79.652    tcbn65lphpbwplvttc       0 
MOAI22D0HPBWPLVT           1      3.200      1.269    tcbn65lphpbwplvttc       0 
MOAI22D1HPBWP              8     25.600      2.132    tcbn65lphpbwptc          0 
MOAI22D1HPBWPLVT         592   1894.400   1477.269    tcbn65lphpbwplvttc       0 
MOAI22D2HPBWPLVT          23    110.400    112.111    tcbn65lphpbwplvttc       0 
MUX2D0HPBWP                9     32.400      1.470    tcbn65lphpbwptc          0 
MUX2D0HPBWPLVT            82    295.200    153.554    tcbn65lphpbwplvttc       0 
MUX2D1HPBWP                3     12.000      1.246    tcbn65lphpbwptc          0 
MUX2D1HPBWPLVT            79    316.000    347.812    tcbn65lphpbwplvttc       0 
MUX2D2HPBWPLVT            37    162.800    214.917    tcbn65lphpbwplvttc       0 
MUX2D4HPBWPLVT            55    374.000    712.541    tcbn65lphpbwplvttc       0 
MUX2ND0HPBWP               1      3.200      0.168    tcbn65lphpbwptc          0 
MUX2ND0HPBWPLVT           40    128.000     61.130    tcbn65lphpbwplvttc       0 
MUX2ND1HPBWP               1      4.800      0.507    tcbn65lphpbwptc          0 
MUX2ND1HPBWPLVT            3     14.400     16.281    tcbn65lphpbwplvttc       0 
MUX2ND4HPBWPLVT            1      8.000     15.751    tcbn65lphpbwplvttc       0 
MUX4ND0HPBWPLVT            3     24.000     17.619    tcbn65lphpbwplvttc       0 
ND2D0HPBWPLVT              2      3.200      0.677    tcbn65lphpbwplvttc       0 
ND2D1HPBWP                12     19.200      0.886    tcbn65lphpbwptc          0 
ND2D1HPBWPLVT            495    792.000    322.849    tcbn65lphpbwplvttc       0 
ND2D2HPBWP                42    117.600      6.463    tcbn65lphpbwptc          0 
ND2D2HPBWPLVT           1305   3654.000   2039.877    tcbn65lphpbwplvttc       0 
ND2D3HPBWPLVT            347   1388.000    993.560    tcbn65lphpbwplvttc       0 
ND2D4HPBWPLVT            262   1257.600   1047.722    tcbn65lphpbwplvttc       0 
ND2D8HPBWP                 2     18.400      2.470    tcbn65lphpbwptc          0 
ND2D8HPBWPLVT             92    846.400    596.860    tcbn65lphpbwplvttc       0 
ND3D0HPBWPLVT              2      4.800      0.650    tcbn65lphpbwplvttc       0 
ND3D1HPBWPLVT             72    172.800     26.285    tcbn65lphpbwplvttc       0 
ND3D2HPBWP                 3     12.000      0.348    tcbn65lphpbwptc          0 
ND3D2HPBWPLVT             41    164.000     74.602    tcbn65lphpbwplvttc       0 
ND3D3HPBWPLVT            158    821.600    745.027    tcbn65lphpbwplvttc       0 
ND3D4HPBWPLVT            263   1788.400   1626.319    tcbn65lphpbwplvttc       0 
ND3D8HPBWPLVT             15    204.000    184.891    tcbn65lphpbwplvttc       0 
ND4D1HPBWPLVT             58    162.400     88.434    tcbn65lphpbwplvttc       0 
ND4D2HPBWP                 3     15.600      0.349    tcbn65lphpbwptc          0 
ND4D2HPBWPLVT             30    156.000     37.283    tcbn65lphpbwplvttc       0 
ND4D3HPBWPLVT             11     74.800     10.652    tcbn65lphpbwplvttc       0 
ND4D4HPBWPLVT              2     19.200      1.758    tcbn65lphpbwplvttc       0 
ND4D8HPBWPLVT             16    134.400    324.030    tcbn65lphpbwplvttc       0 
NR2D0HPBWPLVT              4      6.400      1.041    tcbn65lphpbwplvttc       0 
NR2D1HPBWP                 5      8.000      0.628    tcbn65lphpbwptc          0 
NR2D1HPBWPLVT             64    102.400     56.011    tcbn65lphpbwplvttc       0 
NR2D2HPBWPLVT             73    204.400    156.912    tcbn65lphpbwplvttc       0 
NR2D3HPBWPLVT             52    208.000    336.185    tcbn65lphpbwplvttc       0 
NR2D4HPBWPLVT             62    297.600    755.180    tcbn65lphpbwplvttc       0 
NR2D8HPBWP                 1      9.200      1.412    tcbn65lphpbwptc          0 
NR2D8HPBWPLVT             49    450.800    705.910    tcbn65lphpbwplvttc       0 
NR2XD0HPBWP                1      1.600      0.093    tcbn65lphpbwptc          0 
NR2XD0HPBWPLVT           314    502.400    130.374    tcbn65lphpbwplvttc       0 
NR2XD1HPBWP               12     33.600      1.820    tcbn65lphpbwptc          0 
NR2XD1HPBWPLVT            94    263.200     69.323    tcbn65lphpbwplvttc       0 
NR2XD2HPBWP                2      9.600      1.015    tcbn65lphpbwptc          0 
NR2XD2HPBWPLVT           210   1008.000    710.568    tcbn65lphpbwplvttc       0 
NR2XD3HPBWPLVT           124    843.200   1009.674    tcbn65lphpbwplvttc       0 
NR2XD4HPBWPLVT           109   1002.800   1196.747    tcbn65lphpbwplvttc       0 
NR2XD8HPBWPLVT            28    481.600    483.336    tcbn65lphpbwplvttc       0 
NR3D0HPBWPLVT             50    120.000     19.633    tcbn65lphpbwplvttc       0 
NR3D1HPBWP                 1      3.600      0.044    tcbn65lphpbwptc          0 
NR3D1HPBWPLVT             33    118.800      7.294    tcbn65lphpbwplvttc       0 
NR3D2HPBWP                 2     12.800      0.181    tcbn65lphpbwptc          0 
NR3D2HPBWPLVT              8     51.200     38.077    tcbn65lphpbwplvttc       0 
NR3D3HPBWPLVT             19    182.400    157.848    tcbn65lphpbwplvttc       0 
NR3D4HPBWPLVT             12    139.200    145.835    tcbn65lphpbwplvttc       0 
NR3D8HPBWPLVT              5    106.000    169.052    tcbn65lphpbwplvttc       0 
NR4D0HPBWP                 1      2.800      0.051    tcbn65lphpbwptc          0 
NR4D0HPBWPLVT             53    148.400     81.296    tcbn65lphpbwplvttc       0 
NR4D1HPBWP                 1      4.800      0.081    tcbn65lphpbwptc          0 
NR4D1HPBWPLVT             18     86.400      1.349    tcbn65lphpbwplvttc       0 
OA211D1HPBWPLVT            8     25.600     24.752    tcbn65lphpbwplvttc       0 
OA211D4HPBWPLVT            5     36.000     25.251    tcbn65lphpbwplvttc       0 
OA21D0HPBWPLVT             2      5.600      2.244    tcbn65lphpbwplvttc       0 
OA21D1HPBWP                1      2.800      0.306    tcbn65lphpbwptc          0 
OA21D1HPBWPLVT            64    179.200    173.016    tcbn65lphpbwplvttc       0 
OA21D2HPBWP                1      3.200      0.421    tcbn65lphpbwptc          0 
OA21D2HPBWPLVT            58    185.600    252.780    tcbn65lphpbwplvttc       0 
OA21D4HPBWPLVT             9     57.600     78.797    tcbn65lphpbwplvttc       0 
OA221D0HPBWPLVT            1      4.000      1.544    tcbn65lphpbwplvttc       0 
OA221D1HPBWPLVT           62    248.000    162.328    tcbn65lphpbwplvttc       0 
OA221D4HPBWPLVT            2     17.600     12.817    tcbn65lphpbwplvttc       0 
OA222D1HPBWP               1      4.800      0.318    tcbn65lphpbwptc          0 
OA222D1HPBWPLVT            4     19.200     10.796    tcbn65lphpbwplvttc       0 
OA222D2HPBWPLVT            2     10.400      9.438    tcbn65lphpbwplvttc       0 
OA22D0HPBWPLVT             1      3.600      1.523    tcbn65lphpbwplvttc       0 
OA22D1HPBWPLVT            29    104.400     62.485    tcbn65lphpbwplvttc       0 
OA22D4HPBWPLVT             1      7.200      8.869    tcbn65lphpbwplvttc       0 
OA31D1HPBWPLVT             3      9.600     13.018    tcbn65lphpbwplvttc       0 
OAI211D1HPBWP              1      2.800      0.154    tcbn65lphpbwptc          0 
OAI211D1HPBWPLVT          19     53.200     24.652    tcbn65lphpbwplvttc       0 
OAI211D2HPBWPLVT           4     19.200     13.229    tcbn65lphpbwplvttc       0 
OAI211D4HPBWPLVT          19    182.400    126.539    tcbn65lphpbwplvttc       0 
OAI21D0HPBWPLVT            2      4.800      1.010    tcbn65lphpbwplvttc       0 
OAI21D1HPBWPLVT           63    151.200     77.354    tcbn65lphpbwplvttc       0 
OAI21D2HPBWPLVT           66    264.000    188.513    tcbn65lphpbwplvttc       0 
OAI21D4HPBWPLVT           76    547.200    356.718    tcbn65lphpbwplvttc       0 
OAI221D0HPBWPLVT          94    300.800     69.179    tcbn65lphpbwplvttc       0 
OAI221D1HPBWPLVT          45    162.000     56.757    tcbn65lphpbwplvttc       0 
OAI221D2HPBWPLVT           2     12.800      5.326    tcbn65lphpbwplvttc       0 
OAI222D0HPBWPLVT          20     72.000     14.907    tcbn65lphpbwplvttc       0 
OAI222D1HPBWPLVT          18     72.000     25.082    tcbn65lphpbwplvttc       0 
OAI222D2HPBWPLVT           1      7.600      2.802    tcbn65lphpbwplvttc       0 
OAI22D0HPBWPLVT            5     14.000      1.899    tcbn65lphpbwplvttc       0 
OAI22D1HPBWP               1      2.800      0.132    tcbn65lphpbwptc          0 
OAI22D1HPBWPLVT           73    204.400     73.821    tcbn65lphpbwplvttc       0 
OAI22D2HPBWP               1      4.800      0.322    tcbn65lphpbwptc          0 
OAI22D2HPBWPLVT           15     72.000     41.622    tcbn65lphpbwplvttc       0 
OAI22D4HPBWPLVT            2     19.200      5.791    tcbn65lphpbwplvttc       0 
OAI31D1HPBWPLVT            5     14.000      7.930    tcbn65lphpbwplvttc       0 
OAI31D2HPBWPLVT            5     24.000     17.474    tcbn65lphpbwplvttc       0 
OAI31D4HPBWP               1      9.200      0.938    tcbn65lphpbwptc          0 
OAI32D1HPBWPLVT            3      9.600      4.818    tcbn65lphpbwplvttc       0 
OR2D0HPBWPLVT              1      2.400      2.284    tcbn65lphpbwplvttc       0 
OR2D1HPBWP                 1      2.400      0.183    tcbn65lphpbwptc          0 
OR2D1HPBWPLVT             28     67.200     53.130    tcbn65lphpbwplvttc       0 
OR2D2HPBWP                 1      2.800      0.331    tcbn65lphpbwptc          0 
OR2D2HPBWPLVT              6     16.800     23.200    tcbn65lphpbwplvttc       0 
OR2D4HPBWP                 2      9.600      1.414    tcbn65lphpbwptc          0 
OR2D4HPBWPLVT             42    201.600    358.861    tcbn65lphpbwplvttc       0 
OR2D8HPBWPLVT              5     40.000     95.072    tcbn65lphpbwplvttc       0 
OR2XD1HPBWPLVT            29     69.600     79.598    tcbn65lphpbwplvttc       0 
OR3D1HPBWPLVT              5     14.000      8.904    tcbn65lphpbwplvttc       0 
OR3XD1HPBWPLVT             2      5.600      4.332    tcbn65lphpbwplvttc       0 
OR4D1HPBWPLVT             21     67.200     57.762    tcbn65lphpbwplvttc       0 
OR4D2HPBWPLVT              1      4.000      3.702    tcbn65lphpbwplvttc       0 
XNR2D0HPBWPLVT             2      8.000      6.035    tcbn65lphpbwplvttc       0 
XNR2D1HPBWP                3     12.000      1.245    tcbn65lphpbwptc          0 
XNR2D1HPBWPLVT           271   1084.000   1268.285    tcbn65lphpbwplvttc       0 
XOR2D0HPBWP                4     16.000      1.050    tcbn65lphpbwptc          0 
XOR2D0HPBWPLVT             4     16.000     13.421    tcbn65lphpbwplvttc       0 
XOR2D1HPBWPLVT           449   1796.000   2443.591    tcbn65lphpbwplvttc       0 
XOR2D2HPBWP                1      4.400      0.600    tcbn65lphpbwptc          0 
XOR2D2HPBWPLVT             3     13.200     15.445    tcbn65lphpbwplvttc       0 
---------------------------------------------------------------------------------
total                  16765  75582.400  63408.118                       


                                                     Leakage  Leakage 
      Library      Instances Instances %    Area   Power (nW) Power % 
----------------------------------------------------------------------
tcbn65lphpbwplvttc     16094        96.0 73566.400  63244.877    99.7 
tcbn65lphpbwptc          671         4.0  2016.000    163.241     0.3 

                                            Leakage  Leakage 
     Type      Instances    Area   Area % Power (nW) Power % 
-------------------------------------------------------------
sequential          2704 23464.000   31.0  15939.726    25.1 
inverter            1402  3446.800    4.6   5782.519     9.1 
buffer               670  1968.000    2.6   3240.400     5.1 
logic              11989 46703.600   61.8  38445.473    60.6 
physical_cells         0     0.000    0.0      0.000     0.0 
-------------------------------------------------------------
total              16765 75582.400  100.0  63408.118   100.0 

