============================================================
  Generated by:           Genus(TM) Synthesis Solution 19.11-s087_1
  Generated on:           Aug 20 2021  10:36:35 am
  Module:                 top_nft
  Operating conditions:   NCCOM 
  Operating conditions:   WCCOM 
  Operating conditions:   WCCOM 
  Operating conditions:   BCCOM 
  Interconnect mode:      global
  Area mode:              physical library
============================================================

Timing
--------

 Analysis view Clock Period 
----------------------------
view_typ       clk   1333.0 
view_slow      clk   1333.0 
view_superslow clk   1333.0 
view_fast      clk   1333.0 


   Analysis      Cost   Critical           Violating 
     View       Group  Path Slack   TNS      Paths   
-----------------------------------------------------
view_typ           C2C      284.3     0.0          0 
                   C2O      407.1     0.0          0 
                   clk   No paths     0.0          0 
               default   No paths     0.0          0 
                   I2C      434.0     0.0          0 
                   I2O      556.8     0.0          0 
-----------------------------------------------------
Total                                -0.0          0 
                                                     
view_slow          C2C     -369.2 -8971.4         42 
                   C2O      -92.6   -92.6          1 
                   clk   No paths     0.0          0 
               default   No paths     0.0          0 
                   I2C      -62.4  -451.5         20 
                   I2O      214.2     0.0          0 
-----------------------------------------------------
Total                             -9064.0         63 
                                                     
view_superslow     C2C     -369.2 -8971.4         42 
                   C2O      -92.6   -92.6          1 
                   clk   No paths     0.0          0 
               default   No paths     0.0          0 
                   I2C      -62.4  -451.5         20 
                   I2O      214.2     0.0          0 
-----------------------------------------------------
Total                             -9064.0         63 
                                                     
view_fast          C2C      563.4     0.0          0 
                   C2O      621.9     0.0          0 
                   clk   No paths     0.0          0 
               default   No paths     0.0          0 
                   I2C      641.5     0.0          0 
                   I2O      700.0     0.0          0 
-----------------------------------------------------
Total                                -0.0          0 
                                                     

Instance Count
--------------
Leaf Instance Count             30631 
Physical Instance count             0 
Sequential Instance Count        2704 
Combinational Instance Count    27927 
Hierarchical Instance Count        37 

Area
----
Cell Area                          132639.120
Physical Cell Area                 0.000
Total Cell Area (Cell+Physical)    132639.120
Net Area                           41.622
Total Area (Cell+Physical+Net)     132680.742

Runtime                            1.0 seconds
Elapsed Runtime                    279 seconds
Genus peak memory usage            1564.42 
Innovus peak memory usage          no_value 
Hostname                           epi03.bsc.es
