============================================================
  Generated by:           Genus(TM) Synthesis Solution 19.11-s087_1
  Generated on:           Aug 20 2021  10:47:34 am
  Module:                 top_nft
  Operating conditions:   NCCOM 
  Operating conditions:   WCCOM 
  Operating conditions:   WCCOM 
  Operating conditions:   BCCOM 
  Interconnect mode:      global
  Area mode:              physical library
============================================================

Timing
--------

 Analysis view Clock Period 
----------------------------
view_typ       clk   1333.0 
view_slow      clk   1333.0 
view_superslow clk   1333.0 
view_fast      clk   1333.0 


   Analysis      Cost   Critical            Violating 
     View       Group  Path Slack    TNS      Paths   
------------------------------------------------------
view_typ           C2C      369.1      0.0          0 
                   C2O      380.6      0.0          0 
                   clk   No paths      0.0          0 
               default   No paths      0.0          0 
                   I2C      413.4      0.0          0 
                   I2O      425.6      0.0          0 
------------------------------------------------------
Total                                 -0.0          0 
                                                      
view_slow          C2C     -240.8  -9234.2        103 
                   C2O     -139.0   -382.9         10 
                   clk   No paths      0.0          0 
               default   No paths      0.0          0 
                   I2C      -91.9  -2415.4         29 
                   I2O       12.5      0.0          0 
------------------------------------------------------
Total                              -9617.1        142 
                                                      
view_superslow     C2C     -279.0 -13933.4        126 
                   C2O     -166.7  -1008.4         32 
                   clk   No paths      0.0          0 
               default   No paths      0.0          0 
                   I2C     -125.3  -3452.0         32 
                   I2O      -10.9    -10.9          1 
------------------------------------------------------
Total                             -14941.8        191 
                                                      
view_fast          C2C      654.5      0.0          0 
                   C2O      628.2      0.0          0 
                   clk   No paths      0.0          0 
               default   No paths      0.0          0 
                   I2C      653.0      0.0          0 
                   I2O      623.9      0.0          0 
------------------------------------------------------
Total                                 -0.0          0 
                                                      

Instance Count
--------------
Leaf Instance Count             16146 
Physical Instance count             0 
Sequential Instance Count        2704 
Combinational Instance Count    13442 
Hierarchical Instance Count         3 

Area
----
Cell Area                          73002.400
Physical Cell Area                 0.000
Total Cell Area (Cell+Physical)    73002.400
Net Area                           30019.136
Total Area (Cell+Physical+Net)     103021.536

Runtime                            79.19811900000002 seconds
Elapsed Runtime                    938 seconds
Genus peak memory usage            1582.19 
Innovus peak memory usage          no_value 
Hostname                           epi03.bsc.es
