============================================================
  Generated by:           Genus(TM) Synthesis Solution 19.11-s087_1
  Generated on:           Aug 20 2021  10:47:39 am
  Module:                 top_nft
  Operating conditions:   NCCOM 
  Operating conditions:   WCCOM 
  Operating conditions:   WCCOM 
  Operating conditions:   BCCOM 
  Interconnect mode:      global
  Area mode:              physical library
============================================================

                                          Leakage                        Library 
       Gate        Instances    Area    Power (nW)        Library         Domain 
---------------------------------------------------------------------------------
AN2D0HPBWPLVT              2      4.800      1.598    tcbn65lphpbwplvttc       0 
AN2D1HPBWPLVT              1      2.400      1.867    tcbn65lphpbwplvttc       0 
AN2D2HPBWPLVT            142    397.600    354.921    tcbn65lphpbwplvttc       0 
AN2D4HPBWP                 2      9.600      1.499    tcbn65lphpbwptc          0 
AN2D4HPBWPLVT            141    676.800    656.718    tcbn65lphpbwplvttc       0 
AN2D8HPBWP                 1      8.000      1.530    tcbn65lphpbwptc          0 
AN2D8HPBWPLVT             33    264.000    327.241    tcbn65lphpbwplvttc       0 
AN2XD1HPBWP                4      9.600      0.876    tcbn65lphpbwptc          0 
AN2XD1HPBWPLVT           114    273.600    220.433    tcbn65lphpbwplvttc       0 
AN3D2HPBWPLVT              4     12.800      9.188    tcbn65lphpbwplvttc       0 
AN3D4HPBWPLVT              6     36.000     28.761    tcbn65lphpbwplvttc       0 
AN3D8HPBWPLVT              8     76.800     52.300    tcbn65lphpbwplvttc       0 
AN3XD1HPBWPLVT            40    112.000     66.927    tcbn65lphpbwplvttc       0 
AN4D2HPBWPLVT              8     32.000     16.592    tcbn65lphpbwplvttc       0 
AN4D4HPBWPLVT             20    144.000     65.750    tcbn65lphpbwplvttc       0 
AN4D8HPBWPLVT              5     56.000     29.854    tcbn65lphpbwplvttc       0 
AN4XD1HPBWPLVT            24     76.800     58.037    tcbn65lphpbwplvttc       0 
AO211D1HPBWPLVT            6     19.200     23.774    tcbn65lphpbwplvttc       0 
AO21D1HPBWPLVT            62    173.600    222.510    tcbn65lphpbwplvttc       0 
AO21D2HPBWPLVT             4     12.800     17.804    tcbn65lphpbwplvttc       0 
AO21D4HPBWPLVT            12     72.000    111.851    tcbn65lphpbwplvttc       0 
AO221D0HPBWPLVT            7     28.000     11.738    tcbn65lphpbwplvttc       0 
AO221D1HPBWPLVT            8     35.200     27.334    tcbn65lphpbwplvttc       0 
AO221D4HPBWPLVT            6     52.800     55.210    tcbn65lphpbwplvttc       0 
AO222D1HPBWPLVT           16     76.800     47.549    tcbn65lphpbwplvttc       0 
AO22D0HPBWP                2      6.400      0.233    tcbn65lphpbwptc          0 
AO22D0HPBWPLVT           144    460.800    175.170    tcbn65lphpbwplvttc       0 
AO22D1HPBWPLVT           146    525.600    323.632    tcbn65lphpbwplvttc       0 
AO22D2HPBWP                3     12.000      1.018    tcbn65lphpbwptc          0 
AO22D2HPBWPLVT            11     44.000     31.088    tcbn65lphpbwplvttc       0 
AO22D4HPBWPLVT            17    122.400    102.173    tcbn65lphpbwplvttc       0 
AO31D1HPBWPLVT            26     83.200     63.299    tcbn65lphpbwplvttc       0 
AO31D2HPBWPLVT             1      4.000      4.880    tcbn65lphpbwplvttc       0 
AO31D4HPBWPLVT             4     28.800     44.195    tcbn65lphpbwplvttc       0 
AO32D1HPBWPLVT             1      4.000      2.355    tcbn65lphpbwplvttc       0 
AOI211D1HPBWPLVT           3      8.400      9.626    tcbn65lphpbwplvttc       0 
AOI211D2HPBWPLVT           2      9.600      8.973    tcbn65lphpbwplvttc       0 
AOI211XD0HPBWPLVT         15     42.000     22.584    tcbn65lphpbwplvttc       0 
AOI211XD1HPBWPLVT          9     43.200     26.265    tcbn65lphpbwplvttc       0 
AOI211XD2HPBWPLVT          6     55.200     20.998    tcbn65lphpbwplvttc       0 
AOI211XD4HPBWPLVT          1     17.600     17.007    tcbn65lphpbwplvttc       0 
AOI21D0HPBWPLVT            1      2.400      0.548    tcbn65lphpbwplvttc       0 
AOI21D1HPBWPLVT           56    134.400     97.471    tcbn65lphpbwplvttc       0 
AOI21D2HPBWP               1      4.000      0.341    tcbn65lphpbwptc          0 
AOI21D2HPBWPLVT          164    656.000    678.067    tcbn65lphpbwplvttc       0 
AOI21D4HPBWP              10     72.000      7.380    tcbn65lphpbwptc          0 
AOI21D4HPBWPLVT           83    597.600    769.178    tcbn65lphpbwplvttc       0 
AOI221D0HPBWP              2      6.400      0.156    tcbn65lphpbwptc          0 
AOI221D0HPBWPLVT          29     92.800     38.304    tcbn65lphpbwplvttc       0 
AOI221D1HPBWP              5     18.000      1.272    tcbn65lphpbwptc          0 
AOI221D1HPBWPLVT         127    457.200    333.833    tcbn65lphpbwplvttc       0 
AOI221D2HPBWPLVT          60    384.000    405.576    tcbn65lphpbwplvttc       0 
AOI221XD4HPBWPLVT          3     36.000     40.044    tcbn65lphpbwplvttc       0 
AOI222D0HPBWP              1      4.000      0.095    tcbn65lphpbwptc          0 
AOI222D0HPBWPLVT          59    236.000     74.783    tcbn65lphpbwplvttc       0 
AOI222D1HPBWP              9     39.600      1.788    tcbn65lphpbwptc          0 
AOI222D1HPBWPLVT          96    422.400    177.938    tcbn65lphpbwplvttc       0 
AOI222D2HPBWP              1      7.200      0.392    tcbn65lphpbwptc          0 
AOI222D2HPBWPLVT           8     57.600     37.059    tcbn65lphpbwplvttc       0 
AOI222XD4HPBWPLVT          7     98.000     57.123    tcbn65lphpbwplvttc       0 
AOI22D0HPBWP               1      2.800      0.072    tcbn65lphpbwptc          0 
AOI22D0HPBWPLVT            1      2.800      0.925    tcbn65lphpbwplvttc       0 
AOI22D1HPBWP               7     19.600      1.059    tcbn65lphpbwptc          0 
AOI22D1HPBWPLVT          527   1475.600    932.641    tcbn65lphpbwplvttc       0 
AOI22D2HPBWP              21    100.800      7.717    tcbn65lphpbwptc          0 
AOI22D2HPBWPLVT           85    408.000    234.940    tcbn65lphpbwplvttc       0 
AOI22D4HPBWPLVT           17    170.000     92.424    tcbn65lphpbwplvttc       0 
AOI31D1HPBWPLVT           16     44.800     18.335    tcbn65lphpbwplvttc       0 
AOI31D2HPBWPLVT            3     14.400     14.264    tcbn65lphpbwplvttc       0 
AOI31D4HPBWPLVT            4     38.400     32.735    tcbn65lphpbwplvttc       0 
AOI32D1HPBWPLVT            8     25.600     13.941    tcbn65lphpbwplvttc       0 
AOI32D2HPBWPLVT            1      6.000      3.544    tcbn65lphpbwplvttc       0 
AOI33D1HPBWPLVT            3     12.000      4.612    tcbn65lphpbwplvttc       0 
BUFFD0HPBWP                3      4.800      0.267    tcbn65lphpbwptc          0 
BUFFD12HPBWPLVT           12    110.400    278.673    tcbn65lphpbwplvttc       0 
BUFFD16HPBWPLVT            3     34.800     82.424    tcbn65lphpbwplvttc       0 
BUFFD2HPBWP                1      2.400      0.359    tcbn65lphpbwptc          0 
BUFFD2HPBWPLVT           128    307.200    461.642    tcbn65lphpbwplvttc       0 
BUFFD3HPBWP                1      2.800      0.472    tcbn65lphpbwptc          0 
BUFFD3HPBWPLVT            49    137.200    262.090    tcbn65lphpbwplvttc       0 
BUFFD4HPBWP                1      4.000      0.729    tcbn65lphpbwptc          0 
BUFFD4HPBWPLVT            52    208.000    434.304    tcbn65lphpbwplvttc       0 
BUFFD6HPBWP                1      4.800      0.952    tcbn65lphpbwptc          0 
BUFFD6HPBWPLVT            21    100.800    234.754    tcbn65lphpbwplvttc       0 
BUFFD8HPBWP                1      6.400      1.350    tcbn65lphpbwptc          0 
BUFFD8HPBWPLVT            33    211.200    512.948    tcbn65lphpbwplvttc       0 
CKAN2D0HPBWPLVT            1      2.400      0.981    tcbn65lphpbwplvttc       0 
CKAN2D4HPBWPLVT            2      8.000      7.016    tcbn65lphpbwplvttc       0 
CKAN2D8HPBWPLVT            4     27.200     21.964    tcbn65lphpbwplvttc       0 
CKBD1HPBWP                 8     12.800      1.200    tcbn65lphpbwptc          0 
CKBD1HPBWPLVT              4      6.400      6.212    tcbn65lphpbwplvttc       0 
CKBD3HPBWPLVT              1      2.800      3.551    tcbn65lphpbwplvttc       0 
CKBD4HPBWPLVT             15     60.000     85.636    tcbn65lphpbwplvttc       0 
CKBD6HPBWPLVT              1      4.800      9.594    tcbn65lphpbwplvttc       0 
CKMUX2D0HPBWPLVT           2      8.000      4.013    tcbn65lphpbwplvttc       0 
CKMUX2D1HPBWP              2      8.000      0.661    tcbn65lphpbwptc          0 
CKMUX2D1HPBWPLVT          12     48.000     43.112    tcbn65lphpbwplvttc       0 
CKMUX2D2HPBWPLVT          23    101.200    102.306    tcbn65lphpbwplvttc       0 
CKMUX2D4HPBWPLVT          10     68.000     96.940    tcbn65lphpbwplvttc       0 
CKND0HPBWPLVT              7      8.400      2.515    tcbn65lphpbwplvttc       0 
CKND12HPBWPLVT            11     74.800    154.993    tcbn65lphpbwplvttc       0 
CKND16HPBWPLVT             3     27.600     52.374    tcbn65lphpbwplvttc       0 
CKND1HPBWP                 1      1.200      0.083    tcbn65lphpbwptc          0 
CKND1HPBWPLVT             75     90.000     51.060    tcbn65lphpbwplvttc       0 
CKND2D1HPBWPLVT            3      4.800      1.202    tcbn65lphpbwplvttc       0 
CKND2D2HPBWP               2      5.600      0.150    tcbn65lphpbwptc          0 
CKND2D2HPBWPLVT           36    100.800     22.994    tcbn65lphpbwplvttc       0 
CKND2D3HPBWPLVT           10     40.000     14.788    tcbn65lphpbwplvttc       0 
CKND2D4HPBWPLVT            4     19.200      8.925    tcbn65lphpbwplvttc       0 
CKND2D8HPBWPLVT            1      9.200      0.482    tcbn65lphpbwplvttc       0 
CKND2HPBWP                 3      4.800      0.438    tcbn65lphpbwptc          0 
CKND2HPBWPLVT             35     56.000     52.885    tcbn65lphpbwplvttc       0 
CKND3HPBWPLVT             28     67.200     74.148    tcbn65lphpbwplvttc       0 
CKND4HPBWP                 1      2.800      0.273    tcbn65lphpbwptc          0 
CKND4HPBWPLVT             57    159.600    184.078    tcbn65lphpbwplvttc       0 
CKND6HPBWPLVT             36    144.000    194.468    tcbn65lphpbwplvttc       0 
CKND8HPBWPLVT             19     91.200    138.760    tcbn65lphpbwplvttc       0 
CKXOR2D0HPBWPLVT           5     20.000     12.516    tcbn65lphpbwplvttc       0 
CKXOR2D1HPBWPLVT          17     68.000     75.584    tcbn65lphpbwplvttc       0 
CKXOR2D2HPBWPLVT          37    162.800    192.479    tcbn65lphpbwplvttc       0 
DFCND1HPBWPLVT             2     19.200     11.670    tcbn65lphpbwplvttc       0 
DFCNQD1HPBWPLVT           57    501.600    252.458    tcbn65lphpbwplvttc       0 
DFD1HPBWP                  5     40.000      3.061    tcbn65lphpbwptc          0 
DFD1HPBWPLVT             125   1000.000    758.773    tcbn65lphpbwplvttc       0 
DFD2HPBWPLVT              41    393.600    556.506    tcbn65lphpbwplvttc       0 
DFD4HPBWPLVT               2     24.800     42.045    tcbn65lphpbwplvttc       0 
DFKCND1HPBWP               3     27.600      1.737    tcbn65lphpbwptc          0 
DFKCND1HPBWPLVT          134   1232.800    755.446    tcbn65lphpbwplvttc       0 
DFKCND2HPBWP               1     10.400      1.198    tcbn65lphpbwptc          0 
DFKCND2HPBWPLVT           12    124.800    161.094    tcbn65lphpbwplvttc       0 
DFKCND4HPBWPLVT            8    105.600    169.830    tcbn65lphpbwplvttc       0 
DFKCNQD1HPBWP             20    168.000      8.473    tcbn65lphpbwptc          0 
DFKCNQD1HPBWPLVT        1235  10374.000   5281.349    tcbn65lphpbwplvttc       0 
DFKCNQD2HPBWP             10     88.000      7.264    tcbn65lphpbwptc          0 
DFKCNQD2HPBWPLVT         272   2393.600   1998.387    tcbn65lphpbwplvttc       0 
DFKCNQD4HPBWPLVT         429   4290.000   4571.159    tcbn65lphpbwplvttc       0 
DFKCSND1HPBWPLVT           4     41.600     23.164    tcbn65lphpbwplvttc       0 
DFQD1HPBWPLVT            334   2538.400   1450.699    tcbn65lphpbwplvttc       0 
EDFD4HPBWPLVT              2     30.400     44.874    tcbn65lphpbwplvttc       0 
EDFQD1HPBWPLVT             1     10.800      5.226    tcbn65lphpbwplvttc       0 
EDFQD4HPBWPLVT             7     86.800     95.012    tcbn65lphpbwplvttc       0 
FA1D2HPBWPLVT             12    148.800    261.142    tcbn65lphpbwplvttc       0 
FCICIND1HPBWPLVT           3     15.600     10.803    tcbn65lphpbwplvttc       0 
FCICOND1HPBWPLVT           1      3.600      1.274    tcbn65lphpbwplvttc       0 
HA1D0HPBWPLVT            119    761.600    838.313    tcbn65lphpbwplvttc       0 
HA1D1HPBWP                 1      6.800      0.935    tcbn65lphpbwptc          0 
HA1D2HPBWPLVT              2     16.000     23.263    tcbn65lphpbwplvttc       0 
HA1D4HPBWP                 1     12.000      1.972    tcbn65lphpbwptc          0 
HA1D4HPBWPLVT             11    132.000    225.787    tcbn65lphpbwplvttc       0 
HICIND1HPBWPLVT            1      7.600     11.261    tcbn65lphpbwplvttc       0 
HICIND2HPBWP               1      8.800      1.383    tcbn65lphpbwptc          0 
HICIND2HPBWPLVT            3     26.400     40.311    tcbn65lphpbwplvttc       0 
HICOND1HPBWPLVT            1      7.600      9.718    tcbn65lphpbwplvttc       0 
HICOND2HPBWP               1      8.800      1.265    tcbn65lphpbwptc          0 
IAO21D1HPBWPLVT           12     33.600     34.248    tcbn65lphpbwplvttc       0 
IAO21D2HPBWPLVT            5     20.000     41.499    tcbn65lphpbwplvttc       0 
IAO22D1HPBWPLVT            2      7.200      5.456    tcbn65lphpbwplvttc       0 
IIND4D2HPBWPLVT            1      6.800      2.581    tcbn65lphpbwplvttc       0 
IND2D0HPBWPLVT             4      9.600      5.701    tcbn65lphpbwplvttc       0 
IND2D1HPBWP               14     33.600      2.240    tcbn65lphpbwptc          0 
IND2D1HPBWPLVT           147    352.800    267.344    tcbn65lphpbwplvttc       0 
IND2D2HPBWP                8     25.600      2.890    tcbn65lphpbwptc          0 
IND2D2HPBWPLVT            95    304.000    293.018    tcbn65lphpbwplvttc       0 
IND2D4HPBWP                3     19.200      2.422    tcbn65lphpbwptc          0 
IND2D4HPBWPLVT            47    300.800    342.622    tcbn65lphpbwplvttc       0 
IND3D0HPBWPLVT             1      2.800      0.387    tcbn65lphpbwplvttc       0 
IND3D1HPBWP                1      2.800      0.063    tcbn65lphpbwptc          0 
IND3D1HPBWPLVT           141    394.800     82.421    tcbn65lphpbwplvttc       0 
IND3D2HPBWP                1      4.800      0.175    tcbn65lphpbwptc          0 
IND3D2HPBWPLVT            24    115.200     44.535    tcbn65lphpbwplvttc       0 
IND3D4HPBWPLVT            14    117.600    134.841    tcbn65lphpbwplvttc       0 
IND4D1HPBWPLVT             9     28.800      7.166    tcbn65lphpbwplvttc       0 
IND4D2HPBWPLVT             5     32.000      6.463    tcbn65lphpbwplvttc       0 
IND4D4HPBWPLVT             7     75.600     50.900    tcbn65lphpbwplvttc       0 
INR2D0HPBWPLVT             1      2.400      1.241    tcbn65lphpbwplvttc       0 
INR2D1HPBWP                3      7.200      0.465    tcbn65lphpbwptc          0 
INR2D1HPBWPLVT            28     67.200     42.615    tcbn65lphpbwplvttc       0 
INR2D2HPBWPLVT            45    144.000    159.919    tcbn65lphpbwplvttc       0 
INR2D4HPBWP                1      6.000      0.511    tcbn65lphpbwptc          0 
INR2D4HPBWPLVT             8     48.000     39.155    tcbn65lphpbwplvttc       0 
INR2XD0HPBWP               2      4.800      0.221    tcbn65lphpbwptc          0 
INR2XD0HPBWPLVT           64    153.600     88.093    tcbn65lphpbwplvttc       0 
INR2XD1HPBWP               1      3.200      0.300    tcbn65lphpbwptc          0 
INR2XD1HPBWPLVT           50    160.000    101.829    tcbn65lphpbwplvttc       0 
INR2XD2HPBWPLVT           15     78.000     55.075    tcbn65lphpbwplvttc       0 
INR2XD4HPBWPLVT            3     31.200     16.127    tcbn65lphpbwplvttc       0 
INR3D0HPBWPLVT            19     53.200     17.764    tcbn65lphpbwplvttc       0 
INR3D1HPBWPLVT            64    256.000     74.838    tcbn65lphpbwplvttc       0 
INR4D0HPBWPLVT             7     22.400      5.998    tcbn65lphpbwplvttc       0 
INR4D1HPBWPLVT            10     56.000      6.232    tcbn65lphpbwplvttc       0 
INR4D2HPBWPLVT             1      8.800      1.222    tcbn65lphpbwplvttc       0 
INVD0HPBWPLVT              1      1.200      0.463    tcbn65lphpbwplvttc       0 
INVD12HPBWP                1      6.800      1.756    tcbn65lphpbwptc          0 
INVD12HPBWPLVT            88    598.400   2050.603    tcbn65lphpbwplvttc       0 
INVD16HPBWPLVT            34    312.800    657.779    tcbn65lphpbwplvttc       0 
INVD1HPBWP                 6      7.200      0.600    tcbn65lphpbwptc          0 
INVD1HPBWPLVT            381    457.200    400.371    tcbn65lphpbwplvttc       0 
INVD2HPBWP                 3      4.800      0.635    tcbn65lphpbwptc          0 
INVD2HPBWPLVT            196    313.600    412.348    tcbn65lphpbwplvttc       0 
INVD3HPBWP                 2      4.800      0.729    tcbn65lphpbwptc          0 
INVD3HPBWPLVT             65    156.000    240.551    tcbn65lphpbwplvttc       0 
INVD4HPBWP                 7     19.600      3.403    tcbn65lphpbwptc          0 
INVD4HPBWPLVT            169    473.200    839.857    tcbn65lphpbwplvttc       0 
INVD6HPBWP                 2      8.000      1.528    tcbn65lphpbwptc          0 
INVD6HPBWPLVT            101    404.000    897.680    tcbn65lphpbwplvttc       0 
INVD8HPBWPLVT             53    254.400    635.504    tcbn65lphpbwplvttc       0 
IOA21D0HPBWPLVT            3      8.400      3.939    tcbn65lphpbwplvttc       0 
IOA21D1HPBWPLVT          196    548.800    313.294    tcbn65lphpbwplvttc       0 
IOA21D2HPBWP               1      4.000      0.474    tcbn65lphpbwptc          0 
IOA21D2HPBWPLVT          461   1844.000   1657.345    tcbn65lphpbwplvttc       0 
IOA21D4HPBWPLVT           25    160.000    156.376    tcbn65lphpbwplvttc       0 
IOA22D1HPBWPLVT           37    133.200     56.008    tcbn65lphpbwplvttc       0 
IOA22D2HPBWPLVT           20     96.000    112.085    tcbn65lphpbwplvttc       0 
IOA22D4HPBWPLVT            3     22.800     29.827    tcbn65lphpbwplvttc       0 
MAOI222D1HPBWPLVT          8     25.600     11.644    tcbn65lphpbwplvttc       0 
MAOI22D0HPBWPLVT           1      3.200      1.876    tcbn65lphpbwplvttc       0 
MAOI22D1HPBWPLVT         272    870.400    908.450    tcbn65lphpbwplvttc       0 
MAOI22D2HPBWPLVT           1      4.800      5.080    tcbn65lphpbwplvttc       0 
MAOI22D4HPBWPLVT           2     11.200     16.610    tcbn65lphpbwplvttc       0 
MOAI22D1HPBWPLVT         624   1996.800   1552.607    tcbn65lphpbwplvttc       0 
MOAI22D2HPBWPLVT           7     33.600     34.118    tcbn65lphpbwplvttc       0 
MUX2D0HPBWP                7     25.200      1.148    tcbn65lphpbwptc          0 
MUX2D0HPBWPLVT            72    259.200    134.714    tcbn65lphpbwplvttc       0 
MUX2D1HPBWP                2      8.000      0.825    tcbn65lphpbwptc          0 
MUX2D1HPBWPLVT            52    208.000    226.531    tcbn65lphpbwplvttc       0 
MUX2D2HPBWPLVT            96    422.400    565.942    tcbn65lphpbwplvttc       0 
MUX2D4HPBWPLVT            32    217.600    413.899    tcbn65lphpbwplvttc       0 
MUX2ND0HPBWPLVT           42    134.400     64.015    tcbn65lphpbwplvttc       0 
MUX2ND1HPBWPLVT            6     28.800     33.611    tcbn65lphpbwplvttc       0 
MUX2ND4HPBWPLVT            1      8.000     15.751    tcbn65lphpbwplvttc       0 
MUX4ND0HPBWPLVT            3     24.000     17.618    tcbn65lphpbwplvttc       0 
ND2D1HPBWP                14     22.400      1.014    tcbn65lphpbwptc          0 
ND2D1HPBWPLVT            453    724.800    295.825    tcbn65lphpbwplvttc       0 
ND2D2HPBWP                30     84.000      4.185    tcbn65lphpbwptc          0 
ND2D2HPBWPLVT           1364   3819.200   2129.669    tcbn65lphpbwplvttc       0 
ND2D3HPBWPLVT            284   1136.000    859.841    tcbn65lphpbwplvttc       0 
ND2D4HPBWPLVT            235   1128.000    907.344    tcbn65lphpbwplvttc       0 
ND2D8HPBWPLVT             57    524.400    399.803    tcbn65lphpbwplvttc       0 
ND3D1HPBWP                 1      2.400      0.159    tcbn65lphpbwptc          0 
ND3D1HPBWPLVT             67    160.800     21.923    tcbn65lphpbwplvttc       0 
ND3D2HPBWP                 5     20.000      0.400    tcbn65lphpbwptc          0 
ND3D2HPBWPLVT             33    132.000     49.911    tcbn65lphpbwplvttc       0 
ND3D3HPBWPLVT            202   1050.400    979.096    tcbn65lphpbwplvttc       0 
ND3D4HPBWPLVT            200   1360.000   1225.220    tcbn65lphpbwplvttc       0 
ND3D8HPBWPLVT              1     13.600     10.065    tcbn65lphpbwplvttc       0 
ND4D1HPBWPLVT             46    128.800     60.801    tcbn65lphpbwplvttc       0 
ND4D2HPBWPLVT             43    223.600     72.808    tcbn65lphpbwplvttc       0 
ND4D3HPBWP                 1      6.800      0.153    tcbn65lphpbwptc          0 
ND4D3HPBWPLVT              2     13.600      2.233    tcbn65lphpbwplvttc       0 
ND4D8HPBWPLVT             24    201.600    494.206    tcbn65lphpbwplvttc       0 
NR2D0HPBWPLVT              2      3.200      0.347    tcbn65lphpbwplvttc       0 
NR2D1HPBWPLVT             54     86.400     40.898    tcbn65lphpbwplvttc       0 
NR2D2HPBWP                 2      5.600      0.481    tcbn65lphpbwptc          0 
NR2D2HPBWPLVT             76    212.800    249.904    tcbn65lphpbwplvttc       0 
NR2D3HPBWP                 1      4.000      0.402    tcbn65lphpbwptc          0 
NR2D3HPBWPLVT             55    220.000    348.720    tcbn65lphpbwplvttc       0 
NR2D4HPBWPLVT             56    268.800    707.818    tcbn65lphpbwplvttc       0 
NR2D8HPBWPLVT             17    156.400    307.321    tcbn65lphpbwplvttc       0 
NR2XD0HPBWPLVT           336    537.600    152.924    tcbn65lphpbwplvttc       0 
NR2XD1HPBWP               16     44.800      2.966    tcbn65lphpbwptc          0 
NR2XD1HPBWPLVT            90    252.000     72.613    tcbn65lphpbwplvttc       0 
NR2XD2HPBWP                4     19.200      0.729    tcbn65lphpbwptc          0 
NR2XD2HPBWPLVT           272   1305.600   1142.477    tcbn65lphpbwplvttc       0 
NR2XD3HPBWP                3     20.400      1.840    tcbn65lphpbwptc          0 
NR2XD3HPBWPLVT            98    666.400    834.178    tcbn65lphpbwplvttc       0 
NR2XD4HPBWPLVT            60    552.000    400.227    tcbn65lphpbwplvttc       0 
NR2XD8HPBWPLVT            22    378.400    336.547    tcbn65lphpbwplvttc       0 
NR3D0HPBWPLVT             52    124.800     19.884    tcbn65lphpbwplvttc       0 
NR3D1HPBWPLVT             34    122.400     10.028    tcbn65lphpbwplvttc       0 
NR3D2HPBWP                 2     12.800      0.181    tcbn65lphpbwptc          0 
NR3D2HPBWPLVT              2     12.800     12.394    tcbn65lphpbwplvttc       0 
NR3D3HPBWPLVT             18    172.800    145.356    tcbn65lphpbwplvttc       0 
NR3D4HPBWPLVT              1     11.600      1.714    tcbn65lphpbwplvttc       0 
NR3D8HPBWPLVT              1     21.200     11.732    tcbn65lphpbwplvttc       0 
NR4D0HPBWPLVT             53    148.400     81.295    tcbn65lphpbwplvttc       0 
NR4D1HPBWP                 3     14.400      0.225    tcbn65lphpbwptc          0 
NR4D1HPBWPLVT             17     81.600      1.104    tcbn65lphpbwplvttc       0 
OA211D1HPBWPLVT            7     22.400     21.816    tcbn65lphpbwplvttc       0 
OA211D4HPBWPLVT            3     21.600     15.121    tcbn65lphpbwplvttc       0 
OA21D0HPBWPLVT             1      2.800      0.933    tcbn65lphpbwplvttc       0 
OA21D1HPBWPLVT            74    207.200    197.314    tcbn65lphpbwplvttc       0 
OA21D2HPBWPLVT            51    163.200    224.246    tcbn65lphpbwplvttc       0 
OA21D4HPBWPLVT             8     51.200     71.979    tcbn65lphpbwplvttc       0 
OA221D0HPBWPLVT            1      4.000      1.544    tcbn65lphpbwplvttc       0 
OA221D1HPBWPLVT           68    272.000    176.530    tcbn65lphpbwplvttc       0 
OA221D2HPBWPLVT            5     24.000     20.580    tcbn65lphpbwplvttc       0 
OA222D1HPBWPLVT            3     14.400      7.940    tcbn65lphpbwplvttc       0 
OA222D2HPBWPLVT            2     10.400      9.607    tcbn65lphpbwplvttc       0 
OA22D0HPBWPLVT             1      3.600      1.524    tcbn65lphpbwplvttc       0 
OA22D1HPBWPLVT            30    108.000     64.330    tcbn65lphpbwplvttc       0 
OA22D4HPBWPLVT             1      7.200      8.682    tcbn65lphpbwplvttc       0 
OA31D1HPBWPLVT             3      9.600     13.021    tcbn65lphpbwplvttc       0 
OAI211D1HPBWPLVT          19     53.200     25.875    tcbn65lphpbwplvttc       0 
OAI211D2HPBWPLVT          12     57.600     37.620    tcbn65lphpbwplvttc       0 
OAI211D4HPBWPLVT          15    144.000    102.591    tcbn65lphpbwplvttc       0 
OAI21D1HPBWPLVT           51    122.400     60.474    tcbn65lphpbwplvttc       0 
OAI21D2HPBWPLVT           66    264.000    181.594    tcbn65lphpbwplvttc       0 
OAI21D4HPBWP               1      7.200      0.572    tcbn65lphpbwptc          0 
OAI21D4HPBWPLVT           68    489.600    326.990    tcbn65lphpbwplvttc       0 
OAI221D0HPBWPLVT          55    176.000     40.622    tcbn65lphpbwplvttc       0 
OAI221D1HPBWP              4     14.400      0.712    tcbn65lphpbwptc          0 
OAI221D1HPBWPLVT          73    262.800     93.930    tcbn65lphpbwplvttc       0 
OAI221D2HPBWPLVT           3     19.200      8.973    tcbn65lphpbwplvttc       0 
OAI221XD4HPBWPLVT          1     12.000      5.007    tcbn65lphpbwplvttc       0 
OAI222D0HPBWPLVT          11     39.600      8.567    tcbn65lphpbwplvttc       0 
OAI222D1HPBWP              7     28.000      1.522    tcbn65lphpbwptc          0 
OAI222D1HPBWPLVT          26    104.000     35.197    tcbn65lphpbwplvttc       0 
OAI222D2HPBWPLVT           2     15.200      5.050    tcbn65lphpbwplvttc       0 
OAI22D0HPBWPLVT            5     14.000      1.899    tcbn65lphpbwplvttc       0 
OAI22D1HPBWP               1      2.800      0.132    tcbn65lphpbwptc          0 
OAI22D1HPBWPLVT           67    187.600     66.259    tcbn65lphpbwplvttc       0 
OAI22D2HPBWP               3     14.400      1.019    tcbn65lphpbwptc          0 
OAI22D2HPBWPLVT           17     81.600     46.324    tcbn65lphpbwplvttc       0 
OAI31D1HPBWPLVT            5     14.000      7.487    tcbn65lphpbwplvttc       0 
OAI31D2HPBWPLVT            6     28.800     24.329    tcbn65lphpbwplvttc       0 
OAI32D1HPBWPLVT            1      3.200      2.578    tcbn65lphpbwplvttc       0 
OAI32D2HPBWP               1      6.000      0.343    tcbn65lphpbwptc          0 
OAI32D2HPBWPLVT            1      6.000      2.161    tcbn65lphpbwplvttc       0 
OR2D1HPBWPLVT             30     72.000     56.747    tcbn65lphpbwplvttc       0 
OR2D2HPBWP                 1      2.800      0.331    tcbn65lphpbwptc          0 
OR2D2HPBWPLVT             14     39.200     53.345    tcbn65lphpbwplvttc       0 
OR2D4HPBWPLVT             26    124.800    221.420    tcbn65lphpbwplvttc       0 
OR2D8HPBWPLVT             16    128.000    288.145    tcbn65lphpbwplvttc       0 
OR2XD1HPBWPLVT            25     60.000     70.658    tcbn65lphpbwplvttc       0 
OR3D1HPBWPLVT              4     11.200      7.043    tcbn65lphpbwplvttc       0 
OR3D4HPBWPLVT              2     12.000     18.156    tcbn65lphpbwplvttc       0 
OR4D1HPBWPLVT             19     60.800     54.798    tcbn65lphpbwplvttc       0 
OR4D2HPBWPLVT              2      8.000      7.404    tcbn65lphpbwplvttc       0 
OR4D4HPBWPLVT              1      6.800      9.229    tcbn65lphpbwplvttc       0 
XNR2D1HPBWPLVT           268   1072.000   1254.226    tcbn65lphpbwplvttc       0 
XOR2D0HPBWP                7     28.000      1.839    tcbn65lphpbwptc          0 
XOR2D0HPBWPLVT             5     20.000     16.826    tcbn65lphpbwplvttc       0 
XOR2D1HPBWPLVT           466   1864.000   2536.818    tcbn65lphpbwplvttc       0 
---------------------------------------------------------------------------------
total                  16146  73002.400  62195.220                       


                                                     Leakage  Leakage 
      Library      Instances Instances %    Area   Power (nW) Power % 
----------------------------------------------------------------------
tcbn65lphpbwplvttc     15836        98.1 71695.600  62095.982    99.8 
tcbn65lphpbwptc          310         1.9  1306.800     99.238     0.2 

                                            Leakage  Leakage 
     Type      Instances    Area   Area % Power (nW) Power % 
-------------------------------------------------------------
sequential          2704 23502.000   32.2  16199.422    26.0 
inverter            1385  3749.600    5.1   7049.878    11.3 
buffer               335  1221.600    1.7   2377.157     3.8 
logic              11722 44529.200   61.0  36568.763    58.8 
physical_cells         0     0.000    0.0      0.000     0.0 
-------------------------------------------------------------
total              16146 73002.400  100.0  62195.220   100.0 

