============================================================
  Generated by:           Genus(TM) Synthesis Solution 19.11-s087_1
  Generated on:           Aug 20 2021  10:47:39 am
  Module:                 top_nft
  Operating conditions:   NCCOM 
  Operating conditions:   WCCOM 
  Operating conditions:   WCCOM 
  Operating conditions:   BCCOM 
  Interconnect mode:      global
  Area mode:              physical library
============================================================


Path 1: VIOLATED (-125 ps) Setup Check with Pin dut_pmu_ahb_inst_pmu_raw_inst_quota/suma_int_reg[21]/CP->D
           View: view_superslow
          Group: I2C
     Startpoint: (F) hwdata_i[30]
          Clock: (R) clk
       Endpoint: (R) dut_pmu_ahb_inst_pmu_raw_inst_quota/suma_int_reg[21]/D
          Clock: (R) clk

                     Capture       Launch     
        Clock Edge:+    1333            0     
        Drv Adjust:+       0            0     
       Src Latency:+       0            0     
       Net Latency:+       0 (I)        0 (I) 
           Arrival:=    1333            0     
                                              
             Setup:-      78                  
     Required Time:=    1255                  
      Launch Clock:-       0                  
       Input Delay:-     100                  
         Data Path:-    1280                  
             Slack:=    -125                  

Exceptions/Constraints:
  input_delay             100             tmp_sdc_view_typ.sdc_line_11243 

#-----------------------------------------------------------------------------------------------------------------------------------------
#                      Timing Point                       Flags    Arc   Edge       Cell        Fanout  Load Trans Delay Arrival Instance 
#                                                                                                       (fF)  (ps)  (ps)   (ps)  Location 
#-----------------------------------------------------------------------------------------------------------------------------------------
  hwdata_i[30]                                            -       -      F     (arrival)             1  13.2   200     0     100    (-,-) 
  g222091/ZN                                              -       A1->ZN R     ND2D8HPBWPLVT         3  15.6    61    60     160    (-,-) 
  g221660/ZN                                              -       I->ZN  F     INVD4HPBWPLVT         1   8.1    24    25     185    (-,-) 
  g220735/ZN                                              -       B1->ZN R     IND2D4HPBWPLVT        2  11.1    38    26     212    (-,-) 
  g220397/ZN                                              -       B1->ZN F     IND2D4HPBWPLVT       10  51.9   133    88     300    (-,-) 
  g217630/ZN                                              -       A1->ZN R     NR2D2HPBWPLVT         1   9.7    95    90     389    (-,-) 
  g217591/ZN                                              -       A1->ZN F     NR2XD3HPBWPLVT        2  15.1    44    47     436    (-,-) 
  g217492/ZN                                              -       I->ZN  R     INVD4HPBWPLVT         1  13.5    33    33     469    (-,-) 
  g217409/ZN                                              -       A1->ZN F     ND2D8HPBWPLVT         2  25.1    46    40     509    (-,-) 
  g217090/ZN                                              -       A1->ZN R     ND2D8HPBWPLVT        24 102.2   107    75     585    (-,-) 
  g215672/ZN                                              -       A1->ZN F     ND2D2HPBWPLVT         1   8.3    60    57     642    (-,-) 
  g215016/ZN                                              -       A1->ZN R     ND2D4HPBWPLVT         4  17.6    47    44     686    (-,-) 
  dut_pmu_ahb_inst_pmu_raw_inst_quota/g37950/ZN           -       A1->ZN F     ND2D4HPBWPLVT         1   6.9    32    32     718    (-,-) 
  dut_pmu_ahb_inst_pmu_raw_inst_quota/g37621/ZN           -       A1->ZN R     ND2D3HPBWPLVT         1   8.4    36    30     747    (-,-) 
  dut_pmu_ahb_inst_pmu_raw_inst_quota/g37190/ZN           -       A1->ZN F     NR2D4HPBWPLVT         1   8.3    21    22     769    (-,-) 
  dut_pmu_ahb_inst_pmu_raw_inst_quota/g36995/ZN           -       A1->ZN R     ND2D4HPBWPLVT         1   9.7    31    25     794    (-,-) 
  dut_pmu_ahb_inst_pmu_raw_inst_quota/g36970/ZN           -       A1->ZN F     NR2XD3HPBWPLVT        1   8.3    30    25     819    (-,-) 
  dut_pmu_ahb_inst_pmu_raw_inst_quota/g36880/ZN           -       A1->ZN R     ND2D4HPBWPLVT         2  13.9    39    32     850    (-,-) 
  dut_pmu_ahb_inst_pmu_raw_inst_quota/add_141_42_g3791/ZN -       A1->ZN F     NR2XD3HPBWPLVT        3  11.9    55    30     881    (-,-) 
  dut_pmu_ahb_inst_pmu_raw_inst_quota/add_141_42_g3770/ZN -       I->ZN  R     INVD2HPBWPLVT         1   8.3    39    40     920    (-,-) 
  dut_pmu_ahb_inst_pmu_raw_inst_quota/add_141_42_g3743/ZN -       B1->ZN F     IND2D4HPBWPLVT        2  15.1    49    40     961    (-,-) 
  dut_pmu_ahb_inst_pmu_raw_inst_quota/add_141_42_g3733/ZN -       I->ZN  R     INVD4HPBWPLVT         1   8.5    26    29     990    (-,-) 
  dut_pmu_ahb_inst_pmu_raw_inst_quota/add_141_42_g3666/ZN -       A1->ZN F     ND2D4HPBWPLVT         1  11.7    41    33    1023    (-,-) 
  dut_pmu_ahb_inst_pmu_raw_inst_quota/add_141_42_g3583/ZN -       A2->ZN R     NR2XD4HPBWPLVT        1  21.8    55    52    1075    (-,-) 
  dut_pmu_ahb_inst_pmu_raw_inst_quota/add_141_42_g3576/ZN -       A1->ZN F     NR2XD8HPBWPLVT        2  13.1    37    27    1102    (-,-) 
  dut_pmu_ahb_inst_pmu_raw_inst_quota/add_141_42_g3570/ZN -       A1->ZN R     NR2XD3HPBWPLVT        1  12.1    45    38    1140    (-,-) 
  dut_pmu_ahb_inst_pmu_raw_inst_quota/add_141_42_g3568/ZN -       A1->ZN F     NR2XD4HPBWPLVT        3  20.2    42    35    1175    (-,-) 
  dut_pmu_ahb_inst_pmu_raw_inst_quota/add_141_42_g3561/Z  -       I->Z   F     BUFFD8HPBWPLVT        9  36.9    36    66    1241    (-,-) 
  dut_pmu_ahb_inst_pmu_raw_inst_quota/add_141_42_g3530/ZN -       A1->ZN R     OAI21D2HPBWPLVT       1   5.2    67    52    1294    (-,-) 
  dut_pmu_ahb_inst_pmu_raw_inst_quota/add_141_42_g3519/Z  -       A1->Z  R     CKXOR2D2HPBWPLVT      1   4.0    42    86    1380    (-,-) 
  dut_pmu_ahb_inst_pmu_raw_inst_quota/suma_int_reg[21]/D  -       -      R     DFKCND1HPBWPLVT       1     -     -     0    1380    (-,-) 
#-----------------------------------------------------------------------------------------------------------------------------------------


