============================================================
  Generated by:           Genus(TM) Synthesis Solution 19.11-s087_1
  Generated on:           Aug 20 2021  11:35:49 am
  Module:                 top_nft
  Operating conditions:   NCCOM 
  Operating conditions:   WCCOM 
  Operating conditions:   WCCOM 
  Operating conditions:   BCCOM 
  Interconnect mode:      global
  Area mode:              physical library
============================================================


Path 1: VIOLATED (-121 ps) Late External Delay Assertion at pin intr_overflow_o
           View: view_superslow
          Group: C2O
     Startpoint: (R) dut_pmu_ahb_genblk1.master_addr_reg[7]/CP
          Clock: (R) clk
       Endpoint: (R) intr_overflow_o
          Clock: (R) clk

                     Capture       Launch     
        Clock Edge:+    1333            0     
       Src Latency:+       0            0     
       Net Latency:+       0 (I)        0 (I) 
           Arrival:=    1333            0     
                                              
      Output Delay:-     100                  
     Required Time:=    1233                  
      Launch Clock:-       0                  
         Data Path:-    1354                  
             Slack:=    -121                  

Exceptions/Constraints:
  output_delay             100             tmp_sdc_view_typ.sdc_line_11346 

#--------------------------------------------------------------------------------------------------------------------------
#               Timing Point                Flags    Arc   Edge      Cell        Fanout  Load Trans Delay Arrival Instance 
#                                                                                        (fF)  (ps)  (ps)   (ps)  Location 
#--------------------------------------------------------------------------------------------------------------------------
  dut_pmu_ahb_genblk1.master_addr_reg[7]/CP -       -      R     (arrival)         2704     -     0     -       0    (-,-) 
  dut_pmu_ahb_genblk1.master_addr_reg[7]/Q  -       CP->Q  F     EDFQD4HPBWPLVT       2  25.1    45   149     149    (-,-) 
  g222897/ZN                                -       A2->ZN R     NR2XD8HPBWPLVT       3  17.5    33    40     188    (-,-) 
  g221223/ZN                                -       A2->ZN F     ND3D4HPBWPLVT        1  11.3    63    53     242    (-,-) 
  g221179/ZN                                -       A1->ZN R     NR2XD4HPBWPLVT       3  19.5    52    48     290    (-,-) 
  g224872/ZN                                -       I->ZN  F     INVD6HPBWPLVT        3  13.5    22    24     314    (-,-) 
  g228114/Z                                 -       S->Z   R     MUX2D4HPBWPLVT       7  43.4   102   128     442    (-,-) 
  g227626/ZN                                -       B1->ZN F     IND2D4HPBWPLVT       1  19.2    65    60     502    (-,-) 
  g219055/ZN                                -       I->ZN  R     INVD12HPBWPLVT      11  59.9    46    47     549    (-,-) 
  g217621/ZN                                -       B1->ZN F     IND2D4HPBWPLVT       2  18.0    56    46     595    (-,-) 
  g217614/ZN                                -       A1->ZN R     ND2D2HPBWPLVT        2  14.1    65    53     648    (-,-) 
  g217575/ZN                                -       I->ZN  F     INVD6HPBWPLVT        4  30.2    35    37     685    (-,-) 
  g232013/ZN                                -       I->ZN  R     INVD4HPBWPLVT        6  19.2    42    36     721    (-,-) 
  g226612/ZN                                -       A1->ZN R     IOA21D2HPBWPLVT      3  13.3    70    96     817    (-,-) 
  g10/Z                                     -       A1->Z  R     AN2D4HPBWPLVT        1   8.5    32    70     887    (-,-) 
  g241668/ZN                                -       A1->ZN F     ND2D4HPBWPLVT        1  11.3    39    34     921    (-,-) 
  g231869/ZN                                -       A1->ZN R     NR2XD4HPBWPLVT       1  14.0    41    36     957    (-,-) 
  g242710/ZN                                -       A1->ZN F     ND3D8HPBWPLVT        1  11.3    49    40     998    (-,-) 
  g242709/ZN                                -       A1->ZN R     NR2XD4HPBWPLVT       2  10.5    36    35    1033    (-,-) 
  g242712/ZN                                -       A1->ZN F     NR2D4HPBWPLVT        1   8.3    21    22    1054    (-,-) 
  g242266/ZN                                -       A1->ZN R     ND2D4HPBWPLVT        1   9.9    37    25    1079    (-,-) 
  g214033/ZN                                -       A2->ZN F     NR2XD3HPBWPLVT       1   8.3    29    31    1111    (-,-) 
  g230578/ZN                                -       A1->ZN R     ND2D4HPBWPLVT        1   8.2    29    26    1136    (-,-) 
  g230577/ZN                                -       A1->ZN F     OAI21D4HPBWPLVT      1  24.3    82    54    1190    (-,-) 
  g230576/ZN                                -       I->ZN  R     INVD16HPBWPLVT       1 502.6   238   157    1347    (-,-) 
  intr_overflow_o                           -       -      R     (port)               -     -     -     8    1354    (-,-) 
#--------------------------------------------------------------------------------------------------------------------------


