============================================================
  Generated by:           Genus(TM) Synthesis Solution 19.11-s087_1
  Generated on:           Aug 20 2021  10:47:44 am
  Module:                 top_nft
  Operating conditions:   NCCOM 
  Operating conditions:   WCCOM 
  Operating conditions:   WCCOM 
  Operating conditions:   BCCOM 
  Interconnect mode:      global
  Area mode:              physical library
============================================================


Path 1: VIOLATED (-11 ps) Late External Delay Assertion at pin intr_overflow_o
           View: view_superslow
          Group: I2O
     Startpoint: (R) hwdata_i[0]
          Clock: (R) clk
       Endpoint: (R) intr_overflow_o
          Clock: (R) clk

                     Capture       Launch     
        Clock Edge:+    1333            0     
        Drv Adjust:+       0            0     
       Src Latency:+       0            0     
       Net Latency:+       0 (I)        0 (I) 
           Arrival:=    1333            0     
                                              
      Output Delay:-     100                  
     Required Time:=    1233                  
      Launch Clock:-       0                  
       Input Delay:-     100                  
         Data Path:-    1144                  
             Slack:=     -11                  

Exceptions/Constraints:
  input_delay              100             tmp_sdc_view_typ.sdc_line_11273 
  output_delay             100             tmp_sdc_view_typ.sdc_line_11346 

#------------------------------------------------------------------------------------------------
#  Timing Point   Flags    Arc   Edge      Cell        Fanout  Load Trans Delay Arrival Instance 
#                                                              (fF)  (ps)  (ps)   (ps)  Location 
#------------------------------------------------------------------------------------------------
  hwdata_i[0]     -       -      R     (arrival)            1  15.0   200     0     100    (-,-) 
  g221955/ZN      -       A2->ZN F     ND2D8HPBWPLVT        1   8.1    48    47     147    (-,-) 
  g221560/ZN      -       B1->ZN R     IND2D4HPBWPLVT       2  11.2    38    34     181    (-,-) 
  g220706/ZN      -       A1->ZN F     ND2D4HPBWPLVT        1   8.1    36    31     212    (-,-) 
  g220538/ZN      -       B1->ZN R     IND2D4HPBWPLVT       5  37.3    85    56     268    (-,-) 
  g219619/ZN      -       A1->ZN F     ND2D4HPBWPLVT        1   8.2    41    40     309    (-,-) 
  fopt224507/Z    -       I->Z   F     BUFFD12HPBWPLVT      3  60.0    39    69     378    (-,-) 
  fopt224506/ZN   -       I->ZN  R     INVD12HPBWPLVT       8  75.4    53    44     422    (-,-) 
  g217482/ZN      -       A2->ZN F     ND2D4HPBWPLVT       12  39.5   102    78     499    (-,-) 
  g216982/Z       -       A1->Z  F     OA21D1HPBWPLVT       1   6.9    53   104     603    (-,-) 
  g216378/ZN      -       A1->ZN R     ND2D3HPBWPLVT        2   7.0    33    34     636    (-,-) 
  fopt224690/Z    -       I->Z   R     BUFFD2HPBWPLVT       2   8.5    41    56     693    (-,-) 
  g214707/ZN      -       A4->ZN F     ND4D2HPBWPLVT        1   7.0   113    99     792    (-,-) 
  g214287/ZN      -       A2->ZN R     NR2XD2HPBWP          1   8.9    60    80     872    (-,-) 
  g214131/ZN      -       A3->ZN F     ND3D4HPBWPLVT        2   8.1    52    55     927    (-,-) 
  g214090/ZN      -       A1->ZN R     ND2D2HPBWPLVT        1   7.0    40    38     965    (-,-) 
  g214068/ZN      -       A1->ZN F     NR2D3HPBWPLVT        1   8.7    24    25     990    (-,-) 
  g214034/ZN      -       A2->ZN R     ND2D4HPBWPLVT        1   8.2    29    27    1017    (-,-) 
  g213988/ZN      -       A2->ZN F     OAI21D4HPBWPLVT      1  24.3    95    59    1076    (-,-) 
  g213982/ZN      -       I->ZN  R     INVD16HPBWPLVT       1 502.6   238   161    1237    (-,-) 
  intr_overflow_o -       -      R     (port)               -     -     -     8    1244    (-,-) 
#------------------------------------------------------------------------------------------------


