============================================================
  Generated by:           Genus(TM) Synthesis Solution 19.11-s087_1
  Generated on:           Aug 20 2021  11:35:51 am
  Module:                 top_nft
  Operating conditions:   NCCOM 
  Operating conditions:   WCCOM 
  Operating conditions:   WCCOM 
  Operating conditions:   BCCOM 
  Interconnect mode:      global
  Area mode:              physical library
============================================================


Path 1: MET (13 ps) Late External Delay Assertion at pin intr_RDC_o
           View: view_superslow
          Group: I2O
     Startpoint: (F) hwdata_i[0]
          Clock: (R) clk
       Endpoint: (R) intr_RDC_o
          Clock: (R) clk

                     Capture       Launch     
        Clock Edge:+    1333            0     
        Drv Adjust:+       0            0     
       Src Latency:+       0            0     
       Net Latency:+       0 (I)        0 (I) 
           Arrival:=    1333            0     
                                              
      Output Delay:-     100                  
     Required Time:=    1233                  
      Launch Clock:-       0                  
       Input Delay:-     100                  
         Data Path:-    1120                  
             Slack:=      13                  

Exceptions/Constraints:
  input_delay              100             tmp_sdc_view_typ.sdc_line_11273 
  output_delay             100             tmp_sdc_view_typ.sdc_line_11352 

#---------------------------------------------------------------------------------------------------------------------------------------------
#                        Timing Point                         Flags    Arc   Edge       Cell        Fanout  Load Trans Delay Arrival Instance 
#                                                                                                           (fF)  (ps)  (ps)   (ps)  Location 
#---------------------------------------------------------------------------------------------------------------------------------------------
  hwdata_i[0]                                                 -       -      F     (arrival)             1  14.4   200     0     100    (-,-) 
  g237821/ZN                                                  -       A2->ZN R     ND2D8HPBWPLVT         1   8.3    55    55     155    (-,-) 
  g237819/ZN                                                  -       B1->ZN F     IND2D4HPBWPLVT        2  10.9    41    39     194    (-,-) 
  g221434/Z                                                   -       I->Z   F     CKBD3HPBWPLVT         2  16.1    59    82     276    (-,-) 
  g232952/ZN                                                  -       I->ZN  R     INVD8HPBWPLVT        14  55.5    58    52     328    (-,-) 
  g220503/ZN                                                  -       B2->ZN F     IOA22D2HPBWPLVT       3  11.1    50   143     471    (-,-) 
  dut_pmu_ahb_inst_pmu_raw_genblk15.inst_RDC/g15171__7410/ZN  -       A1->ZN R     AOI21D1HPBWPLVT       1   5.4   116    78     549    (-,-) 
  dut_pmu_ahb_inst_pmu_raw_genblk15.inst_RDC/g15166__2346/ZN  -       A1->ZN F     NR2D2HPBWPLVT         1   5.2    39    36     585    (-,-) 
  dut_pmu_ahb_inst_pmu_raw_genblk15.inst_RDC/g15157__1881/ZN  -       A1->ZN R     OAI22D2HPBWP          1   5.5   111    66     651    (-,-) 
  dut_pmu_ahb_inst_pmu_raw_genblk15.inst_RDC/g15145__1705/ZN  -       A1->ZN F     AOI22D2HPBWPLVT       1   4.1    64    48     699    (-,-) 
  dut_pmu_ahb_inst_pmu_raw_genblk15.inst_RDC/g15134__5107/ZN  -       A1->ZN R     OAI22D1HPBWPLVT       1   4.1   135    75     774    (-,-) 
  dut_pmu_ahb_inst_pmu_raw_genblk15.inst_RDC/g15124__9315/ZN  -       A1->ZN F     MAOI22D1HPBWPLVT      1   5.3    76    73     846    (-,-) 
  dut_pmu_ahb_inst_pmu_raw_genblk15.inst_RDC/g15115__5122/ZN  -       A1->ZN R     OAI22D2HPBWPLVT       1   5.5   110    62     909    (-,-) 
  dut_pmu_ahb_inst_pmu_raw_genblk15.inst_RDC/g15110__6783/ZN  -       A1->ZN F     AOI22D2HPBWPLVT       2  10.3    87    67     976    (-,-) 
  dut_pmu_ahb_inst_pmu_raw_genblk15.inst_RDC/g15105__6260/ZN  -       B1->ZN R     IND2D4HPBWPLVT        1  22.1    57    56    1032    (-,-) 
  dut_pmu_ahb_inst_pmu_raw_genblk15.inst_RDC/g15103__18853/ZN -       A2->ZN F     NR2XD8HPBWPLVT        2  27.1    33    39    1071    (-,-) 
  dut_pmu_ahb_inst_pmu_raw_genblk15.inst_RDC/g18770/ZN        -       I->ZN  R     INVD16HPBWPLVT        1 502.6   238   142    1213    (-,-) 
  intr_RDC_o                                                  -       -      R     (port)                -     -     -     8    1220    (-,-) 
#---------------------------------------------------------------------------------------------------------------------------------------------


