============================================================
  Generated by:           Genus(TM) Synthesis Solution 19.11-s087_1
  Generated on:           Aug 20 2021  11:35:47 am
  Module:                 top_nft
  Operating conditions:   NCCOM 
  Operating conditions:   WCCOM 
  Operating conditions:   WCCOM 
  Operating conditions:   BCCOM 
  Interconnect mode:      global
  Area mode:              physical library
============================================================


Path 1: VIOLATED (-61 ps) Setup Check with Pin dut_pmu_ahb_inst_pmu_raw_inst_quota/suma_int_reg[34]/CP->D
           View: view_superslow
          Group: I2C
     Startpoint: (F) hwdata_i[31]
          Clock: (R) clk
       Endpoint: (R) dut_pmu_ahb_inst_pmu_raw_inst_quota/suma_int_reg[34]/D
          Clock: (R) clk

                     Capture       Launch     
        Clock Edge:+    1333            0     
        Drv Adjust:+       0            0     
       Src Latency:+       0            0     
       Net Latency:+       0 (I)        0 (I) 
           Arrival:=    1333            0     
                                              
             Setup:-      78                  
     Required Time:=    1255                  
      Launch Clock:-       0                  
       Input Delay:-     100                  
         Data Path:-    1216                  
             Slack:=     -61                  

Exceptions/Constraints:
  input_delay             100             tmp_sdc_view_typ.sdc_line_11242 

#----------------------------------------------------------------------------------------------------------------------------------------
#                      Timing Point                       Flags    Arc   Edge       Cell        Fanout Load Trans Delay Arrival Instance 
#                                                                                                      (fF)  (ps)  (ps)   (ps)  Location 
#----------------------------------------------------------------------------------------------------------------------------------------
  hwdata_i[31]                                            -       -      F     (arrival)             2 30.4   200     0     100    (-,-) 
  g222092_dup/ZN                                          -       A1->ZN R     NR2XD8HPBWPLVT        1  5.7    53    45     145    (-,-) 
  g227989/Z                                               -       A2->Z  R     OA22D4HPBWPLVT        2 19.9    55    97     242    (-,-) 
  g220184/ZN                                              -       I->ZN  F     CKND8HPBWPLVT         3 40.6    50    47     289    (-,-) 
  g225438/ZN                                              -       I->ZN  R     INVD16HPBWPLVT        7 59.3    36    38     327    (-,-) 
  g219301/ZN                                              -       A1->ZN F     NR2D8HPBWPLVT         1 13.2    20    20     347    (-,-) 
  g219029/ZN                                              -       A1->ZN R     NR2D8HPBWPLVT         6 36.6    87    59     406    (-,-) 
  g227925/Z                                               -       A1->Z  R     AN2D4HPBWPLVT         2 26.9    63    95     501    (-,-) 
  g242132/ZN                                              -       I->ZN  F     INVD8HPBWPLVT        16 49.5    39    40     541    (-,-) 
  g241461/ZN                                              -       A1->ZN R     ND2D2HPBWPLVT         1  8.5    44    37     578    (-,-) 
  g242959/ZN                                              -       A1->ZN F     ND2D4HPBWPLVT         3 12.4    42    38     616    (-,-) 
  dut_pmu_ahb_inst_pmu_raw_inst_quota/g43801/ZN           -       B1->ZN R     IND2D4HPBWPLVT        1  8.5    33    29     645    (-,-) 
  dut_pmu_ahb_inst_pmu_raw_inst_quota/g43528/ZN           -       A1->ZN F     ND2D4HPBWPLVT         1 11.7    40    35     680    (-,-) 
  dut_pmu_ahb_inst_pmu_raw_inst_quota/g41017/ZN           -       A2->ZN R     NR2XD4HPBWPLVT        1 14.0    41    44     724    (-,-) 
  dut_pmu_ahb_inst_pmu_raw_inst_quota/g40576/ZN           -       A1->ZN F     ND3D8HPBWPLVT         1 11.3    47    40     764    (-,-) 
  dut_pmu_ahb_inst_pmu_raw_inst_quota/g255/ZN             -       A1->ZN R     NR2XD4HPBWPLVT        1 15.0    43    40     803    (-,-) 
  dut_pmu_ahb_inst_pmu_raw_inst_quota/g36882/ZN           -       A2->ZN F     ND2D8HPBWPLVT         2 18.9    39    39     842    (-,-) 
  dut_pmu_ahb_inst_pmu_raw_inst_quota/g43455/ZN           -       A1->ZN R     NR2D8HPBWPLVT         2 16.1    49    42     884    (-,-) 
  dut_pmu_ahb_inst_pmu_raw_inst_quota/g43453/ZN           -       A2->ZN F     NR2D8HPBWPLVT         1 20.0    25    28     912    (-,-) 
  dut_pmu_ahb_inst_pmu_raw_inst_quota/g44332/ZN           -       A1->ZN R     NR2XD8HPBWPLVT        2 15.9    30    27     939    (-,-) 
  dut_pmu_ahb_inst_pmu_raw_inst_quota/g44331/ZN           -       A1->ZN F     NR2D8HPBWPLVT         1 13.2    22    19     958    (-,-) 
  dut_pmu_ahb_inst_pmu_raw_inst_quota/g42330/ZN           -       A1->ZN R     NR2D8HPBWPLVT         2 16.0    49    38     996    (-,-) 
  dut_pmu_ahb_inst_pmu_raw_inst_quota/g215/ZN             -       A1->ZN F     NR2D8HPBWPLVT         1 11.3    19    22    1017    (-,-) 
  dut_pmu_ahb_inst_pmu_raw_inst_quota/g40414/ZN           -       A1->ZN R     NR2XD4HPBWPLVT        2 17.8    48    36    1053    (-,-) 
  dut_pmu_ahb_inst_pmu_raw_inst_quota/g40417/ZN           -       A1->ZN F     NR2XD4HPBWPLVT        1 11.3    29    29    1082    (-,-) 
  dut_pmu_ahb_inst_pmu_raw_inst_quota/g203/ZN             -       A1->ZN R     NR2XD4HPBWPLVT        3 21.2    54    41    1124    (-,-) 
  dut_pmu_ahb_inst_pmu_raw_inst_quota/add_141_42_g3554/ZN -       A1->ZN F     NR2XD3HPBWPLVT        1 11.3    34    34    1157    (-,-) 
  dut_pmu_ahb_inst_pmu_raw_inst_quota/add_141_42_g3541/ZN -       A1->ZN R     NR2XD4HPBWPLVT        5 19.1    50    40    1198    (-,-) 
  dut_pmu_ahb_inst_pmu_raw_inst_quota/add_141_42_g3525/ZN -       A1->ZN F     NR2XD1HPBWPLVT        1  5.0    42    38    1235    (-,-) 
  dut_pmu_ahb_inst_pmu_raw_inst_quota/add_141_42_g3508/Z  -       A1->Z  R     CKXOR2D2HPBWPLVT      1  4.0    42    80    1316    (-,-) 
  dut_pmu_ahb_inst_pmu_raw_inst_quota/suma_int_reg[34]/D  -       -      R     DFKCND1HPBWPLVT       1    -     -     0    1316    (-,-) 
#----------------------------------------------------------------------------------------------------------------------------------------


