============================================================
  Generated by:           Genus(TM) Synthesis Solution 19.11-s087_1
  Generated on:           Aug 20 2021  11:35:49 am
  Module:                 top_nft
  Operating conditions:   NCCOM 
  Operating conditions:   WCCOM 
  Operating conditions:   WCCOM 
  Operating conditions:   BCCOM 
  Interconnect mode:      global
  Area mode:              physical library
============================================================


Path 1: VIOLATED (-215 ps) Setup Check with Pin dut_pmu_ahb_inst_pmu_raw_inst_quota/suma_int_reg[34]/CP->D
           View: view_superslow
          Group: C2C
     Startpoint: (R) dut_pmu_ahb_genblk1.master_addr_reg[7]/CP
          Clock: (R) clk
       Endpoint: (R) dut_pmu_ahb_inst_pmu_raw_inst_quota/suma_int_reg[34]/D
          Clock: (R) clk

                     Capture       Launch     
        Clock Edge:+    1333            0     
       Src Latency:+       0            0     
       Net Latency:+       0 (I)        0 (I) 
           Arrival:=    1333            0     
                                              
             Setup:-      78                  
     Required Time:=    1255                  
      Launch Clock:-       0                  
         Data Path:-    1470                  
             Slack:=    -215                  

#----------------------------------------------------------------------------------------------------------------------------------------
#                      Timing Point                       Flags    Arc   Edge       Cell        Fanout Load Trans Delay Arrival Instance 
#                                                                                                      (fF)  (ps)  (ps)   (ps)  Location 
#----------------------------------------------------------------------------------------------------------------------------------------
  dut_pmu_ahb_genblk1.master_addr_reg[7]/CP               -       -      R     (arrival)          2704    -     0     -       0    (-,-) 
  dut_pmu_ahb_genblk1.master_addr_reg[7]/Q                -       CP->Q  F     EDFQD4HPBWPLVT        2 25.1    45   149     149    (-,-) 
  g222897/ZN                                              -       A2->ZN R     NR2XD8HPBWPLVT        3 17.5    33    40     188    (-,-) 
  g221223/ZN                                              -       A2->ZN F     ND3D4HPBWPLVT         1 11.3    63    53     242    (-,-) 
  g221179/ZN                                              -       A1->ZN R     NR2XD4HPBWPLVT        3 19.5    52    48     290    (-,-) 
  g224872/ZN                                              -       I->ZN  F     INVD6HPBWPLVT         3 13.5    22    24     314    (-,-) 
  g228114/Z                                               -       S->Z   R     MUX2D4HPBWPLVT        7 43.4   102   128     442    (-,-) 
  g227626/ZN                                              -       B1->ZN F     IND2D4HPBWPLVT        1 19.2    65    60     502    (-,-) 
  g219055/ZN                                              -       I->ZN  R     INVD12HPBWPLVT       11 59.9    46    47     549    (-,-) 
  g217658/ZN                                              -       A1->ZN F     ND2D2HPBWPLVT         1  5.8    40    37     586    (-,-) 
  g217606/Z                                               -       A2->Z  F     AN2D4HPBWPLVT         1 19.2    35    64     650    (-,-) 
  g241474/ZN                                              -       I->ZN  R     INVD12HPBWPLVT       14 50.3    38    35     685    (-,-) 
  g217517/Z                                               -       I->Z   R     BUFFD8HPBWPLVT        8 34.1    43    60     745    (-,-) 
  g217516/ZN                                              -       I->ZN  F     INVD2HPBWPLVT         1  7.9    27    28     774    (-,-) 
  g216373/ZN                                              -       A2->ZN R     OAI211D4HPBWPLVT      4 15.1    90    63     836    (-,-) 
  dut_pmu_ahb_inst_pmu_raw_inst_quota/g39885/ZN           -       A1->ZN F     ND2D2HPBWPLVT         1  5.4    46    44     881    (-,-) 
  dut_pmu_ahb_inst_pmu_raw_inst_quota/g39884/ZN           -       B->ZN  R     IOA21D2HPBWPLVT       1  5.7    44    33     914    (-,-) 
  dut_pmu_ahb_inst_pmu_raw_inst_quota/g43148/ZN           -       A1->ZN R     IND2D4HPBWPLVT        1  9.7    35    55     969    (-,-) 
  dut_pmu_ahb_inst_pmu_raw_inst_quota/g43147/ZN           -       A1->ZN F     NR2XD3HPBWPLVT        2 12.7    36    30     999    (-,-) 
  dut_pmu_ahb_inst_pmu_raw_inst_quota/g41425/ZN           -       A1->ZN R     ND3D4HPBWPLVT         1  7.7    36    28    1027    (-,-) 
  dut_pmu_ahb_inst_pmu_raw_inst_quota/g25/ZN              -       I->ZN  F     CKND4HPBWPLVT         2 11.0    30    31    1058    (-,-) 
  dut_pmu_ahb_inst_pmu_raw_inst_quota/g41424/ZN           -       A1->ZN R     NR2D4HPBWPLVT         2 14.3    71    52    1110    (-,-) 
  dut_pmu_ahb_inst_pmu_raw_inst_quota/g44671/ZN           -       A1->ZN F     ND2D4HPBWPLVT         3 16.2    52    50    1160    (-,-) 
  dut_pmu_ahb_inst_pmu_raw_inst_quota/add_141_42_g3646/ZN -       A1->ZN R     NR2XD2HPBWPLVT        2  9.7    51    45    1205    (-,-) 
  dut_pmu_ahb_inst_pmu_raw_inst_quota/add_141_42_g3637/ZN -       I->ZN  F     INVD2HPBWPLVT         1  8.1    29    31    1236    (-,-) 
  dut_pmu_ahb_inst_pmu_raw_inst_quota/add_141_42_g3586/ZN -       A2->ZN R     OAI21D4HPBWPLVT       1 12.3    73    61    1297    (-,-) 
  dut_pmu_ahb_inst_pmu_raw_inst_quota/add_141_42_g3541/ZN -       A2->ZN F     NR2XD4HPBWPLVT        5 18.3    40    46    1344    (-,-) 
  dut_pmu_ahb_inst_pmu_raw_inst_quota/add_141_42_g3525/ZN -       A1->ZN R     NR2XD1HPBWPLVT        1  5.2    54    43    1386    (-,-) 
  dut_pmu_ahb_inst_pmu_raw_inst_quota/add_141_42_g3508/Z  -       A1->Z  R     CKXOR2D2HPBWPLVT      1  4.0    42    83    1470    (-,-) 
  dut_pmu_ahb_inst_pmu_raw_inst_quota/suma_int_reg[34]/D  -       -      R     DFKCND1HPBWPLVT       1    -     -     0    1470    (-,-) 
#----------------------------------------------------------------------------------------------------------------------------------------


