============================================================
  Generated by:           Genus(TM) Synthesis Solution 19.11-s087_1
  Generated on:           Aug 17 2021  04:05:31 pm
  Module:                 top
  Operating conditions:   NCCOM 
  Operating conditions:   WCCOM 
  Operating conditions:   WCCOM 
  Operating conditions:   BCCOM 
  Interconnect mode:      global
  Area mode:              physical library
============================================================

                                           Leakage                         Library 
       Gate        Instances     Area     Power (nW)        Library         Domain 
-----------------------------------------------------------------------------------
AN2D0HPBWPLVT              1       2.400       0.872    tcbn65lphpbwplvttc       0 
AN2D1HPBWPLVT              1       2.400       1.273    tcbn65lphpbwplvttc       0 
AN2D2HPBWPLVT            232     649.600     607.296    tcbn65lphpbwplvttc       0 
AN2D4HPBWPLVT            132     633.600     651.297    tcbn65lphpbwplvttc       0 
AN2D8HPBWPLVT             38     304.000     435.702    tcbn65lphpbwplvttc       0 
AN2XD1HPBWP               34      81.600       5.781    tcbn65lphpbwptc          0 
AN2XD1HPBWPLVT           899    2157.600    1816.330    tcbn65lphpbwplvttc       0 
AN3D1HPBWPLVT              1       2.800       0.621    tcbn65lphpbwplvttc       0 
AN3D2HPBWPLVT             10      32.000      41.241    tcbn65lphpbwplvttc       0 
AN3D4HPBWPLVT             14      84.000      50.336    tcbn65lphpbwplvttc       0 
AN3D8HPBWPLVT              2      19.200      12.947    tcbn65lphpbwplvttc       0 
AN3XD1HPBWPLVT            53     148.400      91.204    tcbn65lphpbwplvttc       0 
AN4D0HPBWPLVT              1       3.200       0.355    tcbn65lphpbwplvttc       0 
AN4D1HPBWPLVT              5      16.000       3.132    tcbn65lphpbwplvttc       0 
AN4D2HPBWPLVT             14      56.000      17.726    tcbn65lphpbwplvttc       0 
AN4D4HPBWPLVT             12      86.400      32.333    tcbn65lphpbwplvttc       0 
AN4D8HPBWPLVT              1      11.200       6.456    tcbn65lphpbwplvttc       0 
AN4XD1HPBWP               10      32.000       1.476    tcbn65lphpbwptc          0 
AN4XD1HPBWPLVT           346    1107.200     338.016    tcbn65lphpbwplvttc       0 
AO211D1HPBWPLVT           33     105.600     158.277    tcbn65lphpbwplvttc       0 
AO21D1HPBWPLVT           155     434.000     515.282    tcbn65lphpbwplvttc       0 
AO21D2HPBWP                1       3.200       0.396    tcbn65lphpbwptc          0 
AO21D2HPBWPLVT            16      51.200      68.086    tcbn65lphpbwplvttc       0 
AO21D4HPBWPLVT           139     834.000    1534.039    tcbn65lphpbwplvttc       0 
AO221D0HPBWPLVT           90     360.000     160.215    tcbn65lphpbwplvttc       0 
AO221D1HPBWPLVT            2       8.800       8.178    tcbn65lphpbwplvttc       0 
AO222D1HPBWPLVT          125     600.000     295.625    tcbn65lphpbwplvttc       0 
AO222D2HPBWPLVT            2      10.400       6.945    tcbn65lphpbwplvttc       0 
AO222D4HPBWPLVT            5      50.000      39.257    tcbn65lphpbwplvttc       0 
AO22D0HPBWP                1       3.200       0.085    tcbn65lphpbwptc          0 
AO22D0HPBWPLVT           688    2201.600     747.189    tcbn65lphpbwplvttc       0 
AO22D1HPBWPLVT           194     698.400     377.611    tcbn65lphpbwplvttc       0 
AO22D2HPBWPLVT            91     364.000     328.553    tcbn65lphpbwplvttc       0 
AO22D4HPBWPLVT           326    2347.200    3008.710    tcbn65lphpbwplvttc       0 
AO31D1HPBWPLVT            51     163.200     118.976    tcbn65lphpbwplvttc       0 
AO31D4HPBWPLVT             1       7.200      10.198    tcbn65lphpbwplvttc       0 
AO32D1HPBWPLVT             4      16.000      10.792    tcbn65lphpbwplvttc       0 
AO32D4HPBWPLVT             2      16.800      19.549    tcbn65lphpbwplvttc       0 
AOI211D1HPBWPLVT           6      16.800      12.833    tcbn65lphpbwplvttc       0 
AOI211D2HPBWPLVT           1       4.800      10.820    tcbn65lphpbwplvttc       0 
AOI211D4HPBWPLVT           1       9.600       1.461    tcbn65lphpbwplvttc       0 
AOI211XD0HPBWPLVT        115     322.000     207.161    tcbn65lphpbwplvttc       0 
AOI211XD1HPBWPLVT          1       4.800       4.590    tcbn65lphpbwplvttc       0 
AOI211XD2HPBWPLVT          3      27.600      26.249    tcbn65lphpbwplvttc       0 
AOI21D1HPBWPLVT          171     410.400     305.432    tcbn65lphpbwplvttc       0 
AOI21D2HPBWPLVT          267    1068.000    1314.331    tcbn65lphpbwplvttc       0 
AOI21D4HPBWPLVT           84     604.800     913.891    tcbn65lphpbwplvttc       0 
AOI221D0HPBWPLVT         346    1107.200     446.663    tcbn65lphpbwplvttc       0 
AOI221D1HPBWPLVT          82     295.200     207.237    tcbn65lphpbwplvttc       0 
AOI221D2HPBWPLVT           5      32.000      26.861    tcbn65lphpbwplvttc       0 
AOI221XD4HPBWPLVT          2      24.000      21.279    tcbn65lphpbwplvttc       0 
AOI222D0HPBWP            123     492.000      10.009    tcbn65lphpbwptc          0 
AOI222D0HPBWPLVT         126     504.000     130.726    tcbn65lphpbwplvttc       0 
AOI222D1HPBWPLVT         111     488.400     177.070    tcbn65lphpbwplvttc       0 
AOI222D2HPBWP              1       7.200       0.214    tcbn65lphpbwptc          0 
AOI222D2HPBWPLVT          30     216.000      60.506    tcbn65lphpbwplvttc       0 
AOI222D4HPBWPLVT           4      27.200      40.322    tcbn65lphpbwplvttc       0 
AOI222XD4HPBWPLVT         13     182.000      49.140    tcbn65lphpbwplvttc       0 
AOI22D1HPBWPLVT         1067    2987.600    1316.377    tcbn65lphpbwplvttc       0 
AOI22D2HPBWP               2       9.600       0.606    tcbn65lphpbwptc          0 
AOI22D2HPBWPLVT          213    1022.400     486.263    tcbn65lphpbwplvttc       0 
AOI22D4HPBWPLVT           44     440.000     171.050    tcbn65lphpbwplvttc       0 
AOI31D0HPBWP               1       2.800       0.086    tcbn65lphpbwptc          0 
AOI31D1HPBWPLVT           28      78.400      23.756    tcbn65lphpbwplvttc       0 
AOI31D2HPBWPLVT            5      24.000      18.272    tcbn65lphpbwplvttc       0 
AOI31D4HPBWPLVT            3      28.800      29.260    tcbn65lphpbwplvttc       0 
AOI32D1HPBWPLVT           14      44.800      20.495    tcbn65lphpbwplvttc       0 
AOI32XD4HPBWPLVT           1      12.000       5.346    tcbn65lphpbwplvttc       0 
BMLD1HPBWPLVT             12     120.000     145.157    tcbn65lphpbwplvttc       0 
BMLD2HPBWPLVT             30     312.000     398.420    tcbn65lphpbwplvttc       0 
BMLD4HPBWPLVT              5      76.000     103.991    tcbn65lphpbwplvttc       0 
BUFFD0HPBWP                8      12.800       0.712    tcbn65lphpbwptc          0 
BUFFD12HPBWPLVT           45     414.000    1338.880    tcbn65lphpbwplvttc       0 
BUFFD16HPBWPLVT           10     116.000     387.205    tcbn65lphpbwplvttc       0 
BUFFD2HPBWPLVT           523    1255.200    1752.874    tcbn65lphpbwplvttc       0 
BUFFD3HPBWPLVT           164     459.200     732.935    tcbn65lphpbwplvttc       0 
BUFFD4HPBWP                2       8.000       1.586    tcbn65lphpbwptc          0 
BUFFD4HPBWPLVT           116     464.000    1021.042    tcbn65lphpbwplvttc       0 
BUFFD6HPBWPLVT            57     273.600     818.860    tcbn65lphpbwplvttc       0 
BUFFD8HPBWPLVT            25     160.000     443.942    tcbn65lphpbwplvttc       0 
CKAN2D4HPBWP               2       8.000       0.955    tcbn65lphpbwptc          0 
CKAN2D8HPBWPLVT           10      68.000      61.081    tcbn65lphpbwplvttc       0 
CKBD0HPBWPLVT              1       1.600       0.855    tcbn65lphpbwplvttc       0 
CKBD12HPBWPLVT            12     100.800     211.397    tcbn65lphpbwplvttc       0 
CKBD16HPBWPLVT             8      83.200     198.920    tcbn65lphpbwplvttc       0 
CKBD1HPBWP               310     496.000      46.500    tcbn65lphpbwptc          0 
CKBD1HPBWPLVT             13      20.800      20.189    tcbn65lphpbwplvttc       0 
CKBD4HPBWP                 1       4.000       0.488    tcbn65lphpbwptc          0 
CKBD4HPBWPLVT              8      32.000      50.873    tcbn65lphpbwplvttc       0 
CKMUX2D0HPBWPLVT           3      12.000       5.787    tcbn65lphpbwplvttc       0 
CKMUX2D1HPBWPLVT         101     404.000     376.254    tcbn65lphpbwplvttc       0 
CKMUX2D2HPBWPLVT          16      70.400      69.292    tcbn65lphpbwplvttc       0 
CKMUX2D4HPBWPLVT           9      61.200      86.920    tcbn65lphpbwplvttc       0 
CKND0HPBWPLVT              7       8.400       2.612    tcbn65lphpbwplvttc       0 
CKND12HPBWPLVT            28     190.400     301.110    tcbn65lphpbwplvttc       0 
CKND16HPBWPLVT            15     138.000     243.940    tcbn65lphpbwplvttc       0 
CKND1HPBWP                 2       2.400       0.141    tcbn65lphpbwptc          0 
CKND1HPBWPLVT            309     370.800     208.077    tcbn65lphpbwplvttc       0 
CKND2D1HPBWPLVT            6       9.600       2.187    tcbn65lphpbwplvttc       0 
CKND2D2HPBWPLVT           22      61.600      16.154    tcbn65lphpbwplvttc       0 
CKND2D3HPBWPLVT            3      12.000       3.519    tcbn65lphpbwplvttc       0 
CKND2D4HPBWPLVT            1       4.800       0.335    tcbn65lphpbwplvttc       0 
CKND2D8HPBWPLVT            2      18.400      10.669    tcbn65lphpbwplvttc       0 
CKND2HPBWP                 1       1.600       0.149    tcbn65lphpbwptc          0 
CKND2HPBWPLVT            103     164.800     164.015    tcbn65lphpbwplvttc       0 
CKND3HPBWPLVT            146     350.400     403.425    tcbn65lphpbwplvttc       0 
CKND4HPBWP                 1       2.800       0.329    tcbn65lphpbwptc          0 
CKND4HPBWPLVT            202     565.600     814.073    tcbn65lphpbwplvttc       0 
CKND6HPBWPLVT            111     444.000     607.459    tcbn65lphpbwplvttc       0 
CKND8HPBWPLVT             31     148.800     216.282    tcbn65lphpbwplvttc       0 
CKXOR2D1HPBWPLVT          79     316.000     346.698    tcbn65lphpbwplvttc       0 
CKXOR2D2HPBWPLVT          37     162.800     195.773    tcbn65lphpbwplvttc       0 
CKXOR2D4HPBWPLVT           4      33.600      57.110    tcbn65lphpbwplvttc       0 
CMPE42D1HPBWPLVT          20     384.000     524.578    tcbn65lphpbwplvttc       0 
CMPE42D2HPBWPLVT           3      61.200      89.289    tcbn65lphpbwplvttc       0 
DFCND1HPBWPLVT            10      96.000      58.287    tcbn65lphpbwplvttc       0 
DFCND2HPBWPLVT             3      33.600      32.740    tcbn65lphpbwplvttc       0 
DFCNQD1HPBWPLVT           25     220.000     111.435    tcbn65lphpbwplvttc       0 
DFD1HPBWPLVT             179    1432.000    1088.290    tcbn65lphpbwplvttc       0 
DFD2HPBWPLVT             137    1315.200    1867.321    tcbn65lphpbwplvttc       0 
DFD4HPBWPLVT              37     458.800     777.060    tcbn65lphpbwplvttc       0 
DFKCND1HPBWP               7      64.400       3.941    tcbn65lphpbwptc          0 
DFKCND1HPBWPLVT          292    2686.400    1638.215    tcbn65lphpbwplvttc       0 
DFKCND2HPBWPLVT           61     634.400     787.914    tcbn65lphpbwplvttc       0 
DFKCND4HPBWPLVT          235    3102.000    5018.421    tcbn65lphpbwplvttc       0 
DFKCNQD1HPBWP            117     982.800      48.511    tcbn65lphpbwptc          0 
DFKCNQD1HPBWPLVT        2305   19362.000    9322.191    tcbn65lphpbwplvttc       0 
DFKCNQD2HPBWP              1       8.800       0.740    tcbn65lphpbwptc          0 
DFKCNQD2HPBWPLVT         258    2270.400    1943.856    tcbn65lphpbwplvttc       0 
DFKCNQD4HPBWPLVT         294    2940.000    3294.187    tcbn65lphpbwplvttc       0 
DFKCSND1HPBWPLVT           9      93.600      52.456    tcbn65lphpbwplvttc       0 
DFKSND1HPBWPLVT            1      10.000       8.098    tcbn65lphpbwplvttc       0 
DFQD1HPBWP                 5      38.000       2.317    tcbn65lphpbwptc          0 
DFQD1HPBWPLVT           1507   11453.200    6543.639    tcbn65lphpbwplvttc       0 
DFQD2HPBWPLVT             62     496.000     308.281    tcbn65lphpbwplvttc       0 
DFQD4HPBWPLVT              6      55.200      55.566    tcbn65lphpbwplvttc       0 
EDFD2HPBWPLVT              3      36.000      36.052    tcbn65lphpbwplvttc       0 
EDFQD4HPBWPLVT           476    5902.400    6064.292    tcbn65lphpbwplvttc       0 
FA1D0HPBWPLVT              2      20.000      24.822    tcbn65lphpbwplvttc       0 
FA1D1HPBWPLVT              9     104.400     148.466    tcbn65lphpbwplvttc       0 
FA1D2HPBWPLVT             11     136.400     242.751    tcbn65lphpbwplvttc       0 
FCICIND1HPBWPLVT          22     114.400      83.273    tcbn65lphpbwplvttc       0 
FICIND2HPBWP               1      13.600       2.227    tcbn65lphpbwptc          0 
FICIND2HPBWPLVT            3      40.800      68.676    tcbn65lphpbwplvttc       0 
FICOND2HPBWPLVT            2      27.200      46.203    tcbn65lphpbwplvttc       0 
FIICOND1HPBWPLVT           1      12.000      18.621    tcbn65lphpbwplvttc       0 
FIICOND2HPBWPLVT           3      43.200      76.586    tcbn65lphpbwplvttc       0 
HA1D0HPBWPLVT            742    4748.800    5137.117    tcbn65lphpbwplvttc       0 
HA1D1HPBWPLVT              4      27.200      37.812    tcbn65lphpbwplvttc       0 
HA1D2HPBWPLVT             10      80.000     116.542    tcbn65lphpbwplvttc       0 
HA1D4HPBWPLVT              1      12.000      19.078    tcbn65lphpbwplvttc       0 
HCOSCIND1HPBWPLVT         16     198.400     187.322    tcbn65lphpbwplvttc       0 
HCOSCIND2HPBWPLVT          1      13.600      14.368    tcbn65lphpbwplvttc       0 
HCOSCOND1HPBWPLVT          9     100.800     105.058    tcbn65lphpbwplvttc       0 
HICIND1HPBWPLVT           11      83.600      98.896    tcbn65lphpbwplvttc       0 
HICIND2HPBWPLVT            2      17.600      22.318    tcbn65lphpbwplvttc       0 
HICOND1HPBWPLVT            9      68.400      82.629    tcbn65lphpbwplvttc       0 
HICOND2HPBWPLVT            9      79.200     104.801    tcbn65lphpbwplvttc       0 
IAO21D1HPBWPLVT           29      81.200      78.312    tcbn65lphpbwplvttc       0 
IAO21D2HPBWPLVT           20      80.000     162.677    tcbn65lphpbwplvttc       0 
IAO21D4HPBWPLVT            7      44.800     117.903    tcbn65lphpbwplvttc       0 
IAO22D1HPBWPLVT            5      18.000      15.193    tcbn65lphpbwplvttc       0 
IAO22D2HPBWPLVT            1       4.800       5.943    tcbn65lphpbwplvttc       0 
IIND4D1HPBWPLVT            3      12.000      10.578    tcbn65lphpbwplvttc       0 
IIND4D2HPBWPLVT            2      13.600      15.117    tcbn65lphpbwplvttc       0 
IIND4D4HPBWPLVT            4      48.000      75.696    tcbn65lphpbwplvttc       0 
IINR4D0HPBWPLVT           17      68.000      50.834    tcbn65lphpbwplvttc       0 
IINR4D1HPBWPLVT            1       6.000       1.547    tcbn65lphpbwplvttc       0 
IINR4D4HPBWPLVT            1      16.400      16.118    tcbn65lphpbwplvttc       0 
IND2D0HPBWPLVT             1       2.400       1.700    tcbn65lphpbwplvttc       0 
IND2D1HPBWP               98     235.200      14.009    tcbn65lphpbwptc          0 
IND2D1HPBWPLVT           288     691.200     494.813    tcbn65lphpbwplvttc       0 
IND2D2HPBWP                6      19.200       1.373    tcbn65lphpbwptc          0 
IND2D2HPBWPLVT          1407    4502.400    5105.248    tcbn65lphpbwplvttc       0 
IND2D4HPBWPLVT           420    2688.000    3363.205    tcbn65lphpbwplvttc       0 
IND3D0HPBWPLVT             2       5.600       0.716    tcbn65lphpbwplvttc       0 
IND3D1HPBWPLVT            68     190.400      60.675    tcbn65lphpbwplvttc       0 
IND3D2HPBWPLVT            10      48.000      18.193    tcbn65lphpbwplvttc       0 
IND3D4HPBWPLVT            20     168.000     151.453    tcbn65lphpbwplvttc       0 
IND4D1HPBWPLVT            17      54.400      11.717    tcbn65lphpbwplvttc       0 
IND4D2HPBWPLVT            18     115.200      12.589    tcbn65lphpbwplvttc       0 
IND4D4HPBWPLVT            12     129.600      79.911    tcbn65lphpbwplvttc       0 
INR2D0HPBWPLVT             3       7.200       2.141    tcbn65lphpbwplvttc       0 
INR2D1HPBWP                1       2.400       0.081    tcbn65lphpbwptc          0 
INR2D1HPBWPLVT           308     739.200     448.319    tcbn65lphpbwplvttc       0 
INR2D2HPBWPLVT           125     400.000     386.052    tcbn65lphpbwplvttc       0 
INR2D4HPBWP                4      24.000       3.298    tcbn65lphpbwptc          0 
INR2D4HPBWPLVT            69     414.000     562.822    tcbn65lphpbwplvttc       0 
INR2XD0HPBWPLVT          144     345.600     177.498    tcbn65lphpbwplvttc       0 
INR2XD1HPBWPLVT          100     320.000     240.788    tcbn65lphpbwplvttc       0 
INR2XD2HPBWP               1       5.200       0.378    tcbn65lphpbwptc          0 
INR2XD2HPBWPLVT          144     748.800     469.788    tcbn65lphpbwplvttc       0 
INR2XD4HPBWPLVT           41     426.400     447.989    tcbn65lphpbwplvttc       0 
INR3D0HPBWPLVT            33      92.400      51.838    tcbn65lphpbwplvttc       0 
INR3D1HPBWP                1       4.000       0.137    tcbn65lphpbwptc          0 
INR3D1HPBWPLVT            37     148.000      72.684    tcbn65lphpbwplvttc       0 
INR3D4HPBWPLVT             7      58.800     138.529    tcbn65lphpbwplvttc       0 
INR4D0HPBWP                1       3.200       0.076    tcbn65lphpbwptc          0 
INR4D0HPBWPLVT            19      60.800      31.225    tcbn65lphpbwplvttc       0 
INR4D1HPBWP                3      16.800       0.557    tcbn65lphpbwptc          0 
INR4D1HPBWPLVT             1       5.600       0.694    tcbn65lphpbwplvttc       0 
INR4D2HPBWPLVT             3      26.400       8.119    tcbn65lphpbwplvttc       0 
INR4D4HPBWPLVT             1      10.800      45.476    tcbn65lphpbwplvttc       0 
INVD12HPBWPLVT            82     557.600    1697.980    tcbn65lphpbwplvttc       0 
INVD16HPBWPLVT            36     331.200     717.336    tcbn65lphpbwplvttc       0 
INVD1HPBWP                 9      10.800       0.900    tcbn65lphpbwptc          0 
INVD1HPBWPLVT           1800    2160.000    1770.901    tcbn65lphpbwplvttc       0 
INVD2HPBWP                 5       8.000       1.068    tcbn65lphpbwptc          0 
INVD2HPBWPLVT            934    1494.400    1926.895    tcbn65lphpbwplvttc       0 
INVD3HPBWP                 2       4.800       0.639    tcbn65lphpbwptc          0 
INVD3HPBWPLVT            730    1752.000    2977.678    tcbn65lphpbwplvttc       0 
INVD4HPBWP                 1       2.800       0.503    tcbn65lphpbwptc          0 
INVD4HPBWPLVT           1004    2811.200    5831.806    tcbn65lphpbwplvttc       0 
INVD6HPBWPLVT            233     932.000    2266.349    tcbn65lphpbwplvttc       0 
INVD8HPBWPLVT             95     456.000    1181.080    tcbn65lphpbwplvttc       0 
IOA21D0HPBWP               1       2.800       0.136    tcbn65lphpbwptc          0 
IOA21D1HPBWPLVT         1530    4284.000    2576.175    tcbn65lphpbwplvttc       0 
IOA21D2HPBWP               6      24.000       3.278    tcbn65lphpbwptc          0 
IOA21D2HPBWPLVT         2041    8164.000    7894.333    tcbn65lphpbwplvttc       0 
IOA21D4HPBWP               1       6.400       0.856    tcbn65lphpbwptc          0 
IOA21D4HPBWPLVT          136     870.400     884.023    tcbn65lphpbwplvttc       0 
IOA22D0HPBWPLVT            2       7.200       2.535    tcbn65lphpbwplvttc       0 
IOA22D1HPBWP               1       3.600       0.211    tcbn65lphpbwptc          0 
IOA22D1HPBWPLVT           40     144.000      70.090    tcbn65lphpbwplvttc       0 
IOA22D2HPBWPLVT           17      81.600      98.478    tcbn65lphpbwplvttc       0 
IOA22D4HPBWPLVT           33     250.800     349.691    tcbn65lphpbwplvttc       0 
MAOI222D0HPBWPLVT          3       9.600       1.949    tcbn65lphpbwplvttc       0 
MAOI222D1HPBWPLVT         37     118.400      53.304    tcbn65lphpbwplvttc       0 
MAOI22D1HPBWPLVT         131     419.200     496.401    tcbn65lphpbwplvttc       0 
MAOI22D2HPBWPLVT          13      62.400      66.079    tcbn65lphpbwplvttc       0 
MOAI22D1HPBWPLVT        1806    5779.200    4881.492    tcbn65lphpbwplvttc       0 
MOAI22D2HPBWPLVT          29     139.200     156.120    tcbn65lphpbwplvttc       0 
MOAI22D4HPBWPLVT           1       5.600      11.268    tcbn65lphpbwplvttc       0 
MUX2D0HPBWP                3      10.800       0.500    tcbn65lphpbwptc          0 
MUX2D0HPBWPLVT           724    2606.400    1362.184    tcbn65lphpbwplvttc       0 
MUX2D1HPBWPLVT           706    2824.000    3142.995    tcbn65lphpbwplvttc       0 
MUX2D2HPBWPLVT           479    2107.600    2863.178    tcbn65lphpbwplvttc       0 
MUX2D4HPBWPLVT           617    4195.600    8359.158    tcbn65lphpbwplvttc       0 
MUX2ND0HPBWPLVT          165     528.000     273.984    tcbn65lphpbwplvttc       0 
MUX2ND1HPBWPLVT            6      28.800      32.703    tcbn65lphpbwplvttc       0 
MUX2ND2HPBWPLVT           47     244.400     316.181    tcbn65lphpbwplvttc       0 
MUX2ND4HPBWPLVT           15     120.000     259.464    tcbn65lphpbwplvttc       0 
MUX3D1HPBWPLVT             1       6.400       6.910    tcbn65lphpbwplvttc       0 
MUX3ND0HPBWPLVT            1       6.000       6.130    tcbn65lphpbwplvttc       0 
MUX4ND0HPBWPLVT           31     248.000     187.493    tcbn65lphpbwplvttc       0 
ND2D1HPBWP                 5       8.000       0.334    tcbn65lphpbwptc          0 
ND2D1HPBWPLVT           2509    4014.400    1751.162    tcbn65lphpbwplvttc       0 
ND2D2HPBWP                 5      14.000       0.904    tcbn65lphpbwptc          0 
ND2D2HPBWPLVT           3505    9814.000    6725.099    tcbn65lphpbwplvttc       0 
ND2D3HPBWPLVT           1620    6480.000    5800.667    tcbn65lphpbwplvttc       0 
ND2D4HPBWPLVT           1048    5030.400    5191.027    tcbn65lphpbwplvttc       0 
ND2D8HPBWPLVT            155    1426.000    1701.009    tcbn65lphpbwplvttc       0 
ND3D1HPBWP                 1       2.400       0.044    tcbn65lphpbwptc          0 
ND3D1HPBWPLVT            126     302.400      99.314    tcbn65lphpbwplvttc       0 
ND3D2HPBWPLVT             63     252.000     127.224    tcbn65lphpbwplvttc       0 
ND3D3HPBWPLVT            134     696.800     646.134    tcbn65lphpbwplvttc       0 
ND3D4HPBWP                 1       6.800       1.176    tcbn65lphpbwptc          0 
ND3D4HPBWPLVT            212    1441.600    1427.107    tcbn65lphpbwplvttc       0 
ND3D8HPBWPLVT              5      68.000      29.730    tcbn65lphpbwplvttc       0 
ND4D1HPBWPLVT            167     467.600     117.321    tcbn65lphpbwplvttc       0 
ND4D2HPBWPLVT             15      78.000      15.530    tcbn65lphpbwplvttc       0 
ND4D3HPBWPLVT              3      20.400      21.673    tcbn65lphpbwplvttc       0 
ND4D4HPBWPLVT              6      57.600      48.382    tcbn65lphpbwplvttc       0 
ND4D8HPBWPLVT             44     369.600     922.422    tcbn65lphpbwplvttc       0 
NR2D0HPBWPLVT              2       3.200       1.316    tcbn65lphpbwplvttc       0 
NR2D1HPBWPLVT            366     585.600     234.272    tcbn65lphpbwplvttc       0 
NR2D2HPBWP                 2       5.600       0.223    tcbn65lphpbwptc          0 
NR2D2HPBWPLVT            145     406.000     355.071    tcbn65lphpbwplvttc       0 
NR2D3HPBWPLVT            189     756.000    1171.175    tcbn65lphpbwplvttc       0 
NR2D4HPBWPLVT            130     624.000    1256.477    tcbn65lphpbwplvttc       0 
NR2D8HPBWPLVT             43     395.600    1147.878    tcbn65lphpbwplvttc       0 
NR2XD0HPBWPLVT           572     915.200     363.911    tcbn65lphpbwplvttc       0 
NR2XD1HPBWP                9      25.200       0.888    tcbn65lphpbwptc          0 
NR2XD1HPBWPLVT           627    1755.600     506.976    tcbn65lphpbwplvttc       0 
NR2XD2HPBWP                1       4.800       0.188    tcbn65lphpbwptc          0 
NR2XD2HPBWPLVT           701    3364.800    2274.303    tcbn65lphpbwplvttc       0 
NR2XD3HPBWP                1       6.800       0.259    tcbn65lphpbwptc          0 
NR2XD3HPBWPLVT           346    2352.800    1820.747    tcbn65lphpbwplvttc       0 
NR2XD4HPBWPLVT            52     478.400     406.182    tcbn65lphpbwplvttc       0 
NR2XD8HPBWPLVT            32     550.400     464.853    tcbn65lphpbwplvttc       0 
NR3D0HPBWPLVT             44     105.600      39.095    tcbn65lphpbwplvttc       0 
NR3D1HPBWP                 1       3.600       0.059    tcbn65lphpbwptc          0 
NR3D1HPBWPLVT             22      79.200      21.677    tcbn65lphpbwplvttc       0 
NR3D2HPBWPLVT             21     134.400     121.645    tcbn65lphpbwplvttc       0 
NR3D3HPBWPLVT             23     220.800     198.687    tcbn65lphpbwplvttc       0 
NR3D4HPBWPLVT              1      11.600       0.257    tcbn65lphpbwplvttc       0 
NR4D0HPBWPLVT            118     330.400     151.286    tcbn65lphpbwplvttc       0 
NR4D1HPBWP                 2       9.600       0.128    tcbn65lphpbwptc          0 
NR4D1HPBWPLVT              5      24.000       1.386    tcbn65lphpbwplvttc       0 
NR4D2HPBWPLVT              1       8.000       1.617    tcbn65lphpbwplvttc       0 
NR4D3HPBWPLVT              1      12.000       0.210    tcbn65lphpbwplvttc       0 
OA211D1HPBWPLVT           26      83.200      72.644    tcbn65lphpbwplvttc       0 
OA211D4HPBWPLVT            8      57.600      81.968    tcbn65lphpbwplvttc       0 
OA21D0HPBWPLVT             2       5.600       2.633    tcbn65lphpbwplvttc       0 
OA21D1HPBWP                1       2.800       0.281    tcbn65lphpbwptc          0 
OA21D1HPBWPLVT           103     288.400     282.011    tcbn65lphpbwplvttc       0 
OA21D2HPBWPLVT            10      32.000      47.557    tcbn65lphpbwplvttc       0 
OA21D4HPBWPLVT            17     108.800     141.994    tcbn65lphpbwplvttc       0 
OA221D1HPBWPLVT           96     384.000     253.414    tcbn65lphpbwplvttc       0 
OA221D2HPBWPLVT            5      24.000      17.926    tcbn65lphpbwplvttc       0 
OA222D1HPBWPLVT           14      67.200      41.670    tcbn65lphpbwplvttc       0 
OA22D0HPBWPLVT             1       3.600       1.674    tcbn65lphpbwplvttc       0 
OA22D1HPBWPLVT            31     111.600      71.202    tcbn65lphpbwplvttc       0 
OA22D2HPBWPLVT            11      44.000      41.905    tcbn65lphpbwplvttc       0 
OA22D4HPBWPLVT            21     151.200     192.473    tcbn65lphpbwplvttc       0 
OA31D1HPBWPLVT             3       9.600       8.195    tcbn65lphpbwplvttc       0 
OA31D2HPBWPLVT             1       4.000       4.971    tcbn65lphpbwplvttc       0 
OA32D1HPBWPLVT             2       8.000       3.024    tcbn65lphpbwplvttc       0 
OAI211D1HPBWPLVT          69     193.200      81.335    tcbn65lphpbwplvttc       0 
OAI211D2HPBWPLVT           7      33.600      18.690    tcbn65lphpbwplvttc       0 
OAI211D4HPBWPLVT          20     192.000     127.294    tcbn65lphpbwplvttc       0 
OAI21D1HPBWP               2       4.800       0.266    tcbn65lphpbwptc          0 
OAI21D1HPBWPLVT          261     626.400     296.381    tcbn65lphpbwplvttc       0 
OAI21D2HPBWPLVT          208     832.000     718.133    tcbn65lphpbwplvttc       0 
OAI21D4HPBWP               2      14.400       1.694    tcbn65lphpbwptc          0 
OAI21D4HPBWPLVT          107     770.400     633.945    tcbn65lphpbwplvttc       0 
OAI221D0HPBWPLVT         245     784.000     183.995    tcbn65lphpbwplvttc       0 
OAI221D1HPBWPLVT          14      50.400      13.441    tcbn65lphpbwplvttc       0 
OAI221D2HPBWPLVT           2      12.800       4.805    tcbn65lphpbwplvttc       0 
OAI221XD4HPBWPLVT          2      24.000      11.952    tcbn65lphpbwplvttc       0 
OAI222D0HPBWPLVT          51     183.600      34.284    tcbn65lphpbwplvttc       0 
OAI222D1HPBWPLVT           6      24.000       6.872    tcbn65lphpbwplvttc       0 
OAI222D2HPBWP              1       7.600       0.361    tcbn65lphpbwptc          0 
OAI222D2HPBWPLVT          43     326.800      93.976    tcbn65lphpbwplvttc       0 
OAI222D4HPBWPLVT           1       6.800       6.241    tcbn65lphpbwplvttc       0 
OAI222XD4HPBWPLVT         85    1190.000     407.729    tcbn65lphpbwplvttc       0 
OAI22D1HPBWPLVT          210     588.000     247.662    tcbn65lphpbwplvttc       0 
OAI22D2HPBWPLVT           98     470.400     296.620    tcbn65lphpbwplvttc       0 
OAI22D4HPBWPLVT            3      28.800      19.254    tcbn65lphpbwplvttc       0 
OAI31D0HPBWPLVT            1       2.800       0.364    tcbn65lphpbwplvttc       0 
OAI31D1HPBWPLVT            9      25.200      13.167    tcbn65lphpbwplvttc       0 
OAI31D2HPBWPLVT           10      48.000      17.137    tcbn65lphpbwplvttc       0 
OAI32D1HPBWPLVT           15      48.000      37.168    tcbn65lphpbwplvttc       0 
OR2D1HPBWPLVT            135     324.000     262.560    tcbn65lphpbwplvttc       0 
OR2D2HPBWPLVT             27      75.600     106.468    tcbn65lphpbwplvttc       0 
OR2D4HPBWPLVT             53     254.400     460.980    tcbn65lphpbwplvttc       0 
OR2D8HPBWPLVT             25     200.000     450.447    tcbn65lphpbwplvttc       0 
OR2XD1HPBWP                1       2.400       0.167    tcbn65lphpbwptc          0 
OR2XD1HPBWPLVT            41      98.400      90.754    tcbn65lphpbwplvttc       0 
OR3D1HPBWPLVT             16      44.800      30.338    tcbn65lphpbwplvttc       0 
OR3D2HPBWPLVT              2       6.400       7.020    tcbn65lphpbwplvttc       0 
OR3D8HPBWPLVT              6      57.600     118.121    tcbn65lphpbwplvttc       0 
OR4D1HPBWPLVT             37     118.400      96.427    tcbn65lphpbwplvttc       0 
OR4D4HPBWPLVT              2      13.600      18.558    tcbn65lphpbwplvttc       0 
OR4D8HPBWPLVT              1      11.200      34.970    tcbn65lphpbwplvttc       0 
OR4XD1HPBWPLVT             1       3.200       5.122    tcbn65lphpbwplvttc       0 
XNR2D1HPBWPLVT           848    3392.000    3976.211    tcbn65lphpbwplvttc       0 
XNR2D2HPBWPLVT            22      96.800     145.935    tcbn65lphpbwplvttc       0 
XNR2D4HPBWPLVT            27     226.800     429.160    tcbn65lphpbwplvttc       0 
XNR3D0HPBWPLVT             3      20.400      15.804    tcbn65lphpbwplvttc       0 
XNR3D1HPBWPLVT           189    1285.200    1388.069    tcbn65lphpbwplvttc       0 
XNR3D2HPBWPLVT            16     140.800     158.125    tcbn65lphpbwplvttc       0 
XNR3D4HPBWPLVT           100    1200.000    2405.813    tcbn65lphpbwplvttc       0 
XNR4D1HPBWPLVT           373    3580.800    3476.188    tcbn65lphpbwplvttc       0 
XNR4D2HPBWPLVT            20     200.000     230.099    tcbn65lphpbwplvttc       0 
XOR2D0HPBWP                2       8.000       0.531    tcbn65lphpbwptc          0 
XOR2D0HPBWPLVT             2       8.000       6.343    tcbn65lphpbwplvttc       0 
XOR2D1HPBWPLVT          1560    6240.000    8526.367    tcbn65lphpbwplvttc       0 
XOR2D2HPBWPLVT           165     726.000    1147.864    tcbn65lphpbwplvttc       0 
XOR2D4HPBWPLVT            13     109.200     216.616    tcbn65lphpbwplvttc       0 
XOR3D0HPBWPLVT             3      20.400      14.631    tcbn65lphpbwplvttc       0 
XOR3D1HPBWPLVT           202    1373.600    1394.225    tcbn65lphpbwplvttc       0 
XOR3D2HPBWPLVT           110     836.000    1072.777    tcbn65lphpbwplvttc       0 
XOR3D4HPBWPLVT           358    4296.000    8530.958    tcbn65lphpbwplvttc       0 
XOR4D0HPBWPLVT            14     140.000     109.005    tcbn65lphpbwplvttc       0 
XOR4D1HPBWP               26     260.000      24.600    tcbn65lphpbwptc          0 
XOR4D1HPBWPLVT            13     130.000     142.849    tcbn65lphpbwplvttc       0 
XOR4D2HPBWPLVT           119    1285.200    1438.802    tcbn65lphpbwplvttc       0 
-----------------------------------------------------------------------------------
total                  52618  227615.600  217667.751                       


                                                      Leakage  Leakage 
      Library      Instances Instances %    Area    Power (nW) Power % 
-----------------------------------------------------------------------
tcbn65lphpbwplvttc     51780        98.4 224570.000 217480.400    99.9 
tcbn65lphpbwptc          838         1.6   3045.600    187.351     0.1 

                                             Leakage  Leakage 
     Type      Instances    Area    Area % Power (nW) Power % 
--------------------------------------------------------------
sequential          6030  53691.200   23.6  39063.812    17.9 
inverter            5887  12908.800    5.7  21334.745     9.8 
buffer              1303   3901.200    1.7   7027.257     3.2 
logic              39398 157114.400   69.0 150241.937    69.0 
physical_cells         0      0.000    0.0      0.000     0.0 
--------------------------------------------------------------
total              52618 227615.600  100.0 217667.751   100.0 

