============================================================
  Generated by:           Genus(TM) Synthesis Solution 19.11-s087_1
  Generated on:           Aug 17 2021  04:57:32 pm
  Module:                 top
  Operating conditions:   NCCOM 
  Operating conditions:   WCCOM 
  Operating conditions:   WCCOM 
  Operating conditions:   BCCOM 
  Interconnect mode:      global
  Area mode:              physical library
============================================================

Timing
--------

 Analysis view Clock Period 
----------------------------
view_typ       clk   2000.0 
view_slow      clk   2000.0 
view_superslow clk   2000.0 
view_fast      clk   2000.0 


   Analysis      Cost   Critical        Violating 
     View       Group  Path Slack  TNS    Paths   
--------------------------------------------------
view_typ           C2C      753.9  0.0          0 
                   C2O      723.2  0.0          0 
                   clk   No paths  0.0          0 
               default   No paths  0.0          0 
                   I2C      760.6  0.0          0 
                   I2O      727.7  0.0          0 
--------------------------------------------------
Total                             -0.0          0 
                                                  
view_slow          C2C        0.0  0.0          0 
                   C2O        0.1  0.0          0 
                   clk   No paths  0.0          0 
               default   No paths  0.0          0 
                   I2C       49.6  0.0          0 
                   I2O       54.0  0.0          0 
--------------------------------------------------
Total                             -0.0          0 
                                                  
view_superslow     C2C       39.7  0.0          0 
                   C2O       36.8  0.0          0 
                   clk   No paths  0.0          0 
               default   No paths  0.0          0 
                   I2C      111.2  0.0          0 
                   I2O      116.1  0.0          0 
--------------------------------------------------
Total                             -0.0          0 
                                                  
view_fast          C2C     1111.0  0.0          0 
                   C2O     1068.9  0.0          0 
                   clk   No paths  0.0          0 
               default   No paths  0.0          0 
                   I2C     1100.8  0.0          0 
                   I2O     1054.2  0.0          0 
--------------------------------------------------
Total                             -0.0          0 
                                                  

Instance Count
--------------
Leaf Instance Count             50514 
Physical Instance count             0 
Sequential Instance Count        6030 
Combinational Instance Count    44484 
Hierarchical Instance Count        30 

Area
----
Cell Area                          217749.600
Physical Cell Area                 0.000
Total Cell Area (Cell+Physical)    217749.600
Net Area                           92760.908
Total Area (Cell+Physical+Net)     310510.508

Runtime                            333.1379990000001 seconds
Elapsed Runtime                    5442 seconds
Genus peak memory usage            1818.34 
Innovus peak memory usage          no_value 
Hostname                           epi03.bsc.es
