============================================================
  Generated by:           Genus(TM) Synthesis Solution 19.11-s087_1
  Generated on:           Aug 17 2021  04:05:32 pm
  Module:                 top
  Operating conditions:   NCCOM 
  Operating conditions:   WCCOM 
  Operating conditions:   WCCOM 
  Operating conditions:   BCCOM 
  Interconnect mode:      global
  Area mode:              physical library
============================================================


Path 1: MET (64 ps) Setup Check with Pin dut_pmu_ahb_inst_pmu_raw/inst_quota_suma_int_reg[20]/CP->D
           View: view_slow
          Group: I2C
     Startpoint: (F) hwdata_i[4]
          Clock: (R) clk
       Endpoint: (R) dut_pmu_ahb_inst_pmu_raw/inst_quota_suma_int_reg[20]/D
          Clock: (R) clk

                     Capture       Launch     
        Clock Edge:+    2000            0     
        Drv Adjust:+       0            0     
       Src Latency:+       0            0     
       Net Latency:+       0 (I)        0 (I) 
           Arrival:=    2000            0     
                                              
             Setup:-      78                  
     Required Time:=    1922                  
      Launch Clock:-       0                  
       Input Delay:-     100                  
         Data Path:-    1758                  
             Slack:=      64                  

Exceptions/Constraints:
  input_delay             100             top_65.sdc_1_line_11_270_1 

#----------------------------------------------------------------------------------------------------------------------------------------
#                      Timing Point                       Flags    Arc   Edge       Cell        Fanout Load Trans Delay Arrival Instance 
#                                                                                                      (fF)  (ps)  (ps)   (ps)  Location 
#----------------------------------------------------------------------------------------------------------------------------------------
  hwdata_i[4]                                             -       -      F     (arrival)             2  8.1   200     0     100    (-,-) 
  g222804/ZN                                              -       A1->ZN F     IND2D2HPBWPLVT       12 36.5   181   187     287    (-,-) 
  g124958/Z                                               -       I->Z   F     BUFFD2HPBWPLVT       12 32.3    90   132     420    (-,-) 
  g124957/Z                                               -       I->Z   F     BUFFD2HPBWPLVT        8 22.4    65    96     515    (-,-) 
  g124956/Z                                               -       I->Z   F     BUFFD4HPBWPLVT       10 24.2    40    70     585    (-,-) 
  g222794/Z                                               -       I0->Z  F     MUX2D0HPBWPLVT        1  4.1    63   117     702    (-,-) 
  dut_pmu_ahb_inst_pmu_raw/g93437/ZN                      -       B1->ZN R     AOI22D1HPBWPLVT       1  5.5   129   106     808    (-,-) 
  dut_pmu_ahb_inst_pmu_raw/g92681/ZN                      -       B->ZN  F     IOA21D2HPBWPLVT       4 12.2    79    73     880    (-,-) 
  dut_pmu_ahb_inst_pmu_raw/inst_quota_g28798/Z            -       A1->Z  F     AO22D1HPBWPLVT        1  3.8    42   100     980    (-,-) 
  dut_pmu_ahb_inst_pmu_raw/inst_quota_g28605/ZN           -       A2->ZN R     NR2XD0HPBWPLVT        1  4.1    78    63    1044    (-,-) 
  dut_pmu_ahb_inst_pmu_raw/inst_quota_g28525/Z            -       A2->Z  R     AN2XD1HPBWPLVT        1  5.8    56    84    1128    (-,-) 
  dut_pmu_ahb_inst_pmu_raw/inst_quota_g28478/ZN           -       A2->ZN F     ND2D2HPBWPLVT         2  6.9    45    44    1172    (-,-) 
  dut_pmu_ahb_inst_pmu_raw/inst_quota_add_141_42_g1306/ZN -       A1->ZN R     ND2D1HPBWPLVT         3 11.1    96    67    1239    (-,-) 
  dut_pmu_ahb_inst_pmu_raw/inst_quota_add_141_42_g1211/ZN -       A1->ZN F     OAI21D2HPBWPLVT       3  9.0    66    61    1301    (-,-) 
  dut_pmu_ahb_inst_pmu_raw/g97038/ZN                      -       A2->ZN F     IOA21D2HPBWPLVT       1  8.2    52    91    1392    (-,-) 
  dut_pmu_ahb_inst_pmu_raw/inst_quota_add_141_42_g1122/ZN -       B->ZN  R     AOI31D4HPBWPLVT       6 22.3   134   109    1501    (-,-) 
  dut_pmu_ahb_inst_pmu_raw/inst_quota_add_141_42_g1117/ZN -       A1->ZN F     NR2XD3HPBWPLVT        3 13.4    51    52    1553    (-,-) 
  dut_pmu_ahb_inst_pmu_raw/inst_quota_add_141_42_g1109/ZN -       A1->ZN R     ND2D4HPBWPLVT         1  8.5    32    32    1585    (-,-) 
  dut_pmu_ahb_inst_pmu_raw/inst_quota_add_141_42_g1108/ZN -       A1->ZN F     ND2D4HPBWPLVT         2 13.8    51    37    1622    (-,-) 
  dut_pmu_ahb_inst_pmu_raw/inst_quota_add_141_42_g1107/Z  -       I->Z   F     BUFFD12HPBWPLVT      15 65.6    41    73    1696    (-,-) 
  dut_pmu_ahb_inst_pmu_raw/inst_quota_add_141_42_g1081/Z  -       A1->Z  F     AO21D1HPBWPLVT        1  5.0    44    81    1777    (-,-) 
  dut_pmu_ahb_inst_pmu_raw/inst_quota_add_141_42_g1068/Z  -       A1->Z  R     CKXOR2D2HPBWPLVT      1  4.0    42    81    1858    (-,-) 
  dut_pmu_ahb_inst_pmu_raw/inst_quota_suma_int_reg[20]/D  -       -      R     DFKCND1HPBWPLVT       1    -     -     0    1858    (-,-) 
#----------------------------------------------------------------------------------------------------------------------------------------


