

Working Directory = /users/gcabo/genus_runs_pmu/bsc_pmu_ft500/synth/genus
QoS Summary for top_ft
================================================================================
Metric                          generic         map             final          
================================================================================
Slack (ps):                        34            -132              -5
  R2R (ps):                        34            -132              -5
  I2R (ps):                       577             124              59
  R2O (ps):                       278               0               0
  I2O (ps):                       894             183             115
  CG  (ps):                  no_value        no_value        no_value
TNS (ps):                           0           1,737              23
  R2R (ps):                         0           1,737              23
  I2R (ps):                         0               0               0
  R2O (ps):                         0               0               0
  I2O (ps):                         0               0               0
  CG  (ps):                  no_value        no_value        no_value
Failing Paths:                      0              32              10
Cell Area:                    277,596         159,570         153,810
Total Cell Area:              277,596         159,570         153,810
Leaf Instances:                69,929          37,510          36,453
Total Instances:               69,929          37,510          36,453
Utilization (%):                 0.00            0.00            0.00
Tot. Net Length (um):        no_value        no_value        no_value
Avg. Net Length (um):        no_value        no_value        no_value
Route Overflow H (%):        no_value        no_value        no_value
Route Overflow V (%):        no_value        no_value        no_value
MBCI(%) (bits/gate) :            0.00            0.00            0.00
Norm Cong Hotspot Area:
  Max Cong:                  no_value        no_value        no_value
  Tot Cong:                  no_value        no_value        no_value
================================================================================
CPU  Runtime (h:m:s):        00:05:31        00:32:32        01:12:27
Real Runtime (h:m:s):        00:06:56        00:24:43        01:01:42
CPU  Elapsed (h:m:s):        00:05:35        00:38:07        01:50:34
Real Elapsed (h:m:s):        00:06:57        00:31:40        01:33:22
Memory (MB):                  1583.15         1583.54         1615.02
================================================================================
================================================================================
Flow Settings:
================================================================================
Total Runtime (h:m:s): 01:33:43
Total Memory (MB):     1623.02
Executable Version:    19.11-s087_1
================================================================================
Total Cell Area =  Cell Area + Physical Cell Area
Total Instances =  Leaf Instances + Physical Instances


