============================================================
  Generated by:           Genus(TM) Synthesis Solution 19.11-s087_1
  Generated on:           Aug 20 2021  10:39:19 am
  Module:                 top_ft
  Operating conditions:   NCCOM 
  Operating conditions:   WCCOM 
  Operating conditions:   WCCOM 
  Operating conditions:   BCCOM 
  Interconnect mode:      global
  Area mode:              physical library
============================================================

Timing
--------

 Analysis view Clock Period 
----------------------------
view_typ       clk   2000.0 
view_slow      clk   2000.0 
view_superslow clk   2000.0 
view_fast      clk   2000.0 


   Analysis      Cost   Critical        Violating 
     View       Group  Path Slack  TNS    Paths   
--------------------------------------------------
view_typ           C2C      793.7  0.0          0 
                   C2O      902.8  0.0          0 
                   clk   No paths  0.0          0 
               default   No paths  0.0          0 
                   I2C     1081.8  0.0          0 
                   I2O     1226.8  0.0          0 
--------------------------------------------------
Total                             -0.0          0 
                                                  
view_slow          C2C       34.5  0.0          0 
                   C2O      277.7  0.0          0 
                   clk   No paths  0.0          0 
               default   No paths  0.0          0 
                   I2C      577.4  0.0          0 
                   I2O      894.3  0.0          0 
--------------------------------------------------
Total                             -0.0          0 
                                                  
view_superslow     C2C       34.5  0.0          0 
                   C2O      277.7  0.0          0 
                   clk   No paths  0.0          0 
               default   No paths  0.0          0 
                   I2C      577.4  0.0          0 
                   I2O      894.3  0.0          0 
--------------------------------------------------
Total                             -0.0          0 
                                                  
view_fast          C2C     1111.9  0.0          0 
                   C2O     1168.6  0.0          0 
                   clk   No paths  0.0          0 
               default   No paths  0.0          0 
                   I2C     1290.2  0.0          0 
                   I2O     1364.3  0.0          0 
--------------------------------------------------
Total                             -0.0          0 
                                                  

Instance Count
--------------
Leaf Instance Count             69929 
Physical Instance count             0 
Sequential Instance Count        3326 
Combinational Instance Count    66603 
Hierarchical Instance Count        64 

Area
----
Cell Area                          277552.579
Physical Cell Area                 0.000
Total Cell Area (Cell+Physical)    277552.579
Net Area                           43.755
Total Area (Cell+Physical+Net)     277596.334

Runtime                            70.979041 seconds
Elapsed Runtime                    428 seconds
Genus peak memory usage            1583.15 
Innovus peak memory usage          no_value 
Hostname                           epi03.bsc.es
