============================================================
  Generated by:           Genus(TM) Synthesis Solution 19.11-s087_1
  Generated on:           Aug 20 2021  11:04:16 am
  Module:                 top_ft
  Operating conditions:   NCCOM 
  Operating conditions:   WCCOM 
  Operating conditions:   WCCOM 
  Operating conditions:   BCCOM 
  Interconnect mode:      global
  Area mode:              physical library
============================================================


Path 1: MET (0 ps) Late External Delay Assertion at pin intr_FT1_o
           View: view_slow
          Group: C2O
     Startpoint: (R) dut_pmu_ahb/slv_reg_reg[39][24]/CP
          Clock: (R) clk
       Endpoint: (R) intr_FT1_o
          Clock: (R) clk

                     Capture       Launch     
        Clock Edge:+    2000            0     
       Src Latency:+       0            0     
       Net Latency:+       0 (I)        0 (I) 
           Arrival:=    2000            0     
                                              
      Output Delay:-     100                  
     Required Time:=    1900                  
      Launch Clock:-       0                  
         Data Path:-    1900                  
             Slack:=       0                  

Exceptions/Constraints:
  output_delay             100             top_ft_65.sdc_1_line_12_309_1 

#--------------------------------------------------------------------------------------------------------------------------------------------------
#                          Timing Point                            Flags    Arc   Edge       Cell        Fanout  Load Trans Delay Arrival Instance 
#                                                                                                                (fF)  (ps)  (ps)   (ps)  Location 
#--------------------------------------------------------------------------------------------------------------------------------------------------
  dut_pmu_ahb/slv_reg_reg[39][24]/CP                               -       -      R     (arrival)          3326     -     0     -       0    (-,-) 
  dut_pmu_ahb/slv_reg_reg[39][24]/Q                                -       CP->Q  R     DFKCNQD4HPBWPLVT      3  19.1    48   138     138    (-,-) 
  dut_pmu_ahb/Slvft.slv_ham_dec[48].slv_hamming32t26d_dec/g2960/ZN -       I->ZN  F     CKND6HPBWPLVT         4  13.8    28    31     169    (-,-) 
  dut_pmu_ahb/Slvft.slv_ham_dec[48].slv_hamming32t26d_dec/g2990/ZN -       A1->ZN F     IOA21D2HPBWPLVT       2   8.7    55    78     247    (-,-) 
  dut_pmu_ahb/Slvft.slv_ham_dec[48].slv_hamming32t26d_dec/g2973/ZN -       A1->ZN F     IND2D2HPBWPLVT        1   8.7    56    81     327    (-,-) 
  dut_pmu_ahb/Slvft.slv_ham_dec[48].slv_hamming32t26d_dec/g2809/ZN -       A2->ZN R     ND2D4HPBWPLVT         2  14.0    41    42     370    (-,-) 
  dut_pmu_ahb/Slvft.slv_ham_dec[48].slv_hamming32t26d_dec/g2798/ZN -       A2->ZN F     ND2D3HPBWPLVT         1   8.3    41    38     408    (-,-) 
  dut_pmu_ahb/Slvft.slv_ham_dec[48].slv_hamming32t26d_dec/g2983/ZN -       B->ZN  R     OAI21D4HPBWPLVT       3  13.7    78    42     450    (-,-) 
  dut_pmu_ahb/Slvft.slv_ham_dec[48].slv_hamming32t26d_dec/g2772/PP -       X2->PP R     BMLD2HPBWPLVT         1   5.3    45   104     553    (-,-) 
  dut_pmu_ahb/Slvft.slv_ham_dec[48].slv_hamming32t26d_dec/g2761/ZN -       S->ZN  F     MUX2ND4HPBWPLVT       3  30.6    49   125     678    (-,-) 
  dut_pmu_ahb/Slvft.slv_ham_dec[48].slv_hamming32t26d_dec/g2760/ZN -       I->ZN  R     CKND12HPBWPLVT        2  27.2    26    30     708    (-,-) 
  dut_pmu_ahb/Slvft.slv_ham_dec[48].slv_hamming32t26d_dec/g2756/ZN -       A1->ZN F     ND2D8HPBWPLVT         8  40.1    66    49     757    (-,-) 
  dut_pmu_ahb/Slvft.slv_ham_dec[48].slv_hamming32t26d_dec/g2716/ZN -       A2->ZN R     NR2D3HPBWPLVT         1   5.3    48    53     810    (-,-) 
  dut_pmu_ahb/Slvft.slv_ham_dec[48].slv_hamming32t26d_dec/g2693/Z  -       S->Z   R     MUX2D4HPBWPLVT        2   8.5    44    96     906    (-,-) 
  dut_pmu_ahb/g250427/Z                                            -       A1->Z  R     AO21D4HPBWPLVT       14  51.5   107   114    1020    (-,-) 
  dut_pmu_ahb/inst_pmu_raw/g151157/Z                               -       A2->Z  R     OR2D4HPBWPLVT         2   9.9    36    90    1109    (-,-) 
  dut_pmu_ahb/inst_pmu_raw/g148263/Z                               -       I->Z   R     BUFFD4HPBWPLVT        3  12.6    33    49    1158    (-,-) 
  dut_pmu_ahb/inst_pmu_raw/g147523/ZN                              -       A1->ZN F     ND2D2HPBWPLVT         1   7.2    47    38    1196    (-,-) 
  dut_pmu_ahb/inst_pmu_raw/g147259/ZN                              -       A2->ZN R     NR2XD2HPBWPLVT        1   8.2    46    48    1244    (-,-) 
  dut_pmu_ahb/inst_pmu_raw/g146986/ZN                              -       A1->ZN F     OAI21D4HPBWPLVT       1   4.8    38    31    1276    (-,-) 
  dut_pmu_ahb/inst_pmu_raw/g146948/ZN                              -       A2->ZN R     NR2XD1HPBWPLVT        1   8.2    79    63    1339    (-,-) 
  dut_pmu_ahb/inst_pmu_raw/g146809/ZN                              -       A1->ZN F     OAI21D4HPBWPLVT       2  10.0    50    46    1384    (-,-) 
  dut_pmu_ahb/inst_pmu_raw/g146645/ZN                              -       A2->ZN R     NR2XD2HPBWPLVT        1   7.0    41    46    1431    (-,-) 
  dut_pmu_ahb/inst_pmu_raw/g146591/ZN                              -       A1->ZN F     ND2D3HPBWPLVT         1   6.9    36    34    1464    (-,-) 
  dut_pmu_ahb/inst_pmu_raw/g146548/ZN                              -       A1->ZN R     NR2XD2HPBWPLVT        1   8.5    47    38    1503    (-,-) 
  dut_pmu_ahb/inst_pmu_raw/g146445/ZN                              -       A1->ZN F     ND2D4HPBWPLVT         1   9.1    39    34    1537    (-,-) 
  dut_pmu_ahb/inst_pmu_raw/g146292/ZN                              -       A1->ZN R     NR2XD3HPBWPLVT        3  13.9    53    41    1578    (-,-) 
  dut_pmu_ahb/inst_pmu_raw/g145293/ZN                              -       A1->ZN F     ND2D2HPBWPLVT         1   5.4    39    37    1616    (-,-) 
  dut_pmu_ahb/inst_pmu_raw/g143661/ZN                              -       A1->ZN R     ND2D2HPBWPLVT         1   7.4    41    35    1650    (-,-) 
  dut_pmu_ahb/inst_pmu_raw/g143272/ZN                              -       A1->ZN F     NR2XD2HPBWPLVT        1   5.7    32    28    1678    (-,-) 
  dut_pmu_ahb/inst_pmu_raw/g142780/ZN                              -       A2->ZN R     ND2D2HPBWPLVT         1   9.9    49    40    1718    (-,-) 
  dut_pmu_ahb/inst_pmu_raw/g142737/Z                               -       I->Z   R     BUFFD16HPBWPLVT       1 502.6   242   175    1892    (-,-) 
  intr_FT1_o                                                       -       -      R     (port)                -     -     -     8    1900    (-,-) 
#--------------------------------------------------------------------------------------------------------------------------------------------------


