============================================================
  Generated by:           Genus(TM) Synthesis Solution 19.11-s087_1
  Generated on:           Aug 20 2021  12:05:30 pm
  Module:                 top_ft
  Operating conditions:   NCCOM 
  Operating conditions:   WCCOM 
  Operating conditions:   WCCOM 
  Operating conditions:   BCCOM 
  Interconnect mode:      global
  Area mode:              physical library
============================================================


Path 1: MET (59 ps) Setup Check with Pin dut_pmu_ahb/inst_pmu_raw/inst_quota/suma_int_reg[21]/CP->D
           View: view_slow
          Group: I2C
     Startpoint: (F) hwdata_i[10]
          Clock: (R) clk
       Endpoint: (R) dut_pmu_ahb/inst_pmu_raw/inst_quota/suma_int_reg[21]/D
          Clock: (R) clk

                     Capture       Launch     
        Clock Edge:+    2000            0     
        Drv Adjust:+       0            0     
       Src Latency:+       0            0     
       Net Latency:+       0 (I)        0 (I) 
           Arrival:=    2000            0     
                                              
             Setup:-      78                  
     Required Time:=    1922                  
      Launch Clock:-       0                  
       Input Delay:-     100                  
         Data Path:-    1763                  
             Slack:=      59                  

Exceptions/Constraints:
  input_delay             100             top_ft_65.sdc_1_line_11_220_1 

#----------------------------------------------------------------------------------------------------------------------------------------
#                      Timing Point                       Flags    Arc   Edge       Cell        Fanout Load Trans Delay Arrival Instance 
#                                                                                                      (fF)  (ps)  (ps)   (ps)  Location 
#----------------------------------------------------------------------------------------------------------------------------------------
  hwdata_i[10]                                            -       -      F     (arrival)             1  5.7   200     0     100    (-,-) 
  dut_pmu_ahb/g256711/ZN                                  -       A2->ZN R     NR2D2HPBWPLVT         4 17.9   154   143     243    (-,-) 
  dut_pmu_ahb/g255970/ZN                                  -       I->ZN  F     INVD2HPBWPLVT        13 36.7   104   101     344    (-,-) 
  dut_pmu_ahb/g255969/Z                                   -       I->Z   F     CKBD1HPBWP            8 22.4   259   207     552    (-,-) 
  dut_pmu_ahb/g255968/ZN                                  -       I->ZN  R     INVD1HPBWPLVT         8 23.6   192   181     733    (-,-) 
  dut_pmu_ahb/g250734/ZN                                  -       A2->ZN F     NR2XD0HPBWPLVT        1  5.8    93    99     831    (-,-) 
  dut_pmu_ahb/g250124/Z                                   -       B->Z   F     AO21D4HPBWPLVT        7 25.4    54   128     959    (-,-) 
  dut_pmu_ahb/inst_pmu_raw/inst_quota/g31291/ZN           -       B1->ZN R     IND2D4HPBWPLVT        2 26.1    67    51    1010    (-,-) 
  dut_pmu_ahb/inst_pmu_raw/inst_quota/g31290/ZN           -       A1->ZN F     NR2D8HPBWPLVT        15 44.6    38    40    1050    (-,-) 
  dut_pmu_ahb/inst_pmu_raw/inst_quota/g31733/Z            -       B2->Z  F     AO22D1HPBWPLVT        1  5.3    50   117    1167    (-,-) 
  dut_pmu_ahb/inst_pmu_raw/inst_quota/g28625/ZN           -       A1->ZN R     NR2D2HPBWPLVT         1  5.4    58    50    1216    (-,-) 
  dut_pmu_ahb/inst_pmu_raw/inst_quota/g28517/ZN           -       A1->ZN F     ND2D2HPBWPLVT         1  6.9    48    43    1259    (-,-) 
  dut_pmu_ahb/inst_pmu_raw/inst_quota/g28430/ZN           -       A1->ZN R     NR2D3HPBWPLVT         1  8.4    64    52    1311    (-,-) 
  dut_pmu_ahb/inst_pmu_raw/inst_quota/g28364/ZN           -       A1->ZN F     ND3D4HPBWPLVT         2 11.0    68    53    1364    (-,-) 
  dut_pmu_ahb/inst_pmu_raw/inst_quota/add_141_42_g2389/ZN -       A1->ZN R     NR2XD2HPBWPLVT        2 11.3    59    53    1416    (-,-) 
  dut_pmu_ahb/inst_pmu_raw/inst_quota/add_141_42_g2198/ZN -       A2->ZN F     NR2D4HPBWPLVT         1  9.1    26    30    1446    (-,-) 
  dut_pmu_ahb/inst_pmu_raw/inst_quota/add_141_42_g2181/ZN -       A1->ZN R     NR2XD3HPBWPLVT        2 16.5    55    41    1487    (-,-) 
  dut_pmu_ahb/inst_pmu_raw/inst_quota/g29776/ZN           -       A1->ZN F     NR2D8HPBWPLVT         1 11.3    21    23    1510    (-,-) 
  dut_pmu_ahb/inst_pmu_raw/inst_quota/g29775/ZN           -       A1->ZN R     NR2XD4HPBWPLVT        2 16.4    45    34    1545    (-,-) 
  dut_pmu_ahb/inst_pmu_raw/inst_quota/g29889/ZN           -       A1->ZN F     NR2D8HPBWPLVT         1 11.3    21    21    1566    (-,-) 
  dut_pmu_ahb/inst_pmu_raw/inst_quota/add_141_42_g2123/ZN -       A1->ZN R     NR2XD4HPBWPLVT        2 16.5    45    35    1600    (-,-) 
  dut_pmu_ahb/inst_pmu_raw/inst_quota/add_141_42_g2119/ZN -       A1->ZN F     NR2XD4HPBWPLVT        1 20.0    40    35    1635    (-,-) 
  dut_pmu_ahb/inst_pmu_raw/inst_quota/g30521/ZN           -       A1->ZN R     NR2XD8HPBWPLVT        5 41.4    54    44    1679    (-,-) 
  dut_pmu_ahb/inst_pmu_raw/inst_quota/g30560/ZN           -       I->ZN  F     INVD12HPBWPLVT       13 81.7    40    40    1719    (-,-) 
  dut_pmu_ahb/inst_pmu_raw/inst_quota/g41/ZN              -       A1->ZN R     AOI31D2HPBWPLVT       1  5.2    86    53    1772    (-,-) 
  dut_pmu_ahb/inst_pmu_raw/inst_quota/add_141_42_g2071/Z  -       A1->Z  R     CKXOR2D2HPBWPLVT      1  4.0    42    91    1863    (-,-) 
  dut_pmu_ahb/inst_pmu_raw/inst_quota/suma_int_reg[21]/D  -       -      R     DFKCND1HPBWPLVT       1    -     -     0    1863    (-,-) 
#----------------------------------------------------------------------------------------------------------------------------------------


