Command: report datapath > /users/gcabo/genus_runs_pmu/bsc_pmu_nft500/synth/genus/genus_build/tsmc_10tracks_reports/generic/top_nft_datapath.rpt
============================================================
  Generated by:           Genus(TM) Synthesis Solution 19.11-s087_1
  Generated on:           Aug 20 2021  10:36:18 am
  Module:                 top_nft
  Operating conditions:   NCCOM 
  Operating conditions:   WCCOM 
  Operating conditions:   WCCOM 
  Operating conditions:   BCCOM 
  Interconnect mode:      global
  Area mode:              physical library
============================================================


Inferred components

                    Operator Signedness Inputs Outputs CellArea 
================================================================
top_nft
 dut_pmu_ahb
  inst_pmu_raw
   inst_MCCU_sub_210_64_I1_I2_Y_sub_197_66_I1_I2
    
    module:sub_unsigned_7049
     very_fast         -     unsigned   32x32  32        670.48 
----------------------------------------------------------------
     sub_210_64_I1_I2
                       -     unsigned   32x32  32               
     sub_197_66_I1_I2
                       -     unsigned   32x32  32               
================================================================
top_nft
 dut_pmu_ahb
  inst_pmu_raw
   inst_MCCU_sub_210_64_I2_I2_Y_sub_197_66_I2_I2
    
    module:sub_unsigned_7049
     very_fast         -     unsigned   32x32  32        670.48 
----------------------------------------------------------------
     sub_210_64_I2_I2
                       -     unsigned   32x32  32               
     sub_197_66_I2_I2
                       -     unsigned   32x32  32               
================================================================
top_nft
 dut_pmu_ahb
  inst_pmu_raw
   inst_MCCU_sub_210_64_I3_I2_Y_sub_197_66_I3_I2
    
    module:sub_unsigned_7049
     very_fast         -     unsigned   32x32  32        670.48 
----------------------------------------------------------------
     sub_210_64_I3_I2
                       -     unsigned   32x32  32               
     sub_197_66_I3_I2
                       -     unsigned   32x32  32               
================================================================
top_nft
 dut_pmu_ahb
  inst_pmu_raw
   inst_MCCU_sub_210_64_I4_I2_Y_sub_197_66_I4_I2
    
    module:sub_unsigned_7049
     very_fast         -     unsigned   32x32  32        670.48 
----------------------------------------------------------------
     sub_210_64_I4_I2
                       -     unsigned   32x32  32               
     sub_197_66_I4_I2
                       -     unsigned   32x32  32               
================================================================
top_nft
 dut_pmu_ahb
  inst_pmu_raw
   inst_counters_inc_add_68_63_I1
    
    module:increment_unsigned_309
     very_fast     increment unsigned   32x1   32        595.98 
----------------------------------------------------------------
     add_68_63_I1      +     unsigned   32x1   32               
================================================================
top_nft
 dut_pmu_ahb
  inst_pmu_raw
   inst_counters_inc_add_68_63_I10
    
    module:increment_unsigned_309
     very_fast     increment unsigned   32x1   32        595.98 
----------------------------------------------------------------
     add_68_63_I10     +     unsigned   32x1   32               
================================================================
top_nft
 dut_pmu_ahb
  inst_pmu_raw
   inst_counters_inc_add_68_63_I11
    
    module:increment_unsigned_309
     very_fast     increment unsigned   32x1   32        595.98 
----------------------------------------------------------------
     add_68_63_I11     +     unsigned   32x1   32               
================================================================
top_nft
 dut_pmu_ahb
  inst_pmu_raw
   inst_counters_inc_add_68_63_I12
    
    module:increment_unsigned_309
     very_fast     increment unsigned   32x1   32        595.98 
----------------------------------------------------------------
     add_68_63_I12     +     unsigned   32x1   32               
================================================================
top_nft
 dut_pmu_ahb
  inst_pmu_raw
   inst_counters_inc_add_68_63_I13
    
    module:increment_unsigned_309
     very_fast     increment unsigned   32x1   32        595.98 
----------------------------------------------------------------
     add_68_63_I13     +     unsigned   32x1   32               
================================================================
top_nft
 dut_pmu_ahb
  inst_pmu_raw
   inst_counters_inc_add_68_63_I14
    
    module:increment_unsigned_309
     very_fast     increment unsigned   32x1   32        595.98 
----------------------------------------------------------------
     add_68_63_I14     +     unsigned   32x1   32               
================================================================
top_nft
 dut_pmu_ahb
  inst_pmu_raw
   inst_counters_inc_add_68_63_I15
    
    module:increment_unsigned_309
     very_fast     increment unsigned   32x1   32        595.98 
----------------------------------------------------------------
     add_68_63_I15     +     unsigned   32x1   32               
================================================================
top_nft
 dut_pmu_ahb
  inst_pmu_raw
   inst_counters_inc_add_68_63_I16
    
    module:increment_unsigned_309
     very_fast     increment unsigned   32x1   32        595.98 
----------------------------------------------------------------
     add_68_63_I16     +     unsigned   32x1   32               
================================================================
top_nft
 dut_pmu_ahb
  inst_pmu_raw
   inst_counters_inc_add_68_63_I17
    
    module:increment_unsigned_309
     very_fast     increment unsigned   32x1   32        595.98 
----------------------------------------------------------------
     add_68_63_I17     +     unsigned   32x1   32               
================================================================
top_nft
 dut_pmu_ahb
  inst_pmu_raw
   inst_counters_inc_add_68_63_I18
    
    module:increment_unsigned_309
     very_fast     increment unsigned   32x1   32        595.98 
----------------------------------------------------------------
     add_68_63_I18     +     unsigned   32x1   32               
================================================================
top_nft
 dut_pmu_ahb
  inst_pmu_raw
   inst_counters_inc_add_68_63_I19
    
    module:increment_unsigned_309
     very_fast     increment unsigned   32x1   32        595.98 
----------------------------------------------------------------
     add_68_63_I19     +     unsigned   32x1   32               
================================================================
top_nft
 dut_pmu_ahb
  inst_pmu_raw
   inst_counters_inc_add_68_63_I2
    
    module:increment_unsigned_309
     very_fast     increment unsigned   32x1   32        595.98 
----------------------------------------------------------------
     add_68_63_I2      +     unsigned   32x1   32               
================================================================
top_nft
 dut_pmu_ahb
  inst_pmu_raw
   inst_counters_inc_add_68_63_I20
    
    module:increment_unsigned_309
     very_fast     increment unsigned   32x1   32        595.98 
----------------------------------------------------------------
     add_68_63_I20     +     unsigned   32x1   32               
================================================================
top_nft
 dut_pmu_ahb
  inst_pmu_raw
   inst_counters_inc_add_68_63_I21
    
    module:increment_unsigned_309
     very_fast     increment unsigned   32x1   32        595.98 
----------------------------------------------------------------
     add_68_63_I21     +     unsigned   32x1   32               
================================================================
top_nft
 dut_pmu_ahb
  inst_pmu_raw
   inst_counters_inc_add_68_63_I22
    
    module:increment_unsigned_309
     very_fast     increment unsigned   32x1   32        595.98 
----------------------------------------------------------------
     add_68_63_I22     +     unsigned   32x1   32               
================================================================
top_nft
 dut_pmu_ahb
  inst_pmu_raw
   inst_counters_inc_add_68_63_I23
    
    module:increment_unsigned_309
     very_fast     increment unsigned   32x1   32        595.98 
----------------------------------------------------------------
     add_68_63_I23     +     unsigned   32x1   32               
================================================================
top_nft
 dut_pmu_ahb
  inst_pmu_raw
   inst_counters_inc_add_68_63_I24
    
    module:increment_unsigned_309
     very_fast     increment unsigned   32x1   32        595.98 
----------------------------------------------------------------
     add_68_63_I24     +     unsigned   32x1   32               
================================================================
top_nft
 dut_pmu_ahb
  inst_pmu_raw
   inst_counters_inc_add_68_63_I3
    
    module:increment_unsigned_309
     very_fast     increment unsigned   32x1   32        595.98 
----------------------------------------------------------------
     add_68_63_I3      +     unsigned   32x1   32               
================================================================
top_nft
 dut_pmu_ahb
  inst_pmu_raw
   inst_counters_inc_add_68_63_I4
    
    module:increment_unsigned_309
     very_fast     increment unsigned   32x1   32        595.98 
----------------------------------------------------------------
     add_68_63_I4      +     unsigned   32x1   32               
================================================================
top_nft
 dut_pmu_ahb
  inst_pmu_raw
   inst_counters_inc_add_68_63_I5
    
    module:increment_unsigned_309
     very_fast     increment unsigned   32x1   32        595.98 
----------------------------------------------------------------
     add_68_63_I5      +     unsigned   32x1   32               
================================================================
top_nft
 dut_pmu_ahb
  inst_pmu_raw
   inst_counters_inc_add_68_63_I6
    
    module:increment_unsigned_309
     very_fast     increment unsigned   32x1   32        595.98 
----------------------------------------------------------------
     add_68_63_I6      +     unsigned   32x1   32               
================================================================
top_nft
 dut_pmu_ahb
  inst_pmu_raw
   inst_counters_inc_add_68_63_I7
    
    module:increment_unsigned_309
     very_fast     increment unsigned   32x1   32        595.98 
----------------------------------------------------------------
     add_68_63_I7      +     unsigned   32x1   32               
================================================================
top_nft
 dut_pmu_ahb
  inst_pmu_raw
   inst_counters_inc_add_68_63_I8
    
    module:increment_unsigned_309
     very_fast     increment unsigned   32x1   32        595.98 
----------------------------------------------------------------
     add_68_63_I8      +     unsigned   32x1   32               
================================================================
top_nft
 dut_pmu_ahb
  inst_pmu_raw
   inst_counters_inc_add_68_63_I9
    
    module:increment_unsigned_309
     very_fast     increment unsigned   32x1   32        595.98 
----------------------------------------------------------------
     add_68_63_I9      +     unsigned   32x1   32               
================================================================
top_nft
 dut_pmu_ahb
  inst_pmu_raw
   inst_quota
    add_141_42
     
     module:add_unsigned_7078
      very_fast        +     unsigned   37x37  37       1486.40 
================================================================
top_nft
 dut_pmu_ahb
  inst_pmu_raw
   inst_quota
    gt_163_37
     
     module:gt_unsigned_rtlopto_model_1557
      very_fast        >     unsigned   37x32  1         585.34 
================================================================

      Type        CellArea Percentage 
--------------------------------------
datapath modules  19057.15      13.96 
external muxes        0.00       0.00 
others           117431.00      86.04 
--------------------------------------
total            136488.15     100.00 

