Command: report datapath > /users/gcabo/bsc_pmu/synth/genus/genus_build/tsmc_10tracks_reports/generic/top_datapath.rpt
============================================================
  Generated by:           Genus(TM) Synthesis Solution 19.11-s087_1
  Generated on:           Aug 17 2021  03:37:14 pm
  Module:                 top
  Operating conditions:   NCCOM 
  Operating conditions:   WCCOM 
  Operating conditions:   WCCOM 
  Operating conditions:   BCCOM 
  Interconnect mode:      global
  Area mode:              physical library
============================================================


Inferred components

                      Operator Signedness Inputs Outputs CellArea 
==================================================================
top
 dut_ft_pmu_ahb_inst_pmu_raw
  inst_MCCU
   sub_361_69_I1_I2
    
    module:sub_unsigned_13398
     very_fast           -     unsigned   32x32  32        666.93 
==================================================================
top
 dut_ft_pmu_ahb_inst_pmu_raw
  inst_MCCU
   sub_361_69_I2_I2
    
    module:sub_unsigned_13398
     very_fast           -     unsigned   32x32  32        666.93 
==================================================================
top
 dut_ft_pmu_ahb_inst_pmu_raw
  inst_MCCU
   sub_361_69_I3_I2
    
    module:sub_unsigned_13398
     very_fast           -     unsigned   32x32  32        666.93 
==================================================================
top
 dut_ft_pmu_ahb_inst_pmu_raw
  inst_MCCU
   sub_361_69_I4_I2
    
    module:sub_unsigned_13398
     very_fast           -     unsigned   32x32  32        666.93 
==================================================================
top
 dut_ft_pmu_ahb_inst_pmu_raw
  inst_MCCU
   sub_378_66_I1_I2
    
    module:sub_unsigned_13398_14166
     very_fast           -     unsigned   32x32  32        674.02 
==================================================================
top
 dut_ft_pmu_ahb_inst_pmu_raw
  inst_MCCU
   sub_378_66_I2_I2
    
    module:sub_unsigned_13398_14166
     very_fast           -     unsigned   32x32  32        674.02 
==================================================================
top
 dut_ft_pmu_ahb_inst_pmu_raw
  inst_MCCU
   sub_378_66_I3_I2
    
    module:sub_unsigned_13398_14166
     very_fast           -     unsigned   32x32  32        674.02 
==================================================================
top
 dut_ft_pmu_ahb_inst_pmu_raw
  inst_MCCU
   sub_378_66_I4_I2
    
    module:sub_unsigned_13398_14160
     very_fast           -     unsigned   32x32  32        659.83 
==================================================================
top
 dut_ft_pmu_ahb_inst_pmu_raw
  inst_counters_inc_add_68_63_I1
   
   module:increment_unsigned_559
    very_fast        increment unsigned   32x1   32        595.98 
------------------------------------------------------------------
    add_68_63_I1         +     unsigned   32x1   32               
==================================================================
top
 dut_ft_pmu_ahb_inst_pmu_raw
  inst_counters_inc_add_68_63_I10
   
   module:increment_unsigned_559
    very_fast        increment unsigned   32x1   32        595.98 
------------------------------------------------------------------
    add_68_63_I10        +     unsigned   32x1   32               
==================================================================
top
 dut_ft_pmu_ahb_inst_pmu_raw
  inst_counters_inc_add_68_63_I11
   
   module:increment_unsigned_559
    very_fast        increment unsigned   32x1   32        595.98 
------------------------------------------------------------------
    add_68_63_I11        +     unsigned   32x1   32               
==================================================================
top
 dut_ft_pmu_ahb_inst_pmu_raw
  inst_counters_inc_add_68_63_I12
   
   module:increment_unsigned_559
    very_fast        increment unsigned   32x1   32        595.98 
------------------------------------------------------------------
    add_68_63_I12        +     unsigned   32x1   32               
==================================================================
top
 dut_ft_pmu_ahb_inst_pmu_raw
  inst_counters_inc_add_68_63_I13
   
   module:increment_unsigned_559
    very_fast        increment unsigned   32x1   32        595.98 
------------------------------------------------------------------
    add_68_63_I13        +     unsigned   32x1   32               
==================================================================
top
 dut_ft_pmu_ahb_inst_pmu_raw
  inst_counters_inc_add_68_63_I14
   
   module:increment_unsigned_559
    very_fast        increment unsigned   32x1   32        595.98 
------------------------------------------------------------------
    add_68_63_I14        +     unsigned   32x1   32               
==================================================================
top
 dut_ft_pmu_ahb_inst_pmu_raw
  inst_counters_inc_add_68_63_I15
   
   module:increment_unsigned_559
    very_fast        increment unsigned   32x1   32        595.98 
------------------------------------------------------------------
    add_68_63_I15        +     unsigned   32x1   32               
==================================================================
top
 dut_ft_pmu_ahb_inst_pmu_raw
  inst_counters_inc_add_68_63_I16
   
   module:increment_unsigned_559
    very_fast        increment unsigned   32x1   32        595.98 
------------------------------------------------------------------
    add_68_63_I16        +     unsigned   32x1   32               
==================================================================
top
 dut_ft_pmu_ahb_inst_pmu_raw
  inst_counters_inc_add_68_63_I17
   
   module:increment_unsigned_559
    very_fast        increment unsigned   32x1   32        595.98 
------------------------------------------------------------------
    add_68_63_I17        +     unsigned   32x1   32               
==================================================================
top
 dut_ft_pmu_ahb_inst_pmu_raw
  inst_counters_inc_add_68_63_I18
   
   module:increment_unsigned_559
    very_fast        increment unsigned   32x1   32        595.98 
------------------------------------------------------------------
    add_68_63_I18        +     unsigned   32x1   32               
==================================================================
top
 dut_ft_pmu_ahb_inst_pmu_raw
  inst_counters_inc_add_68_63_I19
   
   module:increment_unsigned_559
    very_fast        increment unsigned   32x1   32        595.98 
------------------------------------------------------------------
    add_68_63_I19        +     unsigned   32x1   32               
==================================================================
top
 dut_ft_pmu_ahb_inst_pmu_raw
  inst_counters_inc_add_68_63_I2
   
   module:increment_unsigned_559
    very_fast        increment unsigned   32x1   32        595.98 
------------------------------------------------------------------
    add_68_63_I2         +     unsigned   32x1   32               
==================================================================
top
 dut_ft_pmu_ahb_inst_pmu_raw
  inst_counters_inc_add_68_63_I20
   
   module:increment_unsigned_559
    very_fast        increment unsigned   32x1   32        595.98 
------------------------------------------------------------------
    add_68_63_I20        +     unsigned   32x1   32               
==================================================================
top
 dut_ft_pmu_ahb_inst_pmu_raw
  inst_counters_inc_add_68_63_I21
   
   module:increment_unsigned_559
    very_fast        increment unsigned   32x1   32        595.98 
------------------------------------------------------------------
    add_68_63_I21        +     unsigned   32x1   32               
==================================================================
top
 dut_ft_pmu_ahb_inst_pmu_raw
  inst_counters_inc_add_68_63_I22
   
   module:increment_unsigned_559
    very_fast        increment unsigned   32x1   32        595.98 
------------------------------------------------------------------
    add_68_63_I22        +     unsigned   32x1   32               
==================================================================
top
 dut_ft_pmu_ahb_inst_pmu_raw
  inst_counters_inc_add_68_63_I23
   
   module:increment_unsigned_559
    very_fast        increment unsigned   32x1   32        595.98 
------------------------------------------------------------------
    add_68_63_I23        +     unsigned   32x1   32               
==================================================================
top
 dut_ft_pmu_ahb_inst_pmu_raw
  inst_counters_inc_add_68_63_I24
   
   module:increment_unsigned_559
    very_fast        increment unsigned   32x1   32        595.98 
------------------------------------------------------------------
    add_68_63_I24        +     unsigned   32x1   32               
==================================================================
top
 dut_ft_pmu_ahb_inst_pmu_raw
  inst_counters_inc_add_68_63_I3
   
   module:increment_unsigned_559
    very_fast        increment unsigned   32x1   32        595.98 
------------------------------------------------------------------
    add_68_63_I3         +     unsigned   32x1   32               
==================================================================
top
 dut_ft_pmu_ahb_inst_pmu_raw
  inst_counters_inc_add_68_63_I4
   
   module:increment_unsigned_559
    very_fast        increment unsigned   32x1   32        595.98 
------------------------------------------------------------------
    add_68_63_I4         +     unsigned   32x1   32               
==================================================================
top
 dut_ft_pmu_ahb_inst_pmu_raw
  inst_counters_inc_add_68_63_I5
   
   module:increment_unsigned_559
    very_fast        increment unsigned   32x1   32        595.98 
------------------------------------------------------------------
    add_68_63_I5         +     unsigned   32x1   32               
==================================================================
top
 dut_ft_pmu_ahb_inst_pmu_raw
  inst_counters_inc_add_68_63_I6
   
   module:increment_unsigned_559
    very_fast        increment unsigned   32x1   32        595.98 
------------------------------------------------------------------
    add_68_63_I6         +     unsigned   32x1   32               
==================================================================
top
 dut_ft_pmu_ahb_inst_pmu_raw
  inst_counters_inc_add_68_63_I7
   
   module:increment_unsigned_559
    very_fast        increment unsigned   32x1   32        595.98 
------------------------------------------------------------------
    add_68_63_I7         +     unsigned   32x1   32               
==================================================================
top
 dut_ft_pmu_ahb_inst_pmu_raw
  inst_counters_inc_add_68_63_I8
   
   module:increment_unsigned_559
    very_fast        increment unsigned   32x1   32        595.98 
------------------------------------------------------------------
    add_68_63_I8         +     unsigned   32x1   32               
==================================================================
top
 dut_ft_pmu_ahb_inst_pmu_raw
  inst_counters_inc_add_68_63_I9
   
   module:increment_unsigned_559
    very_fast        increment unsigned   32x1   32        595.98 
------------------------------------------------------------------
    add_68_63_I9         +     unsigned   32x1   32               
==================================================================
top
 dut_ft_pmu_ahb_inst_pmu_raw
  inst_quota
   add_141_42
    
    module:add_unsigned_13335
     very_fast           +     unsigned   37x37  37       1497.04 
==================================================================
top
 dut_ft_pmu_ahb_inst_pmu_raw
  inst_quota
   gt_163_37
    
    module:gt_unsigned_1_rtlopto_model_3117
     very_fast           >     unsigned   37x32  1         553.41 
==================================================================
top
 dut_pmu_ahb_inst_pmu_raw
  inst_MCCU_sub_210_64_I1_I2_Y_sub_197_66_I1_I2
   
   module:sub_unsigned_13398_14159
    very_fast            -     unsigned   32x32  32        666.93 
------------------------------------------------------------------
    sub_210_64_I1_I2     -     unsigned   32x32  32               
    sub_197_66_I1_I2     -     unsigned   32x32  32               
==================================================================
top
 dut_pmu_ahb_inst_pmu_raw
  inst_MCCU_sub_210_64_I2_I2_Y_sub_197_66_I2_I2
   
   module:sub_unsigned_13398_14159
    very_fast            -     unsigned   32x32  32        666.93 
------------------------------------------------------------------
    sub_210_64_I2_I2     -     unsigned   32x32  32               
    sub_197_66_I2_I2     -     unsigned   32x32  32               
==================================================================
top
 dut_pmu_ahb_inst_pmu_raw
  inst_MCCU_sub_210_64_I3_I2_Y_sub_197_66_I3_I2
   
   module:sub_unsigned_13398_14159
    very_fast            -     unsigned   32x32  32        666.93 
------------------------------------------------------------------
    sub_210_64_I3_I2     -     unsigned   32x32  32               
    sub_197_66_I3_I2     -     unsigned   32x32  32               
==================================================================
top
 dut_pmu_ahb_inst_pmu_raw
  inst_MCCU_sub_210_64_I4_I2_Y_sub_197_66_I4_I2
   
   module:sub_unsigned_13398_14156
    very_fast            -     unsigned   32x32  32        670.48 
------------------------------------------------------------------
    sub_210_64_I4_I2     -     unsigned   32x32  32               
    sub_197_66_I4_I2     -     unsigned   32x32  32               
==================================================================
top
 dut_pmu_ahb_inst_pmu_raw
  inst_counters_inc_add_68_63_I1
   
   module:increment_unsigned_309
    very_fast        increment unsigned   32x1   32        595.98 
------------------------------------------------------------------
    add_68_63_I1         +     unsigned   32x1   32               
==================================================================
top
 dut_pmu_ahb_inst_pmu_raw
  inst_counters_inc_add_68_63_I10
   
   module:increment_unsigned_309
    very_fast        increment unsigned   32x1   32        595.98 
------------------------------------------------------------------
    add_68_63_I10        +     unsigned   32x1   32               
==================================================================
top
 dut_pmu_ahb_inst_pmu_raw
  inst_counters_inc_add_68_63_I11
   
   module:increment_unsigned_309
    very_fast        increment unsigned   32x1   32        595.98 
------------------------------------------------------------------
    add_68_63_I11        +     unsigned   32x1   32               
==================================================================
top
 dut_pmu_ahb_inst_pmu_raw
  inst_counters_inc_add_68_63_I12
   
   module:increment_unsigned_309
    very_fast        increment unsigned   32x1   32        595.98 
------------------------------------------------------------------
    add_68_63_I12        +     unsigned   32x1   32               
==================================================================
top
 dut_pmu_ahb_inst_pmu_raw
  inst_counters_inc_add_68_63_I13
   
   module:increment_unsigned_309
    very_fast        increment unsigned   32x1   32        595.98 
------------------------------------------------------------------
    add_68_63_I13        +     unsigned   32x1   32               
==================================================================
top
 dut_pmu_ahb_inst_pmu_raw
  inst_counters_inc_add_68_63_I14
   
   module:increment_unsigned_309
    very_fast        increment unsigned   32x1   32        595.98 
------------------------------------------------------------------
    add_68_63_I14        +     unsigned   32x1   32               
==================================================================
top
 dut_pmu_ahb_inst_pmu_raw
  inst_counters_inc_add_68_63_I15
   
   module:increment_unsigned_309
    very_fast        increment unsigned   32x1   32        595.98 
------------------------------------------------------------------
    add_68_63_I15        +     unsigned   32x1   32               
==================================================================
top
 dut_pmu_ahb_inst_pmu_raw
  inst_counters_inc_add_68_63_I16
   
   module:increment_unsigned_309
    very_fast        increment unsigned   32x1   32        595.98 
------------------------------------------------------------------
    add_68_63_I16        +     unsigned   32x1   32               
==================================================================
top
 dut_pmu_ahb_inst_pmu_raw
  inst_counters_inc_add_68_63_I17
   
   module:increment_unsigned_309
    very_fast        increment unsigned   32x1   32        595.98 
------------------------------------------------------------------
    add_68_63_I17        +     unsigned   32x1   32               
==================================================================
top
 dut_pmu_ahb_inst_pmu_raw
  inst_counters_inc_add_68_63_I18
   
   module:increment_unsigned_309
    very_fast        increment unsigned   32x1   32        595.98 
------------------------------------------------------------------
    add_68_63_I18        +     unsigned   32x1   32               
==================================================================
top
 dut_pmu_ahb_inst_pmu_raw
  inst_counters_inc_add_68_63_I19
   
   module:increment_unsigned_309
    very_fast        increment unsigned   32x1   32        595.98 
------------------------------------------------------------------
    add_68_63_I19        +     unsigned   32x1   32               
==================================================================
top
 dut_pmu_ahb_inst_pmu_raw
  inst_counters_inc_add_68_63_I2
   
   module:increment_unsigned_309
    very_fast        increment unsigned   32x1   32        595.98 
------------------------------------------------------------------
    add_68_63_I2         +     unsigned   32x1   32               
==================================================================
top
 dut_pmu_ahb_inst_pmu_raw
  inst_counters_inc_add_68_63_I20
   
   module:increment_unsigned_309
    very_fast        increment unsigned   32x1   32        595.98 
------------------------------------------------------------------
    add_68_63_I20        +     unsigned   32x1   32               
==================================================================
top
 dut_pmu_ahb_inst_pmu_raw
  inst_counters_inc_add_68_63_I21
   
   module:increment_unsigned_309
    very_fast        increment unsigned   32x1   32        595.98 
------------------------------------------------------------------
    add_68_63_I21        +     unsigned   32x1   32               
==================================================================
top
 dut_pmu_ahb_inst_pmu_raw
  inst_counters_inc_add_68_63_I22
   
   module:increment_unsigned_309
    very_fast        increment unsigned   32x1   32        595.98 
------------------------------------------------------------------
    add_68_63_I22        +     unsigned   32x1   32               
==================================================================
top
 dut_pmu_ahb_inst_pmu_raw
  inst_counters_inc_add_68_63_I23
   
   module:increment_unsigned_309
    very_fast        increment unsigned   32x1   32        595.98 
------------------------------------------------------------------
    add_68_63_I23        +     unsigned   32x1   32               
==================================================================
top
 dut_pmu_ahb_inst_pmu_raw
  inst_counters_inc_add_68_63_I24
   
   module:increment_unsigned_309
    very_fast        increment unsigned   32x1   32        595.98 
------------------------------------------------------------------
    add_68_63_I24        +     unsigned   32x1   32               
==================================================================
top
 dut_pmu_ahb_inst_pmu_raw
  inst_counters_inc_add_68_63_I3
   
   module:increment_unsigned_309
    very_fast        increment unsigned   32x1   32        595.98 
------------------------------------------------------------------
    add_68_63_I3         +     unsigned   32x1   32               
==================================================================
top
 dut_pmu_ahb_inst_pmu_raw
  inst_counters_inc_add_68_63_I4
   
   module:increment_unsigned_309
    very_fast        increment unsigned   32x1   32        595.98 
------------------------------------------------------------------
    add_68_63_I4         +     unsigned   32x1   32               
==================================================================
top
 dut_pmu_ahb_inst_pmu_raw
  inst_counters_inc_add_68_63_I5
   
   module:increment_unsigned_309
    very_fast        increment unsigned   32x1   32        595.98 
------------------------------------------------------------------
    add_68_63_I5         +     unsigned   32x1   32               
==================================================================
top
 dut_pmu_ahb_inst_pmu_raw
  inst_counters_inc_add_68_63_I6
   
   module:increment_unsigned_309
    very_fast        increment unsigned   32x1   32        595.98 
------------------------------------------------------------------
    add_68_63_I6         +     unsigned   32x1   32               
==================================================================
top
 dut_pmu_ahb_inst_pmu_raw
  inst_counters_inc_add_68_63_I7
   
   module:increment_unsigned_309
    very_fast        increment unsigned   32x1   32        595.98 
------------------------------------------------------------------
    add_68_63_I7         +     unsigned   32x1   32               
==================================================================
top
 dut_pmu_ahb_inst_pmu_raw
  inst_counters_inc_add_68_63_I8
   
   module:increment_unsigned_309
    very_fast        increment unsigned   32x1   32        595.98 
------------------------------------------------------------------
    add_68_63_I8         +     unsigned   32x1   32               
==================================================================
top
 dut_pmu_ahb_inst_pmu_raw
  inst_counters_inc_add_68_63_I9
   
   module:increment_unsigned_309
    very_fast        increment unsigned   32x1   32        595.98 
------------------------------------------------------------------
    add_68_63_I9         +     unsigned   32x1   32               
==================================================================
top
 dut_pmu_ahb_inst_pmu_raw
  inst_quota
   add_141_42
    
    module:add_unsigned_13335_14342
     very_fast           +     unsigned   37x37  37       1482.85 
==================================================================
top
 dut_pmu_ahb_inst_pmu_raw
  inst_quota
   gt_163_37
    
    module:gt_unsigned_1_rtlopto_model_3061
     very_fast           >     unsigned   37x32  1         592.43 
==================================================================

      Type        CellArea Percentage 
--------------------------------------
datapath modules  40753.64       9.84 
external muxes        0.00       0.00 
others           373260.49      90.16 
--------------------------------------
total            414014.13     100.00 

