

Working Directory = /users/gcabo/genus_runs_pmu/bsc_pmu_nft750/synth/genus
QoS Summary for top_nft
================================================================================
Metric                          generic         map             final          
================================================================================
Slack (ps):                      -369            -279            -215
  R2R (ps):                      -369            -279            -215
  I2R (ps):                       -62            -125             -61
  R2O (ps):                       -93            -167            -121
  I2O (ps):                       214             -11              13
  CG  (ps):                  no_value        no_value        no_value
TNS (ps):                       9,064          14,942           7,105
  R2R (ps):                     8,971          13,933           6,793
  I2R (ps):                       452           3,452           1,522
  R2O (ps):                        93           1,008             312
  I2O (ps):                         0              11               0
  CG  (ps):                  no_value        no_value        no_value
Failing Paths:                     43             158              45
Cell Area:                    132,681          73,002          75,582
Total Cell Area:              132,681          73,002          75,582
Leaf Instances:                30,631          16,146          16,765
Total Instances:               30,631          16,146          16,765
Utilization (%):                 0.00            0.00            0.00
Tot. Net Length (um):        no_value        no_value        no_value
Avg. Net Length (um):        no_value        no_value        no_value
Route Overflow H (%):        no_value        no_value        no_value
Route Overflow V (%):        no_value        no_value        no_value
MBCI(%) (bits/gate) :            0.00            0.00            0.00
Norm Cong Hotspot Area:
  Max Cong:                  no_value        no_value        no_value
  Tot Cong:                  no_value        no_value        no_value
================================================================================
CPU  Runtime (h:m:s):        00:05:37        00:12:03        00:53:40
Real Runtime (h:m:s):        00:04:26        00:11:00        00:48:20
CPU  Elapsed (h:m:s):        00:05:41        00:17:44        01:11:24
Real Elapsed (h:m:s):        00:04:28        00:15:28        01:03:48
Memory (MB):                  1564.42         1582.19         1607.02
================================================================================
================================================================================
Flow Settings:
================================================================================
Total Runtime (h:m:s): 01:04:00
Total Memory (MB):     1615.02
Executable Version:    19.11-s087_1
================================================================================
Total Cell Area =  Cell Area + Physical Cell Area
Total Instances =  Leaf Instances + Physical Instances


