============================================================
  Generated by:           Genus(TM) Synthesis Solution 19.11-s087_1
  Generated on:           Aug 20 2021  10:36:35 am
  Module:                 top_nft
  Operating conditions:   NCCOM 
  Operating conditions:   WCCOM 
  Operating conditions:   WCCOM 
  Operating conditions:   BCCOM 
  Interconnect mode:      global
  Area mode:              physical library
============================================================

                         Instance                                      Module              Cell Count  Cell Area  Net Area   Total Area 
----------------------------------------------------------------------------------------------------------------------------------------
top_nft                                                                                         30631 132639.120    41.621   132680.742 
  dut_pmu_ahb_inst_pmu_raw_inst_MCCU                       MCCU                                  3486  13854.748     0.000    13854.748 
    sub_210_64_I4_I2                                       sub_unsigned_7049_7415                 191    677.572     0.000      677.572 
    sub_210_64_I3_I2                                       sub_unsigned_7049_7415                 191    677.572     0.000      677.572 
    sub_210_64_I2_I2                                       sub_unsigned_7049_7415                 191    677.572     0.000      677.572 
    sub_210_64_I1_I2                                       sub_unsigned_7049_7415                 191    677.572     0.000      677.572 
    sub_197_66_I4_I2                                       sub_unsigned_7049                      190    674.024     0.000      674.024 
    sub_197_66_I3_I2                                       sub_unsigned_7049                      190    674.024     0.000      674.024 
    sub_197_66_I2_I2                                       sub_unsigned_7049                      190    674.024     0.000      674.024 
    sub_197_66_I1_I2                                       sub_unsigned_7049                      190    674.024     0.000      674.024 
  dut_pmu_ahb_inst_pmu_raw_inst_quota                      PMU_quota                             2649   9991.524     0.000     9991.524 
    add_141_42                                             add_unsigned_7078                      422   1497.044     0.000     1497.044 
    gt_163_37                                              gt_unsigned_rtlopto_model_1491         156    553.409     0.000      553.409 
  dut_pmu_ahb_inst_pmu_raw_genblk15.inst_RDC               RDC                                   1210   5507.488     0.000     5507.488 
  dut_pmu_ahb_inst_pmu_raw_inst_counters_inc_add_68_63_I24 increment_unsigned_309                 168    595.979     0.000      595.979 
  dut_pmu_ahb_inst_pmu_raw_inst_counters_inc_add_68_63_I23 increment_unsigned_309                 168    595.979     0.000      595.979 
  dut_pmu_ahb_inst_pmu_raw_inst_counters_inc_add_68_63_I22 increment_unsigned_309                 168    595.979     0.000      595.979 
  dut_pmu_ahb_inst_pmu_raw_inst_counters_inc_add_68_63_I21 increment_unsigned_309                 168    595.979     0.000      595.979 
  dut_pmu_ahb_inst_pmu_raw_inst_counters_inc_add_68_63_I20 increment_unsigned_309                 168    595.979     0.000      595.979 
  dut_pmu_ahb_inst_pmu_raw_inst_counters_inc_add_68_63_I19 increment_unsigned_309                 168    595.979     0.000      595.979 
  dut_pmu_ahb_inst_pmu_raw_inst_counters_inc_add_68_63_I18 increment_unsigned_309                 168    595.979     0.000      595.979 
  dut_pmu_ahb_inst_pmu_raw_inst_counters_inc_add_68_63_I17 increment_unsigned_309                 168    595.979     0.000      595.979 
  dut_pmu_ahb_inst_pmu_raw_inst_counters_inc_add_68_63_I16 increment_unsigned_309                 168    595.979     0.000      595.979 
  dut_pmu_ahb_inst_pmu_raw_inst_counters_inc_add_68_63_I15 increment_unsigned_309                 168    595.979     0.000      595.979 
  dut_pmu_ahb_inst_pmu_raw_inst_counters_inc_add_68_63_I14 increment_unsigned_309                 168    595.979     0.000      595.979 
  dut_pmu_ahb_inst_pmu_raw_inst_counters_inc_add_68_63_I13 increment_unsigned_309                 168    595.979     0.000      595.979 
  dut_pmu_ahb_inst_pmu_raw_inst_counters_inc_add_68_63_I12 increment_unsigned_309                 168    595.979     0.000      595.979 
  dut_pmu_ahb_inst_pmu_raw_inst_counters_inc_add_68_63_I11 increment_unsigned_309                 168    595.979     0.000      595.979 
  dut_pmu_ahb_inst_pmu_raw_inst_counters_inc_add_68_63_I10 increment_unsigned_309                 168    595.979     0.000      595.979 
  dut_pmu_ahb_inst_pmu_raw_inst_counters_inc_add_68_63_I9  increment_unsigned_309                 168    595.979     0.000      595.979 
  dut_pmu_ahb_inst_pmu_raw_inst_counters_inc_add_68_63_I8  increment_unsigned_309                 168    595.979     0.000      595.979 
  dut_pmu_ahb_inst_pmu_raw_inst_counters_inc_add_68_63_I7  increment_unsigned_309                 168    595.979     0.000      595.979 
  dut_pmu_ahb_inst_pmu_raw_inst_counters_inc_add_68_63_I6  increment_unsigned_309                 168    595.979     0.000      595.979 
  dut_pmu_ahb_inst_pmu_raw_inst_counters_inc_add_68_63_I5  increment_unsigned_309                 168    595.979     0.000      595.979 
  dut_pmu_ahb_inst_pmu_raw_inst_counters_inc_add_68_63_I4  increment_unsigned_309                 168    595.979     0.000      595.979 
  dut_pmu_ahb_inst_pmu_raw_inst_counters_inc_add_68_63_I3  increment_unsigned_309                 168    595.979     0.000      595.979 
  dut_pmu_ahb_inst_pmu_raw_inst_counters_inc_add_68_63_I2  increment_unsigned_309                 168    595.979     0.000      595.979 
  dut_pmu_ahb_inst_pmu_raw_inst_counters_inc_add_68_63_I1  increment_unsigned_309                 168    595.979     0.000      595.979 
