============================================================
  Generated by:           Genus(TM) Synthesis Solution 19.11-s087_1
  Generated on:           Aug 20 2021  10:36:38 am
  Module:                 top_nft
  Operating conditions:   NCCOM 
  Operating conditions:   WCCOM 
  Operating conditions:   WCCOM 
  Operating conditions:   BCCOM 
  Interconnect mode:      global
  Area mode:              physical library
============================================================

                                        Leakage  Leakage 
     Type      Instances  Area Area % Power (nW) Power % 
---------------------------------------------------------
sequential          2704 0.000    0.0  57147.688    98.4 
inverter               3 0.000    0.0      0.097     0.0 
logic              27924 0.000    0.0    926.130     1.6 
physical_cells         0 0.000    0.0      0.000     0.0 
---------------------------------------------------------
total              30631 0.000    0.0  58073.916   100.0 

