============================================================
  Generated by:           Genus(TM) Synthesis Solution 19.11-s087_1
  Generated on:           Aug 20 2021  10:47:42 am
  Module:                 top_nft
  Operating conditions:   NCCOM 
  Operating conditions:   WCCOM 
  Operating conditions:   WCCOM 
  Operating conditions:   BCCOM 
  Interconnect mode:      global
  Area mode:              physical library
============================================================


Path 1: VIOLATED (-279 ps) Setup Check with Pin dut_pmu_ahb_inst_pmu_raw_inst_quota/suma_int_reg[33]/CP->D
           View: view_superslow
          Group: C2C
     Startpoint: (R) dut_pmu_ahb_genblk1.master_addr_reg[7]/CP
          Clock: (R) clk
       Endpoint: (R) dut_pmu_ahb_inst_pmu_raw_inst_quota/suma_int_reg[33]/D
          Clock: (R) clk

                     Capture       Launch     
        Clock Edge:+    1333            0     
       Src Latency:+       0            0     
       Net Latency:+       0 (I)        0 (I) 
           Arrival:=    1333            0     
                                              
             Setup:-      78                  
     Required Time:=    1255                  
      Launch Clock:-       0                  
         Data Path:-    1534                  
             Slack:=    -279                  

#----------------------------------------------------------------------------------------------------------------------------------------
#                      Timing Point                       Flags    Arc   Edge       Cell        Fanout Load Trans Delay Arrival Instance 
#                                                                                                      (fF)  (ps)  (ps)   (ps)  Location 
#----------------------------------------------------------------------------------------------------------------------------------------
  dut_pmu_ahb_genblk1.master_addr_reg[7]/CP               -       -      R     (arrival)          2704    -     0     -       0    (-,-) 
  dut_pmu_ahb_genblk1.master_addr_reg[7]/Q                -       CP->Q  F     EDFQD4HPBWPLVT        2 15.8    34   141     141    (-,-) 
  g222897/ZN                                              -       A2->ZN R     NR2XD4HPBWPLVT        3 17.4    47    46     187    (-,-) 
  g221223/ZN                                              -       A2->ZN F     ND3D4HPBWPLVT         1 11.3    63    56     243    (-,-) 
  g221179/ZN                                              -       A1->ZN R     NR2XD4HPBWPLVT        3 19.4    52    48     291    (-,-) 
  g221140/ZN                                              -       I->ZN  F     INVD6HPBWPLVT         3 13.7    22    24     315    (-,-) 
  g220735/ZN                                              -       A1->ZN F     IND2D4HPBWPLVT        2 10.9    40    63     378    (-,-) 
  g220397/ZN                                              -       B1->ZN R     IND2D4HPBWPLVT       10 56.1   120    76     454    (-,-) 
  g217691/ZN                                              -       A1->ZN F     NR2XD2HPBWPLVT        1 11.3    52    54     508    (-,-) 
  g217665/ZN                                              -       A1->ZN R     NR2XD4HPBWPLVT        2 22.1    56    48     556    (-,-) 
  g217480/ZN                                              -       A1->ZN F     NR2XD4HPBWPLVT        1 11.3    31    31     587    (-,-) 
  g217442/ZN                                              -       A1->ZN R     NR2XD4HPBWPLVT        3 25.6    62    46     634    (-,-) 
  g217285/ZN                                              -       I->ZN  F     INVD4HPBWPLVT        10 45.0    61    54     688    (-,-) 
  g216512/ZN                                              -       A1->ZN R     ND2D3HPBWPLVT         1  8.4    35    38     726    (-,-) 
  g215982/ZN                                              -       A1->ZN F     ND3D4HPBWPLVT         4 13.2    78    51     776    (-,-) 
  dut_pmu_ahb_inst_pmu_raw_inst_quota/g38355/ZN           -       A1->ZN F     IOA21D2HPBWPLVT       1  8.2    52    91     868    (-,-) 
  dut_pmu_ahb_inst_pmu_raw_inst_quota/g37023/ZN           -       A1->ZN R     NR2D4HPBWPLVT         1  8.3    50    46     913    (-,-) 
  dut_pmu_ahb_inst_pmu_raw_inst_quota/g38382/ZN           -       B2->ZN F     IND3D4HPBWPLVT        1  8.2    55    46     959    (-,-) 
  dut_pmu_ahb_inst_pmu_raw_inst_quota/g36921/ZN           -       A1->ZN R     NR2D4HPBWPLVT         1  9.0    53    48    1007    (-,-) 
  dut_pmu_ahb_inst_pmu_raw_inst_quota/g36880/ZN           -       A2->ZN F     ND2D4HPBWPLVT         2 13.2    44    44    1051    (-,-) 
  dut_pmu_ahb_inst_pmu_raw_inst_quota/add_141_42_g3791/ZN -       A1->ZN R     NR2XD3HPBWPLVT        3 12.2    50    40    1091    (-,-) 
  dut_pmu_ahb_inst_pmu_raw_inst_quota/add_141_42_g3770/ZN -       I->ZN  F     INVD2HPBWPLVT         1  8.1    28    31    1121    (-,-) 
  dut_pmu_ahb_inst_pmu_raw_inst_quota/add_141_42_g3743/ZN -       B1->ZN R     IND2D4HPBWPLVT        2 15.4    45    32    1154    (-,-) 
  dut_pmu_ahb_inst_pmu_raw_inst_quota/add_141_42_g3733/ZN -       I->ZN  F     INVD4HPBWPLVT         1  8.3    20    22    1176    (-,-) 
  dut_pmu_ahb_inst_pmu_raw_inst_quota/add_141_42_g3666/ZN -       A1->ZN R     ND2D4HPBWPLVT         1 12.3    36    27    1203    (-,-) 
  dut_pmu_ahb_inst_pmu_raw_inst_quota/add_141_42_g3583/ZN -       A2->ZN F     NR2XD4HPBWPLVT        1 20.0    39    38    1240    (-,-) 
  dut_pmu_ahb_inst_pmu_raw_inst_quota/add_141_42_g3576/ZN -       A1->ZN R     NR2XD8HPBWPLVT        2 13.9    31    29    1270    (-,-) 
  dut_pmu_ahb_inst_pmu_raw_inst_quota/add_141_42_g3570/ZN -       A1->ZN F     NR2XD3HPBWPLVT        1 11.3    33    28    1297    (-,-) 
  dut_pmu_ahb_inst_pmu_raw_inst_quota/add_141_42_g3568/ZN -       A1->ZN R     NR2XD4HPBWPLVT        3 21.2    54    42    1340    (-,-) 
  dut_pmu_ahb_inst_pmu_raw_inst_quota/add_141_42_g3554/ZN -       A1->ZN F     NR2XD3HPBWPLVT        1 11.3    34    34    1374    (-,-) 
  dut_pmu_ahb_inst_pmu_raw_inst_quota/add_141_42_g3541/ZN -       A1->ZN R     NR2XD4HPBWPLVT        5 19.5    51    41    1415    (-,-) 
  dut_pmu_ahb_inst_pmu_raw_inst_quota/add_141_42_g3526/ZN -       A1->ZN F     NR2XD1HPBWPLVT        1  5.0    46    38    1452    (-,-) 
  dut_pmu_ahb_inst_pmu_raw_inst_quota/add_141_42_g3505/Z  -       A1->Z  R     CKXOR2D2HPBWPLVT      1  4.0    42    81    1534    (-,-) 
  dut_pmu_ahb_inst_pmu_raw_inst_quota/suma_int_reg[33]/D  -       -      R     DFKCND1HPBWPLVT       1    -     -     0    1534    (-,-) 
#----------------------------------------------------------------------------------------------------------------------------------------


