============================================================
  Generated by:           Genus(TM) Synthesis Solution 19.11-s087_1
  Generated on:           Aug 20 2021  10:47:41 am
  Module:                 top_nft
  Operating conditions:   NCCOM 
  Operating conditions:   WCCOM 
  Operating conditions:   WCCOM 
  Operating conditions:   BCCOM 
  Interconnect mode:      global
  Area mode:              physical library
============================================================


Path 1: VIOLATED (-167 ps) Late External Delay Assertion at pin intr_overflow_o
           View: view_superslow
          Group: C2O
     Startpoint: (R) dut_pmu_ahb_genblk1.master_addr_reg[7]/CP
          Clock: (R) clk
       Endpoint: (R) intr_overflow_o
          Clock: (R) clk

                     Capture       Launch     
        Clock Edge:+    1333            0     
       Src Latency:+       0            0     
       Net Latency:+       0 (I)        0 (I) 
           Arrival:=    1333            0     
                                              
      Output Delay:-     100                  
     Required Time:=    1233                  
      Launch Clock:-       0                  
         Data Path:-    1400                  
             Slack:=    -167                  

Exceptions/Constraints:
  output_delay             100             tmp_sdc_view_typ.sdc_line_11346 

#--------------------------------------------------------------------------------------------------------------------------
#               Timing Point                Flags    Arc   Edge      Cell        Fanout  Load Trans Delay Arrival Instance 
#                                                                                        (fF)  (ps)  (ps)   (ps)  Location 
#--------------------------------------------------------------------------------------------------------------------------
  dut_pmu_ahb_genblk1.master_addr_reg[7]/CP -       -      R     (arrival)         2704     -     0     -       0    (-,-) 
  dut_pmu_ahb_genblk1.master_addr_reg[7]/Q  -       CP->Q  F     EDFQD4HPBWPLVT       2  15.8    34   141     141    (-,-) 
  g222897/ZN                                -       A2->ZN R     NR2XD4HPBWPLVT       3  17.4    47    46     187    (-,-) 
  g221223/ZN                                -       A2->ZN F     ND3D4HPBWPLVT        1  11.3    63    56     243    (-,-) 
  g221179/ZN                                -       A1->ZN R     NR2XD4HPBWPLVT       3  19.4    52    48     291    (-,-) 
  g221140/ZN                                -       I->ZN  F     INVD6HPBWPLVT        3  13.7    22    24     315    (-,-) 
  g220398/Z                                 -       S->Z   R     MUX2D4HPBWPLVT       8  49.2   112   134     449    (-,-) 
  g219616/ZN                                -       A1->ZN F     ND2D4HPBWPLVT        1  13.7    57    54     503    (-,-) 
  g219055/ZN                                -       I->ZN  R     INVD8HPBWPLVT       11  59.9    62    54     557    (-,-) 
  g217621/ZN                                -       B1->ZN F     IND2D4HPBWPLVT       2  18.5    57    51     607    (-,-) 
  g217614/ZN                                -       A1->ZN R     ND2D2HPBWPLVT        2  11.3    55    48     655    (-,-) 
  g217575/ZN                                -       I->ZN  F     INVD4HPBWPLVT        4  31.2    44    42     698    (-,-) 
  g217571/ZN                                -       I->ZN  R     INVD4HPBWPLVT        6  19.2    42    39     737    (-,-) 
  g224256/ZN                                -       A1->ZN R     IOA21D2HPBWPLVT      4  12.2    66    93     830    (-,-) 
  g223851/Z                                 -       A2->Z  R     AN2D2HPBWPLVT        1   5.4    38    79     909    (-,-) 
  g214689/ZN                                -       A1->ZN F     ND2D2HPBWPLVT        1   6.9    44    38     947    (-,-) 
  g214178/ZN                                -       A1->ZN R     NR2XD2HPBWPLVT       1   8.5    47    41     988    (-,-) 
  g214159/ZN                                -       A1->ZN F     ND2D4HPBWPLVT        1   9.5    36    35    1022    (-,-) 
  g214130/ZN                                -       A2->ZN R     NR2XD3HPBWPLVT       2   9.8    41    42    1064    (-,-) 
  g214075/ZN                                -       A2->ZN F     NR2D3HPBWPLVT        1   8.7    29    27    1092    (-,-) 
  g214065/ZN                                -       A2->ZN R     ND2D4HPBWPLVT        1   9.9    36    30    1121    (-,-) 
  g214033/ZN                                -       A2->ZN F     NR2XD3HPBWPLVT       1   8.3    29    31    1152    (-,-) 
  g214008/ZN                                -       A1->ZN R     ND2D4HPBWPLVT        1   8.2    29    26    1178    (-,-) 
  g213988/ZN                                -       A1->ZN F     OAI21D4HPBWPLVT      1  24.3    95    54    1232    (-,-) 
  g213982/ZN                                -       I->ZN  R     INVD16HPBWPLVT       1 502.6   238   161    1392    (-,-) 
  intr_overflow_o                           -       -      R     (port)               -     -     -     8    1400    (-,-) 
#--------------------------------------------------------------------------------------------------------------------------


