============================================================
  Generated by:           Genus(TM) Synthesis Solution 19.11-s087_1
  Generated on:           Aug 20 2021  10:39:27 am
  Module:                 top_ft
  Operating conditions:   NCCOM 
  Operating conditions:   WCCOM 
  Operating conditions:   WCCOM 
  Operating conditions:   BCCOM 
  Interconnect mode:      global
  Area mode:              physical library
============================================================

                                        Leakage  Leakage 
     Type      Instances  Area Area % Power (nW) Power % 
---------------------------------------------------------
sequential          3326 0.000    0.0  70293.347    97.4 
inverter              10 0.000    0.0      0.325     0.0 
logic              66593 0.000    0.0   1850.586     2.6 
physical_cells         0 0.000    0.0      0.000     0.0 
---------------------------------------------------------
total              69929 0.000    0.0  72144.258   100.0 

