============================================================
  Generated by:           Genus(TM) Synthesis Solution 19.11-s087_1
  Generated on:           Aug 20 2021  01:28:50 pm
  Module:                 top_ft
  Operating conditions:   NCCOM 
  Operating conditions:   WCCOM 
  Operating conditions:   WCCOM 
  Operating conditions:   BCCOM 
  Interconnect mode:      global
  Area mode:              physical library
============================================================

Timing
--------

 Analysis view Clock Period 
----------------------------
view_typ       clk   1333.0 
view_slow      clk   1333.0 
view_superslow clk   1333.0 
view_fast      clk   1333.0 


   Analysis      Cost   Critical             Violating 
     View       Group  Path Slack    TNS       Paths   
-------------------------------------------------------
view_typ           C2C      153.1       0.0          0 
                   C2O      184.8       0.0          0 
                   clk   No paths       0.0          0 
               default   No paths       0.0          0 
                   I2C      428.4       0.0          0 
                   I2O      423.8       0.0          0 
-------------------------------------------------------
Total                                  -0.0          0 
                                                       
view_slow          C2C     -574.6 -170338.2        843 
                   C2O     -438.3  -11074.7         41 
                   clk   No paths       0.0          0 
               default   No paths       0.0          0 
                   I2C      -62.8   -2448.3         53 
                   I2O        3.0       0.0          0 
-------------------------------------------------------
Total                             -181412.9        937 
                                                       
view_superslow     C2C     -536.0 -141840.7        674 
                   C2O     -412.7   -9537.0         37 
                   clk   No paths       0.0          0 
               default   No paths       0.0          0 
                   I2C      -34.7   -1047.1         39 
                   I2O       37.1       0.0          0 
-------------------------------------------------------
Total                             -151377.7        750 
                                                       
view_fast          C2C      495.7       0.0          0 
                   C2O      479.5       0.0          0 
                   clk   No paths       0.0          0 
               default   No paths       0.0          0 
                   I2C      660.9       0.0          0 
                   I2O      635.4       0.0          0 
-------------------------------------------------------
Total                                  -0.0          0 
                                                       

Instance Count
--------------
Leaf Instance Count             45536 
Physical Instance count             0 
Sequential Instance Count        3326 
Combinational Instance Count    42210 
Hierarchical Instance Count         3 

Area
----
Cell Area                          204206.000
Physical Cell Area                 0.000
Total Cell Area (Cell+Physical)    204206.000
Net Area                           78401.260
Total Area (Cell+Physical+Net)     282607.260

Runtime                            348.8917799999999 seconds
Elapsed Runtime                    10625 seconds
Genus peak memory usage            1618.18 
Innovus peak memory usage          no_value 
Hostname                           epi03.bsc.es
