

Working Directory = /users/gcabo/genus_runs_pmu/bsc_pmu_ft750/synth/genus
QoS Summary for top_ft
================================================================================
Metric                          generic         map             final          
================================================================================
Slack (ps):                      -644            -709            -575
  R2R (ps):                      -644            -709            -575
  I2R (ps):                      -111            -147             -63
  R2O (ps):                      -341            -568            -438
  I2O (ps):                       193              -6               3
  CG  (ps):                  no_value        no_value        no_value
TNS (ps):                      87,787         242,614         181,413
  R2R (ps):                    85,953         231,799         170,338
  I2R (ps):                     1,420           5,123           2,448
  R2O (ps):                     1,834          10,815          11,075
  I2O (ps):                         0               6               0
  CG  (ps):                  no_value        no_value        no_value
Failing Paths:                    449           1,838             884
Cell Area:                    281,023         203,123         204,206
Total Cell Area:              281,023         203,123         204,206
Leaf Instances:                70,892          46,833          45,536
Total Instances:               70,892          46,833          45,536
Utilization (%):                 0.00            0.00            0.00
Tot. Net Length (um):        no_value        no_value        no_value
Avg. Net Length (um):        no_value        no_value        no_value
Route Overflow H (%):        no_value        no_value        no_value
Route Overflow V (%):        no_value        no_value        no_value
MBCI(%) (bits/gate) :            0.00            0.00            0.00
Norm Cong Hotspot Area:
  Max Cong:                  no_value        no_value        no_value
  Tot Cong:                  no_value        no_value        no_value
================================================================================
CPU  Runtime (h:m:s):        00:05:21        01:11:04        02:21:56
Real Runtime (h:m:s):        00:07:54        00:49:12        01:59:48
CPU  Elapsed (h:m:s):        00:05:24        01:16:28        03:38:24
Real Elapsed (h:m:s):        00:07:55        00:57:07        02:56:55
Memory (MB):                  1579.78         1579.34         1610.18
================================================================================
================================================================================
Flow Settings:
================================================================================
Total Runtime (h:m:s): 02:57:22
Total Memory (MB):     1618.18
Executable Version:    19.11-s087_1
================================================================================
Total Cell Area =  Cell Area + Physical Cell Area
Total Instances =  Leaf Instances + Physical Instances


