============================================================
  Generated by:           Genus(TM) Synthesis Solution 19.11-s087_1
  Generated on:           Aug 20 2021  01:28:57 pm
  Module:                 top_ft
  Operating conditions:   NCCOM 
  Operating conditions:   WCCOM 
  Operating conditions:   WCCOM 
  Operating conditions:   BCCOM 
  Interconnect mode:      global
  Area mode:              physical library
============================================================

                                           Leakage                         Library 
       Gate        Instances     Area     Power (nW)        Library         Domain 
-----------------------------------------------------------------------------------
AN2D0HPBWP                 3       7.200       0.223    tcbn65lphpbwptc          0 
AN2D0HPBWPLVT              7      16.800       6.963    tcbn65lphpbwplvttc       0 
AN2D1HPBWPLVT              4       9.600       6.040    tcbn65lphpbwplvttc       0 
AN2D2HPBWPLVT            144     403.200     355.551    tcbn65lphpbwplvttc       0 
AN2D4HPBWPLVT             97     465.600     554.962    tcbn65lphpbwplvttc       0 
AN2D8HPBWPLVT             71     568.000     753.438    tcbn65lphpbwplvttc       0 
AN2XD1HPBWP                2       4.800       0.455    tcbn65lphpbwptc          0 
AN2XD1HPBWPLVT           253     607.200     454.143    tcbn65lphpbwplvttc       0 
AN3D1HPBWPLVT              1       2.800       1.260    tcbn65lphpbwplvttc       0 
AN3D2HPBWPLVT              7      22.400      13.611    tcbn65lphpbwplvttc       0 
AN3D4HPBWPLVT             29     174.000     222.909    tcbn65lphpbwplvttc       0 
AN3D8HPBWPLVT              2      19.200      11.629    tcbn65lphpbwplvttc       0 
AN3XD1HPBWPLVT            23      64.400      34.912    tcbn65lphpbwplvttc       0 
AN4D2HPBWPLVT              1       4.000       6.432    tcbn65lphpbwplvttc       0 
AN4D4HPBWPLVT              5      36.000      46.029    tcbn65lphpbwplvttc       0 
AN4XD1HPBWPLVT            66     211.200      52.952    tcbn65lphpbwplvttc       0 
AO211D1HPBWPLVT           17      54.400      85.268    tcbn65lphpbwplvttc       0 
AO21D0HPBWP                1       2.800       0.144    tcbn65lphpbwptc          0 
AO21D0HPBWPLVT             4      11.200       5.627    tcbn65lphpbwplvttc       0 
AO21D1HPBWP                2       5.600       0.619    tcbn65lphpbwptc          0 
AO21D1HPBWPLVT            76     212.800     246.989    tcbn65lphpbwplvttc       0 
AO21D2HPBWPLVT            33     105.600     166.359    tcbn65lphpbwplvttc       0 
AO21D4HPBWPLVT           367    2202.000    4331.623    tcbn65lphpbwplvttc       0 
AO221D0HPBWPLVT            1       4.000       3.089    tcbn65lphpbwplvttc       0 
AO221D1HPBWPLVT            3      13.200      10.436    tcbn65lphpbwplvttc       0 
AO222D0HPBWPLVT            1       4.800       1.543    tcbn65lphpbwplvttc       0 
AO222D4HPBWPLVT            1      10.000       7.533    tcbn65lphpbwplvttc       0 
AO22D0HPBWP                5      16.000       0.537    tcbn65lphpbwptc          0 
AO22D0HPBWPLVT           138     441.600     178.684    tcbn65lphpbwplvttc       0 
AO22D1HPBWP                3      10.800       0.858    tcbn65lphpbwptc          0 
AO22D1HPBWPLVT           559    2012.400    1186.840    tcbn65lphpbwplvttc       0 
AO22D2HPBWP                2       8.000       0.596    tcbn65lphpbwptc          0 
AO22D2HPBWPLVT           363    1452.000    1261.285    tcbn65lphpbwplvttc       0 
AO22D4HPBWPLVT           223    1605.600    1864.168    tcbn65lphpbwplvttc       0 
AO31D1HPBWPLVT            10      32.000      26.513    tcbn65lphpbwplvttc       0 
AO31D4HPBWPLVT             5      36.000      49.757    tcbn65lphpbwplvttc       0 
AO32D1HPBWPLVT             2       8.000       4.263    tcbn65lphpbwplvttc       0 
AO33D4HPBWPLVT             1       9.200      10.702    tcbn65lphpbwplvttc       0 
AOI211D1HPBWPLVT          10      28.000       4.368    tcbn65lphpbwplvttc       0 
AOI211XD0HPBWPLVT         14      39.200      23.279    tcbn65lphpbwplvttc       0 
AOI211XD1HPBWP             1       4.800       0.139    tcbn65lphpbwptc          0 
AOI211XD1HPBWPLVT          6      28.800      20.414    tcbn65lphpbwplvttc       0 
AOI211XD2HPBWPLVT          1       9.200       8.881    tcbn65lphpbwplvttc       0 
AOI211XD4HPBWPLVT          2      35.200      33.423    tcbn65lphpbwplvttc       0 
AOI21D0HPBWPLVT            2       4.800       1.807    tcbn65lphpbwplvttc       0 
AOI21D1HPBWP               4       9.600       0.541    tcbn65lphpbwptc          0 
AOI21D1HPBWPLVT          123     295.200     187.818    tcbn65lphpbwplvttc       0 
AOI21D2HPBWP               1       4.000       0.322    tcbn65lphpbwptc          0 
AOI21D2HPBWPLVT           89     356.000     385.410    tcbn65lphpbwplvttc       0 
AOI21D4HPBWPLVT          204    1468.800    2132.924    tcbn65lphpbwplvttc       0 
AOI221D0HPBWPLVT          10      32.000      12.057    tcbn65lphpbwplvttc       0 
AOI221D1HPBWP              2       7.200       0.267    tcbn65lphpbwptc          0 
AOI221D1HPBWPLVT          11      39.600      20.020    tcbn65lphpbwplvttc       0 
AOI222D0HPBWPLVT          31     124.000      35.226    tcbn65lphpbwplvttc       0 
AOI222D1HPBWP             16      70.400       2.882    tcbn65lphpbwptc          0 
AOI222D1HPBWPLVT          80     352.000     149.927    tcbn65lphpbwplvttc       0 
AOI222D2HPBWPLVT          23     165.600      86.743    tcbn65lphpbwplvttc       0 
AOI22D0HPBWP               1       2.800       0.039    tcbn65lphpbwptc          0 
AOI22D0HPBWPLVT           11      30.800       7.754    tcbn65lphpbwplvttc       0 
AOI22D1HPBWP              12      33.600       1.623    tcbn65lphpbwptc          0 
AOI22D1HPBWPLVT          321     898.800     520.660    tcbn65lphpbwplvttc       0 
AOI22D2HPBWP              13      62.400       4.674    tcbn65lphpbwptc          0 
AOI22D2HPBWPLVT          220    1056.000     733.633    tcbn65lphpbwplvttc       0 
AOI22D4HPBWP               1      10.000       0.839    tcbn65lphpbwptc          0 
AOI22D4HPBWPLVT           81     810.000     427.152    tcbn65lphpbwplvttc       0 
AOI31D1HPBWPLVT           14      39.200      14.905    tcbn65lphpbwplvttc       0 
AOI31D2HPBWPLVT           25     120.000      64.064    tcbn65lphpbwplvttc       0 
AOI31D4HPBWP               1       9.600       0.740    tcbn65lphpbwptc          0 
AOI31D4HPBWPLVT           32     307.200     103.886    tcbn65lphpbwplvttc       0 
AOI32D0HPBWPLVT            2       6.400       1.523    tcbn65lphpbwplvttc       0 
AOI32D1HPBWPLVT           25      80.000      36.541    tcbn65lphpbwplvttc       0 
AOI32D2HPBWPLVT            3      18.000       7.035    tcbn65lphpbwplvttc       0 
AOI32XD4HPBWPLVT           1      12.000       8.910    tcbn65lphpbwplvttc       0 
AOI33D2HPBWPLVT            1       6.800       4.581    tcbn65lphpbwplvttc       0 
BMLD1HPBWPLVT              1      10.000      13.086    tcbn65lphpbwplvttc       0 
BMLD2HPBWPLVT             89     925.600    1198.011    tcbn65lphpbwplvttc       0 
BMLD4HPBWPLVT              3      45.600      63.107    tcbn65lphpbwplvttc       0 
BUFFD0HPBWP               10      16.000       0.890    tcbn65lphpbwptc          0 
BUFFD0HPBWPLVT            28      44.800      31.836    tcbn65lphpbwplvttc       0 
BUFFD12HPBWPLVT           41     377.200    1211.295    tcbn65lphpbwplvttc       0 
BUFFD16HPBWPLVT           38     440.800    1487.055    tcbn65lphpbwplvttc       0 
BUFFD1HPBWP                3       4.800       0.438    tcbn65lphpbwptc          0 
BUFFD1HPBWPLVT            17      27.200      26.402    tcbn65lphpbwplvttc       0 
BUFFD2HPBWP               38      91.200      14.374    tcbn65lphpbwptc          0 
BUFFD2HPBWPLVT           284     681.600    1000.507    tcbn65lphpbwplvttc       0 
BUFFD3HPBWPLVT           133     372.400     676.661    tcbn65lphpbwplvttc       0 
BUFFD4HPBWP                3      12.000       2.343    tcbn65lphpbwptc          0 
BUFFD4HPBWPLVT            78     312.000     654.019    tcbn65lphpbwplvttc       0 
BUFFD6HPBWP                3      14.400       3.193    tcbn65lphpbwptc          0 
BUFFD6HPBWPLVT            40     192.000     479.145    tcbn65lphpbwplvttc       0 
BUFFD8HPBWPLVT            68     435.200    1254.179    tcbn65lphpbwplvttc       0 
CKAN2D1HPBWPLVT            5      12.000       6.306    tcbn65lphpbwplvttc       0 
CKAN2D2HPBWPLVT            5      14.000       9.356    tcbn65lphpbwplvttc       0 
CKAN2D8HPBWPLVT            1       6.800       5.647    tcbn65lphpbwplvttc       0 
CKBD0HPBWPLVT             63     100.800      53.865    tcbn65lphpbwplvttc       0 
CKBD1HPBWP               136     217.600      20.400    tcbn65lphpbwptc          0 
CKBD1HPBWPLVT              7      11.200      10.871    tcbn65lphpbwplvttc       0 
CKBD2HPBWP                 1       2.400       0.247    tcbn65lphpbwptc          0 
CKBD2HPBWPLVT             16      38.400      43.420    tcbn65lphpbwplvttc       0 
CKBD3HPBWP                 1       2.800       0.337    tcbn65lphpbwptc          0 
CKBD3HPBWPLVT              7      19.600      25.753    tcbn65lphpbwplvttc       0 
CKBD4HPBWPLVT              5      20.000      27.256    tcbn65lphpbwplvttc       0 
CKMUX2D0HPBWPLVT           1       4.000       2.218    tcbn65lphpbwplvttc       0 
CKMUX2D1HPBWP              1       4.000       0.353    tcbn65lphpbwptc          0 
CKMUX2D1HPBWPLVT         160     640.000     608.640    tcbn65lphpbwplvttc       0 
CKMUX2D2HPBWPLVT          30     132.000     157.638    tcbn65lphpbwplvttc       0 
CKMUX2D4HPBWPLVT          18     122.400     194.694    tcbn65lphpbwplvttc       0 
CKND0HPBWPLVT             13      15.600       4.546    tcbn65lphpbwplvttc       0 
CKND12HPBWP                2      13.600       2.127    tcbn65lphpbwptc          0 
CKND12HPBWPLVT            40     272.000     396.446    tcbn65lphpbwplvttc       0 
CKND16HPBWPLVT            35     322.000     543.588    tcbn65lphpbwplvttc       0 
CKND1HPBWP                25      30.000       1.773    tcbn65lphpbwptc          0 
CKND1HPBWPLVT            266     319.200     178.457    tcbn65lphpbwplvttc       0 
CKND2D0HPBWP               5       8.000       0.141    tcbn65lphpbwptc          0 
CKND2D0HPBWPLVT            2       3.200       1.102    tcbn65lphpbwplvttc       0 
CKND2D1HPBWP               1       1.600       0.054    tcbn65lphpbwptc          0 
CKND2D1HPBWPLVT           30      48.000      16.193    tcbn65lphpbwplvttc       0 
CKND2D2HPBWPLVT          198     554.400     211.518    tcbn65lphpbwplvttc       0 
CKND2D3HPBWP               2       8.000       0.174    tcbn65lphpbwptc          0 
CKND2D3HPBWPLVT           16      64.000      24.171    tcbn65lphpbwplvttc       0 
CKND2D4HPBWPLVT            6      28.800      16.339    tcbn65lphpbwplvttc       0 
CKND2D8HPBWPLVT            5      46.000      22.950    tcbn65lphpbwplvttc       0 
CKND2HPBWP                17      27.200       2.610    tcbn65lphpbwptc          0 
CKND2HPBWPLVT            157     251.200     238.278    tcbn65lphpbwplvttc       0 
CKND3HPBWPLVT            191     458.400     522.110    tcbn65lphpbwplvttc       0 
CKND4HPBWP                 3       8.400       1.051    tcbn65lphpbwptc          0 
CKND4HPBWPLVT            234     655.200     888.482    tcbn65lphpbwplvttc       0 
CKND6HPBWP                 5      20.000       2.689    tcbn65lphpbwptc          0 
CKND6HPBWPLVT            177     708.000     955.378    tcbn65lphpbwplvttc       0 
CKND8HPBWP                 1       4.800       0.793    tcbn65lphpbwptc          0 
CKND8HPBWPLVT             36     172.800     271.933    tcbn65lphpbwplvttc       0 
CKXOR2D0HPBWPLVT           2       8.000       4.914    tcbn65lphpbwplvttc       0 
CKXOR2D1HPBWP              1       4.000       0.396    tcbn65lphpbwptc          0 
CKXOR2D1HPBWPLVT          48     192.000     207.553    tcbn65lphpbwplvttc       0 
CKXOR2D2HPBWPLVT          43     189.200     223.347    tcbn65lphpbwplvttc       0 
CKXOR2D4HPBWPLVT           5      42.000      64.219    tcbn65lphpbwplvttc       0 
CMPE42D1HPBWPLVT          16     307.200     422.580    tcbn65lphpbwplvttc       0 
CMPE42D2HPBWPLVT           6     122.400     176.027    tcbn65lphpbwplvttc       0 
DFCND1HPBWPLVT             5      48.000      29.152    tcbn65lphpbwplvttc       0 
DFCNQD2HPBWPLVT            1      10.000       6.452    tcbn65lphpbwplvttc       0 
DFCNQD4HPBWPLVT            1      11.600       9.113    tcbn65lphpbwplvttc       0 
DFD1HPBWP                  6      48.000       3.675    tcbn65lphpbwptc          0 
DFD1HPBWPLVT             121     968.000     734.068    tcbn65lphpbwplvttc       0 
DFD2HPBWPLVT              36     345.600     486.757    tcbn65lphpbwplvttc       0 
DFD4HPBWPLVT             115    1426.000    2423.613    tcbn65lphpbwplvttc       0 
DFKCND1HPBWPLVT          146    1343.200     824.275    tcbn65lphpbwplvttc       0 
DFKCND2HPBWPLVT           52     540.800     707.024    tcbn65lphpbwplvttc       0 
DFKCND4HPBWPLVT          866   11431.200   18482.046    tcbn65lphpbwplvttc       0 
DFKCNQD1HPBWP              2      16.800       0.825    tcbn65lphpbwptc          0 
DFKCNQD1HPBWPLVT         104     873.600     416.088    tcbn65lphpbwplvttc       0 
DFKCNQD2HPBWPLVT         367    3229.600    2661.000    tcbn65lphpbwplvttc       0 
DFKCNQD4HPBWPLVT         899    8990.000    9861.982    tcbn65lphpbwplvttc       0 
DFKCSND1HPBWPLVT           3      31.200      17.384    tcbn65lphpbwplvttc       0 
DFKCSND2HPBWPLVT           1      11.600      13.896    tcbn65lphpbwplvttc       0 
DFKCSND4HPBWPLVT           1      14.800      21.545    tcbn65lphpbwplvttc       0 
DFKSND1HPBWPLVT           10     100.000      80.590    tcbn65lphpbwplvttc       0 
DFKSND2HPBWPLVT            1      11.200      15.936    tcbn65lphpbwplvttc       0 
DFQD1HPBWPLVT            282    2143.200    1224.984    tcbn65lphpbwplvttc       0 
DFQD2HPBWPLVT            138    1104.000     711.723    tcbn65lphpbwplvttc       0 
DFQD4HPBWPLVT            121    1113.200     969.940    tcbn65lphpbwplvttc       0 
EDFD2HPBWPLVT              1      12.000      12.565    tcbn65lphpbwplvttc       0 
EDFD4HPBWPLVT             20     304.000     448.551    tcbn65lphpbwplvttc       0 
EDFQD1HPBWPLVT             1      10.800       5.167    tcbn65lphpbwplvttc       0 
EDFQD2HPBWPLVT             1      11.200       8.958    tcbn65lphpbwplvttc       0 
EDFQD4HPBWPLVT            25     310.000     336.306    tcbn65lphpbwplvttc       0 
FA1D1HPBWPLVT             17     197.200     298.136    tcbn65lphpbwplvttc       0 
FA1D2HPBWPLVT             40     496.000     876.669    tcbn65lphpbwplvttc       0 
FCICIND1HPBWPLVT           6      31.200      25.624    tcbn65lphpbwplvttc       0 
FCICOND1HPBWPLVT           1       3.600       1.019    tcbn65lphpbwplvttc       0 
FCSICIND1HPBWPLVT          1      20.000      22.442    tcbn65lphpbwplvttc       0 
FICIND1HPBWPLVT            3      33.600      46.312    tcbn65lphpbwplvttc       0 
FICIND2HPBWPLVT           41     557.600     981.178    tcbn65lphpbwplvttc       0 
FICOND2HPBWPLVT            2      27.200      48.342    tcbn65lphpbwplvttc       0 
FIICOND1HPBWPLVT          53     636.000    1007.162    tcbn65lphpbwplvttc       0 
FIICOND2HPBWPLVT           3      43.200      73.849    tcbn65lphpbwplvttc       0 
HA1D0HPBWPLVT            595    3808.000    4119.664    tcbn65lphpbwplvttc       0 
HA1D1HPBWPLVT             16     108.800     150.756    tcbn65lphpbwplvttc       0 
HA1D2HPBWPLVT             18     144.000     210.325    tcbn65lphpbwplvttc       0 
HCOSCIND1HPBWPLVT          7      86.800      85.153    tcbn65lphpbwplvttc       0 
HCOSCIND2HPBWPLVT          2      27.200      28.884    tcbn65lphpbwplvttc       0 
HCOSCOND1HPBWPLVT          3      33.600      36.454    tcbn65lphpbwplvttc       0 
HICIND1HPBWPLVT            7      53.200      70.233    tcbn65lphpbwplvttc       0 
HICIND2HPBWP               1       8.800       1.349    tcbn65lphpbwptc          0 
HICIND2HPBWPLVT           14     123.200     191.523    tcbn65lphpbwplvttc       0 
HICOND1HPBWP               1       7.600       0.909    tcbn65lphpbwptc          0 
HICOND1HPBWPLVT           14     106.400     131.516    tcbn65lphpbwplvttc       0 
HICOND2HPBWP               1       8.800       1.241    tcbn65lphpbwptc          0 
HICOND2HPBWPLVT            4      35.200      48.681    tcbn65lphpbwplvttc       0 
IAO21D1HPBWP               5      14.000       1.205    tcbn65lphpbwptc          0 
IAO21D1HPBWPLVT           34      95.200      91.494    tcbn65lphpbwplvttc       0 
IAO21D2HPBWPLVT           70     280.000     458.948    tcbn65lphpbwplvttc       0 
IAO21D4HPBWPLVT           10      64.000     160.496    tcbn65lphpbwplvttc       0 
IAO22D1HPBWPLVT            5      18.000      15.883    tcbn65lphpbwplvttc       0 
IAO22D2HPBWPLVT            1       4.800       5.285    tcbn65lphpbwplvttc       0 
IIND4D1HPBWPLVT            1       4.000       1.349    tcbn65lphpbwplvttc       0 
IIND4D2HPBWPLVT            6      40.800      32.518    tcbn65lphpbwplvttc       0 
IIND4D4HPBWPLVT            3      36.000      46.914    tcbn65lphpbwplvttc       0 
IINR4D0HPBWPLVT            1       4.000       2.964    tcbn65lphpbwplvttc       0 
IINR4D2HPBWPLVT            1      11.200      13.959    tcbn65lphpbwplvttc       0 
IINR4D4HPBWPLVT            3      49.200      43.020    tcbn65lphpbwplvttc       0 
IND2D0HPBWP                6      14.400       0.618    tcbn65lphpbwptc          0 
IND2D0HPBWPLVT            15      36.000      19.557    tcbn65lphpbwplvttc       0 
IND2D1HPBWP                5      12.000       0.846    tcbn65lphpbwptc          0 
IND2D1HPBWPLVT           226     542.400     376.814    tcbn65lphpbwplvttc       0 
IND2D2HPBWP               11      35.200       2.918    tcbn65lphpbwptc          0 
IND2D2HPBWPLVT          1823    5833.600    6651.262    tcbn65lphpbwplvttc       0 
IND2D4HPBWP                2      12.800       1.927    tcbn65lphpbwptc          0 
IND2D4HPBWPLVT           472    3020.800    3916.924    tcbn65lphpbwplvttc       0 
IND3D1HPBWPLVT            30      84.000      46.363    tcbn65lphpbwplvttc       0 
IND3D2HPBWPLVT            38     182.400     142.046    tcbn65lphpbwplvttc       0 
IND3D4HPBWPLVT            33     277.200     311.728    tcbn65lphpbwplvttc       0 
IND4D1HPBWPLVT             9      28.800       7.980    tcbn65lphpbwplvttc       0 
IND4D2HPBWPLVT             3      19.200      12.939    tcbn65lphpbwplvttc       0 
IND4D4HPBWPLVT             3      32.400      31.086    tcbn65lphpbwplvttc       0 
INR2D0HPBWPLVT             6      14.400       8.665    tcbn65lphpbwplvttc       0 
INR2D1HPBWP                1       2.400       0.160    tcbn65lphpbwptc          0 
INR2D1HPBWPLVT            75     180.000     132.173    tcbn65lphpbwplvttc       0 
INR2D2HPBWP                2       6.400       0.817    tcbn65lphpbwptc          0 
INR2D2HPBWPLVT           120     384.000     367.227    tcbn65lphpbwplvttc       0 
INR2D4HPBWPLVT            66     396.000     756.323    tcbn65lphpbwplvttc       0 
INR2XD0HPBWP              10      24.000       1.127    tcbn65lphpbwptc          0 
INR2XD0HPBWPLVT           71     170.400      99.092    tcbn65lphpbwplvttc       0 
INR2XD1HPBWP               4      12.800       0.782    tcbn65lphpbwptc          0 
INR2XD1HPBWPLVT          100     320.000     247.876    tcbn65lphpbwplvttc       0 
INR2XD2HPBWP              12      62.400       3.485    tcbn65lphpbwptc          0 
INR2XD2HPBWPLVT          193    1003.600     514.890    tcbn65lphpbwplvttc       0 
INR2XD4HPBWPLVT           82     852.800     893.955    tcbn65lphpbwplvttc       0 
INR3D0HPBWP                1       2.800       0.182    tcbn65lphpbwptc          0 
INR3D0HPBWPLVT            10      28.000      14.819    tcbn65lphpbwplvttc       0 
INR3D1HPBWPLVT            29     116.000      81.447    tcbn65lphpbwplvttc       0 
INR3D2HPBWPLVT             2       8.800      21.114    tcbn65lphpbwplvttc       0 
INR3D4HPBWPLVT             5      42.000      45.727    tcbn65lphpbwplvttc       0 
INR4D0HPBWP                1       3.200       0.183    tcbn65lphpbwptc          0 
INR4D0HPBWPLVT             6      19.200      12.510    tcbn65lphpbwplvttc       0 
INR4D1HPBWPLVT            13      72.800       8.884    tcbn65lphpbwplvttc       0 
INR4D2HPBWPLVT             4      35.200       6.769    tcbn65lphpbwplvttc       0 
INVD0HPBWPLVT             32      38.400      14.560    tcbn65lphpbwplvttc       0 
INVD12HPBWPLVT           123     836.400    2393.203    tcbn65lphpbwplvttc       0 
INVD16HPBWP                1       9.200       2.913    tcbn65lphpbwptc          0 
INVD16HPBWPLVT            98     901.600    2612.199    tcbn65lphpbwplvttc       0 
INVD1HPBWP                84     100.800       8.400    tcbn65lphpbwptc          0 
INVD1HPBWPLVT           1073    1287.600    1059.192    tcbn65lphpbwplvttc       0 
INVD2HPBWP                32      51.200       6.988    tcbn65lphpbwptc          0 
INVD2HPBWPLVT           1439    2302.400    3283.696    tcbn65lphpbwplvttc       0 
INVD3HPBWP                 5      12.000       1.883    tcbn65lphpbwptc          0 
INVD3HPBWPLVT            552    1324.800    2262.196    tcbn65lphpbwplvttc       0 
INVD4HPBWP                 7      19.600       3.736    tcbn65lphpbwptc          0 
INVD4HPBWPLVT           1240    3472.000    6983.420    tcbn65lphpbwplvttc       0 
INVD6HPBWP                 1       4.000       0.954    tcbn65lphpbwptc          0 
INVD6HPBWPLVT            402    1608.000    3669.992    tcbn65lphpbwplvttc       0 
INVD8HPBWP                 4      19.200       4.421    tcbn65lphpbwptc          0 
INVD8HPBWPLVT            148     710.400    1865.816    tcbn65lphpbwplvttc       0 
IOA21D0HPBWP               2       5.600       0.228    tcbn65lphpbwptc          0 
IOA21D0HPBWPLVT            2       5.600       2.316    tcbn65lphpbwplvttc       0 
IOA21D1HPBWP              11      30.800       2.121    tcbn65lphpbwptc          0 
IOA21D1HPBWPLVT          802    2245.600    1350.178    tcbn65lphpbwplvttc       0 
IOA21D2HPBWP               6      24.000       2.824    tcbn65lphpbwptc          0 
IOA21D2HPBWPLVT         1549    6196.000    6145.456    tcbn65lphpbwplvttc       0 
IOA21D4HPBWP               1       6.400       0.957    tcbn65lphpbwptc          0 
IOA21D4HPBWPLVT           80     512.000     478.475    tcbn65lphpbwplvttc       0 
IOA22D1HPBWPLVT            4      14.400       6.369    tcbn65lphpbwplvttc       0 
IOA22D2HPBWPLVT           24     115.200     145.261    tcbn65lphpbwplvttc       0 
IOA22D4HPBWP               1       7.600       1.015    tcbn65lphpbwptc          0 
IOA22D4HPBWPLVT           20     152.000     209.539    tcbn65lphpbwplvttc       0 
MAOI222D1HPBWPLVT         47     150.400      75.919    tcbn65lphpbwplvttc       0 
MAOI22D1HPBWP              1       3.200       0.297    tcbn65lphpbwptc          0 
MAOI22D1HPBWPLVT          40     128.000     145.603    tcbn65lphpbwplvttc       0 
MAOI22D2HPBWPLVT           6      28.800      30.561    tcbn65lphpbwplvttc       0 
MOAI22D0HPBWPLVT           9      28.800      11.006    tcbn65lphpbwplvttc       0 
MOAI22D1HPBWP              1       3.200       0.223    tcbn65lphpbwptc          0 
MOAI22D1HPBWPLVT         606    1939.200    1576.289    tcbn65lphpbwplvttc       0 
MOAI22D2HPBWPLVT          33     158.400     186.405    tcbn65lphpbwplvttc       0 
MUX2D0HPBWP                3      10.800       0.475    tcbn65lphpbwptc          0 
MUX2D0HPBWPLVT            44     158.400      85.949    tcbn65lphpbwplvttc       0 
MUX2D1HPBWP                5      20.000       2.164    tcbn65lphpbwptc          0 
MUX2D1HPBWPLVT           302    1208.000    1331.348    tcbn65lphpbwplvttc       0 
MUX2D2HPBWPLVT           673    2961.200    3952.069    tcbn65lphpbwplvttc       0 
MUX2D4HPBWPLVT           567    3855.600    7655.150    tcbn65lphpbwplvttc       0 
MUX2ND0HPBWPLVT           90     288.000     170.250    tcbn65lphpbwplvttc       0 
MUX2ND1HPBWPLVT            9      43.200      50.375    tcbn65lphpbwplvttc       0 
MUX2ND2HPBWP               1       5.200       0.629    tcbn65lphpbwptc          0 
MUX2ND2HPBWPLVT           30     156.000     191.913    tcbn65lphpbwplvttc       0 
MUX2ND4HPBWPLVT           57     456.000     990.258    tcbn65lphpbwplvttc       0 
MUX3D1HPBWPLVT             4      25.600      28.898    tcbn65lphpbwplvttc       0 
MUX3ND0HPBWP               1       6.000       0.597    tcbn65lphpbwptc          0 
MUX3ND0HPBWPLVT           67     402.000     464.031    tcbn65lphpbwplvttc       0 
MUX4D2HPBWPLVT             1      13.200      14.880    tcbn65lphpbwplvttc       0 
ND2D0HPBWPLVT              2       3.200       1.542    tcbn65lphpbwplvttc       0 
ND2D1HPBWP                 7      11.200       0.518    tcbn65lphpbwptc          0 
ND2D1HPBWPLVT           1703    2724.800    1309.473    tcbn65lphpbwplvttc       0 
ND2D2HPBWP               107     299.600      17.011    tcbn65lphpbwptc          0 
ND2D2HPBWPLVT           4783   13392.400    9996.879    tcbn65lphpbwplvttc       0 
ND2D3HPBWPLVT           2064    8256.000    7922.987    tcbn65lphpbwplvttc       0 
ND2D4HPBWP                 6      28.800       2.029    tcbn65lphpbwptc          0 
ND2D4HPBWPLVT           2032    9753.600   10657.781    tcbn65lphpbwplvttc       0 
ND2D8HPBWPLVT            477    4388.400    4919.058    tcbn65lphpbwplvttc       0 
ND3D1HPBWP                 1       2.400       0.066    tcbn65lphpbwptc          0 
ND3D1HPBWPLVT             53     127.200      52.538    tcbn65lphpbwplvttc       0 
ND3D2HPBWP                 3      12.000       0.668    tcbn65lphpbwptc          0 
ND3D2HPBWPLVT            114     456.000     287.587    tcbn65lphpbwplvttc       0 
ND3D3HPBWPLVT            123     639.600     493.821    tcbn65lphpbwplvttc       0 
ND3D4HPBWPLVT            386    2624.800    2581.693    tcbn65lphpbwplvttc       0 
ND3D8HPBWPLVT             85    1156.000    1086.452    tcbn65lphpbwplvttc       0 
ND4D0HPBWPLVT              1       2.800       0.020    tcbn65lphpbwplvttc       0 
ND4D1HPBWPLVT             85     238.000      31.747    tcbn65lphpbwplvttc       0 
ND4D2HPBWPLVT             14      72.800      43.787    tcbn65lphpbwplvttc       0 
ND4D3HPBWPLVT              6      40.800      11.362    tcbn65lphpbwplvttc       0 
ND4D4HPBWPLVT              1       9.600       9.688    tcbn65lphpbwplvttc       0 
NR2D0HPBWP                 1       1.600       0.038    tcbn65lphpbwptc          0 
NR2D0HPBWPLVT              9      14.400       2.364    tcbn65lphpbwplvttc       0 
NR2D1HPBWP                 7      11.200       0.894    tcbn65lphpbwptc          0 
NR2D1HPBWPLVT            272     435.200     239.799    tcbn65lphpbwplvttc       0 
NR2D2HPBWP                 8      22.400       2.295    tcbn65lphpbwptc          0 
NR2D2HPBWPLVT            177     495.600     506.449    tcbn65lphpbwplvttc       0 
NR2D3HPBWP                 1       4.000       0.462    tcbn65lphpbwptc          0 
NR2D3HPBWPLVT            170     680.000     714.402    tcbn65lphpbwplvttc       0 
NR2D4HPBWP                 1       4.800       0.243    tcbn65lphpbwptc          0 
NR2D4HPBWPLVT            210    1008.000    1975.002    tcbn65lphpbwplvttc       0 
NR2D8HPBWP                 1       9.200       0.312    tcbn65lphpbwptc          0 
NR2D8HPBWPLVT            112    1030.400    2272.882    tcbn65lphpbwplvttc       0 
NR2XD0HPBWP                7      11.200       0.554    tcbn65lphpbwptc          0 
NR2XD0HPBWPLVT           471     753.600     271.971    tcbn65lphpbwplvttc       0 
NR2XD1HPBWP               59     165.200       7.247    tcbn65lphpbwptc          0 
NR2XD1HPBWPLVT           567    1587.600     556.326    tcbn65lphpbwplvttc       0 
NR2XD2HPBWP               16      76.800       3.935    tcbn65lphpbwptc          0 
NR2XD2HPBWPLVT           969    4651.200    3616.710    tcbn65lphpbwplvttc       0 
NR2XD3HPBWP                1       6.800       0.807    tcbn65lphpbwptc          0 
NR2XD3HPBWPLVT           526    3576.800    3851.303    tcbn65lphpbwplvttc       0 
NR2XD4HPBWPLVT           291    2677.200    3309.384    tcbn65lphpbwplvttc       0 
NR2XD8HPBWPLVT            85    1462.000    1735.823    tcbn65lphpbwplvttc       0 
NR3D0HPBWP                 3       7.200       0.159    tcbn65lphpbwptc          0 
NR3D0HPBWPLVT             26      62.400      16.527    tcbn65lphpbwplvttc       0 
NR3D1HPBWP                 4      14.400       0.561    tcbn65lphpbwptc          0 
NR3D1HPBWPLVT            100     360.000      82.018    tcbn65lphpbwplvttc       0 
NR3D2HPBWP                 1       6.400       0.262    tcbn65lphpbwptc          0 
NR3D2HPBWPLVT             62     396.800     157.900    tcbn65lphpbwplvttc       0 
NR3D3HPBWPLVT             18     172.800     135.732    tcbn65lphpbwplvttc       0 
NR3D4HPBWPLVT             14     162.400     176.965    tcbn65lphpbwplvttc       0 
NR3D8HPBWPLVT              4      84.800     178.420    tcbn65lphpbwplvttc       0 
NR4D0HPBWP                 2       5.600       0.105    tcbn65lphpbwptc          0 
NR4D0HPBWPLVT             53     148.400      75.432    tcbn65lphpbwplvttc       0 
NR4D1HPBWP                 2       9.600       0.322    tcbn65lphpbwptc          0 
NR4D1HPBWPLVT             24     115.200       8.696    tcbn65lphpbwplvttc       0 
NR4D2HPBWPLVT              5      40.000      15.176    tcbn65lphpbwplvttc       0 
OA211D0HPBWPLVT            1       3.200       1.800    tcbn65lphpbwplvttc       0 
OA211D1HPBWPLVT           16      51.200      39.668    tcbn65lphpbwplvttc       0 
OA211D2HPBWPLVT            3      10.800      13.132    tcbn65lphpbwplvttc       0 
OA211D4HPBWPLVT            1       7.200       9.336    tcbn65lphpbwplvttc       0 
OA21D0HPBWPLVT             3       8.400       4.799    tcbn65lphpbwplvttc       0 
OA21D1HPBWP                2       5.600       0.692    tcbn65lphpbwptc          0 
OA21D1HPBWPLVT            84     235.200     230.661    tcbn65lphpbwplvttc       0 
OA21D2HPBWPLVT            26      83.200     103.466    tcbn65lphpbwplvttc       0 
OA21D4HPBWPLVT            14      89.600     105.685    tcbn65lphpbwplvttc       0 
OA221D0HPBWPLVT            1       4.000       0.954    tcbn65lphpbwplvttc       0 
OA221D1HPBWPLVT           19      76.000      44.958    tcbn65lphpbwplvttc       0 
OA221D2HPBWPLVT            2       9.600       9.686    tcbn65lphpbwplvttc       0 
OA222D1HPBWPLVT            1       4.800       2.642    tcbn65lphpbwplvttc       0 
OA222D2HPBWPLVT            1       5.200       2.997    tcbn65lphpbwplvttc       0 
OA22D0HPBWPLVT             6      21.600       9.923    tcbn65lphpbwplvttc       0 
OA22D1HPBWP                4      14.400       1.114    tcbn65lphpbwptc          0 
OA22D1HPBWPLVT            54     194.400     128.833    tcbn65lphpbwplvttc       0 
OA22D2HPBWP                1       4.000       0.394    tcbn65lphpbwptc          0 
OA22D2HPBWPLVT            24      96.000      89.171    tcbn65lphpbwplvttc       0 
OA22D4HPBWPLVT            16     115.200     139.382    tcbn65lphpbwplvttc       0 
OA31D1HPBWPLVT             9      28.800      23.416    tcbn65lphpbwplvttc       0 
OA31D2HPBWPLVT             4      16.000      20.482    tcbn65lphpbwplvttc       0 
OA32D1HPBWPLVT             1       4.000       2.565    tcbn65lphpbwplvttc       0 
OA33D2HPBWPLVT             1       4.800       4.700    tcbn65lphpbwplvttc       0 
OAI211D1HPBWP              1       2.800       0.191    tcbn65lphpbwptc          0 
OAI211D1HPBWPLVT          49     137.200      54.131    tcbn65lphpbwplvttc       0 
OAI211D2HPBWPLVT          22     105.600      68.888    tcbn65lphpbwplvttc       0 
OAI211D4HPBWPLVT           8      76.800      56.915    tcbn65lphpbwplvttc       0 
OAI21D0HPBWPLVT            4       9.600       3.720    tcbn65lphpbwplvttc       0 
OAI21D1HPBWP               3       7.200       0.404    tcbn65lphpbwptc          0 
OAI21D1HPBWPLVT          182     436.800     237.391    tcbn65lphpbwplvttc       0 
OAI21D2HPBWP               1       4.000       0.075    tcbn65lphpbwptc          0 
OAI21D2HPBWPLVT          254    1016.000     748.314    tcbn65lphpbwplvttc       0 
OAI21D4HPBWP               2      14.400       1.131    tcbn65lphpbwptc          0 
OAI21D4HPBWPLVT          206    1483.200    1398.608    tcbn65lphpbwplvttc       0 
OAI221D0HPBWP              3       9.600       0.300    tcbn65lphpbwptc          0 
OAI221D0HPBWPLVT          20      64.000      16.429    tcbn65lphpbwplvttc       0 
OAI221D1HPBWPLVT          26      93.600      32.370    tcbn65lphpbwplvttc       0 
OAI221D2HPBWPLVT          10      64.000      29.313    tcbn65lphpbwplvttc       0 
OAI221XD4HPBWPLVT          2      24.000      12.041    tcbn65lphpbwplvttc       0 
OAI222D0HPBWP              1       3.600       0.089    tcbn65lphpbwptc          0 
OAI222D0HPBWPLVT           3      10.800       2.257    tcbn65lphpbwplvttc       0 
OAI222D1HPBWPLVT          12      48.000      14.627    tcbn65lphpbwplvttc       0 
OAI222D2HPBWPLVT           2      15.200       5.951    tcbn65lphpbwplvttc       0 
OAI22D0HPBWP               1       2.800       0.086    tcbn65lphpbwptc          0 
OAI22D0HPBWPLVT            1       2.800       0.869    tcbn65lphpbwplvttc       0 
OAI22D1HPBWP               4      11.200       0.610    tcbn65lphpbwptc          0 
OAI22D1HPBWPLVT          120     336.000     167.811    tcbn65lphpbwplvttc       0 
OAI22D2HPBWP               5      24.000       1.834    tcbn65lphpbwptc          0 
OAI22D2HPBWPLVT          136     652.800     458.195    tcbn65lphpbwplvttc       0 
OAI22D4HPBWPLVT           32     307.200     213.430    tcbn65lphpbwplvttc       0 
OAI31D1HPBWPLVT           14      39.200      16.170    tcbn65lphpbwplvttc       0 
OAI31D2HPBWPLVT           32     153.600      83.182    tcbn65lphpbwplvttc       0 
OAI31D4HPBWPLVT            5      46.000      40.837    tcbn65lphpbwplvttc       0 
OAI32D1HPBWPLVT           14      44.800      19.288    tcbn65lphpbwplvttc       0 
OAI33D1HPBWPLVT            1       4.000       5.167    tcbn65lphpbwplvttc       0 
OR2D0HPBWP                 1       2.400       0.075    tcbn65lphpbwptc          0 
OR2D0HPBWPLVT              4       9.600       4.924    tcbn65lphpbwplvttc       0 
OR2D1HPBWP                 2       4.800       0.415    tcbn65lphpbwptc          0 
OR2D1HPBWPLVT            102     244.800     188.931    tcbn65lphpbwplvttc       0 
OR2D2HPBWP                 2       5.600       0.643    tcbn65lphpbwptc          0 
OR2D2HPBWPLVT             39     109.200     158.798    tcbn65lphpbwplvttc       0 
OR2D4HPBWP                 1       4.800       0.732    tcbn65lphpbwptc          0 
OR2D4HPBWPLVT             49     235.200     420.069    tcbn65lphpbwplvttc       0 
OR2D8HPBWP                 1       8.000       1.355    tcbn65lphpbwptc          0 
OR2D8HPBWPLVT             12      96.000     243.887    tcbn65lphpbwplvttc       0 
OR2XD1HPBWPLVT            62     148.800     163.023    tcbn65lphpbwplvttc       0 
OR3D1HPBWPLVT             12      33.600      22.494    tcbn65lphpbwplvttc       0 
OR3D4HPBWPLVT              2      12.000      17.826    tcbn65lphpbwplvttc       0 
OR3XD1HPBWPLVT             3       8.400       8.941    tcbn65lphpbwplvttc       0 
OR4D1HPBWPLVT              7      22.400      16.783    tcbn65lphpbwplvttc       0 
XNR2D0HPBWP                2       8.000       0.499    tcbn65lphpbwptc          0 
XNR2D0HPBWPLVT            12      48.000      40.622    tcbn65lphpbwplvttc       0 
XNR2D1HPBWP                2       8.000       0.846    tcbn65lphpbwptc          0 
XNR2D1HPBWPLVT           484    1936.000    2249.462    tcbn65lphpbwplvttc       0 
XNR2D2HPBWPLVT            29     127.600     181.141    tcbn65lphpbwplvttc       0 
XNR2D4HPBWPLVT            40     336.000     648.010    tcbn65lphpbwplvttc       0 
XNR3D0HPBWPLVT             3      20.400      16.446    tcbn65lphpbwplvttc       0 
XNR3D1HPBWP               10      68.000       7.073    tcbn65lphpbwptc          0 
XNR3D1HPBWPLVT           116     788.800     877.668    tcbn65lphpbwplvttc       0 
XNR3D2HPBWPLVT             5      44.000      47.244    tcbn65lphpbwplvttc       0 
XNR3D4HPBWPLVT           108    1296.000    2589.224    tcbn65lphpbwplvttc       0 
XNR4D0HPBWP                1       9.600       0.612    tcbn65lphpbwptc          0 
XNR4D0HPBWPLVT            15     144.000     118.692    tcbn65lphpbwplvttc       0 
XNR4D1HPBWP                1       9.600       0.813    tcbn65lphpbwptc          0 
XNR4D1HPBWPLVT           130    1248.000    1205.881    tcbn65lphpbwplvttc       0 
XNR4D2HPBWPLVT            48     480.000     554.031    tcbn65lphpbwplvttc       0 
XOR2D0HPBWPLVT             1       4.000       3.122    tcbn65lphpbwplvttc       0 
XOR2D1HPBWPLVT           826    3304.000    4496.596    tcbn65lphpbwplvttc       0 
XOR2D2HPBWP                1       4.400       0.626    tcbn65lphpbwptc          0 
XOR2D2HPBWPLVT           173     761.200    1185.033    tcbn65lphpbwplvttc       0 
XOR2D4HPBWPLVT            21     176.400     348.020    tcbn65lphpbwplvttc       0 
XOR3D0HPBWPLVT            10      68.000      50.678    tcbn65lphpbwplvttc       0 
XOR3D1HPBWP                1       6.800       0.656    tcbn65lphpbwptc          0 
XOR3D1HPBWPLVT            36     244.800     243.600    tcbn65lphpbwplvttc       0 
XOR3D2HPBWPLVT            82     623.200     800.471    tcbn65lphpbwplvttc       0 
XOR3D4HPBWPLVT           218    2616.000    5208.560    tcbn65lphpbwplvttc       0 
XOR4D0HPBWP                1      10.000       0.612    tcbn65lphpbwptc          0 
XOR4D0HPBWPLVT            18     180.000     139.031    tcbn65lphpbwplvttc       0 
XOR4D1HPBWP                1      10.000       0.950    tcbn65lphpbwptc          0 
XOR4D1HPBWPLVT            25     250.000     274.845    tcbn65lphpbwplvttc       0 
XOR4D2HPBWPLVT            22     237.600     268.310    tcbn65lphpbwplvttc       0 
-----------------------------------------------------------------------------------
total                  45536  204206.000  232598.847                       


                                                      Leakage  Leakage 
      Library      Instances Instances %    Area    Power (nW) Power % 
-----------------------------------------------------------------------
tcbn65lphpbwplvttc     44677        98.1 201840.400 232404.575    99.9 
tcbn65lphpbwptc          859         1.9   2365.600    194.272     0.1 

                                             Leakage  Leakage 
     Type      Instances    Area    Area % Power (nW) Power % 
--------------------------------------------------------------
sequential          3326  34459.600   16.9  40513.616    17.4 
inverter            6443  15976.000    7.8  28183.832    12.1 
buffer              1020   3434.400    1.7   7024.486     3.0 
logic              34747 150336.000   73.6 156876.913    67.4 
physical_cells         0      0.000    0.0      0.000     0.0 
--------------------------------------------------------------
total              45536 204206.000  100.0 232598.847   100.0 

