============================================================
  Generated by:           Genus(TM) Synthesis Solution 19.11-s087_1
  Generated on:           Aug 20 2021  10:39:50 am
  Module:                 top_ft
  Operating conditions:   NCCOM 
  Operating conditions:   WCCOM 
  Operating conditions:   WCCOM 
  Operating conditions:   BCCOM 
  Interconnect mode:      global
  Area mode:              physical library
============================================================

Timing
--------

 Analysis view Clock Period 
----------------------------
view_typ       clk   1333.0 
view_slow      clk   1333.0 
view_superslow clk   1333.0 
view_fast      clk   1333.0 


   Analysis      Cost   Critical            Violating 
     View       Group  Path Slack    TNS      Paths   
------------------------------------------------------
view_typ           C2C      122.3      0.0          0 
                   C2O      260.3      0.0          0 
                   clk   No paths      0.0          0 
               default   No paths      0.0          0 
                   I2C      404.7      0.0          0 
                   I2O      542.7      0.0          0 
------------------------------------------------------
Total                                 -0.0          0 
                                                      
view_slow          C2C     -644.4 -85953.2        423 
                   C2O     -340.8  -1834.2         26 
                   clk   No paths      0.0          0 
               default   No paths      0.0          0 
                   I2C     -110.8  -1419.5         20 
                   I2O      192.8      0.0          0 
------------------------------------------------------
Total                             -87787.4        469 
                                                      
view_superslow     C2C     -644.4 -85953.2        423 
                   C2O     -340.8  -1834.2         26 
                   clk   No paths      0.0          0 
               default   No paths      0.0          0 
                   I2C     -110.8  -1419.5         20 
                   I2O      192.8      0.0          0 
------------------------------------------------------
Total                             -87787.4        469 
                                                      
view_fast          C2C      447.3      0.0          0 
                   C2O      517.2      0.0          0 
                   clk   No paths      0.0          0 
               default   No paths      0.0          0 
                   I2C      619.0      0.0          0 
                   I2O      688.9      0.0          0 
------------------------------------------------------
Total                                 -0.0          0 
                                                      

Instance Count
--------------
Leaf Instance Count             70892 
Physical Instance count             0 
Sequential Instance Count        3326 
Combinational Instance Count    67566 
Hierarchical Instance Count        37 

Area
----
Cell Area                          280979.460
Physical Cell Area                 0.000
Total Cell Area (Cell+Physical)    280979.460
Net Area                           43.756
Total Area (Cell+Physical+Net)     281023.216

Runtime                            135.18167 seconds
Elapsed Runtime                    485 seconds
Genus peak memory usage            1579.78 
Innovus peak memory usage          no_value 
Hostname                           epi03.bsc.es
