============================================================
  Generated by:           Genus(TM) Synthesis Solution 19.11-s087_1
  Generated on:           Aug 20 2021  11:29:02 am
  Module:                 top_ft
  Operating conditions:   NCCOM 
  Operating conditions:   WCCOM 
  Operating conditions:   WCCOM 
  Operating conditions:   BCCOM 
  Interconnect mode:      global
  Area mode:              physical library
============================================================

Timing
--------

 Analysis view Clock Period 
----------------------------
view_typ       clk   1333.0 
view_slow      clk   1333.0 
view_superslow clk   1333.0 
view_fast      clk   1333.0 


   Analysis      Cost   Critical             Violating 
     View       Group  Path Slack    TNS       Paths   
-------------------------------------------------------
view_typ           C2C       73.6       0.0          0 
                   C2O      107.7       0.0          0 
                   clk   No paths       0.0          0 
               default   No paths       0.0          0 
                   I2C      376.5       0.0          0 
                   I2O      412.4       0.0          0 
-------------------------------------------------------
Total                                  -0.0          0 
                                                       
view_slow          C2C     -709.4 -231799.2       1797 
                   C2O     -567.7  -10815.3         41 
                   clk   No paths       0.0          0 
               default   No paths       0.0          0 
                   I2C     -146.6   -5123.1         48 
                   I2O       -5.8      -5.8          1 
-------------------------------------------------------
Total                             -242614.5       1887 
                                                       
view_superslow     C2C     -659.3 -179533.5       1170 
                   C2O     -531.3   -9209.8         41 
                   clk   No paths       0.0          0 
               default   No paths       0.0          0 
                   I2C     -110.6   -3539.4         41 
                   I2O       17.4       0.0          0 
-------------------------------------------------------
Total                             -188743.3       1252 
                                                       
view_fast          C2C      440.2       0.0          0 
                   C2O      428.3       0.0          0 
                   clk   No paths       0.0          0 
               default   No paths       0.0          0 
                   I2C      624.0       0.0          0 
                   I2O      614.8       0.0          0 
-------------------------------------------------------
Total                                  -0.0          0 
                                                       

Instance Count
--------------
Leaf Instance Count             46833 
Physical Instance count             0 
Sequential Instance Count        3326 
Combinational Instance Count    43507 
Hierarchical Instance Count         3 

Area
----
Cell Area                          203123.200
Physical Cell Area                 0.000
Total Cell Area (Cell+Physical)    203123.200
Net Area                           79556.014
Total Area (Cell+Physical+Net)     282679.214

Runtime                            348.8917799999999 seconds
Elapsed Runtime                    3437 seconds
Genus peak memory usage            1579.34 
Innovus peak memory usage          no_value 
Hostname                           epi03.bsc.es
