============================================================
  Generated by:           Genus(TM) Synthesis Solution 19.11-s087_1
  Generated on:           Aug 20 2021  11:29:09 am
  Module:                 top_ft
  Operating conditions:   NCCOM 
  Operating conditions:   WCCOM 
  Operating conditions:   WCCOM 
  Operating conditions:   BCCOM 
  Interconnect mode:      global
  Area mode:              physical library
============================================================

                                           Leakage                         Library 
       Gate        Instances     Area     Power (nW)        Library         Domain 
-----------------------------------------------------------------------------------
AN2D0HPBWPLVT              9      21.600       8.278    tcbn65lphpbwplvttc       0 
AN2D2HPBWP                 2       5.600       0.663    tcbn65lphpbwptc          0 
AN2D2HPBWPLVT            117     327.600     287.831    tcbn65lphpbwplvttc       0 
AN2D4HPBWP                 3      14.400       2.796    tcbn65lphpbwptc          0 
AN2D4HPBWPLVT             80     384.000     445.810    tcbn65lphpbwplvttc       0 
AN2D8HPBWP                 1       8.000       1.751    tcbn65lphpbwptc          0 
AN2D8HPBWPLVT             59     472.000     712.105    tcbn65lphpbwplvttc       0 
AN2XD1HPBWP                3       7.200       0.792    tcbn65lphpbwptc          0 
AN2XD1HPBWPLVT           319     765.600     534.774    tcbn65lphpbwplvttc       0 
AN3D2HPBWPLVT              4      12.800       6.526    tcbn65lphpbwplvttc       0 
AN3D4HPBWPLVT             15      90.000     123.581    tcbn65lphpbwplvttc       0 
AN3D8HPBWPLVT              2      19.200      11.629    tcbn65lphpbwplvttc       0 
AN3XD1HPBWPLVT            23      64.400      38.814    tcbn65lphpbwplvttc       0 
AN4D2HPBWPLVT              2       8.000      12.258    tcbn65lphpbwplvttc       0 
AN4D4HPBWPLVT              6      43.200      15.332    tcbn65lphpbwplvttc       0 
AN4D8HPBWPLVT              2      22.400      10.182    tcbn65lphpbwplvttc       0 
AN4XD1HPBWPLVT            65     208.000      54.623    tcbn65lphpbwplvttc       0 
AO211D1HPBWPLVT           16      51.200      82.511    tcbn65lphpbwplvttc       0 
AO211D2HPBWPLVT            1       3.600       4.730    tcbn65lphpbwplvttc       0 
AO21D0HPBWPLVT             3       8.400       4.414    tcbn65lphpbwplvttc       0 
AO21D1HPBWPLVT            67     187.600     213.073    tcbn65lphpbwplvttc       0 
AO21D2HPBWPLVT            43     137.600     205.813    tcbn65lphpbwplvttc       0 
AO21D4HPBWPLVT           318    1908.000    3783.390    tcbn65lphpbwplvttc       0 
AO221D0HPBWPLVT            1       4.000       3.088    tcbn65lphpbwplvttc       0 
AO221D1HPBWPLVT            1       4.400       3.505    tcbn65lphpbwplvttc       0 
AO222D4HPBWPLVT            2      20.000      15.379    tcbn65lphpbwplvttc       0 
AO22D0HPBWP                2       6.400       0.228    tcbn65lphpbwptc          0 
AO22D0HPBWPLVT            56     179.200      79.536    tcbn65lphpbwplvttc       0 
AO22D1HPBWP                1       3.600       0.268    tcbn65lphpbwptc          0 
AO22D1HPBWPLVT           511    1839.600    1010.915    tcbn65lphpbwplvttc       0 
AO22D2HPBWP                2       8.000       0.653    tcbn65lphpbwptc          0 
AO22D2HPBWPLVT           348    1392.000    1110.180    tcbn65lphpbwplvttc       0 
AO22D4HPBWPLVT            86     619.200     541.030    tcbn65lphpbwplvttc       0 
AO31D1HPBWPLVT             8      25.600      21.889    tcbn65lphpbwplvttc       0 
AO31D2HPBWPLVT             1       4.000       4.630    tcbn65lphpbwplvttc       0 
AO31D4HPBWPLVT             6      43.200      60.561    tcbn65lphpbwplvttc       0 
AO32D2HPBWPLVT             2       9.600       6.106    tcbn65lphpbwplvttc       0 
AO33D2HPBWPLVT             1       4.800       4.696    tcbn65lphpbwplvttc       0 
AOI211D1HPBWPLVT          11      30.800       5.231    tcbn65lphpbwplvttc       0 
AOI211XD0HPBWPLVT         12      33.600      19.669    tcbn65lphpbwplvttc       0 
AOI211XD1HPBWPLVT          8      38.400      24.316    tcbn65lphpbwplvttc       0 
AOI211XD2HPBWPLVT          2      18.400      10.952    tcbn65lphpbwplvttc       0 
AOI21D1HPBWPLVT          108     259.200     170.212    tcbn65lphpbwplvttc       0 
AOI21D2HPBWPLVT           75     300.000     325.784    tcbn65lphpbwplvttc       0 
AOI21D4HPBWP               2      14.400       2.071    tcbn65lphpbwptc          0 
AOI21D4HPBWPLVT          224    1612.800    2485.923    tcbn65lphpbwplvttc       0 
AOI221D0HPBWPLVT          10      32.000      12.058    tcbn65lphpbwplvttc       0 
AOI221D1HPBWPLVT          11      39.600      19.890    tcbn65lphpbwplvttc       0 
AOI221D2HPBWPLVT           2      12.800       4.843    tcbn65lphpbwplvttc       0 
AOI221XD4HPBWPLVT          2      24.000      27.790    tcbn65lphpbwplvttc       0 
AOI222D0HPBWP              1       4.000       0.080    tcbn65lphpbwptc          0 
AOI222D0HPBWPLVT          29     116.000      34.262    tcbn65lphpbwplvttc       0 
AOI222D1HPBWP              8      35.200       1.562    tcbn65lphpbwptc          0 
AOI222D1HPBWPLVT          74     325.600     134.381    tcbn65lphpbwplvttc       0 
AOI222D2HPBWPLVT          27     194.400     115.871    tcbn65lphpbwplvttc       0 
AOI222XD4HPBWPLVT          1      14.000       3.724    tcbn65lphpbwplvttc       0 
AOI22D0HPBWPLVT            3       8.400       2.470    tcbn65lphpbwplvttc       0 
AOI22D1HPBWP               3       8.400       0.473    tcbn65lphpbwptc          0 
AOI22D1HPBWPLVT          357     999.600     560.698    tcbn65lphpbwplvttc       0 
AOI22D2HPBWP               4      19.200       0.558    tcbn65lphpbwptc          0 
AOI22D2HPBWPLVT          235    1128.000     747.194    tcbn65lphpbwplvttc       0 
AOI22D4HPBWPLVT           23     230.000     131.355    tcbn65lphpbwplvttc       0 
AOI31D1HPBWPLVT           13      36.400      13.900    tcbn65lphpbwplvttc       0 
AOI31D2HPBWPLVT           22     105.600      50.814    tcbn65lphpbwplvttc       0 
AOI31D4HPBWPLVT           26     249.600      69.628    tcbn65lphpbwplvttc       0 
AOI32D1HPBWPLVT           23      73.600      35.177    tcbn65lphpbwplvttc       0 
AOI32D2HPBWPLVT            7      42.000      18.806    tcbn65lphpbwplvttc       0 
BMLD1HPBWPLVT              3      30.000      36.519    tcbn65lphpbwplvttc       0 
BMLD2HPBWPLVT             89     925.600    1197.794    tcbn65lphpbwplvttc       0 
BMLD4HPBWPLVT              3      45.600      65.103    tcbn65lphpbwplvttc       0 
BUFFD0HPBWP               14      22.400       1.246    tcbn65lphpbwptc          0 
BUFFD12HPBWPLVT           58     533.600    1862.942    tcbn65lphpbwplvttc       0 
BUFFD16HPBWPLVT           32     371.200    1394.157    tcbn65lphpbwplvttc       0 
BUFFD1HPBWP                1       1.600       0.147    tcbn65lphpbwptc          0 
BUFFD2HPBWP                2       4.800       0.675    tcbn65lphpbwptc          0 
BUFFD2HPBWPLVT           200     480.000     719.752    tcbn65lphpbwplvttc       0 
BUFFD3HPBWPLVT           152     425.600     691.908    tcbn65lphpbwplvttc       0 
BUFFD4HPBWPLVT            60     240.000     508.843    tcbn65lphpbwplvttc       0 
BUFFD6HPBWPLVT            28     134.400     325.885    tcbn65lphpbwplvttc       0 
BUFFD8HPBWPLVT            42     268.800     721.447    tcbn65lphpbwplvttc       0 
CKAN2D4HPBWPLVT            1       4.000       2.873    tcbn65lphpbwplvttc       0 
CKAN2D8HPBWPLVT            5      34.000      27.080    tcbn65lphpbwplvttc       0 
CKBD0HPBWPLVT              4       6.400       3.420    tcbn65lphpbwplvttc       0 
CKBD12HPBWPLVT             3      25.200      54.105    tcbn65lphpbwplvttc       0 
CKBD1HPBWP               102     163.200      15.300    tcbn65lphpbwptc          0 
CKBD1HPBWPLVT              4       6.400       6.212    tcbn65lphpbwplvttc       0 
CKBD2HPBWPLVT              4       9.600      10.526    tcbn65lphpbwplvttc       0 
CKBD3HPBWP                 1       2.800       0.299    tcbn65lphpbwptc          0 
CKBD4HPBWPLVT              1       4.000       6.636    tcbn65lphpbwplvttc       0 
CKMUX2D0HPBWPLVT           2       8.000       4.461    tcbn65lphpbwplvttc       0 
CKMUX2D1HPBWPLVT         145     580.000     550.911    tcbn65lphpbwplvttc       0 
CKMUX2D2HPBWPLVT          25     110.000     131.276    tcbn65lphpbwplvttc       0 
CKMUX2D4HPBWPLVT          23     156.400     264.889    tcbn65lphpbwplvttc       0 
CKND0HPBWPLVT              4       4.800       1.430    tcbn65lphpbwplvttc       0 
CKND12HPBWPLVT            25     170.000     286.499    tcbn65lphpbwplvttc       0 
CKND16HPBWPLVT            24     220.800     317.949    tcbn65lphpbwplvttc       0 
CKND1HPBWP                 3       3.600       0.227    tcbn65lphpbwptc          0 
CKND1HPBWPLVT            258     309.600     174.238    tcbn65lphpbwplvttc       0 
CKND2D1HPBWPLVT           14      22.400       6.586    tcbn65lphpbwplvttc       0 
CKND2D2HPBWP               1       2.800       0.115    tcbn65lphpbwptc          0 
CKND2D2HPBWPLVT           62     173.600      53.858    tcbn65lphpbwplvttc       0 
CKND2D3HPBWPLVT            5      20.000       7.456    tcbn65lphpbwplvttc       0 
CKND2D4HPBWPLVT            2       9.600       1.335    tcbn65lphpbwplvttc       0 
CKND2D8HPBWP               1       9.200       0.186    tcbn65lphpbwptc          0 
CKND2D8HPBWPLVT            1       9.200       5.463    tcbn65lphpbwplvttc       0 
CKND2HPBWP                 5       8.000       0.805    tcbn65lphpbwptc          0 
CKND2HPBWPLVT             82     131.200     119.204    tcbn65lphpbwplvttc       0 
CKND3HPBWPLVT            225     540.000     623.193    tcbn65lphpbwplvttc       0 
CKND4HPBWP                 1       2.800       0.361    tcbn65lphpbwptc          0 
CKND4HPBWPLVT            269     753.200    1084.308    tcbn65lphpbwplvttc       0 
CKND6HPBWPLVT            188     752.000    1058.634    tcbn65lphpbwplvttc       0 
CKND8HPBWPLVT             59     283.200     454.522    tcbn65lphpbwplvttc       0 
CKXOR2D0HPBWPLVT           1       4.000       2.496    tcbn65lphpbwplvttc       0 
CKXOR2D1HPBWPLVT          29     116.000     125.474    tcbn65lphpbwplvttc       0 
CKXOR2D2HPBWPLVT          44     193.600     226.785    tcbn65lphpbwplvttc       0 
CKXOR2D4HPBWPLVT           1       8.400      12.995    tcbn65lphpbwplvttc       0 
CMPE42D1HPBWPLVT          15     288.000     395.399    tcbn65lphpbwplvttc       0 
CMPE42D2HPBWPLVT           3      61.200      89.205    tcbn65lphpbwplvttc       0 
DFCND1HPBWPLVT             5      48.000      29.151    tcbn65lphpbwplvttc       0 
DFCNQD2HPBWPLVT            1      10.000       6.481    tcbn65lphpbwplvttc       0 
DFCNQD4HPBWPLVT            1      11.600       9.120    tcbn65lphpbwplvttc       0 
DFD1HPBWPLVT              61     488.000     369.192    tcbn65lphpbwplvttc       0 
DFD2HPBWPLVT              19     182.400     256.347    tcbn65lphpbwplvttc       0 
DFD4HPBWPLVT             123    1525.200    2592.016    tcbn65lphpbwplvttc       0 
DFKCND1HPBWPLVT          154    1416.800     865.874    tcbn65lphpbwplvttc       0 
DFKCND2HPBWPLVT           31     322.400     419.015    tcbn65lphpbwplvttc       0 
DFKCND4HPBWPLVT          878   11589.600   18738.468    tcbn65lphpbwplvttc       0 
DFKCNQD1HPBWP              3      25.200       1.247    tcbn65lphpbwptc          0 
DFKCNQD1HPBWPLVT          90     756.000     359.381    tcbn65lphpbwplvttc       0 
DFKCNQD2HPBWPLVT         479    4215.200    3474.362    tcbn65lphpbwplvttc       0 
DFKCNQD4HPBWPLVT         801    8010.000    8871.883    tcbn65lphpbwplvttc       0 
DFKCSND1HPBWPLVT           3      31.200      17.384    tcbn65lphpbwplvttc       0 
DFKCSND2HPBWPLVT           2      23.200      27.884    tcbn65lphpbwplvttc       0 
DFKCSND4HPBWPLVT           1      14.800      21.530    tcbn65lphpbwplvttc       0 
DFKSND1HPBWPLVT           10     100.000      80.586    tcbn65lphpbwplvttc       0 
DFQD1HPBWPLVT            329    2500.400    1428.750    tcbn65lphpbwplvttc       0 
DFQD2HPBWPLVT            220    1760.000    1120.287    tcbn65lphpbwplvttc       0 
DFQD4HPBWPLVT             66     607.200     562.239    tcbn65lphpbwplvttc       0 
EDFD2HPBWPLVT              2      24.000      23.826    tcbn65lphpbwplvttc       0 
EDFD4HPBWPLVT             20     304.000     448.551    tcbn65lphpbwplvttc       0 
EDFQD1HPBWPLVT             1      10.800       5.167    tcbn65lphpbwplvttc       0 
EDFQD4HPBWPLVT            26     322.400     349.988    tcbn65lphpbwplvttc       0 
FA1D1HPBWPLVT              4      46.400      67.982    tcbn65lphpbwplvttc       0 
FA1D2HPBWP                 1      12.400       2.173    tcbn65lphpbwptc          0 
FA1D2HPBWPLVT              9     111.600     194.748    tcbn65lphpbwplvttc       0 
FCICIND1HPBWPLVT           6      31.200      25.609    tcbn65lphpbwplvttc       0 
FCICOND1HPBWPLVT           1       3.600       1.027    tcbn65lphpbwplvttc       0 
FICIND2HPBWPLVT            9     122.400     213.341    tcbn65lphpbwplvttc       0 
FICOND1HPBWPLVT            2      24.800      32.602    tcbn65lphpbwplvttc       0 
FICOND2HPBWPLVT            3      40.800      71.324    tcbn65lphpbwplvttc       0 
FIICOND1HPBWPLVT          16     192.000     303.260    tcbn65lphpbwplvttc       0 
HA1D0HPBWPLVT            608    3891.200    4210.080    tcbn65lphpbwplvttc       0 
HA1D1HPBWPLVT              3      20.400      28.805    tcbn65lphpbwplvttc       0 
HA1D2HPBWPLVT              1       8.000      11.991    tcbn65lphpbwplvttc       0 
HA1D4HPBWPLVT              1      12.000      19.047    tcbn65lphpbwplvttc       0 
HCOSCIND1HPBWPLVT          4      49.600      48.861    tcbn65lphpbwplvttc       0 
HCOSCIND2HPBWPLVT          1      13.600      14.706    tcbn65lphpbwplvttc       0 
HCOSCOND1HPBWPLVT          1      11.200      11.896    tcbn65lphpbwplvttc       0 
HICIND1HPBWPLVT            3      22.800      28.177    tcbn65lphpbwplvttc       0 
HICOND1HPBWP               1       7.600       0.896    tcbn65lphpbwptc          0 
HICOND1HPBWPLVT            1       7.600       9.414    tcbn65lphpbwplvttc       0 
HICOND2HPBWP               1       8.800       1.258    tcbn65lphpbwptc          0 
IAO21D1HPBWP               3       8.400       0.800    tcbn65lphpbwptc          0 
IAO21D1HPBWPLVT           27      75.600      71.836    tcbn65lphpbwplvttc       0 
IAO21D2HPBWP               1       4.000       0.312    tcbn65lphpbwptc          0 
IAO21D2HPBWPLVT           78     312.000     522.039    tcbn65lphpbwplvttc       0 
IAO21D4HPBWPLVT            6      38.400     101.913    tcbn65lphpbwplvttc       0 
IAO22D1HPBWPLVT            9      32.400      26.936    tcbn65lphpbwplvttc       0 
IIND4D2HPBWPLVT            3      20.400      13.664    tcbn65lphpbwplvttc       0 
IIND4D4HPBWPLVT            1      12.000       3.650    tcbn65lphpbwplvttc       0 
IINR4D1HPBWPLVT            1       6.000       1.367    tcbn65lphpbwplvttc       0 
IND2D0HPBWPLVT             7      16.800       9.128    tcbn65lphpbwplvttc       0 
IND2D1HPBWP                6      14.400       0.986    tcbn65lphpbwptc          0 
IND2D1HPBWPLVT           208     499.200     335.870    tcbn65lphpbwplvttc       0 
IND2D2HPBWP                3       9.600       0.653    tcbn65lphpbwptc          0 
IND2D2HPBWPLVT          2131    6819.200    7898.448    tcbn65lphpbwplvttc       0 
IND2D4HPBWPLVT           253    1619.200    2190.966    tcbn65lphpbwplvttc       0 
IND3D1HPBWPLVT            21      58.800      29.075    tcbn65lphpbwplvttc       0 
IND3D2HPBWPLVT            27     129.600      90.717    tcbn65lphpbwplvttc       0 
IND3D4HPBWPLVT             6      50.400      48.507    tcbn65lphpbwplvttc       0 
IND4D1HPBWPLVT             9      28.800       7.954    tcbn65lphpbwplvttc       0 
IND4D2HPBWPLVT             3      19.200      12.824    tcbn65lphpbwplvttc       0 
IND4D4HPBWPLVT             4      43.200      55.090    tcbn65lphpbwplvttc       0 
INR2D1HPBWPLVT            57     136.800      95.295    tcbn65lphpbwplvttc       0 
INR2D2HPBWP                1       3.200       0.292    tcbn65lphpbwptc          0 
INR2D2HPBWPLVT           162     518.400     482.528    tcbn65lphpbwplvttc       0 
INR2D4HPBWP                1       6.000       0.515    tcbn65lphpbwptc          0 
INR2D4HPBWPLVT            47     282.000     562.889    tcbn65lphpbwplvttc       0 
INR2XD0HPBWP              14      33.600       1.580    tcbn65lphpbwptc          0 
INR2XD0HPBWPLVT           44     105.600      59.291    tcbn65lphpbwplvttc       0 
INR2XD1HPBWP               3       9.600       0.580    tcbn65lphpbwptc          0 
INR2XD1HPBWPLVT          106     339.200     288.510    tcbn65lphpbwplvttc       0 
INR2XD2HPBWP               2      10.400       0.673    tcbn65lphpbwptc          0 
INR2XD2HPBWPLVT          189     982.800     480.054    tcbn65lphpbwplvttc       0 
INR2XD4HPBWPLVT           74     769.600     941.944    tcbn65lphpbwplvttc       0 
INR3D0HPBWPLVT             8      22.400      10.543    tcbn65lphpbwplvttc       0 
INR3D1HPBWPLVT            31     124.000      71.804    tcbn65lphpbwplvttc       0 
INR3D2HPBWPLVT             3      13.200      23.217    tcbn65lphpbwplvttc       0 
INR3D4HPBWPLVT             3      25.200      63.775    tcbn65lphpbwplvttc       0 
INR4D0HPBWP                1       3.200       0.183    tcbn65lphpbwptc          0 
INR4D0HPBWPLVT             4      12.800      10.941    tcbn65lphpbwplvttc       0 
INR4D1HPBWPLVT            13      72.800       8.884    tcbn65lphpbwplvttc       0 
INR4D2HPBWPLVT             4      35.200       6.769    tcbn65lphpbwplvttc       0 
INVD0HPBWPLVT              4       4.800       2.090    tcbn65lphpbwplvttc       0 
INVD12HPBWP                1       6.800       1.964    tcbn65lphpbwptc          0 
INVD12HPBWPLVT            95     646.000    1856.380    tcbn65lphpbwplvttc       0 
INVD16HPBWPLVT            91     837.200    2411.772    tcbn65lphpbwplvttc       0 
INVD1HPBWP                 6       7.200       0.600    tcbn65lphpbwptc          0 
INVD1HPBWPLVT           1232    1478.400    1254.358    tcbn65lphpbwplvttc       0 
INVD2HPBWP                 7      11.200       1.553    tcbn65lphpbwptc          0 
INVD2HPBWPLVT           1316    2105.600    2917.391    tcbn65lphpbwplvttc       0 
INVD3HPBWP                 5      12.000       1.925    tcbn65lphpbwptc          0 
INVD3HPBWPLVT            603    1447.200    2504.393    tcbn65lphpbwplvttc       0 
INVD4HPBWP                 4      11.200       1.943    tcbn65lphpbwptc          0 
INVD4HPBWPLVT           1691    4734.800    9730.218    tcbn65lphpbwplvttc       0 
INVD6HPBWPLVT            450    1800.000    4125.300    tcbn65lphpbwplvttc       0 
INVD8HPBWPLVT            177     849.600    2256.827    tcbn65lphpbwplvttc       0 
IOA21D0HPBWP               2       5.600       0.228    tcbn65lphpbwptc          0 
IOA21D1HPBWP               8      22.400       1.537    tcbn65lphpbwptc          0 
IOA21D1HPBWPLVT          873    2444.400    1486.159    tcbn65lphpbwplvttc       0 
IOA21D2HPBWP               9      36.000       4.175    tcbn65lphpbwptc          0 
IOA21D2HPBWPLVT         1370    5480.000    5348.983    tcbn65lphpbwplvttc       0 
IOA21D4HPBWPLVT           10      64.000      63.132    tcbn65lphpbwplvttc       0 
IOA22D0HPBWPLVT            1       3.600       1.091    tcbn65lphpbwplvttc       0 
IOA22D1HPBWPLVT            6      21.600       9.644    tcbn65lphpbwplvttc       0 
IOA22D2HPBWPLVT            6      28.800      34.966    tcbn65lphpbwplvttc       0 
IOA22D4HPBWPLVT           10      76.000     105.750    tcbn65lphpbwplvttc       0 
MAOI222D1HPBWPLVT         47     150.400      75.950    tcbn65lphpbwplvttc       0 
MAOI22D1HPBWPLVT          41     131.200     149.303    tcbn65lphpbwplvttc       0 
MAOI22D2HPBWPLVT           6      28.800      29.653    tcbn65lphpbwplvttc       0 
MOAI22D0HPBWPLVT           2       6.400       2.739    tcbn65lphpbwplvttc       0 
MOAI22D1HPBWPLVT         716    2291.200    1879.873    tcbn65lphpbwplvttc       0 
MOAI22D2HPBWPLVT          19      91.200     106.992    tcbn65lphpbwplvttc       0 
MUX2D0HPBWPLVT            13      46.800      25.500    tcbn65lphpbwplvttc       0 
MUX2D1HPBWP                5      20.000       2.109    tcbn65lphpbwptc          0 
MUX2D1HPBWPLVT           272    1088.000    1185.682    tcbn65lphpbwplvttc       0 
MUX2D2HPBWPLVT           597    2626.800    3510.426    tcbn65lphpbwplvttc       0 
MUX2D4HPBWPLVT           525    3570.000    7143.245    tcbn65lphpbwplvttc       0 
MUX2ND0HPBWPLVT           90     288.000     168.316    tcbn65lphpbwplvttc       0 
MUX2ND1HPBWPLVT            4      19.200      21.199    tcbn65lphpbwplvttc       0 
MUX2ND2HPBWP               1       5.200       0.629    tcbn65lphpbwptc          0 
MUX2ND2HPBWPLVT           30     156.000     191.038    tcbn65lphpbwplvttc       0 
MUX2ND4HPBWPLVT           51     408.000     894.333    tcbn65lphpbwplvttc       0 
MUX3D1HPBWPLVT             4      25.600      28.899    tcbn65lphpbwplvttc       0 
MUX3ND0HPBWPLVT           79     474.000     541.095    tcbn65lphpbwplvttc       0 
MUX4D2HPBWPLVT             1      13.200      14.880    tcbn65lphpbwplvttc       0 
ND2D1HPBWP                13      20.800       0.808    tcbn65lphpbwptc          0 
ND2D1HPBWPLVT           2144    3430.400    1622.235    tcbn65lphpbwplvttc       0 
ND2D2HPBWP                63     176.400      11.638    tcbn65lphpbwptc          0 
ND2D2HPBWPLVT           5751   16102.800   12641.034    tcbn65lphpbwplvttc       0 
ND2D3HPBWPLVT           2264    9056.000    8880.037    tcbn65lphpbwplvttc       0 
ND2D4HPBWPLVT           3101   14884.800   16974.480    tcbn65lphpbwplvttc       0 
ND2D8HPBWP                 1       9.200       0.545    tcbn65lphpbwptc          0 
ND2D8HPBWPLVT            419    3854.800    4519.626    tcbn65lphpbwplvttc       0 
ND3D1HPBWP                 1       2.400       0.066    tcbn65lphpbwptc          0 
ND3D1HPBWPLVT             35      84.000      30.928    tcbn65lphpbwplvttc       0 
ND3D2HPBWPLVT             67     268.000     140.202    tcbn65lphpbwplvttc       0 
ND3D3HPBWPLVT             80     416.000     342.974    tcbn65lphpbwplvttc       0 
ND3D4HPBWPLVT            377    2563.600    2541.898    tcbn65lphpbwplvttc       0 
ND3D8HPBWPLVT             55     748.000     799.192    tcbn65lphpbwplvttc       0 
ND4D1HPBWPLVT             82     229.600      25.842    tcbn65lphpbwplvttc       0 
ND4D2HPBWPLVT             18      93.600      46.789    tcbn65lphpbwplvttc       0 
ND4D3HPBWPLVT              4      27.200      10.350    tcbn65lphpbwplvttc       0 
ND4D4HPBWPLVT              1       9.600       9.137    tcbn65lphpbwplvttc       0 
NR2D0HPBWPLVT              4       6.400       0.884    tcbn65lphpbwplvttc       0 
NR2D1HPBWPLVT            282     451.200     232.486    tcbn65lphpbwplvttc       0 
NR2D2HPBWP                 2       5.600       0.655    tcbn65lphpbwptc          0 
NR2D2HPBWPLVT            197     551.600     460.419    tcbn65lphpbwplvttc       0 
NR2D3HPBWPLVT            175     700.000     763.613    tcbn65lphpbwplvttc       0 
NR2D4HPBWPLVT            201     964.800    1751.161    tcbn65lphpbwplvttc       0 
NR2D8HPBWPLVT             49     450.800     870.654    tcbn65lphpbwplvttc       0 
NR2XD0HPBWPLVT           555     888.000     322.085    tcbn65lphpbwplvttc       0 
NR2XD1HPBWP               18      50.400       2.898    tcbn65lphpbwptc          0 
NR2XD1HPBWPLVT           534    1495.200     522.900    tcbn65lphpbwplvttc       0 
NR2XD2HPBWP                9      43.200       3.371    tcbn65lphpbwptc          0 
NR2XD2HPBWPLVT          1188    5702.400    4801.462    tcbn65lphpbwplvttc       0 
NR2XD3HPBWP                2      13.600       1.042    tcbn65lphpbwptc          0 
NR2XD3HPBWPLVT           660    4488.000    5036.593    tcbn65lphpbwplvttc       0 
NR2XD4HPBWPLVT           163    1499.600    1612.434    tcbn65lphpbwplvttc       0 
NR2XD8HPBWPLVT            49     842.800    1055.850    tcbn65lphpbwplvttc       0 
NR3D0HPBWP                 2       4.800       0.098    tcbn65lphpbwptc          0 
NR3D0HPBWPLVT             25      60.000      14.726    tcbn65lphpbwplvttc       0 
NR3D1HPBWP                 1       3.600       0.273    tcbn65lphpbwptc          0 
NR3D1HPBWPLVT            102     367.200      84.183    tcbn65lphpbwplvttc       0 
NR3D2HPBWPLVT             70     448.000     158.490    tcbn65lphpbwplvttc       0 
NR3D3HPBWPLVT             18     172.800     153.093    tcbn65lphpbwplvttc       0 
NR3D4HPBWPLVT              4      46.400      62.734    tcbn65lphpbwplvttc       0 
NR3D8HPBWPLVT              1      21.200      11.382    tcbn65lphpbwplvttc       0 
NR4D0HPBWPLVT             44     123.200      69.415    tcbn65lphpbwplvttc       0 
NR4D1HPBWPLVT             37     177.600      16.776    tcbn65lphpbwplvttc       0 
NR4D2HPBWPLVT              3      24.000      14.899    tcbn65lphpbwplvttc       0 
OA211D0HPBWPLVT            1       3.200       1.800    tcbn65lphpbwplvttc       0 
OA211D1HPBWPLVT           15      48.000      37.810    tcbn65lphpbwplvttc       0 
OA211D2HPBWPLVT            5      18.000      21.162    tcbn65lphpbwplvttc       0 
OA211D4HPBWPLVT            3      21.600      29.317    tcbn65lphpbwplvttc       0 
OA21D0HPBWPLVT             3       8.400       3.936    tcbn65lphpbwplvttc       0 
OA21D1HPBWP                2       5.600       0.606    tcbn65lphpbwptc          0 
OA21D1HPBWPLVT            82     229.600     235.495    tcbn65lphpbwplvttc       0 
OA21D2HPBWPLVT            25      80.000      95.227    tcbn65lphpbwplvttc       0 
OA21D4HPBWPLVT             4      25.600      34.921    tcbn65lphpbwplvttc       0 
OA221D1HPBWP               1       4.000       0.209    tcbn65lphpbwptc          0 
OA221D1HPBWPLVT           20      80.000      47.976    tcbn65lphpbwplvttc       0 
OA222D1HPBWPLVT            1       4.800       2.642    tcbn65lphpbwplvttc       0 
OA22D0HPBWPLVT             6      21.600       9.987    tcbn65lphpbwplvttc       0 
OA22D1HPBWP                1       3.600       0.287    tcbn65lphpbwptc          0 
OA22D1HPBWPLVT            43     154.800     102.146    tcbn65lphpbwplvttc       0 
OA22D2HPBWPLVT            26     104.000      96.680    tcbn65lphpbwplvttc       0 
OA22D4HPBWPLVT             6      43.200      53.740    tcbn65lphpbwplvttc       0 
OA31D1HPBWPLVT            11      35.200      29.368    tcbn65lphpbwplvttc       0 
OA31D2HPBWPLVT             1       4.000       4.392    tcbn65lphpbwplvttc       0 
OA32D1HPBWPLVT             1       4.000       2.552    tcbn65lphpbwplvttc       0 
OA33D1HPBWPLVT             1       4.400       4.016    tcbn65lphpbwplvttc       0 
OA33D2HPBWPLVT             1       4.800       4.700    tcbn65lphpbwplvttc       0 
OAI211D1HPBWPLVT          41     114.800      40.482    tcbn65lphpbwplvttc       0 
OAI211D2HPBWPLVT          17      81.600      48.829    tcbn65lphpbwplvttc       0 
OAI211D4HPBWPLVT           5      48.000      29.939    tcbn65lphpbwplvttc       0 
OAI21D0HPBWPLVT            1       2.400       0.692    tcbn65lphpbwplvttc       0 
OAI21D1HPBWP               1       2.400       0.135    tcbn65lphpbwptc          0 
OAI21D1HPBWPLVT          173     415.200     225.578    tcbn65lphpbwplvttc       0 
OAI21D2HPBWP               1       4.000       0.404    tcbn65lphpbwptc          0 
OAI21D2HPBWPLVT          202     808.000     608.804    tcbn65lphpbwplvttc       0 
OAI21D4HPBWPLVT          198    1425.600    1420.314    tcbn65lphpbwplvttc       0 
OAI221D0HPBWP              1       3.200       0.023    tcbn65lphpbwptc          0 
OAI221D0HPBWPLVT          17      54.400      14.376    tcbn65lphpbwplvttc       0 
OAI221D1HPBWPLVT          30     108.000      37.687    tcbn65lphpbwplvttc       0 
OAI221D2HPBWPLVT           6      38.400      17.274    tcbn65lphpbwplvttc       0 
OAI221XD4HPBWPLVT          2      24.000      13.705    tcbn65lphpbwplvttc       0 
OAI222D0HPBWPLVT           2       7.200       1.595    tcbn65lphpbwplvttc       0 
OAI222D1HPBWPLVT           9      36.000      10.867    tcbn65lphpbwplvttc       0 
OAI222D2HPBWPLVT           2      15.200       4.740    tcbn65lphpbwplvttc       0 
OAI22D0HPBWPLVT            2       5.600       1.727    tcbn65lphpbwplvttc       0 
OAI22D1HPBWPLVT          120     336.000     162.544    tcbn65lphpbwplvttc       0 
OAI22D2HPBWP               4      19.200       1.397    tcbn65lphpbwptc          0 
OAI22D2HPBWPLVT          142     681.600     468.502    tcbn65lphpbwplvttc       0 
OAI22D4HPBWPLVT           20     192.000     140.289    tcbn65lphpbwplvttc       0 
OAI31D1HPBWPLVT           12      33.600      11.821    tcbn65lphpbwplvttc       0 
OAI31D2HPBWPLVT           28     134.400      79.753    tcbn65lphpbwplvttc       0 
OAI31D4HPBWPLVT            5      46.000      38.070    tcbn65lphpbwplvttc       0 
OAI32D1HPBWPLVT           11      35.200      16.642    tcbn65lphpbwplvttc       0 
OAI32D2HPBWPLVT            1       6.000       0.481    tcbn65lphpbwplvttc       0 
OAI33D1HPBWPLVT            1       4.000       5.154    tcbn65lphpbwplvttc       0 
OR2D0HPBWP                 1       2.400       0.075    tcbn65lphpbwptc          0 
OR2D1HPBWPLVT            115     276.000     207.112    tcbn65lphpbwplvttc       0 
OR2D2HPBWPLVT             37     103.600     152.446    tcbn65lphpbwplvttc       0 
OR2D4HPBWPLVT             40     192.000     339.954    tcbn65lphpbwplvttc       0 
OR2D8HPBWPLVT              7      56.000     140.885    tcbn65lphpbwplvttc       0 
OR2XD1HPBWPLVT            70     168.000     172.484    tcbn65lphpbwplvttc       0 
OR3D1HPBWPLVT             12      33.600      21.875    tcbn65lphpbwplvttc       0 
OR3D4HPBWPLVT              1       6.000       8.913    tcbn65lphpbwplvttc       0 
OR3XD1HPBWPLVT             3       8.400       8.978    tcbn65lphpbwplvttc       0 
OR4D1HPBWPLVT              6      19.200      14.992    tcbn65lphpbwplvttc       0 
XNR2D1HPBWPLVT           491    1964.000    2274.513    tcbn65lphpbwplvttc       0 
XNR2D2HPBWPLVT            27     118.800     164.176    tcbn65lphpbwplvttc       0 
XNR2D4HPBWPLVT            14     117.600     237.536    tcbn65lphpbwplvttc       0 
XNR3D1HPBWP                8      54.400       5.639    tcbn65lphpbwptc          0 
XNR3D1HPBWPLVT            88     598.400     660.382    tcbn65lphpbwplvttc       0 
XNR3D2HPBWPLVT            22     193.600     212.501    tcbn65lphpbwplvttc       0 
XNR3D4HPBWPLVT           158    1896.000    3781.658    tcbn65lphpbwplvttc       0 
XNR4D0HPBWPLVT             9      86.400      71.785    tcbn65lphpbwplvttc       0 
XNR4D1HPBWP                1       9.600       0.812    tcbn65lphpbwptc          0 
XNR4D1HPBWPLVT           116    1113.600    1072.245    tcbn65lphpbwplvttc       0 
XNR4D2HPBWPLVT            47     470.000     542.566    tcbn65lphpbwplvttc       0 
XOR2D1HPBWPLVT           837    3348.000    4560.349    tcbn65lphpbwplvttc       0 
XOR2D2HPBWPLVT           151     664.400    1032.910    tcbn65lphpbwplvttc       0 
XOR2D4HPBWPLVT             5      42.000      82.394    tcbn65lphpbwplvttc       0 
XOR3D0HPBWPLVT             1       6.800       4.753    tcbn65lphpbwplvttc       0 
XOR3D1HPBWPLVT            40     272.000     273.155    tcbn65lphpbwplvttc       0 
XOR3D2HPBWPLVT           145    1102.000    1416.984    tcbn65lphpbwplvttc       0 
XOR3D4HPBWPLVT           251    3012.000    5995.089    tcbn65lphpbwplvttc       0 
XOR4D0HPBWP                1      10.000       0.612    tcbn65lphpbwptc          0 
XOR4D0HPBWPLVT            14     140.000     107.530    tcbn65lphpbwplvttc       0 
XOR4D1HPBWP                1      10.000       0.950    tcbn65lphpbwptc          0 
XOR4D1HPBWPLVT             8      80.000      88.915    tcbn65lphpbwplvttc       0 
XOR4D2HPBWPLVT            29     313.200     353.394    tcbn65lphpbwplvttc       0 
-----------------------------------------------------------------------------------
total                  46833  203123.200  232962.043                       


                                                      Leakage  Leakage 
      Library      Instances Instances %    Area    Power (nW) Power % 
-----------------------------------------------------------------------
tcbn65lphpbwplvttc     46446        99.2 202015.200 232869.430   100.0 
tcbn65lphpbwptc          387         0.8   1108.000     92.613     0.0 

                                             Leakage  Leakage 
     Type      Instances    Area    Area % Power (nW) Power % 
--------------------------------------------------------------
sequential          3326  34298.400   16.9  40078.730    17.2 
inverter            6825  17131.200    8.4  31188.085    13.4 
buffer               708   2700.000    1.3   6323.502     2.7 
logic              35974 148993.600   73.4 155371.726    66.7 
physical_cells         0      0.000    0.0      0.000     0.0 
--------------------------------------------------------------
total              46833 203123.200  100.0 232962.043   100.0 

