============================================================
  Generated by:           Genus(TM) Synthesis Solution 19.11-s087_1
  Generated on:           Aug 20 2021  11:29:16 am
  Module:                 top_ft
  Operating conditions:   NCCOM 
  Operating conditions:   WCCOM 
  Operating conditions:   WCCOM 
  Operating conditions:   BCCOM 
  Interconnect mode:      global
  Area mode:              physical library
============================================================


Path 1: VIOLATED (-709 ps) Setup Check with Pin dut_pmu_ahb/inst_pmu_raw/inst_quota_suma_int_reg[33]/CP->D
           View: view_slow
          Group: C2C
     Startpoint: (R) dut_pmu_ahb/slv_reg_reg[0][27]/CP
          Clock: (R) clk
       Endpoint: (R) dut_pmu_ahb/inst_pmu_raw/inst_quota_suma_int_reg[33]/D
          Clock: (R) clk

                     Capture       Launch     
        Clock Edge:+    1333            0     
       Src Latency:+       0            0     
       Net Latency:+       0 (I)        0 (I) 
           Arrival:=    1333            0     
                                              
             Setup:-      78                  
     Required Time:=    1255                  
      Launch Clock:-       0                  
         Data Path:-    1964                  
             Slack:=    -709                  

#----------------------------------------------------------------------------------------------------------------------------------------
#                      Timing Point                       Flags    Arc   Edge       Cell        Fanout Load Trans Delay Arrival Instance 
#                                                                                                      (fF)  (ps)  (ps)   (ps)  Location 
#----------------------------------------------------------------------------------------------------------------------------------------
  dut_pmu_ahb/slv_reg_reg[0][27]/CP                       -       -      R     (arrival)          3326    -     0     -       0    (-,-) 
  dut_pmu_ahb/slv_reg_reg[0][27]/QN                       -       CP->QN F     EDFD4HPBWPLVT         2  9.5    27   169     169    (-,-) 
  dut_pmu_ahb/g272804/Z                                   -       B1->Z  F     AO22D4HPBWPLVT        2  8.7    37    99     267    (-,-) 
  dut_pmu_ahb/g264378/ZN                                  -       A1->ZN F     IND2D2HPBWPLVT        1  6.9    48    70     338    (-,-) 
  dut_pmu_ahb/g224421/ZN                                  -       A1->ZN R     ND2D3HPBWPLVT         2 15.5    53    44     382    (-,-) 
  dut_pmu_ahb/g223825/ZN                                  -       I->ZN  F     INVD4HPBWPLVT         1  6.9    20    23     404    (-,-) 
  dut_pmu_ahb/g223510/ZN                                  -       A1->ZN R     ND2D3HPBWPLVT         1  9.0    41    27     431    (-,-) 
  dut_pmu_ahb/g222386/ZN                                  -       A2->ZN F     ND2D4HPBWPLVT         2 17.9    54    47     478    (-,-) 
  dut_pmu_ahb/g283636/ZN                                  -       A1->ZN F     IND2D4HPBWPLVT        1 13.2    45    76     554    (-,-) 
  dut_pmu_ahb/g283635/ZN                                  -       A1->ZN R     ND2D8HPBWPLVT         3 22.3    36    35     589    (-,-) 
  dut_pmu_ahb/g220972/ZN                                  -       A1->ZN F     ND2D4HPBWPLVT         2 14.5    47    39     628    (-,-) 
  dut_pmu_ahb/g219099/ZN                                  -       A2->ZN R     NR2XD4HPBWPLVT        3 17.7    49    49     678    (-,-) 
  dut_pmu_ahb/g218112/ZN                                  -       A1->ZN F     NR2D4HPBWPLVT         1 12.0    33    27     705    (-,-) 
  dut_pmu_ahb/g216893/ZN                                  -       B1->ZN R     INR2XD4HPBWPLVT       1 13.5    43    45     750    (-,-) 
  dut_pmu_ahb/g216878/ZN                                  -       A1->ZN F     ND2D8HPBWPLVT         4 41.1    66    54     804    (-,-) 
  dut_pmu_ahb/inst_pmu_raw/g146743/ZN                     -       I->ZN  R     INVD16HPBWPLVT       21 75.6    44    47     851    (-,-) 
  dut_pmu_ahb/inst_pmu_raw/g144566/ZN                     -       A1->ZN R     IOA21D2HPBWPLVT       1  5.4    43    79     930    (-,-) 
  dut_pmu_ahb/inst_pmu_raw/g144515/ZN                     -       A1->ZN F     ND2D2HPBWPLVT         1  7.0    44    39     969    (-,-) 
  dut_pmu_ahb/inst_pmu_raw/g144344/Z                      -       A1->Z  F     AN2D8HPBWPLVT         6 51.5    45    74    1043    (-,-) 
  dut_pmu_ahb/inst_pmu_raw/g143969/ZN                     -       I->ZN  R     INVD8HPBWPLVT         7 28.8    35    35    1078    (-,-) 
  dut_pmu_ahb/inst_pmu_raw/g142584/ZN                     -       A1->ZN R     IOA21D2HPBWPLVT       1  7.4    50    81    1159    (-,-) 
  dut_pmu_ahb/inst_pmu_raw/g141803/ZN                     -       A1->ZN F     NR2XD2HPBWPLVT        2  9.1    38    35    1194    (-,-) 
  dut_pmu_ahb/inst_pmu_raw/g141556/ZN                     -       I->ZN  R     INVD2HPBWPLVT         3 10.7    46    39    1234    (-,-) 
  dut_pmu_ahb/inst_pmu_raw/g149810/Z                      -       A1->Z  R     AO22D2HPBWPLVT        1  7.4    50    87    1321    (-,-) 
  dut_pmu_ahb/inst_pmu_raw/g99800/ZN                      -       A1->ZN F     NR2XD2HPBWPLVT        1  6.9    36    32    1353    (-,-) 
  dut_pmu_ahb/inst_pmu_raw/g99582/ZN                      -       A1->ZN R     ND2D3HPBWPLVT         1  7.4    32    29    1382    (-,-) 
  dut_pmu_ahb/inst_pmu_raw/g99559/ZN                      -       A1->ZN F     NR2XD2HPBWPLVT        1  8.3    36    29    1411    (-,-) 
  dut_pmu_ahb/inst_pmu_raw/g99502/ZN                      -       A1->ZN R     ND2D4HPBWPLVT         2  9.9    32    29    1441    (-,-) 
  dut_pmu_ahb/inst_pmu_raw/inst_quota_add_141_42_g5457/ZN -       A1->ZN F     ND2D3HPBWPLVT         2 11.0    65    39    1479    (-,-) 
  dut_pmu_ahb/inst_pmu_raw/inst_quota_add_141_42_g5368/ZN -       A1->ZN R     NR2D4HPBWPLVT         1  9.7    56    52    1531    (-,-) 
  dut_pmu_ahb/inst_pmu_raw/inst_quota_add_141_42_g5359/ZN -       A1->ZN F     NR2XD3HPBWPLVT        2 11.9    35    35    1566    (-,-) 
  dut_pmu_ahb/inst_pmu_raw/inst_quota_add_141_42_g5314/ZN -       A1->ZN R     NR2XD3HPBWPLVT        1 12.1    45    37    1604    (-,-) 
  dut_pmu_ahb/inst_pmu_raw/inst_quota_add_141_42_g5295/ZN -       A1->ZN F     NR2XD4HPBWPLVT        4 26.8    50    40    1643    (-,-) 
  dut_pmu_ahb/inst_pmu_raw/inst_quota_add_141_42_g5266/ZN -       A1->ZN R     NR2D8HPBWPLVT         1 21.8    60    50    1694    (-,-) 
  dut_pmu_ahb/inst_pmu_raw/inst_quota_add_141_42_g5263/ZN -       A1->ZN F     NR2XD8HPBWPLVT        9 37.4    49    38    1732    (-,-) 
  dut_pmu_ahb/inst_pmu_raw/inst_quota_add_141_42_g5241/ZN -       A1->ZN R     OAI21D4HPBWPLVT       1  9.9    64    54    1786    (-,-) 
  dut_pmu_ahb/inst_pmu_raw/inst_quota_add_141_42_g5197/ZN -       A2->ZN F     NR2XD3HPBWPLVT        6 19.4    47    50    1835    (-,-) 
  dut_pmu_ahb/inst_pmu_raw/inst_quota_add_141_42_g5183/ZN -       B1->ZN R     INR2XD1HPBWPLVT       1  5.2    55    46    1881    (-,-) 
  dut_pmu_ahb/inst_pmu_raw/inst_quota_add_141_42_g5162/Z  -       A1->Z  R     CKXOR2D2HPBWPLVT      1  4.0    42    83    1964    (-,-) 
  dut_pmu_ahb/inst_pmu_raw/inst_quota_suma_int_reg[33]/D  -       -      R     DFKCND1HPBWPLVT       1    -     -     0    1964    (-,-) 
#----------------------------------------------------------------------------------------------------------------------------------------


