============================================================
  Generated by:           Genus(TM) Synthesis Solution 19.11-s087_1
  Generated on:           Aug 20 2021  01:28:35 pm
  Module:                 top_ft
  Operating conditions:   NCCOM 
  Operating conditions:   WCCOM 
  Operating conditions:   WCCOM 
  Operating conditions:   BCCOM 
  Interconnect mode:      global
  Area mode:              physical library
============================================================


Path 1: VIOLATED (-63 ps) Setup Check with Pin dut_pmu_ahb/inst_pmu_raw/inst_quota_suma_int_reg[17]/CP->D
           View: view_slow
          Group: I2C
     Startpoint: (F) hwdata_i[31]
          Clock: (R) clk
       Endpoint: (R) dut_pmu_ahb/inst_pmu_raw/inst_quota_suma_int_reg[17]/D
          Clock: (R) clk

                     Capture       Launch     
        Clock Edge:+    1333            0     
        Drv Adjust:+       0            0     
       Src Latency:+       0            0     
       Net Latency:+       0 (I)        0 (I) 
           Arrival:=    1333            0     
                                              
             Setup:-      78                  
     Required Time:=    1255                  
      Launch Clock:-       0                  
       Input Delay:-     100                  
         Data Path:-    1218                  
             Slack:=     -63                  

Exceptions/Constraints:
  input_delay             100             top_ft_65.sdc_1_line_11_199_1 

#-----------------------------------------------------------------------------------------------------------------------------------------
#                      Timing Point                       Flags    Arc   Edge       Cell        Fanout  Load Trans Delay Arrival Instance 
#                                                                                                       (fF)  (ps)  (ps)   (ps)  Location 
#-----------------------------------------------------------------------------------------------------------------------------------------
  hwdata_i[31]                                            -       -      F     (arrival)             2  30.7   200     0     100    (-,-) 
  dut_pmu_ahb/g293233/ZN                                  -       A1->ZN R     NR2XD8HPBWPLVT        1  11.3    58    51     151    (-,-) 
  dut_pmu_ahb/g293184/ZN                                  -       I->ZN  F     INVD6HPBWPLVT         1  13.2    23    25     176    (-,-) 
  dut_pmu_ahb/g293183/ZN                                  -       A1->ZN R     ND2D8HPBWPLVT         2  17.0    32    26     203    (-,-) 
  dut_pmu_ahb/g315013/ZN                                  -       A2->ZN F     ND2D8HPBWPLVT         3  37.1    61    50     252    (-,-) 
  dut_pmu_ahb/inst_pmu_raw/g167338/ZN                     -       I->ZN  R     INVD16HPBWPLVT       24 110.7    59    54     306    (-,-) 
  dut_pmu_ahb/inst_pmu_raw/g149629/ZN                     -       B->ZN  F     IOA21D2HPBWPLVT       2   9.6    59    50     356    (-,-) 
  dut_pmu_ahb/inst_pmu_raw/g144511/ZN                     -       A1->ZN R     ND2D2HPBWPLVT         1   7.1    39    40     396    (-,-) 
  dut_pmu_ahb/inst_pmu_raw/g167630/Z                      -       A1->Z  R     AN2D8HPBWPLVT         3  44.7    59    88     484    (-,-) 
  dut_pmu_ahb/inst_pmu_raw/g167634/ZN                     -       I->ZN  F     INVD16HPBWPLVT       21  92.8    37    38     523    (-,-) 
  dut_pmu_ahb/inst_pmu_raw/g167651/ZN                     -       A1->ZN R     ND2D2HPBWPLVT         1   8.4    44    36     559    (-,-) 
  dut_pmu_ahb/inst_pmu_raw/g142171/ZN                     -       A1->ZN F     ND3D4HPBWPLVT         3  12.5    67    51     610    (-,-) 
  dut_pmu_ahb/inst_pmu_raw/g162477/Z                      -       A1->Z  F     AN2D4HPBWPLVT         1  11.7    26    63     673    (-,-) 
  dut_pmu_ahb/inst_pmu_raw/g176933/ZN                     -       A2->ZN R     NR2XD4HPBWPLVT        1  14.0    41    40     713    (-,-) 
  dut_pmu_ahb/inst_pmu_raw/g162475/ZN                     -       A1->ZN F     ND3D8HPBWPLVT         1  11.7    51    41     754    (-,-) 
  dut_pmu_ahb/inst_pmu_raw/g158616/ZN                     -       A2->ZN R     NR2XD4HPBWPLVT        2  16.0    45    49     802    (-,-) 
  dut_pmu_ahb/inst_pmu_raw/g162838/ZN                     -       A2->ZN F     AOI21D4HPBWPLVT       2  10.4    42    42     844    (-,-) 
  dut_pmu_ahb/inst_pmu_raw/g182444/ZN                     -       B->ZN  R     AOI21D4HPBWPLVT       2  10.5    75    69     913    (-,-) 
  dut_pmu_ahb/inst_pmu_raw/g176751/ZN                     -       A1->ZN F     NR2D4HPBWPLVT         1  11.3    30    32     945    (-,-) 
  dut_pmu_ahb/inst_pmu_raw/g176750/ZN                     -       A1->ZN R     NR2XD4HPBWPLVT        2  14.2    41    34     980    (-,-) 
  dut_pmu_ahb/inst_pmu_raw/g176756/ZN                     -       A1->ZN F     NR2XD4HPBWPLVT        1  11.3    30    28    1007    (-,-) 
  dut_pmu_ahb/inst_pmu_raw/inst_quota_add_141_42_g5231/ZN -       A1->ZN R     NR2XD4HPBWPLVT        2  15.0    43    35    1042    (-,-) 
  dut_pmu_ahb/inst_pmu_raw/g159373/ZN                     -       A1->ZN F     NR2XD4HPBWPLVT        1  20.0    40    34    1077    (-,-) 
  dut_pmu_ahb/inst_pmu_raw/g159372/ZN                     -       A1->ZN R     NR2XD8HPBWPLVT       10  42.6    56    45    1121    (-,-) 
  dut_pmu_ahb/inst_pmu_raw/inst_quota_add_141_42_g5189/Z  -       A1->Z  R     OA21D0HPBWPLVT        1   5.2    88   105    1226    (-,-) 
  dut_pmu_ahb/inst_pmu_raw/inst_quota_add_141_42_g5180/Z  -       A1->Z  R     CKXOR2D2HPBWPLVT      1   4.0    42    91    1318    (-,-) 
  dut_pmu_ahb/inst_pmu_raw/inst_quota_suma_int_reg[17]/D  -       -      R     DFKCND1HPBWPLVT       1     -     -     0    1318    (-,-) 
#-----------------------------------------------------------------------------------------------------------------------------------------


