============================================================
  Generated by:           Genus(TM) Synthesis Solution 19.11-s087_1
  Generated on:           Aug 20 2021  11:29:14 am
  Module:                 top_ft
  Operating conditions:   NCCOM 
  Operating conditions:   WCCOM 
  Operating conditions:   WCCOM 
  Operating conditions:   BCCOM 
  Interconnect mode:      global
  Area mode:              physical library
============================================================


Path 1: VIOLATED (-568 ps) Late External Delay Assertion at pin intr_overflow_o
           View: view_slow
          Group: C2O
     Startpoint: (R) dut_pmu_ahb/slv_reg_reg[1][11]/CP
          Clock: (R) clk
       Endpoint: (R) intr_overflow_o
          Clock: (R) clk

                     Capture       Launch     
        Clock Edge:+    1333            0     
       Src Latency:+       0            0     
       Net Latency:+       0 (I)        0 (I) 
           Arrival:=    1333            0     
                                              
      Output Delay:-     100                  
     Required Time:=    1233                  
      Launch Clock:-       0                  
         Data Path:-    1801                  
             Slack:=    -568                  

Exceptions/Constraints:
  output_delay             100             top_ft_65.sdc_1_line_12_302_1 

#--------------------------------------------------------------------------------------------------------------------
#            Timing Point             Flags    Arc   Edge      Cell        Fanout  Load Trans Delay Arrival Instance 
#                                                                                  (fF)  (ps)  (ps)   (ps)  Location 
#--------------------------------------------------------------------------------------------------------------------
  dut_pmu_ahb/slv_reg_reg[1][11]/CP   -       -      R     (arrival)         3326     -     0     -       0    (-,-) 
  dut_pmu_ahb/slv_reg_reg[1][11]/QN   -       CP->QN R     DFKCND4HPBWPLVT      3  16.8    42   194     194    (-,-) 
  dut_pmu_ahb/g228879/ZN              -       A1->ZN F     ND2D3HPBWPLVT        1  13.2    54    45     239    (-,-) 
  dut_pmu_ahb/g228442/ZN              -       A1->ZN R     ND2D8HPBWPLVT        4  20.5    34    37     276    (-,-) 
  dut_pmu_ahb/g264502/ZN              -       A1->ZN R     IND2D2HPBWPLVT       1   7.1    40    56     332    (-,-) 
  dut_pmu_ahb/g224421/ZN              -       A2->ZN F     ND2D3HPBWPLVT        2  15.1    60    50     382    (-,-) 
  dut_pmu_ahb/g223825/ZN              -       I->ZN  R     INVD4HPBWPLVT        1   7.0    27    30     412    (-,-) 
  dut_pmu_ahb/g223510/ZN              -       A1->ZN F     ND2D3HPBWPLVT        1   8.7    49    34     445    (-,-) 
  dut_pmu_ahb/g222386/ZN              -       A2->ZN R     ND2D4HPBWPLVT        2  18.4    48    44     490    (-,-) 
  dut_pmu_ahb/g283636/ZN              -       A1->ZN R     IND2D4HPBWPLVT       1  13.5    42    60     550    (-,-) 
  dut_pmu_ahb/g283635/ZN              -       A1->ZN F     ND2D8HPBWPLVT        3  21.4    42    40     589    (-,-) 
  dut_pmu_ahb/g219988/ZN              -       A2->ZN R     NR2XD4HPBWPLVT       3  12.5    38    42     632    (-,-) 
  dut_pmu_ahb/g218113/Z               -       A1->Z  R     AO21D4HPBWPLVT       1   8.5    33    66     698    (-,-) 
  dut_pmu_ahb/g216895/ZN              -       A1->ZN F     ND2D4HPBWPLVT        2  10.5    39    33     731    (-,-) 
  dut_pmu_ahb/g216830/ZN              -       A1->ZN R     ND2D4HPBWPLVT        1  15.0    41    35     766    (-,-) 
  dut_pmu_ahb/g216505/ZN              -       A2->ZN F     ND2D8HPBWPLVT        4  39.8    64    54     820    (-,-) 
  dut_pmu_ahb/inst_pmu_raw/g146952/ZN -       I->ZN  R     INVD4HPBWPLVT        1   8.5    30    33     853    (-,-) 
  dut_pmu_ahb/inst_pmu_raw/g146604/ZN -       A1->ZN F     ND2D4HPBWPLVT        7  27.3    75    54     907    (-,-) 
  dut_pmu_ahb/inst_pmu_raw/g146138/Z  -       I->Z   F     BUFFD4HPBWPLVT       3  24.2    40    73     980    (-,-) 
  dut_pmu_ahb/inst_pmu_raw/g144520/ZN -       A1->ZN R     ND2D8HPBWPLVT        3  15.7    36    30    1010    (-,-) 
  dut_pmu_ahb/inst_pmu_raw/g144359/Z  -       A1->Z  R     AN2D8HPBWPLVT       15  76.8    86   104    1114    (-,-) 
  dut_pmu_ahb/inst_pmu_raw/g142925/ZN -       A1->ZN F     ND2D2HPBWPLVT        1   8.3    55    53    1167    (-,-) 
  dut_pmu_ahb/inst_pmu_raw/g142414/ZN -       A1->ZN R     ND3D4HPBWPLVT        4  19.2    61    46    1213    (-,-) 
  dut_pmu_ahb/inst_pmu_raw/g148648/ZN -       A1->ZN R     INR2D4HPBWPLVT       1   9.0    53    75    1288    (-,-) 
  dut_pmu_ahb/inst_pmu_raw/g141424/ZN -       A2->ZN F     ND2D4HPBWPLVT        1   9.5    36    38    1326    (-,-) 
  dut_pmu_ahb/inst_pmu_raw/g140973/ZN -       A2->ZN R     NR2XD3HPBWPLVT       1   8.0    38    39    1365    (-,-) 
  dut_pmu_ahb/inst_pmu_raw/g140837/ZN -       A2->ZN F     AOI31D4HPBWPLVT      2  13.3    76    64    1429    (-,-) 
  dut_pmu_ahb/inst_pmu_raw/g140833/ZN -       I->ZN  R     INVD2HPBWPLVT        2   8.1    42    45    1475    (-,-) 
  dut_pmu_ahb/inst_pmu_raw/g101302/ZN -       A1->ZN F     NR2D2HPBWPLVT        1   5.4    23    25    1499    (-,-) 
  dut_pmu_ahb/inst_pmu_raw/g101167/ZN -       A1->ZN R     ND2D2HPBWPLVT        1   9.9    49    35    1534    (-,-) 
  dut_pmu_ahb/inst_pmu_raw/g100965/ZN -       A2->ZN F     NR2XD3HPBWPLVT       1   8.7    31    35    1570    (-,-) 
  dut_pmu_ahb/inst_pmu_raw/g100773/ZN -       A2->ZN R     ND3D4HPBWPLVT        1  13.5    45    36    1605    (-,-) 
  dut_pmu_ahb/inst_pmu_raw/g99992/ZN  -       A1->ZN F     ND2D8HPBWPLVT        1  24.3    46    42    1648    (-,-) 
  dut_pmu_ahb/inst_pmu_raw/g99970/ZN  -       I->ZN  R     INVD16HPBWPLVT       1 502.6   238   146    1794    (-,-) 
  intr_overflow_o                     -       -      R     (port)               -     -     -     8    1801    (-,-) 
#--------------------------------------------------------------------------------------------------------------------


