============================================================
  Generated by:           Genus(TM) Synthesis Solution 19.11-s087_1
  Generated on:           Aug 20 2021  11:29:19 am
  Module:                 top_ft
  Operating conditions:   NCCOM 
  Operating conditions:   WCCOM 
  Operating conditions:   WCCOM 
  Operating conditions:   BCCOM 
  Interconnect mode:      global
  Area mode:              physical library
============================================================


Path 1: VIOLATED (-6 ps) Late External Delay Assertion at pin intr_overflow_o
           View: view_slow
          Group: I2O
     Startpoint: (F) hwdata_i[31]
          Clock: (R) clk
       Endpoint: (R) intr_overflow_o
          Clock: (R) clk

                     Capture       Launch     
        Clock Edge:+    1333            0     
        Drv Adjust:+       0            0     
       Src Latency:+       0            0     
       Net Latency:+       0 (I)        0 (I) 
           Arrival:=    1333            0     
                                              
      Output Delay:-     100                  
     Required Time:=    1233                  
      Launch Clock:-       0                  
       Input Delay:-     100                  
         Data Path:-    1139                  
             Slack:=      -6                  

Exceptions/Constraints:
  input_delay              100             top_ft_65.sdc_1_line_11_199_1 
  output_delay             100             top_ft_65.sdc_1_line_12_302_1 

#--------------------------------------------------------------------------------------------------------------------
#            Timing Point             Flags    Arc   Edge      Cell        Fanout  Load Trans Delay Arrival Instance 
#                                                                                  (fF)  (ps)  (ps)   (ps)  Location 
#--------------------------------------------------------------------------------------------------------------------
  hwdata_i[31]                        -       -      F     (arrival)            1  20.4   200     0     100    (-,-) 
  dut_pmu_ahb/g231595/ZN              -       I->ZN  R     CKND16HPBWPLVT       1   8.3    44    35     135    (-,-) 
  dut_pmu_ahb/g224458/ZN              -       B1->ZN F     IND2D4HPBWPLVT       2  10.9    40    36     171    (-,-) 
  dut_pmu_ahb/g221365/ZN              -       B1->ZN R     IND2D4HPBWPLVT       1  13.5    42    34     205    (-,-) 
  dut_pmu_ahb/g216505/ZN              -       A1->ZN F     ND2D8HPBWPLVT        4  39.8    64    53     258    (-,-) 
  dut_pmu_ahb/inst_pmu_raw/g146952/ZN -       I->ZN  R     INVD4HPBWPLVT        1   8.5    30    33     291    (-,-) 
  dut_pmu_ahb/inst_pmu_raw/g146604/ZN -       A1->ZN F     ND2D4HPBWPLVT        7  27.3    75    54     345    (-,-) 
  dut_pmu_ahb/inst_pmu_raw/g146138/Z  -       I->Z   F     BUFFD4HPBWPLVT       3  24.2    40    73     418    (-,-) 
  dut_pmu_ahb/inst_pmu_raw/g144520/ZN -       A1->ZN R     ND2D8HPBWPLVT        3  15.7    36    30     448    (-,-) 
  dut_pmu_ahb/inst_pmu_raw/g144359/Z  -       A1->Z  R     AN2D8HPBWPLVT       15  76.8    86   104     553    (-,-) 
  dut_pmu_ahb/inst_pmu_raw/g142925/ZN -       A1->ZN F     ND2D2HPBWPLVT        1   8.3    55    53     605    (-,-) 
  dut_pmu_ahb/inst_pmu_raw/g142414/ZN -       A1->ZN R     ND3D4HPBWPLVT        4  19.2    61    46     651    (-,-) 
  dut_pmu_ahb/inst_pmu_raw/g148648/ZN -       A1->ZN R     INR2D4HPBWPLVT       1   9.0    53    75     726    (-,-) 
  dut_pmu_ahb/inst_pmu_raw/g141424/ZN -       A2->ZN F     ND2D4HPBWPLVT        1   9.5    36    38     764    (-,-) 
  dut_pmu_ahb/inst_pmu_raw/g140973/ZN -       A2->ZN R     NR2XD3HPBWPLVT       1   8.0    38    39     804    (-,-) 
  dut_pmu_ahb/inst_pmu_raw/g140837/ZN -       A2->ZN F     AOI31D4HPBWPLVT      2  13.3    76    64     867    (-,-) 
  dut_pmu_ahb/inst_pmu_raw/g140833/ZN -       I->ZN  R     INVD2HPBWPLVT        2   8.1    42    45     913    (-,-) 
  dut_pmu_ahb/inst_pmu_raw/g101302/ZN -       A1->ZN F     NR2D2HPBWPLVT        1   5.4    23    25     938    (-,-) 
  dut_pmu_ahb/inst_pmu_raw/g101167/ZN -       A1->ZN R     ND2D2HPBWPLVT        1   9.9    49    35     973    (-,-) 
  dut_pmu_ahb/inst_pmu_raw/g100965/ZN -       A2->ZN F     NR2XD3HPBWPLVT       1   8.7    31    35    1008    (-,-) 
  dut_pmu_ahb/inst_pmu_raw/g100773/ZN -       A2->ZN R     ND3D4HPBWPLVT        1  13.5    45    36    1043    (-,-) 
  dut_pmu_ahb/inst_pmu_raw/g99992/ZN  -       A1->ZN F     ND2D8HPBWPLVT        1  24.3    46    42    1086    (-,-) 
  dut_pmu_ahb/inst_pmu_raw/g99970/ZN  -       I->ZN  R     INVD16HPBWPLVT       1 502.6   238   146    1232    (-,-) 
  intr_overflow_o                     -       -      R     (port)               -     -     -     8    1239    (-,-) 
#--------------------------------------------------------------------------------------------------------------------


