============================================================
  Generated by:           Genus(TM) Synthesis Solution 19.11-s087_1
  Generated on:           Aug 18 2021  05:56:47 pm
  Module:                 top_ft
  Operating conditions:   NCCOM 
  Operating conditions:   WCCOM 
  Operating conditions:   WCCOM 
  Operating conditions:   BCCOM 
  Interconnect mode:      global
  Area mode:              physical library
============================================================

                                           Leakage                         Library 
       Gate        Instances     Area     Power (nW)        Library         Domain 
-----------------------------------------------------------------------------------
AN2D0HPBWP                 3       7.200       0.304    tcbn65lphpbwptc          0 
AN2D0HPBWPLVT              1       2.400       0.438    tcbn65lphpbwplvttc       0 
AN2D1HPBWPLVT             11      26.400      11.100    tcbn65lphpbwplvttc       0 
AN2D2HPBWPLVT             63     176.400     155.682    tcbn65lphpbwplvttc       0 
AN2D4HPBWPLVT             74     355.200     464.954    tcbn65lphpbwplvttc       0 
AN2D8HPBWPLVT             21     168.000     222.792    tcbn65lphpbwplvttc       0 
AN2XD1HPBWP               19      45.600       3.463    tcbn65lphpbwptc          0 
AN2XD1HPBWPLVT           600    1440.000    1211.912    tcbn65lphpbwplvttc       0 
AN3D2HPBWPLVT             10      32.000      20.906    tcbn65lphpbwplvttc       0 
AN3D4HPBWPLVT             17     102.000     102.080    tcbn65lphpbwplvttc       0 
AN3D8HPBWPLVT              3      28.800      18.759    tcbn65lphpbwplvttc       0 
AN3XD1HPBWPLVT            43     120.400      54.660    tcbn65lphpbwplvttc       0 
AN4D0HPBWPLVT              1       3.200       0.362    tcbn65lphpbwplvttc       0 
AN4D1HPBWPLVT              7      22.400       4.379    tcbn65lphpbwplvttc       0 
AN4D4HPBWPLVT              3      21.600       7.661    tcbn65lphpbwplvttc       0 
AN4XD1HPBWP                2       6.400       0.238    tcbn65lphpbwptc          0 
AN4XD1HPBWPLVT            85     272.000      67.725    tcbn65lphpbwplvttc       0 
AO211D1HPBWPLVT           20      64.000     101.378    tcbn65lphpbwplvttc       0 
AO21D1HPBWPLVT           120     336.000     409.372    tcbn65lphpbwplvttc       0 
AO21D2HPBWPLVT            10      32.000      52.237    tcbn65lphpbwplvttc       0 
AO21D4HPBWPLVT           165     990.000    1961.301    tcbn65lphpbwplvttc       0 
AO221D0HPBWPLVT            6      24.000      11.975    tcbn65lphpbwplvttc       0 
AO221D1HPBWPLVT            2       8.800       8.102    tcbn65lphpbwplvttc       0 
AO222D0HPBWPLVT            2       9.600       2.278    tcbn65lphpbwplvttc       0 
AO222D1HPBWPLVT           35     168.000      84.205    tcbn65lphpbwplvttc       0 
AO222D2HPBWPLVT            1       5.200       3.369    tcbn65lphpbwplvttc       0 
AO22D0HPBWP                5      16.000       0.629    tcbn65lphpbwptc          0 
AO22D0HPBWPLVT           348    1113.600     423.825    tcbn65lphpbwplvttc       0 
AO22D1HPBWPLVT           241     867.600     537.357    tcbn65lphpbwplvttc       0 
AO22D2HPBWPLVT           110     440.000     361.913    tcbn65lphpbwplvttc       0 
AO22D4HPBWPLVT           267    1922.400    2333.295    tcbn65lphpbwplvttc       0 
AO31D1HPBWPLVT            12      38.400      29.999    tcbn65lphpbwplvttc       0 
AO31D4HPBWPLVT             2      14.400      21.522    tcbn65lphpbwplvttc       0 
AO32D4HPBWPLVT             1       8.400       9.775    tcbn65lphpbwplvttc       0 
AOI211D1HPBWPLVT           3       8.400       8.963    tcbn65lphpbwplvttc       0 
AOI211XD0HPBWP             1       2.800       0.128    tcbn65lphpbwptc          0 
AOI211XD0HPBWPLVT         60     168.000     110.696    tcbn65lphpbwplvttc       0 
AOI211XD1HPBWPLVT          1       4.800       4.586    tcbn65lphpbwplvttc       0 
AOI211XD2HPBWPLVT          1       9.200       4.613    tcbn65lphpbwplvttc       0 
AOI21D0HPBWPLVT            1       2.400       0.738    tcbn65lphpbwplvttc       0 
AOI21D1HPBWPLVT          123     295.200     223.548    tcbn65lphpbwplvttc       0 
AOI21D2HPBWPLVT           54     216.000     250.595    tcbn65lphpbwplvttc       0 
AOI21D4HPBWPLVT           84     604.800     845.026    tcbn65lphpbwplvttc       0 
AOI221D0HPBWPLVT          56     179.200      70.024    tcbn65lphpbwplvttc       0 
AOI221D1HPBWPLVT          37     133.200      90.045    tcbn65lphpbwplvttc       0 
AOI221XD4HPBWPLVT          1      12.000       0.310    tcbn65lphpbwplvttc       0 
AOI222D0HPBWP             49     196.000       3.955    tcbn65lphpbwptc          0 
AOI222D0HPBWPLVT          74     296.000      80.183    tcbn65lphpbwplvttc       0 
AOI222D1HPBWPLVT          76     334.400     140.098    tcbn65lphpbwplvttc       0 
AOI222D2HPBWPLVT           6      43.200      12.727    tcbn65lphpbwplvttc       0 
AOI22D1HPBWP               3       8.400       0.444    tcbn65lphpbwptc          0 
AOI22D1HPBWPLVT          269     753.200     395.455    tcbn65lphpbwplvttc       0 
AOI22D2HPBWP               5      24.000       1.212    tcbn65lphpbwptc          0 
AOI22D2HPBWPLVT          131     628.800     374.663    tcbn65lphpbwplvttc       0 
AOI22D4HPBWPLVT           14     140.000      78.469    tcbn65lphpbwplvttc       0 
AOI31D1HPBWPLVT           20      56.000      14.022    tcbn65lphpbwplvttc       0 
AOI31D2HPBWPLVT            3      14.400      13.991    tcbn65lphpbwplvttc       0 
AOI31D4HPBWPLVT            6      57.600      31.259    tcbn65lphpbwplvttc       0 
AOI32D1HPBWPLVT            6      19.200      11.719    tcbn65lphpbwplvttc       0 
AOI32D2HPBWPLVT            1       6.000       4.146    tcbn65lphpbwplvttc       0 
BMLD1HPBWP                 2      20.000       2.451    tcbn65lphpbwptc          0 
BMLD1HPBWPLVT             33     330.000     402.180    tcbn65lphpbwplvttc       0 
BMLD2HPBWPLVT             45     468.000     591.177    tcbn65lphpbwplvttc       0 
BMLD4HPBWPLVT              4      60.800      82.972    tcbn65lphpbwplvttc       0 
BUFFD0HPBWP                3       4.800       0.267    tcbn65lphpbwptc          0 
BUFFD0HPBWPLVT             5       8.000       5.685    tcbn65lphpbwplvttc       0 
BUFFD12HPBWPLVT            6      55.200     154.179    tcbn65lphpbwplvttc       0 
BUFFD16HPBWPLVT            2      23.200      74.436    tcbn65lphpbwplvttc       0 
BUFFD1HPBWP                2       3.200       0.291    tcbn65lphpbwptc          0 
BUFFD1HPBWPLVT            17      27.200      25.966    tcbn65lphpbwplvttc       0 
BUFFD2HPBWP              114     273.600      41.793    tcbn65lphpbwptc          0 
BUFFD2HPBWPLVT           232     556.800     789.717    tcbn65lphpbwplvttc       0 
BUFFD3HPBWPLVT            63     176.400     311.541    tcbn65lphpbwplvttc       0 
BUFFD4HPBWP                1       4.000       0.782    tcbn65lphpbwptc          0 
BUFFD4HPBWPLVT            80     320.000     655.898    tcbn65lphpbwplvttc       0 
BUFFD6HPBWPLVT            10      48.000     113.599    tcbn65lphpbwplvttc       0 
BUFFD8HPBWPLVT             8      51.200     120.434    tcbn65lphpbwplvttc       0 
CKAN2D4HPBWPLVT            1       4.000       5.114    tcbn65lphpbwplvttc       0 
CKAN2D8HPBWPLVT            1       6.800       5.670    tcbn65lphpbwplvttc       0 
CKBD0HPBWPLVT             29      46.400      24.795    tcbn65lphpbwplvttc       0 
CKBD12HPBWPLVT             2      16.800      26.663    tcbn65lphpbwplvttc       0 
CKBD16HPBWPLVT             1      10.400      23.815    tcbn65lphpbwplvttc       0 
CKBD1HPBWP               332     531.200      49.800    tcbn65lphpbwptc          0 
CKBD1HPBWPLVT             31      49.600      48.143    tcbn65lphpbwplvttc       0 
CKBD2HPBWPLVT              9      21.600      22.689    tcbn65lphpbwplvttc       0 
CKBD3HPBWP                 1       2.800       0.357    tcbn65lphpbwptc          0 
CKBD3HPBWPLVT             11      30.800      36.361    tcbn65lphpbwplvttc       0 
CKMUX2D1HPBWP              2       8.000       0.717    tcbn65lphpbwptc          0 
CKMUX2D1HPBWPLVT          95     380.000     358.774    tcbn65lphpbwplvttc       0 
CKMUX2D2HPBWPLVT          16      70.400      84.563    tcbn65lphpbwplvttc       0 
CKMUX2D4HPBWPLVT          22     149.600     255.498    tcbn65lphpbwplvttc       0 
CKND0HPBWPLVT             12      14.400       3.942    tcbn65lphpbwplvttc       0 
CKND12HPBWPLVT            16     108.800     182.605    tcbn65lphpbwplvttc       0 
CKND16HPBWPLVT             8      73.600     133.008    tcbn65lphpbwplvttc       0 
CKND1HPBWP                 1       1.200       0.045    tcbn65lphpbwptc          0 
CKND1HPBWPLVT            223     267.600     144.120    tcbn65lphpbwplvttc       0 
CKND2D1HPBWPLVT           12      19.200       2.118    tcbn65lphpbwplvttc       0 
CKND2D2HPBWPLVT           60     168.000      43.171    tcbn65lphpbwplvttc       0 
CKND2D3HPBWPLVT            7      28.000       8.986    tcbn65lphpbwplvttc       0 
CKND2D4HPBWPLVT            1       4.800       2.907    tcbn65lphpbwplvttc       0 
CKND2HPBWP                 5       8.000       0.781    tcbn65lphpbwptc          0 
CKND2HPBWPLVT             57      91.200      81.914    tcbn65lphpbwplvttc       0 
CKND3HPBWPLVT             63     151.200     166.546    tcbn65lphpbwplvttc       0 
CKND4HPBWPLVT             69     193.200     261.148    tcbn65lphpbwplvttc       0 
CKND6HPBWPLVT             45     180.000     237.497    tcbn65lphpbwplvttc       0 
CKND8HPBWPLVT             11      52.800      74.723    tcbn65lphpbwplvttc       0 
CKXOR2D0HPBWPLVT           3      12.000       7.412    tcbn65lphpbwplvttc       0 
CKXOR2D1HPBWPLVT          79     316.000     345.136    tcbn65lphpbwplvttc       0 
CKXOR2D2HPBWPLVT          14      61.600      72.488    tcbn65lphpbwplvttc       0 
CKXOR2D4HPBWPLVT           1       8.400      13.976    tcbn65lphpbwplvttc       0 
CMPE42D1HPBWPLVT          19     364.800     498.885    tcbn65lphpbwplvttc       0 
CMPE42D2HPBWPLVT           3      61.200      87.700    tcbn65lphpbwplvttc       0 
DFCND1HPBWPLVT             7      67.200      40.808    tcbn65lphpbwplvttc       0 
DFCNQD1HPBWPLVT           31     272.800     139.980    tcbn65lphpbwplvttc       0 
DFD1HPBWP                  2      16.000       1.224    tcbn65lphpbwptc          0 
DFD1HPBWPLVT             295    2360.000    1792.719    tcbn65lphpbwplvttc       0 
DFD2HPBWPLVT              38     364.800     517.580    tcbn65lphpbwplvttc       0 
DFD4HPBWPLVT              11     136.400     231.864    tcbn65lphpbwplvttc       0 
DFKCND1HPBWP               5      46.000       2.813    tcbn65lphpbwptc          0 
DFKCND1HPBWPLVT          155    1426.000     873.380    tcbn65lphpbwplvttc       0 
DFKCND2HPBWPLVT           17     176.800     223.523    tcbn65lphpbwplvttc       0 
DFKCND4HPBWPLVT          209    2758.800    4467.233    tcbn65lphpbwplvttc       0 
DFKCNQD1HPBWP             94     789.600      38.805    tcbn65lphpbwptc          0 
DFKCNQD1HPBWPLVT        1261   10592.400    5103.138    tcbn65lphpbwplvttc       0 
DFKCNQD2HPBWP              1       8.800       0.716    tcbn65lphpbwptc          0 
DFKCNQD2HPBWPLVT         241    2120.800    1813.620    tcbn65lphpbwplvttc       0 
DFKCNQD4HPBWP              4      40.000       4.516    tcbn65lphpbwptc          0 
DFKCNQD4HPBWPLVT         342    3420.000    3752.792    tcbn65lphpbwplvttc       0 
DFKCSND1HPBWPLVT           5      52.000      29.294    tcbn65lphpbwplvttc       0 
DFKSND1HPBWPLVT            8      80.000      64.686    tcbn65lphpbwplvttc       0 
DFQD1HPBWP                 2      15.200       0.924    tcbn65lphpbwptc          0 
DFQD1HPBWPLVT            241    1831.600    1046.622    tcbn65lphpbwplvttc       0 
DFQD2HPBWPLVT             11      88.000      56.124    tcbn65lphpbwplvttc       0 
DFQD4HPBWPLVT             21     193.200     199.720    tcbn65lphpbwplvttc       0 
EDFD2HPBWPLVT              7      84.000      87.225    tcbn65lphpbwplvttc       0 
EDFQD1HPBWPLVT            10     108.000      51.741    tcbn65lphpbwplvttc       0 
EDFQD2HPBWPLVT             5      56.000      44.585    tcbn65lphpbwplvttc       0 
EDFQD4HPBWPLVT           303    3757.200    3842.789    tcbn65lphpbwplvttc       0 
FA1D0HPBWPLVT              9      90.000     116.064    tcbn65lphpbwplvttc       0 
FA1D1HPBWPLVT             10     116.000     171.965    tcbn65lphpbwplvttc       0 
FA1D2HPBWPLVT              7      86.800     156.003    tcbn65lphpbwplvttc       0 
FA1D4HPBWPLVT              1      16.400      32.230    tcbn65lphpbwplvttc       0 
FCICIND1HPBWPLVT           6      31.200      22.159    tcbn65lphpbwplvttc       0 
FICIND1HPBWPLVT            1      11.200      15.563    tcbn65lphpbwplvttc       0 
FICIND2HPBWPLVT            2      27.200      48.006    tcbn65lphpbwplvttc       0 
FIICOND1HPBWPLVT           5      60.000      94.489    tcbn65lphpbwplvttc       0 
FIICOND2HPBWPLVT           4      57.600      98.626    tcbn65lphpbwplvttc       0 
HA1D0HPBWP                 9      57.600       6.261    tcbn65lphpbwptc          0 
HA1D0HPBWPLVT            561    3590.400    3891.582    tcbn65lphpbwplvttc       0 
HA1D1HPBWP                 1       6.800       0.913    tcbn65lphpbwptc          0 
HA1D1HPBWPLVT              5      34.000      47.286    tcbn65lphpbwplvttc       0 
HA1D2HPBWPLVT             25     200.000     298.402    tcbn65lphpbwplvttc       0 
HCOSCIND1HPBWPLVT          1      12.400      12.320    tcbn65lphpbwplvttc       0 
HICIND1HPBWPLVT            2      15.200      21.134    tcbn65lphpbwplvttc       0 
HICIND2HPBWP               1       8.800       1.361    tcbn65lphpbwptc          0 
HICIND2HPBWPLVT            2      17.600      24.737    tcbn65lphpbwplvttc       0 
HICOND1HPBWPLVT           10      76.000      93.373    tcbn65lphpbwplvttc       0 
IAO21D1HPBWPLVT           28      78.400      80.187    tcbn65lphpbwplvttc       0 
IAO21D2HPBWPLVT           12      48.000      85.741    tcbn65lphpbwplvttc       0 
IAO21D4HPBWPLVT            6      38.400      84.085    tcbn65lphpbwplvttc       0 
IAO22D1HPBWPLVT            4      14.400      13.251    tcbn65lphpbwplvttc       0 
IAO22D2HPBWPLVT            3      14.400      16.723    tcbn65lphpbwplvttc       0 
IAO22D4HPBWPLVT            1       7.600      11.663    tcbn65lphpbwplvttc       0 
IIND4D1HPBWPLVT            3      12.000       5.736    tcbn65lphpbwplvttc       0 
IIND4D2HPBWPLVT            2      13.600      11.732    tcbn65lphpbwplvttc       0 
IIND4D4HPBWPLVT            3      36.000      31.090    tcbn65lphpbwplvttc       0 
IINR4D0HPBWPLVT           15      60.000      34.210    tcbn65lphpbwplvttc       0 
IINR4D1HPBWPLVT            1       6.000       1.610    tcbn65lphpbwplvttc       0 
IND2D0HPBWP                1       2.400       0.092    tcbn65lphpbwptc          0 
IND2D0HPBWPLVT             3       7.200       3.393    tcbn65lphpbwplvttc       0 
IND2D1HPBWP               67     160.800       9.382    tcbn65lphpbwptc          0 
IND2D1HPBWPLVT           259     621.600     424.529    tcbn65lphpbwplvttc       0 
IND2D2HPBWP                7      22.400       2.322    tcbn65lphpbwptc          0 
IND2D2HPBWPLVT           993    3177.600    3619.377    tcbn65lphpbwplvttc       0 
IND2D4HPBWP                1       6.400       0.794    tcbn65lphpbwptc          0 
IND2D4HPBWPLVT           348    2227.200    2732.287    tcbn65lphpbwplvttc       0 
IND3D1HPBWPLVT            36     100.800      44.942    tcbn65lphpbwplvttc       0 
IND3D2HPBWPLVT            11      52.800      38.753    tcbn65lphpbwplvttc       0 
IND3D4HPBWPLVT            44     369.600     488.969    tcbn65lphpbwplvttc       0 
IND4D1HPBWPLVT            17      54.400      15.654    tcbn65lphpbwplvttc       0 
IND4D2HPBWPLVT             7      44.800       9.809    tcbn65lphpbwplvttc       0 
IND4D4HPBWPLVT             7      75.600      59.716    tcbn65lphpbwplvttc       0 
INR2D1HPBWP                1       2.400       0.080    tcbn65lphpbwptc          0 
INR2D1HPBWPLVT           166     398.400     258.498    tcbn65lphpbwplvttc       0 
INR2D2HPBWP                2       6.400       0.560    tcbn65lphpbwptc          0 
INR2D2HPBWPLVT           165     528.000     536.516    tcbn65lphpbwplvttc       0 
INR2D4HPBWP                1       6.000       0.704    tcbn65lphpbwptc          0 
INR2D4HPBWPLVT            30     180.000     301.445    tcbn65lphpbwplvttc       0 
INR2XD0HPBWPLVT           92     220.800     116.090    tcbn65lphpbwplvttc       0 
INR2XD1HPBWP               1       3.200       0.281    tcbn65lphpbwptc          0 
INR2XD1HPBWPLVT          110     352.000     234.548    tcbn65lphpbwplvttc       0 
INR2XD2HPBWP               2      10.400       0.755    tcbn65lphpbwptc          0 
INR2XD2HPBWPLVT           69     358.800     269.818    tcbn65lphpbwplvttc       0 
INR2XD4HPBWPLVT           25     260.000     252.469    tcbn65lphpbwplvttc       0 
INR3D0HPBWPLVT            29      81.200      31.111    tcbn65lphpbwplvttc       0 
INR3D1HPBWPLVT            15      60.000      33.910    tcbn65lphpbwplvttc       0 
INR3D2HPBWPLVT             2       8.800       3.202    tcbn65lphpbwplvttc       0 
INR3D4HPBWPLVT             8      67.200     185.312    tcbn65lphpbwplvttc       0 
INR4D0HPBWPLVT            10      32.000      25.669    tcbn65lphpbwplvttc       0 
INR4D1HPBWPLVT             1       5.600       1.762    tcbn65lphpbwplvttc       0 
INR4D2HPBWPLVT             3      26.400      21.687    tcbn65lphpbwplvttc       0 
INVD0HPBWPLVT             11      13.200       3.973    tcbn65lphpbwplvttc       0 
INVD12HPBWPLVT            39     265.200     540.140    tcbn65lphpbwplvttc       0 
INVD16HPBWPLVT            18     165.600     567.562    tcbn65lphpbwplvttc       0 
INVD1HPBWP               281     337.200      28.100    tcbn65lphpbwptc          0 
INVD1HPBWPLVT           1030    1236.000     973.138    tcbn65lphpbwplvttc       0 
INVD2HPBWP                12      19.200       2.611    tcbn65lphpbwptc          0 
INVD2HPBWPLVT           1287    2059.200    2897.718    tcbn65lphpbwplvttc       0 
INVD3HPBWP                 3       7.200       1.048    tcbn65lphpbwptc          0 
INVD3HPBWPLVT            450    1080.000    1890.226    tcbn65lphpbwplvttc       0 
INVD4HPBWPLVT            338     946.400    1924.622    tcbn65lphpbwplvttc       0 
INVD6HPBWPLVT            132     528.000    1183.135    tcbn65lphpbwplvttc       0 
INVD8HPBWPLVT             31     148.800     377.658    tcbn65lphpbwplvttc       0 
IOA21D1HPBWP              11      30.800       2.503    tcbn65lphpbwptc          0 
IOA21D1HPBWPLVT         1066    2984.800    1856.397    tcbn65lphpbwplvttc       0 
IOA21D2HPBWP               1       4.000       0.475    tcbn65lphpbwptc          0 
IOA21D2HPBWPLVT          855    3420.000    3263.468    tcbn65lphpbwplvttc       0 
IOA21D4HPBWP               1       6.400       0.685    tcbn65lphpbwptc          0 
IOA21D4HPBWPLVT           40     256.000     260.339    tcbn65lphpbwplvttc       0 
IOA22D2HPBWPLVT           24     115.200     143.466    tcbn65lphpbwplvttc       0 
IOA22D4HPBWPLVT          112     851.200    1191.977    tcbn65lphpbwplvttc       0 
MAOI222D1HPBWPLVT         34     108.800      51.852    tcbn65lphpbwplvttc       0 
MAOI22D0HPBWPLVT           1       3.200       2.231    tcbn65lphpbwplvttc       0 
MAOI22D1HPBWP              1       3.200       0.264    tcbn65lphpbwptc          0 
MAOI22D1HPBWPLVT         107     342.400     395.837    tcbn65lphpbwplvttc       0 
MAOI22D2HPBWPLVT           7      33.600      36.524    tcbn65lphpbwplvttc       0 
MOAI22D0HPBWPLVT           1       3.200       0.918    tcbn65lphpbwplvttc       0 
MOAI22D1HPBWPLVT         167     534.400     450.505    tcbn65lphpbwplvttc       0 
MOAI22D2HPBWPLVT          46     220.800     248.946    tcbn65lphpbwplvttc       0 
MUX2D0HPBWP                6      21.600       0.967    tcbn65lphpbwptc          0 
MUX2D0HPBWPLVT           306    1101.600     607.537    tcbn65lphpbwplvttc       0 
MUX2D1HPBWP                2       8.000       0.849    tcbn65lphpbwptc          0 
MUX2D1HPBWPLVT           517    2068.000    2384.509    tcbn65lphpbwplvttc       0 
MUX2D2HPBWPLVT           435    1914.000    2673.421    tcbn65lphpbwplvttc       0 
MUX2D4HPBWPLVT           356    2420.800    4926.514    tcbn65lphpbwplvttc       0 
MUX2ND0HPBWP               2       6.400       0.308    tcbn65lphpbwptc          0 
MUX2ND0HPBWPLVT          160     512.000     274.553    tcbn65lphpbwplvttc       0 
MUX2ND1HPBWPLVT           10      48.000      55.699    tcbn65lphpbwplvttc       0 
MUX2ND2HPBWPLVT           17      88.400     112.775    tcbn65lphpbwplvttc       0 
MUX2ND4HPBWPLVT           37     296.000     642.098    tcbn65lphpbwplvttc       0 
MUX3ND0HPBWPLVT            6      36.000      37.448    tcbn65lphpbwplvttc       0 
MUX4ND0HPBWPLVT           14     112.000      84.114    tcbn65lphpbwplvttc       0 
ND2D0HPBWPLVT              1       1.600       0.612    tcbn65lphpbwplvttc       0 
ND2D1HPBWP                14      22.400       0.843    tcbn65lphpbwptc          0 
ND2D1HPBWPLVT           2544    4070.400    1745.577    tcbn65lphpbwplvttc       0 
ND2D2HPBWP                36     100.800       6.292    tcbn65lphpbwptc          0 
ND2D2HPBWPLVT           2543    7120.400    4782.006    tcbn65lphpbwplvttc       0 
ND2D3HPBWPLVT            871    3484.000    2964.490    tcbn65lphpbwplvttc       0 
ND2D4HPBWPLVT            571    2740.800    2743.881    tcbn65lphpbwplvttc       0 
ND2D8HPBWPLVT            120    1104.000    1336.834    tcbn65lphpbwplvttc       0 
ND3D1HPBWP                 1       2.400       0.137    tcbn65lphpbwptc          0 
ND3D1HPBWPLVT             71     170.400      54.646    tcbn65lphpbwplvttc       0 
ND3D2HPBWP                 6      24.000       2.938    tcbn65lphpbwptc          0 
ND3D2HPBWPLVT            106     424.000     324.069    tcbn65lphpbwplvttc       0 
ND3D3HPBWPLVT            271    1409.200    1441.393    tcbn65lphpbwplvttc       0 
ND3D4HPBWPLVT            172    1169.600    1120.152    tcbn65lphpbwplvttc       0 
ND3D8HPBWPLVT              3      40.800      44.676    tcbn65lphpbwplvttc       0 
ND4D0HPBWPLVT              2       5.600       0.060    tcbn65lphpbwplvttc       0 
ND4D1HPBWPLVT             76     212.800      38.693    tcbn65lphpbwplvttc       0 
ND4D2HPBWPLVT              2      10.400       8.433    tcbn65lphpbwplvttc       0 
ND4D3HPBWPLVT              1       6.800       0.217    tcbn65lphpbwplvttc       0 
ND4D8HPBWPLVT             16     134.400     345.784    tcbn65lphpbwplvttc       0 
NR2D0HPBWP                 1       1.600       0.035    tcbn65lphpbwptc          0 
NR2D1HPBWP                22      35.200       3.001    tcbn65lphpbwptc          0 
NR2D1HPBWPLVT            237     379.200     210.261    tcbn65lphpbwplvttc       0 
NR2D2HPBWP                 3       8.400       0.580    tcbn65lphpbwptc          0 
NR2D2HPBWPLVT            280     784.000    1172.539    tcbn65lphpbwplvttc       0 
NR2D3HPBWPLVT            174     696.000    1159.151    tcbn65lphpbwplvttc       0 
NR2D4HPBWPLVT            145     696.000    1510.167    tcbn65lphpbwplvttc       0 
NR2D8HPBWPLVT             27     248.400     418.209    tcbn65lphpbwplvttc       0 
NR2XD0HPBWPLVT           693    1108.800     315.984    tcbn65lphpbwplvttc       0 
NR2XD1HPBWP               11      30.800       1.145    tcbn65lphpbwptc          0 
NR2XD1HPBWPLVT           476    1332.800     313.192    tcbn65lphpbwplvttc       0 
NR2XD2HPBWP                2       9.600       0.497    tcbn65lphpbwptc          0 
NR2XD2HPBWPLVT           415    1992.000    1656.100    tcbn65lphpbwplvttc       0 
NR2XD3HPBWP                1       6.800       0.492    tcbn65lphpbwptc          0 
NR2XD3HPBWPLVT           274    1863.200    1123.959    tcbn65lphpbwplvttc       0 
NR2XD4HPBWPLVT            49     450.800     452.476    tcbn65lphpbwplvttc       0 
NR2XD8HPBWPLVT            22     378.400     390.837    tcbn65lphpbwplvttc       0 
NR3D0HPBWPLVT             15      36.000      17.931    tcbn65lphpbwplvttc       0 
NR3D1HPBWP                 1       3.600       0.078    tcbn65lphpbwptc          0 
NR3D1HPBWPLVT             15      54.000      23.731    tcbn65lphpbwplvttc       0 
NR3D2HPBWPLVT             15      96.000      15.913    tcbn65lphpbwplvttc       0 
NR3D3HPBWPLVT             15     144.000      43.802    tcbn65lphpbwplvttc       0 
NR3D4HPBWPLVT              2      23.200       0.624    tcbn65lphpbwplvttc       0 
NR3D8HPBWPLVT              1      21.200       8.516    tcbn65lphpbwplvttc       0 
NR4D0HPBWP                 1       2.800       0.028    tcbn65lphpbwptc          0 
NR4D0HPBWPLVT             64     179.200      77.240    tcbn65lphpbwplvttc       0 
NR4D1HPBWP                 1       4.800       0.063    tcbn65lphpbwptc          0 
NR4D1HPBWPLVT              2       9.600       0.650    tcbn65lphpbwplvttc       0 
NR4D2HPBWPLVT              1       8.000       7.933    tcbn65lphpbwplvttc       0 
NR4D3HPBWPLVT              1      12.000      27.181    tcbn65lphpbwplvttc       0 
OA211D1HPBWPLVT           24      76.800      66.486    tcbn65lphpbwplvttc       0 
OA21D0HPBWP                1       2.800       0.155    tcbn65lphpbwptc          0 
OA21D0HPBWPLVT             1       2.800       1.278    tcbn65lphpbwplvttc       0 
OA21D1HPBWPLVT            54     151.200     131.397    tcbn65lphpbwplvttc       0 
OA21D2HPBWP                1       3.200       0.441    tcbn65lphpbwptc          0 
OA21D2HPBWPLVT             4      12.800      19.156    tcbn65lphpbwplvttc       0 
OA21D4HPBWPLVT             7      44.800      64.135    tcbn65lphpbwplvttc       0 
OA221D0HPBWPLVT            1       4.000       1.570    tcbn65lphpbwplvttc       0 
OA221D1HPBWP               2       8.000       0.481    tcbn65lphpbwptc          0 
OA221D1HPBWPLVT          105     420.000     273.995    tcbn65lphpbwplvttc       0 
OA222D0HPBWPLVT            5      24.000       5.846    tcbn65lphpbwplvttc       0 
OA222D1HPBWPLVT           32     153.600      73.444    tcbn65lphpbwplvttc       0 
OA222D2HPBWPLVT            4      20.800      17.877    tcbn65lphpbwplvttc       0 
OA22D0HPBWPLVT             1       3.600       1.122    tcbn65lphpbwplvttc       0 
OA22D1HPBWPLVT            67     241.200     138.778    tcbn65lphpbwplvttc       0 
OA22D2HPBWP                1       4.000       0.306    tcbn65lphpbwptc          0 
OA22D2HPBWPLVT             7      28.000      25.807    tcbn65lphpbwplvttc       0 
OA22D4HPBWPLVT            15     108.000     139.157    tcbn65lphpbwplvttc       0 
OA31D1HPBWPLVT             4      12.800      11.989    tcbn65lphpbwplvttc       0 
OA32D1HPBWPLVT             2       8.000       6.398    tcbn65lphpbwplvttc       0 
OAI211D1HPBWPLVT          62     173.600      84.285    tcbn65lphpbwplvttc       0 
OAI211D2HPBWP              1       4.800       0.540    tcbn65lphpbwptc          0 
OAI211D2HPBWPLVT           3      14.400      11.419    tcbn65lphpbwplvttc       0 
OAI211D4HPBWPLVT          22     211.200     135.587    tcbn65lphpbwplvttc       0 
OAI21D0HPBWPLVT            2       4.800       0.998    tcbn65lphpbwplvttc       0 
OAI21D1HPBWP               1       2.400       0.134    tcbn65lphpbwptc          0 
OAI21D1HPBWPLVT          668    1603.200    1133.893    tcbn65lphpbwplvttc       0 
OAI21D2HPBWP               5      20.000       2.448    tcbn65lphpbwptc          0 
OAI21D2HPBWPLVT          302    1208.000    1117.755    tcbn65lphpbwplvttc       0 
OAI21D4HPBWP               2      14.400       1.678    tcbn65lphpbwptc          0 
OAI21D4HPBWPLVT          130     936.000     790.272    tcbn65lphpbwplvttc       0 
OAI221D0HPBWPLVT         153     489.600     113.428    tcbn65lphpbwplvttc       0 
OAI221D1HPBWPLVT          20      72.000      20.819    tcbn65lphpbwplvttc       0 
OAI221D2HPBWPLVT           1       6.400       2.418    tcbn65lphpbwplvttc       0 
OAI221XD4HPBWPLVT          3      36.000      28.920    tcbn65lphpbwplvttc       0 
OAI222D0HPBWPLVT          79     284.400      35.572    tcbn65lphpbwplvttc       0 
OAI222D1HPBWPLVT          12      48.000       7.689    tcbn65lphpbwplvttc       0 
OAI22D0HPBWPLVT            5      14.000       1.886    tcbn65lphpbwplvttc       0 
OAI22D1HPBWP               1       2.800       0.123    tcbn65lphpbwptc          0 
OAI22D1HPBWPLVT          170     476.000     170.384    tcbn65lphpbwplvttc       0 
OAI22D2HPBWP               1       4.800       0.461    tcbn65lphpbwptc          0 
OAI22D2HPBWPLVT           43     206.400     176.763    tcbn65lphpbwplvttc       0 
OAI22D4HPBWPLVT           20     192.000     139.722    tcbn65lphpbwplvttc       0 
OAI31D1HPBWPLVT            3       8.400       7.030    tcbn65lphpbwplvttc       0 
OAI31D2HPBWPLVT            7      33.600      34.501    tcbn65lphpbwplvttc       0 
OAI31D4HPBWPLVT            1       9.200       3.530    tcbn65lphpbwplvttc       0 
OAI32D1HPBWPLVT            5      16.000      10.850    tcbn65lphpbwplvttc       0 
OAI33D4HPBWPLVT            1       6.400      16.780    tcbn65lphpbwplvttc       0 
OR2D0HPBWPLVT              1       2.400       1.071    tcbn65lphpbwplvttc       0 
OR2D1HPBWPLVT            106     254.400     198.611    tcbn65lphpbwplvttc       0 
OR2D2HPBWPLVT             14      39.200      54.146    tcbn65lphpbwplvttc       0 
OR2D4HPBWPLVT             28     134.400     237.037    tcbn65lphpbwplvttc       0 
OR2D8HPBWPLVT             16     128.000     274.866    tcbn65lphpbwplvttc       0 
OR2XD1HPBWPLVT            38      91.200     104.959    tcbn65lphpbwplvttc       0 
OR3D1HPBWPLVT             12      33.600      20.838    tcbn65lphpbwplvttc       0 
OR3D4HPBWPLVT              1       6.000       9.024    tcbn65lphpbwplvttc       0 
OR3D8HPBWPLVT              1       9.600      17.616    tcbn65lphpbwplvttc       0 
OR4D1HPBWPLVT              8      25.600      28.126    tcbn65lphpbwplvttc       0 
OR4D2HPBWPLVT              1       4.000       3.724    tcbn65lphpbwplvttc       0 
XNR2D1HPBWPLVT           803    3212.000    3975.699    tcbn65lphpbwplvttc       0 
XNR2D2HPBWP                2       8.800       1.123    tcbn65lphpbwptc          0 
XNR2D2HPBWPLVT            22      96.800     143.317    tcbn65lphpbwplvttc       0 
XNR2D4HPBWPLVT            21     176.400     342.536    tcbn65lphpbwplvttc       0 
XNR3D0HPBWPLVT             2      13.600      12.023    tcbn65lphpbwplvttc       0 
XNR3D1HPBWP                3      20.400       2.084    tcbn65lphpbwptc          0 
XNR3D1HPBWPLVT           226    1536.800    1714.807    tcbn65lphpbwplvttc       0 
XNR3D2HPBWPLVT             3      26.400      29.002    tcbn65lphpbwplvttc       0 
XNR3D4HPBWPLVT            88    1056.000    2108.893    tcbn65lphpbwplvttc       0 
XNR4D0HPBWPLVT             5      48.000      40.060    tcbn65lphpbwplvttc       0 
XNR4D1HPBWPLVT           373    3580.800    3489.283    tcbn65lphpbwplvttc       0 
XNR4D2HPBWPLVT            15     150.000     172.321    tcbn65lphpbwplvttc       0 
XOR2D0HPBWPLVT             8      32.000      26.760    tcbn65lphpbwplvttc       0 
XOR2D1HPBWPLVT          1384    5536.000    7622.757    tcbn65lphpbwplvttc       0 
XOR2D2HPBWPLVT           122     536.800     848.514    tcbn65lphpbwplvttc       0 
XOR2D4HPBWPLVT            30     252.000     496.970    tcbn65lphpbwplvttc       0 
XOR3D0HPBWPLVT            13      88.400      65.775    tcbn65lphpbwplvttc       0 
XOR3D1HPBWP                1       6.800       0.575    tcbn65lphpbwptc          0 
XOR3D1HPBWPLVT           163    1108.400    1119.145    tcbn65lphpbwplvttc       0 
XOR3D2HPBWPLVT           126     957.600    1232.833    tcbn65lphpbwplvttc       0 
XOR3D4HPBWPLVT           298    3576.000    7053.369    tcbn65lphpbwplvttc       0 
XOR4D0HPBWPLVT            31     310.000     239.596    tcbn65lphpbwplvttc       0 
XOR4D1HPBWP               32     320.000      30.470    tcbn65lphpbwptc          0 
XOR4D1HPBWPLVT            94     940.000    1038.404    tcbn65lphpbwplvttc       0 
XOR4D2HPBWPLVT            51     550.800     613.849    tcbn65lphpbwplvttc       0 
-----------------------------------------------------------------------------------
total                  36453  153809.600  152249.404                       


                                                      Leakage  Leakage 
      Library      Instances Instances %    Area    Power (nW) Power % 
-----------------------------------------------------------------------
tcbn65lphpbwplvttc     35227        96.6 150316.800 151974.285    99.8 
tcbn65lphpbwptc         1226         3.4   3492.800    275.119     0.2 

                                             Leakage  Leakage 
     Type      Instances    Area    Area % Power (nW) Power % 
--------------------------------------------------------------
sequential          3326  30861.600   20.1  24428.422    16.0 
inverter            4142   7948.000    5.2  11676.263     7.7 
buffer               959   2261.200    1.5   2527.210     1.7 
logic              28026 112738.800   73.3 113617.509    74.6 
physical_cells         0      0.000    0.0      0.000     0.0 
--------------------------------------------------------------
total              36453 153809.600  100.0 152249.404   100.0 

