============================================================
  Generated by:           Genus(TM) Synthesis Solution 19.11-s087_1
  Generated on:           Aug 18 2021  05:56:41 pm
  Module:                 top_ft
  Operating conditions:   NCCOM 
  Operating conditions:   WCCOM 
  Operating conditions:   WCCOM 
  Operating conditions:   BCCOM 
  Interconnect mode:      global
  Area mode:              physical library
============================================================

                    Instance                           Module         Cell Count  Cell Area  Net Area   Total Area 
-------------------------------------------------------------------------------------------------------------------
top_ft                                                                     36453 153809.600 64562.769   218372.369 
  dut_pmu_ahb                                   pmu_ahb                    36453 153809.600 64289.233   218098.833 
    inst_pmu_raw                                PMU_raw                    13280  54028.400 20791.559    74819.959 
      inst_MCCU                                 MCCU                        1690   6052.400  2546.675     8599.075 
      inst_quota                                PMU_quota                   1602   6013.200  2413.438     8426.638 
    Slvft.slv_ham_dec[48].slv_hamming32t26d_dec hamming32t26d_dec_48         200    864.400   261.577     1125.977 
    Slvft.slv_ham_dec[47].slv_hamming32t26d_dec hamming32t26d_dec_47         202    823.600   266.311     1089.911 
    Slvft.slv_ham_dec[37].slv_hamming32t26d_dec hamming32t26d_dec_37         188    806.000   249.290     1055.290 
    Slvft.slv_ham_dec[39].slv_hamming32t26d_dec hamming32t26d_dec_39         190    798.000   247.785     1045.785 
    Slvft.slv_ham_dec[35].slv_hamming32t26d_dec hamming32t26d_dec_35         187    792.800   243.544     1036.344 
    Slvft.slv_ham_dec[40].slv_hamming32t26d_dec hamming32t26d_dec_40         192    779.200   250.960     1030.160 
    Slvft.slv_ham_dec[34].slv_hamming32t26d_dec hamming32t26d_dec_34         186    758.400   246.116     1004.516 
    Slvft.slv_ham_dec[36].slv_hamming32t26d_dec hamming32t26d_dec_36         186    756.400   245.076     1001.476 
    Slvft.slv_ham_dec[38].slv_hamming32t26d_dec hamming32t26d_dec_38         171    699.600   224.909      924.509 
    Slvft.slv_ham_dec[53].slv_hamming32t26d_dec hamming32t26d_dec_53         174    696.800   226.551      923.351 
    Slvft.slv_ham_dec[54].slv_hamming32t26d_dec hamming32t26d_dec_54         175    688.800   229.178      917.978 
    Slvft.slv_ham_dec[33].slv_hamming32t26d_dec hamming32t26d_dec_33         171    699.600   213.990      913.590 
    Slvft.slv_ham_dec[46].slv_hamming32t26d_dec hamming32t26d_dec_46         165    636.000   207.067      843.067 
    Slvft.slv_ham_dec[55].slv_hamming32t26d_dec hamming32t26d_dec_55         157    607.600   204.248      811.848 
    Slvft.slv_ham_dec[56].slv_hamming32t26d_dec hamming32t26d_dec_56         150    581.600   194.178      775.778 
    Slvft.slv_ham_dec[49].slv_hamming32t26d_dec hamming32t26d_dec_49         153    578.400   190.101      768.501 
    Slvft.slv_ham_dec[57].slv_hamming32t26d_dec hamming32t26d_dec_57         151    549.600   191.716      741.316 
    Slvft.slv_ham_dec[41].slv_hamming32t26d_dec hamming32t26d_dec_41         119    438.800   146.017      584.817 
    Slvft.slv_ham_dec[45].slv_hamming32t26d_dec hamming32t26d_dec_45         111    444.800   130.200      575.000 
    Slvft.slv_ham_dec[51].slv_hamming32t26d_dec hamming32t26d_dec_51         106    430.400   123.824      554.224 
    Slvft.slv_ham_dec[50].slv_hamming32t26d_dec hamming32t26d_dec_50         108    426.000   126.479      552.479 
    Slvft.slv_ham_dec[44].slv_hamming32t26d_dec hamming32t26d_dec_44         113    417.200   132.855      550.055 
    Slvft.slv_ham_dec[52].slv_hamming32t26d_dec hamming32t26d_dec_52         110    414.800   128.093      542.893 
    Slvft.slv_ham_dec[43].slv_hamming32t26d_dec hamming32t26d_dec_43         109    415.200   127.546      542.746 
    Slvft.slv_ham_dec[42].slv_hamming32t26d_dec hamming32t26d_dec_42         108    413.600   126.479      540.079 
    Slvft.slv_ham_dec[32].slv_hamming32t26d_dec hamming32t26d_dec_32         107    413.200   124.891      538.091 
