============================================================
  Generated by:           Genus(TM) Synthesis Solution 19.11-s087_1
  Generated on:           Aug 18 2021  05:56:41 pm
  Module:                 top_ft
  Operating conditions:   NCCOM 
  Operating conditions:   WCCOM 
  Operating conditions:   WCCOM 
  Operating conditions:   BCCOM 
  Interconnect mode:      global
  Area mode:              physical library
============================================================

Timing
--------

 Analysis view Clock Period 
----------------------------
view_typ       clk   2000.0 
view_slow      clk   2000.0 
view_superslow clk   2000.0 
view_fast      clk   2000.0 


   Analysis      Cost   Critical         Violating 
     View       Group  Path Slack  TNS     Paths   
---------------------------------------------------
view_typ           C2C      753.9   0.0          0 
                   C2O      725.8   0.0          0 
                   clk   No paths   0.0          0 
               default   No paths   0.0          0 
                   I2C      767.4   0.0          0 
                   I2O      755.7   0.0          0 
---------------------------------------------------
Total                              -0.0          0 
                                                   
view_slow          C2C       -5.2 -23.3         10 
                   C2O        0.0   0.0          0 
                   clk   No paths   0.0          0 
               default   No paths   0.0          0 
                   I2C       58.6   0.0          0 
                   I2O      114.7   0.0          0 
---------------------------------------------------
Total                             -23.3         10 
                                                   
view_superslow     C2C       35.3   0.0          0 
                   C2O       41.6   0.0          0 
                   clk   No paths   0.0          0 
               default   No paths   0.0          0 
                   I2C      137.7   0.0          0 
                   I2O      197.4   0.0          0 
---------------------------------------------------
Total                              -0.0          0 
                                                   
view_fast          C2C     1110.7   0.0          0 
                   C2O     1070.0   0.0          0 
                   clk   No paths   0.0          0 
               default   No paths   0.0          0 
                   I2C     1116.1   0.0          0 
                   I2O     1068.4   0.0          0 
---------------------------------------------------
Total                              -0.0          0 
                                                   

Instance Count
--------------
Leaf Instance Count             36453 
Physical Instance count             0 
Sequential Instance Count        3326 
Combinational Instance Count    33127 
Hierarchical Instance Count        30 

Area
----
Cell Area                          153809.600
Physical Cell Area                 0.000
Total Cell Area (Cell+Physical)    153809.600
Net Area                           64562.769
Total Area (Cell+Physical+Net)     218372.369

Runtime                            207.61582399999998 seconds
Elapsed Runtime                    5623 seconds
Genus peak memory usage            1732.11 
Innovus peak memory usage          no_value 
Hostname                           epi03.bsc.es
