============================================================
  Generated by:           Genus(TM) Synthesis Solution 19.11-s087_1
  Generated on:           Aug 18 2021  04:46:45 pm
  Module:                 top_ft
  Operating conditions:   NCCOM 
  Operating conditions:   WCCOM 
  Operating conditions:   WCCOM 
  Operating conditions:   BCCOM 
  Interconnect mode:      global
  Area mode:              physical library
============================================================

                    Instance                                Module              Cell Count  Cell Area  Net Area   Total Area 
-----------------------------------------------------------------------------------------------------------------------------
top_ft                                                                               69929 277552.579    43.756   277596.334 
  dut_pmu_ahb                                   pmu_ahb                              69929 277552.579     0.000   277552.579 
    inst_pmu_raw                                PMU_raw                              24076  98380.947     0.000    98380.947 
      inst_MCCU                                 MCCU                                  3446  13712.848     0.000    13712.848 
        sub_378_66_I3_I2                        sub_unsigned_8792_9187                 190    674.024     0.000      674.024 
        sub_378_66_I2_I2                        sub_unsigned_8792_9187                 190    674.024     0.000      674.024 
        sub_378_66_I1_I2                        sub_unsigned_8792_9187                 190    674.024     0.000      674.024 
        sub_361_69_I4_I2                        sub_unsigned_8792                      188    666.929     0.000      666.929 
        sub_361_69_I3_I2                        sub_unsigned_8792                      188    666.929     0.000      666.929 
        sub_361_69_I2_I2                        sub_unsigned_8792                      188    666.929     0.000      666.929 
        sub_361_69_I1_I2                        sub_unsigned_8792                      188    666.929     0.000      666.929 
        sub_378_66_I4_I2                        sub_unsigned_8792_9181                 186    659.834     0.000      659.834 
      inst_quota                                PMU_quota                             3147  11758.177     0.000    11758.177 
        add_141_42                              add_unsigned_8821                      422   1497.044     0.000     1497.044 
        gt_163_37                               gt_unsigned_rtlopto_model_1776         156    553.409     0.000      553.409 
      inst_counters_inc_add_68_63_I24           increment_unsigned_309                 168    595.979     0.000      595.979 
      inst_counters_inc_add_68_63_I23           increment_unsigned_309                 168    595.979     0.000      595.979 
      inst_counters_inc_add_68_63_I22           increment_unsigned_309                 168    595.979     0.000      595.979 
      inst_counters_inc_add_68_63_I21           increment_unsigned_309                 168    595.979     0.000      595.979 
      inst_counters_inc_add_68_63_I20           increment_unsigned_309                 168    595.979     0.000      595.979 
      inst_counters_inc_add_68_63_I19           increment_unsigned_309                 168    595.979     0.000      595.979 
      inst_counters_inc_add_68_63_I18           increment_unsigned_309                 168    595.979     0.000      595.979 
      inst_counters_inc_add_68_63_I17           increment_unsigned_309                 168    595.979     0.000      595.979 
      inst_counters_inc_add_68_63_I16           increment_unsigned_309                 168    595.979     0.000      595.979 
      inst_counters_inc_add_68_63_I15           increment_unsigned_309                 168    595.979     0.000      595.979 
      inst_counters_inc_add_68_63_I14           increment_unsigned_309                 168    595.979     0.000      595.979 
      inst_counters_inc_add_68_63_I13           increment_unsigned_309                 168    595.979     0.000      595.979 
      inst_counters_inc_add_68_63_I12           increment_unsigned_309                 168    595.979     0.000      595.979 
      inst_counters_inc_add_68_63_I11           increment_unsigned_309                 168    595.979     0.000      595.979 
      inst_counters_inc_add_68_63_I10           increment_unsigned_309                 168    595.979     0.000      595.979 
      inst_counters_inc_add_68_63_I9            increment_unsigned_309                 168    595.979     0.000      595.979 
      inst_counters_inc_add_68_63_I8            increment_unsigned_309                 168    595.979     0.000      595.979 
      inst_counters_inc_add_68_63_I7            increment_unsigned_309                 168    595.979     0.000      595.979 
      inst_counters_inc_add_68_63_I6            increment_unsigned_309                 168    595.979     0.000      595.979 
      inst_counters_inc_add_68_63_I5            increment_unsigned_309                 168    595.979     0.000      595.979 
      inst_counters_inc_add_68_63_I4            increment_unsigned_309                 168    595.979     0.000      595.979 
      inst_counters_inc_add_68_63_I3            increment_unsigned_309                 168    595.979     0.000      595.979 
      inst_counters_inc_add_68_63_I2            increment_unsigned_309                 168    595.979     0.000      595.979 
      inst_counters_inc_add_68_63_I1            increment_unsigned_309                 168    595.979     0.000      595.979 
    Slvft.slv_ham_dec[56].slv_hamming32t26d_dec hamming32t26d_dec_56                   296   1050.059     0.000     1050.059 
    Slvft.slv_ham_dec[55].slv_hamming32t26d_dec hamming32t26d_dec_55                   296   1050.059     0.000     1050.059 
    Slvft.slv_ham_dec[54].slv_hamming32t26d_dec hamming32t26d_dec_54                   296   1050.059     0.000     1050.059 
    Slvft.slv_ham_dec[53].slv_hamming32t26d_dec hamming32t26d_dec_53                   296   1050.059     0.000     1050.059 
    Slvft.slv_ham_dec[52].slv_hamming32t26d_dec hamming32t26d_dec_52                   296   1050.059     0.000     1050.059 
    Slvft.slv_ham_dec[51].slv_hamming32t26d_dec hamming32t26d_dec_51                   296   1050.059     0.000     1050.059 
    Slvft.slv_ham_dec[50].slv_hamming32t26d_dec hamming32t26d_dec_50                   296   1050.059     0.000     1050.059 
    Slvft.slv_ham_dec[49].slv_hamming32t26d_dec hamming32t26d_dec_49                   296   1050.059     0.000     1050.059 
    Slvft.slv_ham_dec[48].slv_hamming32t26d_dec hamming32t26d_dec_48                   296   1050.059     0.000     1050.059 
    Slvft.slv_ham_dec[47].slv_hamming32t26d_dec hamming32t26d_dec_47                   296   1050.059     0.000     1050.059 
    Slvft.slv_ham_dec[46].slv_hamming32t26d_dec hamming32t26d_dec_46                   296   1050.059     0.000     1050.059 
    Slvft.slv_ham_dec[45].slv_hamming32t26d_dec hamming32t26d_dec_45                   296   1050.059     0.000     1050.059 
    Slvft.slv_ham_dec[44].slv_hamming32t26d_dec hamming32t26d_dec_44                   296   1050.059     0.000     1050.059 
    Slvft.slv_ham_dec[43].slv_hamming32t26d_dec hamming32t26d_dec_43                   296   1050.059     0.000     1050.059 
    Slvft.slv_ham_dec[42].slv_hamming32t26d_dec hamming32t26d_dec_42                   296   1050.059     0.000     1050.059 
    Slvft.slv_ham_dec[41].slv_hamming32t26d_dec hamming32t26d_dec_41                   296   1050.059     0.000     1050.059 
    Slvft.slv_ham_dec[40].slv_hamming32t26d_dec hamming32t26d_dec_40                   296   1050.059     0.000     1050.059 
    Slvft.slv_ham_dec[39].slv_hamming32t26d_dec hamming32t26d_dec_39                   296   1050.059     0.000     1050.059 
    Slvft.slv_ham_dec[38].slv_hamming32t26d_dec hamming32t26d_dec_38                   296   1050.059     0.000     1050.059 
    Slvft.slv_ham_dec[37].slv_hamming32t26d_dec hamming32t26d_dec_37                   296   1050.059     0.000     1050.059 
    Slvft.slv_ham_dec[36].slv_hamming32t26d_dec hamming32t26d_dec_36                   296   1050.059     0.000     1050.059 
    Slvft.slv_ham_dec[35].slv_hamming32t26d_dec hamming32t26d_dec_35                   296   1050.059     0.000     1050.059 
    Slvft.slv_ham_dec[34].slv_hamming32t26d_dec hamming32t26d_dec_34                   296   1050.059     0.000     1050.059 
    Slvft.slv_ham_dec[33].slv_hamming32t26d_dec hamming32t26d_dec_33                   296   1050.059     0.000     1050.059 
    Slvft.slv_ham_dec[32].slv_hamming32t26d_dec hamming32t26d_dec_32                   296   1050.059     0.000     1050.059 
    Slvft.slv_ham_dec[57].slv_hamming32t26d_dec hamming32t26d_dec_57                   263    932.992     0.000      932.992 
