============================================================
  Generated by:           Genus(TM) Synthesis Solution 19.11-s087_1
  Generated on:           Aug 18 2021  05:08:30 pm
  Module:                 top_ft
  Operating conditions:   NCCOM 
  Operating conditions:   WCCOM 
  Operating conditions:   WCCOM 
  Operating conditions:   BCCOM 
  Interconnect mode:      global
  Area mode:              physical library
============================================================

Timing
--------

 Analysis view Clock Period 
----------------------------
view_typ       clk   2000.0 
view_slow      clk   2000.0 
view_superslow clk   2000.0 
view_fast      clk   2000.0 


   Analysis      Cost   Critical           Violating 
     View       Group  Path Slack   TNS      Paths   
-----------------------------------------------------
view_typ           C2C      682.6     0.0          0 
                   C2O      725.7     0.0          0 
                   clk   No paths     0.0          0 
               default   No paths     0.0          0 
                   I2C      792.9     0.0          0 
                   I2O      787.4     0.0          0 
-----------------------------------------------------
Total                                -0.0          0 
                                                     
view_slow          C2C     -131.6 -1737.3         32 
                   C2O        0.0     0.0          0 
                   clk   No paths     0.0          0 
               default   No paths     0.0          0 
                   I2C      124.5     0.0          0 
                   I2O      183.4     0.0          0 
-----------------------------------------------------
Total                             -1737.3         32 
                                                     
view_superslow     C2C      -84.7  -459.3         20 
                   C2O       42.1     0.0          0 
                   clk   No paths     0.0          0 
               default   No paths     0.0          0 
                   I2C      180.4     0.0          0 
                   I2O      241.5     0.0          0 
-----------------------------------------------------
Total                              -459.3         20 
                                                     
view_fast          C2C     1071.0     0.0          0 
                   C2O     1071.9     0.0          0 
                   clk   No paths     0.0          0 
               default   No paths     0.0          0 
                   I2C     1120.6     0.0          0 
                   I2O     1095.4     0.0          0 
-----------------------------------------------------
Total                                -0.0          0 
                                                     

Instance Count
--------------
Leaf Instance Count             37510 
Physical Instance count             0 
Sequential Instance Count        3326 
Combinational Instance Count    34184 
Hierarchical Instance Count        30 

Area
----
Cell Area                          159570.400
Physical Cell Area                 0.000
Total Cell Area (Cell+Physical)    159570.400
Net Area                           65756.654
Total Area (Cell+Physical+Net)     225327.054

Runtime                            216.99520799999993 seconds
Elapsed Runtime                    1739 seconds
Genus peak memory usage            1710.90 
Innovus peak memory usage          no_value 
Hostname                           epi03.bsc.es
