============================================================
  Generated by:           Genus(TM) Synthesis Solution 19.11-s087_1
  Generated on:           Aug 18 2021  05:08:30 pm
  Module:                 top_ft
  Operating conditions:   NCCOM 
  Operating conditions:   WCCOM 
  Operating conditions:   WCCOM 
  Operating conditions:   BCCOM 
  Interconnect mode:      global
  Area mode:              physical library
============================================================

                    Instance                           Module         Cell Count  Cell Area  Net Area   Total Area 
-------------------------------------------------------------------------------------------------------------------
top_ft                                                                     37510 159570.400 65756.654   225327.054 
  dut_pmu_ahb                                   pmu_ahb                    37510 159570.400 65474.800   225045.200 
    inst_pmu_raw                                PMU_raw                    13367  55600.800 20786.278    76387.078 
      inst_quota                                PMU_quota                   1642   6806.800  2437.683     9244.483 
      inst_MCCU                                 MCCU                        1731   6159.600  2574.697     8734.297 
    Slvft.slv_ham_dec[48].slv_hamming32t26d_dec hamming32t26d_dec_48         210    912.000   273.289     1185.289 
    Slvft.slv_ham_dec[47].slv_hamming32t26d_dec hamming32t26d_dec_47         205    854.400   268.993     1123.393 
    Slvft.slv_ham_dec[35].slv_hamming32t26d_dec hamming32t26d_dec_35         198    841.600   256.843     1098.443 
    Slvft.slv_ham_dec[37].slv_hamming32t26d_dec hamming32t26d_dec_37         193    836.400   254.626     1091.026 
    Slvft.slv_ham_dec[40].slv_hamming32t26d_dec hamming32t26d_dec_40         200    824.800   260.537     1085.337 
    Slvft.slv_ham_dec[39].slv_hamming32t26d_dec hamming32t26d_dec_39         190    809.600   247.785     1057.385 
    Slvft.slv_ham_dec[34].slv_hamming32t26d_dec hamming32t26d_dec_34         191    799.200   249.892     1049.092 
    Slvft.slv_ham_dec[36].slv_hamming32t26d_dec hamming32t26d_dec_36         189    790.400   248.798     1039.198 
    Slvft.slv_ham_dec[54].slv_hamming32t26d_dec hamming32t26d_dec_54         192    768.000   251.480     1019.480 
    Slvft.slv_ham_dec[53].slv_hamming32t26d_dec hamming32t26d_dec_53         183    732.800   236.155      968.955 
    Slvft.slv_ham_dec[38].slv_hamming32t26d_dec hamming32t26d_dec_38         178    715.600   232.379      947.979 
    Slvft.slv_ham_dec[33].slv_hamming32t26d_dec hamming32t26d_dec_33         172    720.800   216.097      936.897 
    Slvft.slv_ham_dec[55].slv_hamming32t26d_dec hamming32t26d_dec_55         168    649.600   216.508      866.108 
    Slvft.slv_ham_dec[46].slv_hamming32t26d_dec hamming32t26d_dec_46         166    645.600   208.134      853.734 
    Slvft.slv_ham_dec[49].slv_hamming32t26d_dec hamming32t26d_dec_49         159    604.400   196.504      800.904 
    Slvft.slv_ham_dec[56].slv_hamming32t26d_dec hamming32t26d_dec_56         153    594.400   198.940      793.340 
    Slvft.slv_ham_dec[57].slv_hamming32t26d_dec hamming32t26d_dec_57         159    572.400   202.333      774.733 
    Slvft.slv_ham_dec[41].slv_hamming32t26d_dec hamming32t26d_dec_41         120    452.000   147.084      599.084 
    Slvft.slv_ham_dec[45].slv_hamming32t26d_dec hamming32t26d_dec_45         111    448.000   130.200      578.200 
    Slvft.slv_ham_dec[50].slv_hamming32t26d_dec hamming32t26d_dec_50         113    442.400   132.855      575.255 
    Slvft.slv_ham_dec[44].slv_hamming32t26d_dec hamming32t26d_dec_44         115    428.000   136.029      564.029 
    Slvft.slv_ham_dec[52].slv_hamming32t26d_dec hamming32t26d_dec_52         113    428.000   132.335      560.335 
    Slvft.slv_ham_dec[51].slv_hamming32t26d_dec hamming32t26d_dec_51         107    432.800   124.891      557.691 
    Slvft.slv_ham_dec[42].slv_hamming32t26d_dec hamming32t26d_dec_42         111    424.800   130.720      555.520 
    Slvft.slv_ham_dec[43].slv_hamming32t26d_dec hamming32t26d_dec_43         109    419.600   128.066      547.666 
    Slvft.slv_ham_dec[32].slv_hamming32t26d_dec hamming32t26d_dec_32         108    417.200   125.959      543.159 
