============================================================
  Generated by:           Genus(TM) Synthesis Solution 19.11-s087_1
  Generated on:           Aug 18 2021  05:08:36 pm
  Module:                 top_ft
  Operating conditions:   NCCOM 
  Operating conditions:   WCCOM 
  Operating conditions:   WCCOM 
  Operating conditions:   BCCOM 
  Interconnect mode:      global
  Area mode:              physical library
============================================================

                                           Leakage                         Library 
       Gate        Instances     Area     Power (nW)        Library         Domain 
-----------------------------------------------------------------------------------
AN2D0HPBWPLVT              2       4.800       0.876    tcbn65lphpbwplvttc       0 
AN2D2HPBWP                 1       2.800       0.237    tcbn65lphpbwptc          0 
AN2D2HPBWPLVT            128     358.400     263.833    tcbn65lphpbwplvttc       0 
AN2D4HPBWPLVT             47     225.600     245.344    tcbn65lphpbwplvttc       0 
AN2D8HPBWPLVT             29     232.000     317.893    tcbn65lphpbwplvttc       0 
AN2XD1HPBWP               37      88.800       6.513    tcbn65lphpbwptc          0 
AN2XD1HPBWPLVT           550    1320.000    1149.632    tcbn65lphpbwplvttc       0 
AN3D2HPBWPLVT              7      22.400      12.969    tcbn65lphpbwplvttc       0 
AN3D4HPBWPLVT              9      54.000      43.943    tcbn65lphpbwplvttc       0 
AN3D8HPBWPLVT              3      28.800      15.835    tcbn65lphpbwplvttc       0 
AN3XD1HPBWPLVT            41     114.800      53.545    tcbn65lphpbwplvttc       0 
AN4D0HPBWPLVT              1       3.200       0.362    tcbn65lphpbwplvttc       0 
AN4D1HPBWPLVT              2       6.400       1.251    tcbn65lphpbwplvttc       0 
AN4D2HPBWPLVT              8      32.000      10.112    tcbn65lphpbwplvttc       0 
AN4D4HPBWPLVT              6      43.200      15.438    tcbn65lphpbwplvttc       0 
AN4XD1HPBWP                2       6.400       0.238    tcbn65lphpbwptc          0 
AN4XD1HPBWPLVT            80     256.000      64.447    tcbn65lphpbwplvttc       0 
AO211D1HPBWPLVT           19      60.800      95.103    tcbn65lphpbwplvttc       0 
AO21D1HPBWPLVT           113     316.400     386.353    tcbn65lphpbwplvttc       0 
AO21D2HPBWPLVT             8      25.600      41.058    tcbn65lphpbwplvttc       0 
AO21D4HPBWPLVT           172    1032.000    2047.310    tcbn65lphpbwplvttc       0 
AO221D0HPBWPLVT            5      20.000       9.601    tcbn65lphpbwplvttc       0 
AO221D1HPBWPLVT            1       4.400       4.102    tcbn65lphpbwplvttc       0 
AO222D1HPBWPLVT           37     177.600      88.474    tcbn65lphpbwplvttc       0 
AO22D0HPBWP                4      12.800       0.501    tcbn65lphpbwptc          0 
AO22D0HPBWPLVT           300     960.000     353.832    tcbn65lphpbwplvttc       0 
AO22D1HPBWPLVT           116     417.600     293.220    tcbn65lphpbwplvttc       0 
AO22D2HPBWPLVT           113     452.000     393.203    tcbn65lphpbwplvttc       0 
AO22D4HPBWPLVT           215    1548.000    1818.997    tcbn65lphpbwplvttc       0 
AO31D1HPBWPLVT            11      35.200      27.511    tcbn65lphpbwplvttc       0 
AO31D4HPBWPLVT             2      14.400      21.520    tcbn65lphpbwplvttc       0 
AO32D4HPBWPLVT             1       8.400       9.775    tcbn65lphpbwplvttc       0 
AOI211D1HPBWPLVT           3       8.400       8.035    tcbn65lphpbwplvttc       0 
AOI211XD0HPBWPLVT         62     173.600     115.173    tcbn65lphpbwplvttc       0 
AOI21D0HPBWPLVT            1       2.400       0.738    tcbn65lphpbwplvttc       0 
AOI21D1HPBWPLVT          116     278.400     207.583    tcbn65lphpbwplvttc       0 
AOI21D2HPBWPLVT           81     324.000     423.618    tcbn65lphpbwplvttc       0 
AOI21D4HPBWPLVT           84     604.800     871.106    tcbn65lphpbwplvttc       0 
AOI221D0HPBWPLVT          50     160.000      60.811    tcbn65lphpbwplvttc       0 
AOI221D1HPBWPLVT          43     154.800     108.379    tcbn65lphpbwplvttc       0 
AOI222D0HPBWP             49     196.000       3.981    tcbn65lphpbwptc          0 
AOI222D0HPBWPLVT          29     116.000      28.639    tcbn65lphpbwplvttc       0 
AOI222D1HPBWPLVT         119     523.600     219.390    tcbn65lphpbwplvttc       0 
AOI222D2HPBWPLVT           4      28.800      11.421    tcbn65lphpbwplvttc       0 
AOI222D4HPBWPLVT           1       6.800      12.631    tcbn65lphpbwplvttc       0 
AOI222XD4HPBWPLVT          1      14.000       3.585    tcbn65lphpbwplvttc       0 
AOI22D1HPBWP               5      14.000       0.835    tcbn65lphpbwptc          0 
AOI22D1HPBWPLVT          234     655.200     369.991    tcbn65lphpbwplvttc       0 
AOI22D2HPBWP               9      43.200       1.217    tcbn65lphpbwptc          0 
AOI22D2HPBWPLVT          112     537.600     347.279    tcbn65lphpbwplvttc       0 
AOI22D4HPBWPLVT           31     310.000     104.020    tcbn65lphpbwplvttc       0 
AOI31D1HPBWPLVT           20      56.000      14.000    tcbn65lphpbwplvttc       0 
AOI31D2HPBWPLVT            5      24.000      22.873    tcbn65lphpbwplvttc       0 
AOI31D4HPBWPLVT            4      38.400       8.613    tcbn65lphpbwplvttc       0 
AOI32D1HPBWPLVT            6      19.200      11.745    tcbn65lphpbwplvttc       0 
AOI32D2HPBWPLVT            1       6.000       4.146    tcbn65lphpbwplvttc       0 
BMLD1HPBWP                 2      20.000       2.451    tcbn65lphpbwptc          0 
BMLD1HPBWPLVT             19     190.000     234.441    tcbn65lphpbwplvttc       0 
BMLD2HPBWPLVT             66     686.400     872.193    tcbn65lphpbwplvttc       0 
BMLD4HPBWPLVT              4      60.800      83.189    tcbn65lphpbwplvttc       0 
BUFFD0HPBWP                5       8.000       0.445    tcbn65lphpbwptc          0 
BUFFD12HPBWPLVT           25     230.000     667.108    tcbn65lphpbwplvttc       0 
BUFFD16HPBWPLVT           11     127.600     343.753    tcbn65lphpbwplvttc       0 
BUFFD2HPBWPLVT           309     741.600    1056.533    tcbn65lphpbwplvttc       0 
BUFFD3HPBWP                1       2.800       0.545    tcbn65lphpbwptc          0 
BUFFD3HPBWPLVT            73     204.400     372.525    tcbn65lphpbwplvttc       0 
BUFFD4HPBWPLVT            46     184.000     379.293    tcbn65lphpbwplvttc       0 
BUFFD6HPBWPLVT            19      91.200     226.028    tcbn65lphpbwplvttc       0 
BUFFD8HPBWPLVT            15      96.000     243.408    tcbn65lphpbwplvttc       0 
CKAN2D8HPBWPLVT            5      34.000      28.606    tcbn65lphpbwplvttc       0 
CKBD0HPBWPLVT              1       1.600       0.855    tcbn65lphpbwplvttc       0 
CKBD12HPBWPLVT            10      84.000     180.350    tcbn65lphpbwplvttc       0 
CKBD16HPBWPLVT             1      10.400      24.865    tcbn65lphpbwplvttc       0 
CKBD1HPBWP               163     260.800      24.450    tcbn65lphpbwptc          0 
CKBD1HPBWPLVT             13      20.800      20.189    tcbn65lphpbwplvttc       0 
CKBD4HPBWPLVT              5      20.000      25.432    tcbn65lphpbwplvttc       0 
CKMUX2D1HPBWPLVT          90     360.000     341.090    tcbn65lphpbwplvttc       0 
CKMUX2D2HPBWP              1       4.400       0.426    tcbn65lphpbwptc          0 
CKMUX2D2HPBWPLVT          12      52.800      65.375    tcbn65lphpbwplvttc       0 
CKMUX2D4HPBWPLVT          21     142.800     245.639    tcbn65lphpbwplvttc       0 
CKND0HPBWPLVT              3       3.600       1.147    tcbn65lphpbwplvttc       0 
CKND12HPBWPLVT            11      74.800     134.883    tcbn65lphpbwplvttc       0 
CKND16HPBWPLVT             5      46.000      72.969    tcbn65lphpbwplvttc       0 
CKND1HPBWP                 2       2.400       0.116    tcbn65lphpbwptc          0 
CKND1HPBWPLVT            240     288.000     158.480    tcbn65lphpbwplvttc       0 
CKND2D1HPBWPLVT           18      28.800       3.403    tcbn65lphpbwplvttc       0 
CKND2D2HPBWPLVT           37     103.600      31.262    tcbn65lphpbwplvttc       0 
CKND2D4HPBWPLVT            1       4.800       1.234    tcbn65lphpbwplvttc       0 
CKND2HPBWP                 3       4.800       0.510    tcbn65lphpbwptc          0 
CKND2HPBWPLVT             54      86.400      77.035    tcbn65lphpbwplvttc       0 
CKND3HPBWPLVT             99     237.600     270.149    tcbn65lphpbwplvttc       0 
CKND4HPBWP                 1       2.800       0.377    tcbn65lphpbwptc          0 
CKND4HPBWPLVT            162     453.600     638.423    tcbn65lphpbwplvttc       0 
CKND6HPBWPLVT             77     308.000     402.820    tcbn65lphpbwplvttc       0 
CKND8HPBWPLVT             20      96.000     152.148    tcbn65lphpbwplvttc       0 
CKXOR2D1HPBWPLVT          65     260.000     283.409    tcbn65lphpbwplvttc       0 
CKXOR2D2HPBWPLVT          33     145.200     171.693    tcbn65lphpbwplvttc       0 
CMPE42D1HPBWPLVT          15     288.000     393.623    tcbn65lphpbwplvttc       0 
CMPE42D2HPBWPLVT           3      61.200      87.649    tcbn65lphpbwplvttc       0 
DFCND1HPBWPLVT             6      57.600      34.978    tcbn65lphpbwplvttc       0 
DFCNQD1HPBWPLVT           14     123.200      62.171    tcbn65lphpbwplvttc       0 
DFD1HPBWPLVT             229    1832.000    1391.783    tcbn65lphpbwplvttc       0 
DFD2HPBWPLVT              41     393.600     557.971    tcbn65lphpbwplvttc       0 
DFD4HPBWPLVT              12     148.800     252.993    tcbn65lphpbwplvttc       0 
DFKCND1HPBWP               5      46.000       2.813    tcbn65lphpbwptc          0 
DFKCND1HPBWPLVT          126    1159.200     707.103    tcbn65lphpbwplvttc       0 
DFKCND2HPBWPLVT           27     280.800     351.700    tcbn65lphpbwplvttc       0 
DFKCND4HPBWPLVT          215    2838.000    4587.951    tcbn65lphpbwplvttc       0 
DFKCNQD1HPBWP             94     789.600      38.808    tcbn65lphpbwptc          0 
DFKCNQD1HPBWPLVT        1174    9861.600    4762.282    tcbn65lphpbwplvttc       0 
DFKCNQD2HPBWP              1       8.800       0.711    tcbn65lphpbwptc          0 
DFKCNQD2HPBWPLVT         370    3256.000    2761.564    tcbn65lphpbwplvttc       0 
DFKCNQD4HPBWP              1      10.000       1.175    tcbn65lphpbwptc          0 
DFKCNQD4HPBWPLVT         264    2640.000    2918.708    tcbn65lphpbwplvttc       0 
DFKCSND1HPBWPLVT           5      52.000      29.295    tcbn65lphpbwplvttc       0 
DFKSND1HPBWPLVT            8      80.000      64.657    tcbn65lphpbwplvttc       0 
DFQD1HPBWP                 3      22.800       1.393    tcbn65lphpbwptc          0 
DFQD1HPBWPLVT            307    2333.200    1333.038    tcbn65lphpbwplvttc       0 
DFQD2HPBWPLVT             26     208.000     135.286    tcbn65lphpbwplvttc       0 
DFQD4HPBWPLVT             31     285.200     295.719    tcbn65lphpbwplvttc       0 
EDFD2HPBWPLVT              7      84.000      85.819    tcbn65lphpbwplvttc       0 
EDFQD1HPBWPLVT             1      10.800       5.227    tcbn65lphpbwplvttc       0 
EDFQD4HPBWPLVT           359    4451.600    4556.550    tcbn65lphpbwplvttc       0 
FA1D0HPBWPLVT              9      90.000     116.165    tcbn65lphpbwplvttc       0 
FA1D1HPBWPLVT              8      92.800     136.988    tcbn65lphpbwplvttc       0 
FA1D2HPBWPLVT              6      74.400     134.063    tcbn65lphpbwplvttc       0 
FCICIND1HPBWPLVT           6      31.200      22.179    tcbn65lphpbwplvttc       0 
FICIND1HPBWPLVT            1      11.200      15.563    tcbn65lphpbwplvttc       0 
FICIND2HPBWPLVT            1      13.600      24.184    tcbn65lphpbwplvttc       0 
FIICOND1HPBWPLVT           4      48.000      74.681    tcbn65lphpbwplvttc       0 
FIICOND2HPBWPLVT           5      72.000     123.851    tcbn65lphpbwplvttc       0 
HA1D0HPBWPLVT            571    3654.400    3961.480    tcbn65lphpbwplvttc       0 
HA1D2HPBWPLVT             13     104.000     153.852    tcbn65lphpbwplvttc       0 
HCOSCIND1HPBWPLVT          1      12.400      12.320    tcbn65lphpbwplvttc       0 
HICOND1HPBWPLVT            2      15.200      18.484    tcbn65lphpbwplvttc       0 
IAO21D1HPBWPLVT           31      86.800      89.078    tcbn65lphpbwplvttc       0 
IAO21D2HPBWPLVT           13      52.000      92.831    tcbn65lphpbwplvttc       0 
IAO21D4HPBWPLVT            2      12.800      29.591    tcbn65lphpbwplvttc       0 
IAO22D1HPBWPLVT            4      14.400      12.542    tcbn65lphpbwplvttc       0 
IAO22D2HPBWPLVT            3      14.400      18.090    tcbn65lphpbwplvttc       0 
IAO22D4HPBWPLVT            1       7.600      11.663    tcbn65lphpbwplvttc       0 
IIND4D1HPBWPLVT            2       8.000       3.752    tcbn65lphpbwplvttc       0 
IIND4D2HPBWPLVT            4      27.200      27.383    tcbn65lphpbwplvttc       0 
IIND4D4HPBWPLVT            5      60.000      53.516    tcbn65lphpbwplvttc       0 
IINR4D0HPBWPLVT           15      60.000      34.249    tcbn65lphpbwplvttc       0 
IND2D0HPBWPLVT             3       7.200       3.423    tcbn65lphpbwplvttc       0 
IND2D1HPBWP               75     180.000      10.608    tcbn65lphpbwptc          0 
IND2D1HPBWPLVT           235     564.000     414.211    tcbn65lphpbwplvttc       0 
IND2D2HPBWP                8      25.600       2.883    tcbn65lphpbwptc          0 
IND2D2HPBWPLVT          1364    4364.800    5020.479    tcbn65lphpbwplvttc       0 
IND2D4HPBWP                2      12.800       1.550    tcbn65lphpbwptc          0 
IND2D4HPBWPLVT           344    2201.600    2793.199    tcbn65lphpbwplvttc       0 
IND3D1HPBWPLVT            30      84.000      36.402    tcbn65lphpbwplvttc       0 
IND3D2HPBWPLVT            11      52.800      34.174    tcbn65lphpbwplvttc       0 
IND3D4HPBWP                1       8.400       1.470    tcbn65lphpbwptc          0 
IND3D4HPBWPLVT            49     411.600     556.530    tcbn65lphpbwplvttc       0 
IND4D1HPBWPLVT            15      48.000      13.286    tcbn65lphpbwplvttc       0 
IND4D2HPBWPLVT            10      64.000      13.091    tcbn65lphpbwplvttc       0 
IND4D4HPBWPLVT             6      64.800      70.280    tcbn65lphpbwplvttc       0 
INR2D1HPBWP                1       2.400       0.080    tcbn65lphpbwptc          0 
INR2D1HPBWPLVT           150     360.000     236.490    tcbn65lphpbwplvttc       0 
INR2D2HPBWP                2       6.400       0.495    tcbn65lphpbwptc          0 
INR2D2HPBWPLVT           101     323.200     298.465    tcbn65lphpbwplvttc       0 
INR2D4HPBWPLVT            61     366.000     522.417    tcbn65lphpbwplvttc       0 
INR2XD0HPBWPLVT           92     220.800     112.731    tcbn65lphpbwplvttc       0 
INR2XD1HPBWPLVT          102     326.400     219.676    tcbn65lphpbwplvttc       0 
INR2XD2HPBWP               1       5.200       0.370    tcbn65lphpbwptc          0 
INR2XD2HPBWPLVT          105     546.000     395.468    tcbn65lphpbwplvttc       0 
INR2XD4HPBWPLVT           27     280.800     301.524    tcbn65lphpbwplvttc       0 
INR3D0HPBWPLVT            25      70.000      27.153    tcbn65lphpbwplvttc       0 
INR3D1HPBWPLVT            15      60.000      29.042    tcbn65lphpbwplvttc       0 
INR3D2HPBWPLVT             2       8.800       3.204    tcbn65lphpbwplvttc       0 
INR3D4HPBWPLVT             4      33.600     112.730    tcbn65lphpbwplvttc       0 
INR4D0HPBWPLVT            10      32.000      25.649    tcbn65lphpbwplvttc       0 
INR4D1HPBWPLVT             1       5.600       1.767    tcbn65lphpbwplvttc       0 
INR4D2HPBWPLVT             3      26.400      21.377    tcbn65lphpbwplvttc       0 
INVD0HPBWPLVT              3       3.600       1.161    tcbn65lphpbwplvttc       0 
INVD12HPBWPLVT            63     428.400    1220.914    tcbn65lphpbwplvttc       0 
INVD16HPBWPLVT            42     386.400     978.036    tcbn65lphpbwplvttc       0 
INVD1HPBWP                 8       9.600       0.800    tcbn65lphpbwptc          0 
INVD1HPBWPLVT           1184    1420.800    1130.229    tcbn65lphpbwplvttc       0 
INVD2HPBWP                 7      11.200       1.520    tcbn65lphpbwptc          0 
INVD2HPBWPLVT            802    1283.200    1658.384    tcbn65lphpbwplvttc       0 
INVD3HPBWP                 4       9.600       1.549    tcbn65lphpbwptc          0 
INVD3HPBWPLVT            596    1430.400    2451.339    tcbn65lphpbwplvttc       0 
INVD4HPBWP                 1       2.800       0.515    tcbn65lphpbwptc          0 
INVD4HPBWPLVT            752    2105.600    4497.685    tcbn65lphpbwplvttc       0 
INVD6HPBWPLVT            215     860.000    2272.489    tcbn65lphpbwplvttc       0 
INVD8HPBWPLVT             55     264.000     739.156    tcbn65lphpbwplvttc       0 
IOA21D0HPBWP               2       5.600       0.244    tcbn65lphpbwptc          0 
IOA21D1HPBWP              11      30.800       2.361    tcbn65lphpbwptc          0 
IOA21D1HPBWPLVT          806    2256.800    1379.689    tcbn65lphpbwplvttc       0 
IOA21D2HPBWP              11      44.000       5.760    tcbn65lphpbwptc          0 
IOA21D2HPBWPLVT         1132    4528.000    4290.284    tcbn65lphpbwplvttc       0 
IOA21D4HPBWP               1       6.400       0.957    tcbn65lphpbwptc          0 
IOA21D4HPBWPLVT           46     294.400     305.277    tcbn65lphpbwplvttc       0 
IOA22D0HPBWPLVT            1       3.600       1.313    tcbn65lphpbwplvttc       0 
IOA22D2HPBWPLVT           15      72.000      90.413    tcbn65lphpbwplvttc       0 
IOA22D4HPBWPLVT           63     478.800     668.533    tcbn65lphpbwplvttc       0 
MAOI222D1HPBWPLVT         34     108.800      52.003    tcbn65lphpbwplvttc       0 
MAOI22D0HPBWPLVT           1       3.200       2.230    tcbn65lphpbwplvttc       0 
MAOI22D1HPBWPLVT         121     387.200     443.414    tcbn65lphpbwplvttc       0 
MAOI22D2HPBWPLVT           2       9.600       9.542    tcbn65lphpbwplvttc       0 
MOAI22D0HPBWP              1       3.200       0.137    tcbn65lphpbwptc          0 
MOAI22D1HPBWPLVT         243     777.600     666.189    tcbn65lphpbwplvttc       0 
MOAI22D2HPBWPLVT          45     216.000     244.300    tcbn65lphpbwplvttc       0 
MUX2D0HPBWP                5      18.000       0.807    tcbn65lphpbwptc          0 
MUX2D0HPBWPLVT           220     792.000     423.177    tcbn65lphpbwplvttc       0 
MUX2D1HPBWP                2       8.000       0.838    tcbn65lphpbwptc          0 
MUX2D1HPBWPLVT           268    1072.000    1228.671    tcbn65lphpbwplvttc       0 
MUX2D2HPBWPLVT           629    2767.600    3906.503    tcbn65lphpbwplvttc       0 
MUX2D4HPBWPLVT           405    2754.000    5592.064    tcbn65lphpbwplvttc       0 
MUX2ND0HPBWPLVT          149     476.800     256.464    tcbn65lphpbwplvttc       0 
MUX2ND1HPBWPLVT            9      43.200      50.915    tcbn65lphpbwplvttc       0 
MUX2ND2HPBWPLVT           14      72.800      92.593    tcbn65lphpbwplvttc       0 
MUX2ND4HPBWPLVT           37     296.000     639.330    tcbn65lphpbwplvttc       0 
MUX3ND0HPBWPLVT            7      42.000      43.819    tcbn65lphpbwplvttc       0 
MUX4ND0HPBWPLVT           14     112.000      84.113    tcbn65lphpbwplvttc       0 
ND2D1HPBWP                10      16.000       0.412    tcbn65lphpbwptc          0 
ND2D1HPBWPLVT           2398    3836.800    1699.011    tcbn65lphpbwplvttc       0 
ND2D2HPBWP                39     109.200       8.088    tcbn65lphpbwptc          0 
ND2D2HPBWPLVT           3384    9475.200    6521.334    tcbn65lphpbwplvttc       0 
ND2D3HPBWPLVT           1168    4672.000    4183.524    tcbn65lphpbwplvttc       0 
ND2D4HPBWPLVT            850    4080.000    4366.624    tcbn65lphpbwplvttc       0 
ND2D8HPBWPLVT             78     717.600     818.000    tcbn65lphpbwplvttc       0 
ND3D1HPBWPLVT             52     124.800      37.675    tcbn65lphpbwplvttc       0 
ND3D2HPBWPLVT             37     148.000      89.268    tcbn65lphpbwplvttc       0 
ND3D3HPBWPLVT            150     780.000     784.718    tcbn65lphpbwplvttc       0 
ND3D4HPBWPLVT            313    2128.400    2244.288    tcbn65lphpbwplvttc       0 
ND3D8HPBWPLVT              1      13.600       0.718    tcbn65lphpbwplvttc       0 
ND4D1HPBWPLVT             74     207.200      34.047    tcbn65lphpbwplvttc       0 
ND4D2HPBWPLVT              3      15.600       8.542    tcbn65lphpbwplvttc       0 
ND4D8HPBWPLVT             16     134.400     345.783    tcbn65lphpbwplvttc       0 
NR2D1HPBWPLVT            211     337.600     178.769    tcbn65lphpbwplvttc       0 
NR2D2HPBWP                 1       2.800       0.117    tcbn65lphpbwptc          0 
NR2D2HPBWPLVT            161     450.800     658.242    tcbn65lphpbwplvttc       0 
NR2D3HPBWPLVT            165     660.000     933.934    tcbn65lphpbwplvttc       0 
NR2D4HPBWPLVT            160     768.000    1868.072    tcbn65lphpbwplvttc       0 
NR2D8HPBWPLVT             13     119.600     291.482    tcbn65lphpbwplvttc       0 
NR2XD0HPBWPLVT           798    1276.800     346.632    tcbn65lphpbwplvttc       0 
NR2XD1HPBWP                2       5.600       0.176    tcbn65lphpbwptc          0 
NR2XD1HPBWPLVT           471    1318.800     296.879    tcbn65lphpbwplvttc       0 
NR2XD2HPBWP                1       4.800       0.153    tcbn65lphpbwptc          0 
NR2XD2HPBWPLVT           647    3105.600    2629.732    tcbn65lphpbwplvttc       0 
NR2XD3HPBWP                1       6.800       0.449    tcbn65lphpbwptc          0 
NR2XD3HPBWPLVT           282    1917.600    1723.768    tcbn65lphpbwplvttc       0 
NR2XD4HPBWPLVT            37     340.400     348.516    tcbn65lphpbwplvttc       0 
NR2XD8HPBWPLVT            23     395.600     277.460    tcbn65lphpbwplvttc       0 
NR3D0HPBWPLVT             13      31.200      13.487    tcbn65lphpbwplvttc       0 
NR3D1HPBWPLVT             13      46.800      35.671    tcbn65lphpbwplvttc       0 
NR3D2HPBWPLVT             16     102.400      28.267    tcbn65lphpbwplvttc       0 
NR3D3HPBWPLVT             10      96.000       2.569    tcbn65lphpbwplvttc       0 
NR4D0HPBWPLVT             64     179.200      79.268    tcbn65lphpbwplvttc       0 
NR4D1HPBWP                 1       4.800       0.063    tcbn65lphpbwptc          0 
NR4D1HPBWPLVT              2       9.600       0.651    tcbn65lphpbwplvttc       0 
NR4D3HPBWPLVT              1      12.000      12.549    tcbn65lphpbwplvttc       0 
OA211D1HPBWPLVT           23      73.600      63.308    tcbn65lphpbwplvttc       0 
OA21D1HPBWP                1       2.800       0.284    tcbn65lphpbwptc          0 
OA21D1HPBWPLVT            53     148.400     130.751    tcbn65lphpbwplvttc       0 
OA21D2HPBWPLVT            10      32.000      48.119    tcbn65lphpbwplvttc       0 
OA21D4HPBWPLVT             6      38.400      57.089    tcbn65lphpbwplvttc       0 
OA221D1HPBWP               1       4.000       0.173    tcbn65lphpbwptc          0 
OA221D1HPBWPLVT          106     424.000     277.795    tcbn65lphpbwplvttc       0 
OA222D1HPBWPLVT           37     177.600      84.270    tcbn65lphpbwplvttc       0 
OA222D2HPBWPLVT            2      10.400       8.936    tcbn65lphpbwplvttc       0 
OA22D1HPBWPLVT            61     219.600     123.138    tcbn65lphpbwplvttc       0 
OA22D2HPBWPLVT             8      32.000      29.647    tcbn65lphpbwplvttc       0 
OA22D4HPBWPLVT            16     115.200     147.470    tcbn65lphpbwplvttc       0 
OA31D1HPBWPLVT             3       9.600       9.717    tcbn65lphpbwplvttc       0 
OA32D1HPBWPLVT             2       8.000       6.397    tcbn65lphpbwplvttc       0 
OAI211D1HPBWPLVT          56     156.800      72.015    tcbn65lphpbwplvttc       0 
OAI211D2HPBWPLVT           1       4.800       3.633    tcbn65lphpbwplvttc       0 
OAI211D4HPBWPLVT          23     220.800     136.316    tcbn65lphpbwplvttc       0 
OAI21D1HPBWP               1       2.400       0.136    tcbn65lphpbwptc          0 
OAI21D1HPBWPLVT          714    1713.600    1228.586    tcbn65lphpbwplvttc       0 
OAI21D2HPBWP               1       4.000       0.294    tcbn65lphpbwptc          0 
OAI21D2HPBWPLVT          282    1128.000    1019.734    tcbn65lphpbwplvttc       0 
OAI21D4HPBWPLVT          121     871.200     686.442    tcbn65lphpbwplvttc       0 
OAI221D0HPBWPLVT         149     476.800     111.144    tcbn65lphpbwplvttc       0 
OAI221D1HPBWPLVT          24      86.400      24.228    tcbn65lphpbwplvttc       0 
OAI221D2HPBWPLVT           1       6.400       2.420    tcbn65lphpbwplvttc       0 
OAI221XD4HPBWPLVT          1      12.000       7.862    tcbn65lphpbwplvttc       0 
OAI222D0HPBWPLVT          69     248.400      31.593    tcbn65lphpbwplvttc       0 
OAI222D1HPBWP              1       4.000       0.139    tcbn65lphpbwptc          0 
OAI222D1HPBWPLVT          22      88.000      14.878    tcbn65lphpbwplvttc       0 
OAI22D0HPBWPLVT            2       5.600       1.175    tcbn65lphpbwplvttc       0 
OAI22D1HPBWPLVT          176     492.800     171.789    tcbn65lphpbwplvttc       0 
OAI22D2HPBWPLVT           48     230.400     186.718    tcbn65lphpbwplvttc       0 
OAI22D4HPBWPLVT           10      96.000      80.791    tcbn65lphpbwplvttc       0 
OAI31D1HPBWPLVT            1       2.800       2.847    tcbn65lphpbwplvttc       0 
OAI31D2HPBWPLVT            2       9.600       4.358    tcbn65lphpbwplvttc       0 
OAI31D4HPBWPLVT            1       9.200       3.551    tcbn65lphpbwplvttc       0 
OAI32D1HPBWPLVT            5      16.000      11.456    tcbn65lphpbwplvttc       0 
OAI33D2HPBWPLVT            1       6.800      12.201    tcbn65lphpbwplvttc       0 
OR2D1HPBWPLVT             93     223.200     173.983    tcbn65lphpbwplvttc       0 
OR2D2HPBWPLVT             25      70.000      96.568    tcbn65lphpbwplvttc       0 
OR2D4HPBWPLVT             21     100.800     182.287    tcbn65lphpbwplvttc       0 
OR2D8HPBWPLVT             17     136.000     295.514    tcbn65lphpbwplvttc       0 
OR2XD1HPBWPLVT            22      52.800      54.186    tcbn65lphpbwplvttc       0 
OR3D1HPBWPLVT              9      25.200      15.677    tcbn65lphpbwplvttc       0 
OR3D8HPBWPLVT              1       9.600      17.616    tcbn65lphpbwplvttc       0 
OR4D1HPBWPLVT              7      22.400      24.319    tcbn65lphpbwplvttc       0 
OR4D4HPBWPLVT              1       6.800       9.276    tcbn65lphpbwplvttc       0 
XNR2D0HPBWPLVT             1       4.000       3.194    tcbn65lphpbwplvttc       0 
XNR2D1HPBWPLVT           772    3088.000    3852.811    tcbn65lphpbwplvttc       0 
XNR2D2HPBWPLVT            28     123.200     181.370    tcbn65lphpbwplvttc       0 
XNR2D4HPBWPLVT            21     176.400     338.213    tcbn65lphpbwplvttc       0 
XNR3D0HPBWPLVT             2      13.600      11.498    tcbn65lphpbwplvttc       0 
XNR3D1HPBWP                2      13.600       1.392    tcbn65lphpbwptc          0 
XNR3D1HPBWPLVT           210    1428.000    1578.788    tcbn65lphpbwplvttc       0 
XNR3D2HPBWPLVT            17     149.600     172.797    tcbn65lphpbwplvttc       0 
XNR3D4HPBWPLVT            92    1104.000    2219.522    tcbn65lphpbwplvttc       0 
XNR4D0HPBWP                1       9.600       0.678    tcbn65lphpbwptc          0 
XNR4D0HPBWPLVT             2      19.200      15.863    tcbn65lphpbwplvttc       0 
XNR4D1HPBWPLVT           355    3408.000    3322.439    tcbn65lphpbwplvttc       0 
XNR4D2HPBWPLVT            12     120.000     138.145    tcbn65lphpbwplvttc       0 
XOR2D0HPBWP                1       4.000       0.265    tcbn65lphpbwptc          0 
XOR2D0HPBWPLVT             3      12.000      10.266    tcbn65lphpbwplvttc       0 
XOR2D1HPBWPLVT          1298    5192.000    7153.306    tcbn65lphpbwplvttc       0 
XOR2D2HPBWPLVT           151     664.400    1054.502    tcbn65lphpbwplvttc       0 
XOR2D4HPBWPLVT            24     201.600     396.831    tcbn65lphpbwplvttc       0 
XOR3D0HPBWP                1       6.800       0.353    tcbn65lphpbwptc          0 
XOR3D0HPBWPLVT             5      34.000      24.806    tcbn65lphpbwplvttc       0 
XOR3D1HPBWPLVT           172    1169.600    1182.231    tcbn65lphpbwplvttc       0 
XOR3D2HPBWPLVT           115     874.000    1126.629    tcbn65lphpbwplvttc       0 
XOR3D4HPBWPLVT           331    3972.000    7853.683    tcbn65lphpbwplvttc       0 
XOR4D0HPBWPLVT            29     290.000     224.425    tcbn65lphpbwplvttc       0 
XOR4D1HPBWP               34     340.000      32.379    tcbn65lphpbwptc          0 
XOR4D1HPBWPLVT             6      60.000      65.630    tcbn65lphpbwplvttc       0 
XOR4D2HPBWPLVT           102    1101.600    1234.908    tcbn65lphpbwplvttc       0 
-----------------------------------------------------------------------------------
total                  37510  159570.400  164632.190                       


                                                      Leakage  Leakage 
      Library      Instances Instances %    Area    Power (nW) Power % 
-----------------------------------------------------------------------
tcbn65lphpbwplvttc     36879        98.3 157092.000 164465.953    99.9 
tcbn65lphpbwptc          631         1.7   2478.400    166.237     0.1 

                                             Leakage  Leakage 
     Type      Instances    Area    Area % Power (nW) Power % 
--------------------------------------------------------------
sequential          3326  30972.800   19.4  24939.696    15.1 
inverter            4409   9819.600    6.2  16862.835    10.2 
buffer               697   2083.200    1.3   3565.780     2.2 
logic              29078 116694.800   73.1 119263.879    72.4 
physical_cells         0      0.000    0.0      0.000     0.0 
--------------------------------------------------------------
total              37510 159570.400  100.0 164632.190   100.0 

