============================================================
  Generated by:           Genus(TM) Synthesis Solution 19.11-s087_1
  Generated on:           Aug 18 2021  05:56:33 pm
  Module:                 top_ft
  Operating conditions:   NCCOM 
  Operating conditions:   WCCOM 
  Operating conditions:   WCCOM 
  Operating conditions:   BCCOM 
  Interconnect mode:      global
  Area mode:              physical library
============================================================


Path 1: VIOLATED (-5 ps) Setup Check with Pin dut_pmu_ahb/Slvft.ham_pbits_reg[192]/CP->D
           View: view_slow
          Group: C2C
     Startpoint: (R) dut_pmu_ahb/slv_reg_reg[1][18]/CP
          Clock: (R) clk
       Endpoint: (R) dut_pmu_ahb/Slvft.ham_pbits_reg[192]/D
          Clock: (R) clk

                     Capture       Launch     
        Clock Edge:+    2000            0     
       Src Latency:+       0            0     
       Net Latency:+       0 (I)        0 (I) 
           Arrival:=    2000            0     
                                              
             Setup:-      41                  
     Required Time:=    1959                  
      Launch Clock:-       0                  
         Data Path:-    1964                  
             Slack:=      -5                  

#-------------------------------------------------------------------------------------------------------------------------
#             Timing Point               Flags    Arc   Edge       Cell         Fanout  Load Trans Delay Arrival Instance 
#                                                                                       (fF)  (ps)  (ps)   (ps)  Location 
#-------------------------------------------------------------------------------------------------------------------------
  dut_pmu_ahb/slv_reg_reg[1][18]/CP      -       -      R     (arrival)           3326     -     0     -       0    (-,-) 
  dut_pmu_ahb/slv_reg_reg[1][18]/Q       -       CP->Q  F     DFKCNQD4HPBWPLVT       5  30.3    50   156     156    (-,-) 
  dut_pmu_ahb/g293202/ZN                 -       I->ZN  R     INVD8HPBWPLVT          4  17.9    28    30     186    (-,-) 
  dut_pmu_ahb/g293201/ZN                 -       A1->ZN R     IOA21D2HPBWPLVT        2  11.2    63    88     274    (-,-) 
  dut_pmu_ahb/g278922/Z                  -       A1->Z  R     AN2D4HPBWPLVT          1  13.7    41    75     349    (-,-) 
  dut_pmu_ahb/g275716/ZN                 -       A1->ZN F     NR2D8HPBWPLVT          2  16.9    32    23     372    (-,-) 
  dut_pmu_ahb/g281729/ZN                 -       A2->ZN R     ND2D4HPBWPLVT          1  11.3    34    32     404    (-,-) 
  dut_pmu_ahb/g276657/ZN                 -       I->ZN  F     INVD6HPBWPLVT          2  14.8    19    21     426    (-,-) 
  dut_pmu_ahb/g281226/ZN                 -       A1->ZN R     OAI221XD4HPBWPLVT      1  13.5   118    57     482    (-,-) 
  dut_pmu_ahb/g281759/ZN                 -       A1->ZN F     ND2D8HPBWPLVT          2  19.2    53    53     535    (-,-) 
  dut_pmu_ahb/g281599/ZN                 -       A2->ZN R     NR2XD3HPBWPLVT         3  16.7    56    56     591    (-,-) 
  dut_pmu_ahb/g42/ZN                     -       I->ZN  F     CKND4HPBWPLVT          2  14.5    40    40     631    (-,-) 
  dut_pmu_ahb/g281842/ZN                 -       A2->ZN R     NR2XD4HPBWPLVT         1  19.4    51    49     680    (-,-) 
  dut_pmu_ahb/g281841/ZN                 -       A2->ZN F     NR3D8HPBWPLVT          1  24.3    45    37     717    (-,-) 
  dut_pmu_ahb/g281840/ZN                 -       I->ZN  R     INVD16HPBWPLVT        19 109.0    58    49     766    (-,-) 
  dut_pmu_ahb/inst_pmu_raw/fopt151742/ZN -       I->ZN  F     INVD4HPBWPLVT          2  13.9    28    30     796    (-,-) 
  dut_pmu_ahb/inst_pmu_raw/g146572/ZN    -       A1->ZN R     ND2D4HPBWPLVT          1   8.5    29    26     822    (-,-) 
  dut_pmu_ahb/inst_pmu_raw/g146549/ZN    -       A1->ZN F     ND2D4HPBWPLVT          2   9.7    35    31     853    (-,-) 
  dut_pmu_ahb/inst_pmu_raw/g151106/ZN    -       A1->ZN F     IND2D4HPBWPLVT         2  20.7    62    80     933    (-,-) 
  dut_pmu_ahb/inst_pmu_raw/g146408/ZN    -       I->ZN  R     INVD6HPBWPLVT          3  22.7    37    40     974    (-,-) 
  dut_pmu_ahb/inst_pmu_raw/g160283/ZN    -       I->ZN  F     INVD8HPBWPLVT          3  31.7    25    27    1000    (-,-) 
  dut_pmu_ahb/inst_pmu_raw/g160287/ZN    -       I->ZN  R     INVD12HPBWPLVT         7  47.0    36    31    1031    (-,-) 
  dut_pmu_ahb/inst_pmu_raw/g160292/ZN    -       A1->ZN F     ND2D8HPBWPLVT          2  12.2    34    31    1062    (-,-) 
  dut_pmu_ahb/inst_pmu_raw/g158966/ZN    -       B->ZN  R     OAI211D4HPBWPLVT       1   9.0    67    37    1099    (-,-) 
  dut_pmu_ahb/inst_pmu_raw/g159215/ZN    -       A2->ZN F     ND2D4HPBWPLVT          1   9.5    37    42    1140    (-,-) 
  dut_pmu_ahb/inst_pmu_raw/g159213/ZN    -       A2->ZN R     NR2XD3HPBWPLVT         1   8.5    36    40    1181    (-,-) 
  dut_pmu_ahb/inst_pmu_raw/g159212/ZN    -       A1->ZN F     ND2D4HPBWPLVT          1   9.5    35    32    1213    (-,-) 
  dut_pmu_ahb/inst_pmu_raw/g154343/ZN    -       A2->ZN R     NR2XD3HPBWPLVT         1   8.4    36    40    1253    (-,-) 
  dut_pmu_ahb/inst_pmu_raw/g208/ZN       -       A2->ZN F     AOI21D4HPBWPLVT        2  11.2    43    41    1294    (-,-) 
  dut_pmu_ahb/inst_pmu_raw/g142497/ZN    -       A1->ZN R     NR2XD3HPBWPLVT         1   8.3    36    34    1328    (-,-) 
  dut_pmu_ahb/g282455/ZN                 -       B1->ZN F     IND2D4HPBWPLVT         1  13.2    46    37    1365    (-,-) 
  dut_pmu_ahb/g278053/ZN                 -       A1->ZN R     ND2D8HPBWPLVT          3  15.8    33    32    1397    (-,-) 
  dut_pmu_ahb/g278054/ZN                 -       A1->ZN R     IOA21D2HPBWPLVT        1   5.6    44    76    1474    (-,-) 
  dut_pmu_ahb/g281176/S                  -       C->S   R     FIICOND2HPBWPLVT       2  11.3    62   114    1588    (-,-) 
  dut_pmu_ahb/g273527/ZN                 -       A1->ZN R     XNR3D4HPBWPLVT         2  14.7    58   209    1797    (-,-) 
  dut_pmu_ahb/g126012/ZN                 -       A2->ZN F     NR2XD2HPBWPLVT         2  13.5    49    49    1846    (-,-) 
  dut_pmu_ahb/g280133/ZN                 -       A1->ZN R     NR2XD3HPBWPLVT         1   9.0    51    36    1883    (-,-) 
  dut_pmu_ahb/g280131/ZN                 -       A2->ZN F     ND2D4HPBWPLVT          1   8.2    33    36    1919    (-,-) 
  dut_pmu_ahb/g277266/ZN                 -       A2->ZN R     OAI22D4HPBWPLVT        1   4.0    72    45    1964    (-,-) 
  dut_pmu_ahb/Slvft.ham_pbits_reg[192]/D -       -      R     DFCNQD1HPBWPLVT        1     -     -     0    1964    (-,-) 
#-------------------------------------------------------------------------------------------------------------------------


