============================================================
  Generated by:           Genus(TM) Synthesis Solution 19.11-s087_1
  Generated on:           Aug 18 2021  05:56:31 pm
  Module:                 top_ft
  Operating conditions:   NCCOM 
  Operating conditions:   WCCOM 
  Operating conditions:   WCCOM 
  Operating conditions:   BCCOM 
  Interconnect mode:      global
  Area mode:              physical library
============================================================


Path 1: MET (0 ps) Late External Delay Assertion at pin intr_FT1_o
           View: view_slow
          Group: C2O
     Startpoint: (R) dut_pmu_ahb/slv_reg_reg[38][8]/CP
          Clock: (R) clk
       Endpoint: (R) intr_FT1_o
          Clock: (R) clk

                     Capture       Launch     
        Clock Edge:+    2000            0     
       Src Latency:+       0            0     
       Net Latency:+       0 (I)        0 (I) 
           Arrival:=    2000            0     
                                              
      Output Delay:-     100                  
     Required Time:=    1900                  
      Launch Clock:-       0                  
         Data Path:-    1900                  
             Slack:=       0                  

Exceptions/Constraints:
  output_delay             100             top_ft_65.sdc_1_line_12_309_1 

#--------------------------------------------------------------------------------------------------------------------------------------------------
#                          Timing Point                            Flags    Arc   Edge       Cell        Fanout  Load Trans Delay Arrival Instance 
#                                                                                                                (fF)  (ps)  (ps)   (ps)  Location 
#--------------------------------------------------------------------------------------------------------------------------------------------------
  dut_pmu_ahb/slv_reg_reg[38][8]/CP                                -       -      R     (arrival)          3326     -     0     -       0    (-,-) 
  dut_pmu_ahb/slv_reg_reg[38][8]/Q                                 -       CP->Q  F     DFKCNQD2HPBWPLVT      3  16.9    52   172     172    (-,-) 
  dut_pmu_ahb/Slvft.slv_ham_dec[47].slv_hamming32t26d_dec/g2916/ZN -       I->ZN  R     INVD3HPBWPLVT         3  12.6    40    40     212    (-,-) 
  dut_pmu_ahb/Slvft.slv_ham_dec[47].slv_hamming32t26d_dec/g2855/ZN -       A1->ZN F     ND2D3HPBWPLVT         1   8.3    44    36     247    (-,-) 
  dut_pmu_ahb/Slvft.slv_ham_dec[47].slv_hamming32t26d_dec/g2829/ZN -       A1->ZN R     ND2D4HPBWPLVT         2  14.5    40    36     284    (-,-) 
  dut_pmu_ahb/Slvft.slv_ham_dec[47].slv_hamming32t26d_dec/g2805/ZN -       A2->ZN F     ND2D3HPBWPLVT         1   5.6    34    34     317    (-,-) 
  dut_pmu_ahb/Slvft.slv_ham_dec[47].slv_hamming32t26d_dec/g2792/ZN -       A1->ZN F     INR2XD4HPBWPLVT       2  12.4    35    67     385    (-,-) 
  dut_pmu_ahb/Slvft.slv_ham_dec[47].slv_hamming32t26d_dec/g2788/ZN -       I->ZN  R     INVD4HPBWPLVT         1   9.0    24    26     411    (-,-) 
  dut_pmu_ahb/Slvft.slv_ham_dec[47].slv_hamming32t26d_dec/g2783/ZN -       A2->ZN F     ND2D4HPBWPLVT         1   8.3    32    31     442    (-,-) 
  dut_pmu_ahb/Slvft.slv_ham_dec[47].slv_hamming32t26d_dec/g2776/ZN -       A1->ZN R     ND2D4HPBWPLVT         3  12.6    38    31     472    (-,-) 
  dut_pmu_ahb/Slvft.slv_ham_dec[47].slv_hamming32t26d_dec/g2758/PP -       X2->PP R     BMLD2HPBWPLVT         1   5.3    45    92     564    (-,-) 
  dut_pmu_ahb/Slvft.slv_ham_dec[47].slv_hamming32t26d_dec/g2747/ZN -       S->ZN  F     MUX2ND4HPBWPLVT       3  25.3    43   121     685    (-,-) 
  dut_pmu_ahb/Slvft.slv_ham_dec[47].slv_hamming32t26d_dec/g2746/ZN -       I->ZN  R     INVD6HPBWPLVT         2  15.7    28    30     715    (-,-) 
  dut_pmu_ahb/Slvft.slv_ham_dec[47].slv_hamming32t26d_dec/g2744/ZN -       A1->ZN F     ND2D4HPBWPLVT         6  25.5    71    51     766    (-,-) 
  dut_pmu_ahb/Slvft.slv_ham_dec[47].slv_hamming32t26d_dec/g2722/ZN -       A2->ZN R     NR2D1HPBWPLVT         1   5.0    96    81     847    (-,-) 
  dut_pmu_ahb/Slvft.slv_ham_dec[47].slv_hamming32t26d_dec/g2693/Z  -       S->Z   R     MUX2D2HPBWPLVT        2   8.5    58   130     976    (-,-) 
  dut_pmu_ahb/g250238/Z                                            -       A1->Z  R     AO21D4HPBWPLVT        7  25.0    61    90    1066    (-,-) 
  dut_pmu_ahb/inst_pmu_raw/g148034/Z                               -       B->Z   R     AO21D4HPBWPLVT        2  10.2    36    63    1130    (-,-) 
  dut_pmu_ahb/inst_pmu_raw/g147153/ZN                              -       A2->ZN F     ND3D2HPBWPLVT         1   4.1    56    49    1178    (-,-) 
  dut_pmu_ahb/inst_pmu_raw/g158553/ZN                              -       A2->ZN F     IOA21D2HPBWPLVT       1   7.9    51    87    1266    (-,-) 
  dut_pmu_ahb/inst_pmu_raw/g146801/ZN                              -       A1->ZN R     AOI21D4HPBWPLVT       1   4.2    60    41    1307    (-,-) 
  dut_pmu_ahb/inst_pmu_raw/g151442/ZN                              -       A1->ZN F     MOAI22D1HPBWPLVT      1   4.1    64    50    1356    (-,-) 
  dut_pmu_ahb/inst_pmu_raw/g151437/ZN                              -       A1->ZN F     IOA21D2HPBWPLVT       2  10.0    70    92    1448    (-,-) 
  dut_pmu_ahb/inst_pmu_raw/g146548/ZN                              -       A2->ZN R     NR2XD2HPBWPLVT        1   8.5    47    55    1503    (-,-) 
  dut_pmu_ahb/inst_pmu_raw/g146445/ZN                              -       A1->ZN F     ND2D4HPBWPLVT         1   9.1    39    34    1537    (-,-) 
  dut_pmu_ahb/inst_pmu_raw/g146292/ZN                              -       A1->ZN R     NR2XD3HPBWPLVT        3  13.9    53    41    1578    (-,-) 
  dut_pmu_ahb/inst_pmu_raw/g145293/ZN                              -       A1->ZN F     ND2D2HPBWPLVT         1   5.4    39    37    1616    (-,-) 
  dut_pmu_ahb/inst_pmu_raw/g143661/ZN                              -       A1->ZN R     ND2D2HPBWPLVT         1   7.4    41    35    1650    (-,-) 
  dut_pmu_ahb/inst_pmu_raw/g143272/ZN                              -       A1->ZN F     NR2XD2HPBWPLVT        1   5.7    32    28    1678    (-,-) 
  dut_pmu_ahb/inst_pmu_raw/g142780/ZN                              -       A2->ZN R     ND2D2HPBWPLVT         1   9.9    49    40    1718    (-,-) 
  dut_pmu_ahb/inst_pmu_raw/g142737/Z                               -       I->Z   R     BUFFD16HPBWPLVT       1 502.6   242   175    1892    (-,-) 
  intr_FT1_o                                                       -       -      R     (port)                -     -     -     8    1900    (-,-) 
#--------------------------------------------------------------------------------------------------------------------------------------------------


