============================================================
  Generated by:           Genus(TM) Synthesis Solution 19.11-s087_1
  Generated on:           Aug 18 2021  05:08:37 pm
  Module:                 top_ft
  Operating conditions:   NCCOM 
  Operating conditions:   WCCOM 
  Operating conditions:   WCCOM 
  Operating conditions:   BCCOM 
  Interconnect mode:      global
  Area mode:              physical library
============================================================


Path 1: MET (124 ps) Setup Check with Pin dut_pmu_ahb/Slvft.ham_pbits_reg[300]/CP->D
           View: view_slow
          Group: I2C
     Startpoint: (R) hwdata_i[24]
          Clock: (R) clk
       Endpoint: (R) dut_pmu_ahb/Slvft.ham_pbits_reg[300]/D
          Clock: (R) clk

                     Capture       Launch     
        Clock Edge:+    2000            0     
        Drv Adjust:+       0            0     
       Src Latency:+       0            0     
       Net Latency:+       0 (I)        0 (I) 
           Arrival:=    2000            0     
                                              
             Setup:-      80                  
     Required Time:=    1920                  
      Launch Clock:-       0                  
       Input Delay:-     100                  
         Data Path:-    1695                  
             Slack:=     124                  

Exceptions/Constraints:
  input_delay             100             top_nft_65.sdc_1_line_11_206_1 

#----------------------------------------------------------------------------------------------------------------------
#             Timing Point               Flags    Arc   Edge      Cell        Fanout Load Trans Delay Arrival Instance 
#                                                                                    (fF)  (ps)  (ps)   (ps)  Location 
#----------------------------------------------------------------------------------------------------------------------
  hwdata_i[24]                           -       -      R     (arrival)            1  4.1   200     0     100    (-,-) 
  dut_pmu_ahb/g256718/Z                  -       A2->Z  R     AN2XD1HPBWP         15 40.7   376   311     411    (-,-) 
  dut_pmu_ahb/g127440/ZN                 -       A1->ZN R     INR2D1HPBWPLVT       3 11.2   210   204     615    (-,-) 
  dut_pmu_ahb/g126886/ZN                 -       A2->ZN F     ND2D1HPBWPLVT        2  7.6   102   100     715    (-,-) 
  dut_pmu_ahb/g126831/ZN                 -       I->ZN  R     INVD1HPBWPLVT        2  6.8    66    66     781    (-,-) 
  dut_pmu_ahb/g126592/Z                  -       A2->Z  R     XOR2D1HPBWPLVT       2  7.0    72   136     918    (-,-) 
  dut_pmu_ahb/g125993/ZN                 -       A3->ZN R     XNR4D1HPBWPLVT       2  5.9    81   219    1136    (-,-) 
  dut_pmu_ahb/g125942/ZN                 -       B1->ZN R     MOAI22D0HPBWP        1  4.7   200   148    1284    (-,-) 
  dut_pmu_ahb/g125871/ZN                 -       A4->ZN R     XNR4D1HPBWPLVT       1  4.7    73   220    1504    (-,-) 
  dut_pmu_ahb/g125842/ZN                 -       A4->ZN F     XNR4D1HPBWPLVT       1  4.8    78   191    1695    (-,-) 
  dut_pmu_ahb/g125840/Z                  -       A1->Z  R     XOR2D1HPBWPLVT       1  4.0    50   100    1795    (-,-) 
  dut_pmu_ahb/Slvft.ham_pbits_reg[300]/D -       -      R     DFKCND1HPBWPLVT      1    -     -     0    1795    (-,-) 
#----------------------------------------------------------------------------------------------------------------------


