============================================================
  Generated by:           Genus(TM) Synthesis Solution 19.11-s087_1
  Generated on:           Aug 17 2021  04:57:16 pm
  Module:                 top
  Operating conditions:   NCCOM 
  Operating conditions:   WCCOM 
  Operating conditions:   WCCOM 
  Operating conditions:   BCCOM 
  Interconnect mode:      global
  Area mode:              physical library
============================================================


Path 1: MET (0 ps) Setup Check with Pin dut_ft_pmu_ahb_Slvft.ham_pbits_reg[228]/CP->D
           View: view_slow
          Group: C2C
     Startpoint: (R) dut_ft_pmu_ahb_slv_reg_reg[31][9]/CP
          Clock: (R) clk
       Endpoint: (R) dut_ft_pmu_ahb_Slvft.ham_pbits_reg[228]/D
          Clock: (R) clk

                     Capture       Launch     
        Clock Edge:+    2000            0     
       Src Latency:+       0            0     
       Net Latency:+       0 (I)        0 (I) 
           Arrival:=    2000            0     
                                              
             Setup:-      34                  
     Required Time:=    1966                  
      Launch Clock:-       0                  
         Data Path:-    1966                  
             Slack:=       0                  

#----------------------------------------------------------------------------------------------------------------------------------------------------------
#                               Timing Point                                Flags    Arc   Edge       Cell        Fanout Load Trans Delay Arrival Instance 
#                                                                                                                        (fF)  (ps)  (ps)   (ps)  Location 
#----------------------------------------------------------------------------------------------------------------------------------------------------------
  dut_ft_pmu_ahb_slv_reg_reg[31][9]/CP                                      -       -      R     (arrival)          6030    -     0     -       0    (-,-) 
  dut_ft_pmu_ahb_slv_reg_reg[31][9]/Q                                       -       CP->Q  F     DFKCNQD1HPBWPLVT      4 18.0   101   193     193    (-,-) 
  dut_ft_pmu_ahb_Slvft.slv_ham_dec[38].slv_hamming32t26d_dec/g2918/ZN       -       I->ZN  R     INVD2HPBWPLVT         3 12.5    60    61     254    (-,-) 
  dut_ft_pmu_ahb_Slvft.slv_ham_dec[38].slv_hamming32t26d_dec/g2854__8246/Z  -       I0->Z  R     MUX2D1HPBWPLVT        4 15.3   128   146     400    (-,-) 
  dut_ft_pmu_ahb_Slvft.slv_ham_dec[38].slv_hamming32t26d_dec/g2844/ZN       -       I->ZN  F     INVD2HPBWPLVT         1  5.4    41    38     438    (-,-) 
  dut_ft_pmu_ahb_Slvft.slv_ham_dec[38].slv_hamming32t26d_dec/g2785__2802/PP -       M0->PP F     BMLD2HPBWPLVT         1  6.6    45   143     581    (-,-) 
  dut_ft_pmu_ahb_Slvft.slv_ham_dec[38].slv_hamming32t26d_dec/g2983__4319/ZN -       A3->ZN F     XNR3D4HPBWPLVT        3 25.3    66   130     712    (-,-) 
  dut_ft_pmu_ahb_Slvft.slv_ham_dec[38].slv_hamming32t26d_dec/g2772/ZN       -       I->ZN  R     INVD6HPBWPLVT         2 15.7    32    36     748    (-,-) 
  dut_ft_pmu_ahb_Slvft.slv_ham_dec[38].slv_hamming32t26d_dec/g2767__5477/ZN -       A1->ZN F     ND2D4HPBWPLVT         4 17.9    56    42     790    (-,-) 
  dut_ft_pmu_ahb_Slvft.slv_ham_dec[38].slv_hamming32t26d_dec/g2747__5115/ZN -       A2->ZN R     NR2D3HPBWPLVT         1  4.2    44    47     838    (-,-) 
  dut_ft_pmu_ahb_Slvft.slv_ham_dec[38].slv_hamming32t26d_dec/g2965__9315/Z  -       A2->Z  F     XOR2D1HPBWPLVT        2  6.9    60   128     965    (-,-) 
  g227491/Z                                                                 -       B1->Z  F     AO22D2HPBWPLVT        6 19.6    76   146    1112    (-,-) 
  g217018/ZN                                                                -       A1->ZN R     XNR2D4HPBWPLVT        2  8.1    44   115    1227    (-,-) 
  g227295/ZN                                                                -       A4->ZN F     XNR4D1HPBWPLVT        1  4.2    75   180    1406    (-,-) 
  g227284/Z                                                                 -       A3->Z  R     XOR3D2HPBWPLVT        3 15.9    88   172    1578    (-,-) 
  g219060/ZN                                                                -       I->ZN  F     INVD3HPBWPLVT         1  6.9    31    31    1610    (-,-) 
  g218942/ZN                                                                -       A1->ZN R     NR2XD2HPBWPLVT        1  9.9    51    40    1650    (-,-) 
  g218869/ZN                                                                -       A2->ZN F     NR2XD3HPBWPLVT        2 11.1    34    38    1688    (-,-) 
  g218795/ZN                                                                -       I->ZN  R     INVD3HPBWPLVT         1  5.5    22    25    1713    (-,-) 
  g122107/PP                                                                -       M0->PP F     BMLD2HPBWPLVT         2  9.6    52   144    1857    (-,-) 
  g122099/ZN                                                                -       I->ZN  R     INVD2HPBWPLVT         1  5.5    31    33    1890    (-,-) 
  g122071/ZN                                                                -       A1->ZN F     AOI22D2HPBWPLVT       1  6.9    67    39    1929    (-,-) 
  g122037/ZN                                                                -       A1->ZN R     NR2XD2HPBWPLVT        1  4.1    36    37    1966    (-,-) 
  dut_ft_pmu_ahb_Slvft.ham_pbits_reg[228]/D                                 -       -      R     DFQD1HPBWPLVT         1    -     -     0    1966    (-,-) 
#----------------------------------------------------------------------------------------------------------------------------------------------------------


