============================================================
  Generated by:           Genus(TM) Synthesis Solution 19.11-s087_1
  Generated on:           Aug 17 2021  04:57:09 pm
  Module:                 top
  Operating conditions:   NCCOM 
  Operating conditions:   WCCOM 
  Operating conditions:   WCCOM 
  Operating conditions:   BCCOM 
  Interconnect mode:      global
  Area mode:              physical library
============================================================


Path 1: MET (50 ps) Setup Check with Pin dut_pmu_ahb_inst_pmu_raw/inst_quota_suma_int_reg[36]/CP->D
           View: view_slow
          Group: I2C
     Startpoint: (F) hwdata_i[21]
          Clock: (R) clk
       Endpoint: (R) dut_pmu_ahb_inst_pmu_raw/inst_quota_suma_int_reg[36]/D
          Clock: (R) clk

                     Capture       Launch     
        Clock Edge:+    2000            0     
        Drv Adjust:+       0            0     
       Src Latency:+       0            0     
       Net Latency:+       0 (I)        0 (I) 
           Arrival:=    2000            0     
                                              
             Setup:-      78                  
     Required Time:=    1922                  
      Launch Clock:-       0                  
       Input Delay:-     100                  
         Data Path:-    1772                  
             Slack:=      50                  

Exceptions/Constraints:
  input_delay             100             top_65.sdc_1_line_11_253_1 

#----------------------------------------------------------------------------------------------------------------------------------------
#                      Timing Point                       Flags    Arc   Edge       Cell        Fanout Load Trans Delay Arrival Instance 
#                                                                                                      (fF)  (ps)  (ps)   (ps)  Location 
#----------------------------------------------------------------------------------------------------------------------------------------
  hwdata_i[21]                                            -       -      F     (arrival)             2  6.9   200     0     100    (-,-) 
  g125001/Z                                               -       A2->Z  F     OR2XD1HPBWPLVT       14 35.8   191   210     310    (-,-) 
  g124963/Z                                               -       I->Z   F     CKBD1HPBWPLVT        14 32.0   287   227     537    (-,-) 
  g124037/Z                                               -       I0->Z  F     MUX2D0HPBWPLVT        1  4.1    66   172     708    (-,-) 
  dut_pmu_ahb_inst_pmu_raw/g104251/Z                      -       C1->Z  F     AO222D1HPBWPLVT       4 13.8   105   221     929    (-,-) 
  dut_pmu_ahb_inst_pmu_raw/g98984/ZN                      -       B2->ZN R     AOI22D2HPBWPLVT       1  5.7    89    96    1025    (-,-) 
  dut_pmu_ahb_inst_pmu_raw/g103671/ZN                     -       A2->ZN F     ND3D2HPBWPLVT         1  4.8    69    62    1087    (-,-) 
  dut_pmu_ahb_inst_pmu_raw/inst_quota_g28497/ZN           -       A2->ZN R     NR2XD1HPBWPLVT        1  5.4    55    59    1146    (-,-) 
  dut_pmu_ahb_inst_pmu_raw/g96968/ZN                      -       A1->ZN F     ND3D2HPBWPLVT         2  7.5    77    60    1206    (-,-) 
  dut_pmu_ahb_inst_pmu_raw/inst_quota_add_141_42_g1309/ZN -       A1->ZN R     NR2XD1HPBWPLVT        3 10.1    90    73    1279    (-,-) 
  dut_pmu_ahb_inst_pmu_raw/inst_quota_add_141_42_g1208/Z  -       A1->Z  R     OA21D2HPBWPLVT        3  9.7    54    94    1373    (-,-) 
  dut_pmu_ahb_inst_pmu_raw/inst_quota_add_141_42_g1166/Z  -       A1->Z  R     OA21D1HPBWPLVT        1  5.5    57    78    1451    (-,-) 
  dut_pmu_ahb_inst_pmu_raw/inst_quota_add_141_42_g1146/Z  -       B->Z   R     OA21D4HPBWPLVT        7 20.8    56   101    1552    (-,-) 
  dut_pmu_ahb_inst_pmu_raw/inst_quota_add_141_42_g1132/Z  -       A1->Z  R     OA221D2HPBWPLVT       1  9.0    64   123    1676    (-,-) 
  dut_pmu_ahb_inst_pmu_raw/inst_quota_add_141_42_g1084/ZN -       A2->ZN F     ND2D4HPBWPLVT         4 15.6    49    49    1725    (-,-) 
  dut_pmu_ahb_inst_pmu_raw/inst_quota_add_141_42_g1073/ZN -       A1->ZN R     ND2D3HPBWPLVT         3 13.0    47    41    1766    (-,-) 
  dut_pmu_ahb_inst_pmu_raw/inst_quota_add_141_42_g1064/ZN -       A1->ZN F     NR2XD2HPBWPLVT        1  5.0    32    28    1794    (-,-) 
  dut_pmu_ahb_inst_pmu_raw/inst_quota_add_141_42_g1053/Z  -       A1->Z  R     CKXOR2D2HPBWPLVT      1  4.0    42    78    1872    (-,-) 
  dut_pmu_ahb_inst_pmu_raw/inst_quota_suma_int_reg[36]/D  -       -      R     DFKCND1HPBWPLVT       1    -     -     0    1872    (-,-) 
#----------------------------------------------------------------------------------------------------------------------------------------


