============================================================
  Generated by:           Genus(TM) Synthesis Solution 19.11-s087_1
  Generated on:           Aug 18 2021  05:08:47 pm
  Module:                 top_ft
  Operating conditions:   NCCOM 
  Operating conditions:   WCCOM 
  Operating conditions:   WCCOM 
  Operating conditions:   BCCOM 
  Interconnect mode:      global
  Area mode:              physical library
============================================================


Path 1: MET (183 ps) Late External Delay Assertion at pin intr_RDC_o
           View: view_slow
          Group: I2O
     Startpoint: (F) hwdata_i[16]
          Clock: (R) clk
       Endpoint: (R) intr_RDC_o
          Clock: (R) clk

                     Capture       Launch     
        Clock Edge:+    2000            0     
        Drv Adjust:+       0            0     
       Src Latency:+       0            0     
       Net Latency:+       0 (I)        0 (I) 
           Arrival:=    2000            0     
                                              
      Output Delay:-     100                  
     Required Time:=    1900                  
      Launch Clock:-       0                  
       Input Delay:-     100                  
         Data Path:-    1617                  
             Slack:=     183                  

Exceptions/Constraints:
  input_delay              100             top_nft_65.sdc_1_line_11_214_1 
  output_delay             100             top_nft_65.sdc_1_line_12_308_1 

#--------------------------------------------------------------------------------------------------------------------
#            Timing Point             Flags    Arc   Edge      Cell        Fanout  Load Trans Delay Arrival Instance 
#                                                                                  (fF)  (ps)  (ps)   (ps)  Location 
#--------------------------------------------------------------------------------------------------------------------
  hwdata_i[16]                        -       -      F     (arrival)            1   5.7   200     0     100    (-,-) 
  dut_pmu_ahb/g256723/ZN              -       A2->ZN R     NR2D2HPBWPLVT        8  31.9   252   200     300    (-,-) 
  dut_pmu_ahb/g256181/ZN              -       I->ZN  F     INVD4HPBWPLVT       15  42.9   100    94     393    (-,-) 
  dut_pmu_ahb/g256179/Z               -       I->Z   F     BUFFD3HPBWPLVT      12  32.7    68   109     502    (-,-) 
  dut_pmu_ahb/g256165/ZN              -       I->ZN  R     INVD1HPBWPLVT        9  25.6   196   129     631    (-,-) 
  dut_pmu_ahb/g251543/ZN              -       A2->ZN F     NR2XD0HPBWPLVT       1   5.8    94   100     731    (-,-) 
  dut_pmu_ahb/g271441/Z               -       B->Z   F     AO21D4HPBWPLVT      10  34.8    65   137     868    (-,-) 
  dut_pmu_ahb/inst_pmu_raw/g148040/Z  -       B->Z   F     AO21D4HPBWPLVT       2  12.6    39   108     976    (-,-) 
  dut_pmu_ahb/inst_pmu_raw/g147151/ZN -       A2->ZN R     ND3D3HPBWPLVT        1   5.8    35    32    1008    (-,-) 
  dut_pmu_ahb/inst_pmu_raw/g146981/ZN -       A2->ZN F     ND2D2HPBWPLVT        1   5.7    42    37    1045    (-,-) 
  dut_pmu_ahb/inst_pmu_raw/g146926/ZN -       A2->ZN R     ND2D2HPBWPLVT        1   8.5    44    40    1085    (-,-) 
  dut_pmu_ahb/inst_pmu_raw/g146854/ZN -       A1->ZN F     ND2D4HPBWPLVT        2  12.2    60    38    1123    (-,-) 
  dut_pmu_ahb/inst_pmu_raw/g146769/ZN -       A1->ZN R     ND2D2HPBWPLVT        1   8.1    43    43    1166    (-,-) 
  dut_pmu_ahb/inst_pmu_raw/g146637/ZN -       A1->ZN F     AOI22D4HPBWPLVT      1   8.0    65    36    1201    (-,-) 
  dut_pmu_ahb/inst_pmu_raw/g146579/ZN -       A1->ZN R     OAI21D4HPBWPLVT      2  10.2    69    58    1260    (-,-) 
  dut_pmu_ahb/inst_pmu_raw/g146512/ZN -       A1->ZN F     NR2XD2HPBWPLVT       1   8.3    37    39    1299    (-,-) 
  dut_pmu_ahb/inst_pmu_raw/g146468/ZN -       A1->ZN R     ND2D4HPBWPLVT        1   9.7    32    29    1328    (-,-) 
  dut_pmu_ahb/inst_pmu_raw/g146291/ZN -       A1->ZN F     NR2XD3HPBWPLVT       2   7.8    28    25    1353    (-,-) 
  dut_pmu_ahb/inst_pmu_raw/g144563/Z  -       S->Z   R     MUX2D4HPBWPLVT       3  19.4    63   104    1457    (-,-) 
  dut_pmu_ahb/inst_pmu_raw/g143263/ZN -       A1->ZN F     ND2D4HPBWPLVT        1   8.3    36    37    1494    (-,-) 
  dut_pmu_ahb/inst_pmu_raw/g142925/ZN -       B->ZN  R     OAI21D4HPBWPLVT      1   9.9    65    37    1530    (-,-) 
  dut_pmu_ahb/inst_pmu_raw/g142831/Z  -       I->Z   R     BUFFD16HPBWPLVT      1 502.6   242   179    1709    (-,-) 
  intr_RDC_o                          -       -      R     (port)               -     -     -     8    1717    (-,-) 
#--------------------------------------------------------------------------------------------------------------------


