============================================================
  Generated by:           Genus(TM) Synthesis Solution 19.11-s087_1
  Generated on:           Aug 17 2021  04:05:41 pm
  Module:                 top
  Operating conditions:   NCCOM 
  Operating conditions:   WCCOM 
  Operating conditions:   WCCOM 
  Operating conditions:   BCCOM 
  Interconnect mode:      global
  Area mode:              physical library
============================================================


Path 1: VIOLATED (-101 ps) Setup Check with Pin dut_ft_pmu_ahb_Slvft.ham_pbits_reg[192]/CP->D
           View: view_slow
          Group: C2C
     Startpoint: (R) dut_ft_pmu_ahb_slv_reg_reg[9][19]/CP
          Clock: (R) clk
       Endpoint: (R) dut_ft_pmu_ahb_Slvft.ham_pbits_reg[192]/D
          Clock: (R) clk

                     Capture       Launch     
        Clock Edge:+    2000            0     
       Src Latency:+       0            0     
       Net Latency:+       0 (I)        0 (I) 
           Arrival:=    2000            0     
                                              
             Setup:-      33                  
     Required Time:=    1967                  
      Launch Clock:-       0                  
         Data Path:-    2068                  
             Slack:=    -101                  

#-------------------------------------------------------------------------------------------------------------------------
#               Timing Point                Flags    Arc   Edge      Cell        Fanout Load Trans Delay Arrival Instance 
#                                                                                       (fF)  (ps)  (ps)   (ps)  Location 
#-------------------------------------------------------------------------------------------------------------------------
  dut_ft_pmu_ahb_slv_reg_reg[9][19]/CP      -       -      R     (arrival)         6030    -     0     -       0    (-,-) 
  dut_ft_pmu_ahb_slv_reg_reg[9][19]/QN      -       CP->QN R     DFKCND4HPBWPLVT      4 20.9    49   198     198    (-,-) 
  g192636/ZN                                -       A1->ZN F     ND2D4HPBWPLVT        1  8.7    35    34     232    (-,-) 
  g191815/ZN                                -       A2->ZN R     ND2D4HPBWPLVT        2 10.2    33    32     264    (-,-) 
  g188323/ZN                                -       A3->ZN F     XNR3D4HPBWPLVT       1  7.0    45   105     370    (-,-) 
  g226261/ZN                                -       A2->ZN F     XNR2D4HPBWPLVT       2 16.3    58   138     507    (-,-) 
  g223284/ZN                                -       A1->ZN F     INR2XD4HPBWPLVT      1 11.7    34    74     581    (-,-) 
  g185684/ZN                                -       A2->ZN R     NR2XD4HPBWPLVT       4 27.7    66    56     638    (-,-) 
  g184136/ZN                                -       A2->ZN F     ND2D3HPBWPLVT        2 14.7    59    55     692    (-,-) 
  g183796/ZN                                -       A1->ZN R     NR2XD3HPBWPLVT       4 15.7    54    48     741    (-,-) 
  g183070/ZN                                -       A1->ZN F     ND2D1HPBWPLVT        1  5.2    68    55     796    (-,-) 
  g182116/Z                                 -       S->Z   R     MUX2D4HPBWPLVT       2  5.8    40    98     894    (-,-) 
  g181738/ZN                                -       A1->ZN R     IOA21D1HPBWPLVT      1  4.1    56    86     980    (-,-) 
  dut_ft_pmu_ahb_inst_pmu_raw/g144683/ZN    -       A2->ZN F     ND2D1HPBWPLVT        1  8.6    97    75    1055    (-,-) 
  dut_ft_pmu_ahb_inst_pmu_raw/g139497/ZN    -       A3->ZN R     ND3D4HPBWPLVT        4 16.6    57    61    1116    (-,-) 
  dut_ft_pmu_ahb_inst_pmu_raw/g138834/ZN    -       A1->ZN F     ND2D3HPBWPLVT        1  6.8    38    37    1153    (-,-) 
  dut_ft_pmu_ahb_inst_pmu_raw/g138662/ZN    -       A2->ZN R     NR2D3HPBWPLVT        1  7.1    56    51    1204    (-,-) 
  dut_ft_pmu_ahb_inst_pmu_raw/g138503/ZN    -       A2->ZN F     ND2D3HPBWPLVT        1  9.5    44    44    1248    (-,-) 
  dut_ft_pmu_ahb_inst_pmu_raw/g138497/ZN    -       A2->ZN R     NR2XD3HPBWPLVT       1  8.4    37    42    1289    (-,-) 
  dut_ft_pmu_ahb_inst_pmu_raw/g138461/ZN    -       A2->ZN F     AOI21D4HPBWPLVT      2 12.0    45    43    1332    (-,-) 
  dut_ft_pmu_ahb_inst_pmu_raw/g138401/ZN    -       A1->ZN R     NR2XD3HPBWPLVT       1  8.3    37    34    1366    (-,-) 
  g109445/ZN                                -       B1->ZN F     IND2D4HPBWPLVT       1  8.3    34    31    1397    (-,-) 
  g109432/ZN                                -       A1->ZN R     ND2D4HPBWPLVT        2 14.3    49    33    1431    (-,-) 
  g109415/ZN                                -       I->ZN  F     INVD4HPBWPLVT        2 11.1    23    26    1456    (-,-) 
  g109357/ZN                                -       A1->ZN R     ND2D3HPBWPLVT        1  8.5    37    27    1484    (-,-) 
  g109351/ZN                                -       A1->ZN F     ND2D4HPBWPLVT        2 12.4    41    36    1520    (-,-) 
  g109292/ZN                                -       A1->ZN R     ND2D2HPBWPLVT        1  9.0    47    39    1559    (-,-) 
  g109291/ZN                                -       A2->ZN F     ND2D4HPBWPLVT        2 13.9    45    43    1602    (-,-) 
  fopt229405/ZN                             -       I->ZN  R     INVD4HPBWPLVT        2  9.9    28    30    1632    (-,-) 
  g109267/ZN                                -       A1->ZN F     ND2D3HPBWPLVT        1  8.3    40    33    1665    (-,-) 
  g109261/ZN                                -       A1->ZN R     ND2D4HPBWPLVT        3 17.5    46    38    1703    (-,-) 
  g109254/ZN                                -       I->ZN  F     INVD4HPBWPLVT        1  6.9    19    21    1724    (-,-) 
  g109241/ZN                                -       A1->ZN R     ND2D3HPBWPLVT        1  8.5    37    26    1750    (-,-) 
  g109235/ZN                                -       A1->ZN F     ND2D4HPBWPLVT        2  9.7    36    33    1783    (-,-) 
  g228970/ZN                                -       A1->ZN F     IND2D4HPBWPLVT       1  6.9    31    62    1845    (-,-) 
  g228969/ZN                                -       A1->ZN R     ND2D3HPBWPLVT        1  5.3    29    25    1870    (-,-) 
  g109211/Z                                 -       S->Z   F     MUX2D4HPBWPLVT       2 16.4    57   105    1975    (-,-) 
  g109207/ZN                                -       I->ZN  R     CKND6HPBWPLVT        1  8.4    24    26    2001    (-,-) 
  g109201/ZN                                -       A2->ZN F     AOI22D4HPBWPLVT      1  6.9    54    33    2034    (-,-) 
  g109199/ZN                                -       A1->ZN R     NR2XD2HPBWPLVT       1  4.0    33    33    2068    (-,-) 
  dut_ft_pmu_ahb_Slvft.ham_pbits_reg[192]/D -       -      R     DFCNQD1HPBWPLVT      1    -     -     0    2068    (-,-) 
#-------------------------------------------------------------------------------------------------------------------------


