============================================================
  Generated by:           Genus(TM) Synthesis Solution 19.11-s087_1
  Generated on:           Aug 20 2021  10:48:54 am
  Module:                 top_nft
  Operating conditions:   NCCOM 
  Operating conditions:   WCCOM 
  Operating conditions:   WCCOM 
  Operating conditions:   BCCOM 
  Interconnect mode:      global
  Area mode:              physical library
============================================================

                                          Leakage                        Library 
       Gate        Instances    Area    Power (nW)        Library         Domain 
---------------------------------------------------------------------------------
AN2D2HPBWPLVT              7     19.600     16.437    tcbn65lphpbwplvttc       0 
AN2D4HPBWPLVT             11     52.800     45.289    tcbn65lphpbwplvttc       0 
AN2D8HPBWPLVT              7     56.000     72.642    tcbn65lphpbwplvttc       0 
AN2XD1HPBWP               57    136.800      9.240    tcbn65lphpbwptc          0 
AN2XD1HPBWPLVT           170    408.000    313.640    tcbn65lphpbwplvttc       0 
AN3D2HPBWPLVT              3      9.600     13.863    tcbn65lphpbwplvttc       0 
AN3D4HPBWPLVT             11     66.000     33.541    tcbn65lphpbwplvttc       0 
AN3XD1HPBWPLVT            32     89.600     76.259    tcbn65lphpbwplvttc       0 
AN4D2HPBWPLVT              3     12.000      3.857    tcbn65lphpbwplvttc       0 
AN4D4HPBWPLVT              5     36.000     15.310    tcbn65lphpbwplvttc       0 
AN4XD1HPBWP                6     19.200      0.730    tcbn65lphpbwptc          0 
AN4XD1HPBWPLVT           250    800.000    210.263    tcbn65lphpbwplvttc       0 
AO211D1HPBWPLVT           14     44.800     53.279    tcbn65lphpbwplvttc       0 
AO21D1HPBWPLVT            71    198.800    235.576    tcbn65lphpbwplvttc       0 
AO21D2HPBWPLVT             3      9.600     14.173    tcbn65lphpbwplvttc       0 
AO21D4HPBWPLVT             3     18.000     31.479    tcbn65lphpbwplvttc       0 
AO221D0HPBWPLVT           80    320.000    152.067    tcbn65lphpbwplvttc       0 
AO221D1HPBWPLVT            1      4.400      3.153    tcbn65lphpbwplvttc       0 
AO222D1HPBWPLVT          260   1248.000    703.171    tcbn65lphpbwplvttc       0 
AO222D2HPBWPLVT           18     93.600     66.763    tcbn65lphpbwplvttc       0 
AO222D4HPBWPLVT            1     10.000      8.174    tcbn65lphpbwplvttc       0 
AO22D0HPBWPLVT           380   1216.000    424.081    tcbn65lphpbwplvttc       0 
AO22D1HPBWPLVT           100    360.000    149.538    tcbn65lphpbwplvttc       0 
AO31D1HPBWPLVT            42    134.400    100.207    tcbn65lphpbwplvttc       0 
AO32D1HPBWPLVT             2      8.000      6.340    tcbn65lphpbwplvttc       0 
AOI211XD0HPBWPLVT         74    207.200    128.598    tcbn65lphpbwplvttc       0 
AOI21D1HPBWPLVT           40     96.000     79.364    tcbn65lphpbwplvttc       0 
AOI21D2HPBWPLVT           15     60.000     78.608    tcbn65lphpbwplvttc       0 
AOI221D0HPBWPLVT         265    848.000    356.128    tcbn65lphpbwplvttc       0 
AOI221D1HPBWPLVT           1      3.600      3.892    tcbn65lphpbwplvttc       0 
AOI222D0HPBWP              2      8.000      0.171    tcbn65lphpbwptc          0 
AOI222D0HPBWPLVT         128    512.000    157.543    tcbn65lphpbwplvttc       0 
AOI222D1HPBWPLVT           9     39.600     10.035    tcbn65lphpbwplvttc       0 
AOI222D2HPBWPLVT          31    223.200     86.419    tcbn65lphpbwplvttc       0 
AOI22D1HPBWPLVT          560   1568.000    771.108    tcbn65lphpbwplvttc       0 
AOI22D2HPBWPLVT           56    268.800    186.768    tcbn65lphpbwplvttc       0 
AOI31D1HPBWPLVT            4     11.200      3.349    tcbn65lphpbwplvttc       0 
AOI31D2HPBWPLVT            2      9.600      7.359    tcbn65lphpbwplvttc       0 
AOI31D4HPBWPLVT            1      9.600      9.649    tcbn65lphpbwplvttc       0 
AOI32D1HPBWPLVT            2      6.400      2.636    tcbn65lphpbwplvttc       0 
BUFFD0HPBWPLVT             2      3.200      2.274    tcbn65lphpbwplvttc       0 
BUFFD12HPBWPLVT            3     27.600     73.986    tcbn65lphpbwplvttc       0 
BUFFD2HPBWP               15     36.000      5.363    tcbn65lphpbwptc          0 
BUFFD2HPBWPLVT            99    237.600    355.447    tcbn65lphpbwplvttc       0 
BUFFD3HPBWPLVT            11     30.800     62.044    tcbn65lphpbwplvttc       0 
BUFFD4HPBWPLVT            49    196.000    418.731    tcbn65lphpbwplvttc       0 
BUFFD6HPBWPLVT             4     19.200     45.757    tcbn65lphpbwplvttc       0 
BUFFD8HPBWPLVT             3     19.200     43.291    tcbn65lphpbwplvttc       0 
CKAN2D8HPBWPLVT            4     27.200     22.963    tcbn65lphpbwplvttc       0 
CKBD0HPBWPLVT              1      1.600      0.855    tcbn65lphpbwplvttc       0 
CKBD1HPBWP               522    835.200     78.300    tcbn65lphpbwptc          0 
CKBD1HPBWPLVT             17     27.200     26.401    tcbn65lphpbwplvttc       0 
CKMUX2D1HPBWPLVT          13     52.000     43.968    tcbn65lphpbwplvttc       0 
CKMUX2D4HPBWPLVT           1      6.800     10.606    tcbn65lphpbwplvttc       0 
CKND0HPBWPLVT              5      6.000      1.743    tcbn65lphpbwplvttc       0 
CKND16HPBWPLVT             1      9.200     23.414    tcbn65lphpbwplvttc       0 
CKND1HPBWPLVT             52     62.400     37.479    tcbn65lphpbwplvttc       0 
CKND2HPBWPLVT              3      4.800      4.309    tcbn65lphpbwplvttc       0 
CKND3HPBWPLVT              4      9.600      9.180    tcbn65lphpbwplvttc       0 
CKND4HPBWPLVT              6     16.800     17.046    tcbn65lphpbwplvttc       0 
CKND6HPBWPLVT              2      8.000      8.087    tcbn65lphpbwplvttc       0 
CKND8HPBWPLVT              1      4.800      4.849    tcbn65lphpbwplvttc       0 
CKXOR2D1HPBWPLVT          49    196.000    214.825    tcbn65lphpbwplvttc       0 
CKXOR2D2HPBWPLVT           6     26.400     31.846    tcbn65lphpbwplvttc       0 
DFD1HPBWPLVT             104    832.000    631.510    tcbn65lphpbwplvttc       0 
DFD2HPBWPLVT               1      9.600     13.151    tcbn65lphpbwplvttc       0 
DFD4HPBWPLVT               1     12.400     21.101    tcbn65lphpbwplvttc       0 
DFKCND1HPBWPLVT          380   3496.000   2141.021    tcbn65lphpbwplvttc       0 
DFKCND2HPBWPLVT            3     31.200     40.863    tcbn65lphpbwplvttc       0 
DFKCND4HPBWPLVT            3     39.600     62.946    tcbn65lphpbwplvttc       0 
DFKCNQD1HPBWP              2     16.800      0.868    tcbn65lphpbwptc          0 
DFKCNQD1HPBWPLVT         964   8097.600   3973.673    tcbn65lphpbwplvttc       0 
DFKCNQD4HPBWPLVT           2     20.000     26.294    tcbn65lphpbwplvttc       0 
DFKCSND1HPBWPLVT           4     41.600     23.163    tcbn65lphpbwplvttc       0 
DFQD1HPBWPLVT           1237   9401.200   5373.490    tcbn65lphpbwplvttc       0 
DFQD4HPBWPLVT              3     27.600     28.517    tcbn65lphpbwplvttc       0 
FA1D1HPBWPLVT              3     34.800     50.561    tcbn65lphpbwplvttc       0 
FA1D2HPBWPLVT             12    148.800    264.445    tcbn65lphpbwplvttc       0 
FCICIND1HPBWPLVT          18     93.600     60.010    tcbn65lphpbwplvttc       0 
FIICOND1HPBWPLVT           1     12.000     18.527    tcbn65lphpbwplvttc       0 
HA1D0HPBWP                 1      6.400      0.701    tcbn65lphpbwptc          0 
HA1D0HPBWPLVT            163   1043.200   1138.614    tcbn65lphpbwplvttc       0 
HA1D4HPBWPLVT              4     48.000     77.929    tcbn65lphpbwplvttc       0 
HCOSCIND1HPBWPLVT          2     24.800     23.291    tcbn65lphpbwplvttc       0 
HICIND1HPBWPLVT            9     68.400     80.188    tcbn65lphpbwplvttc       0 
HICOND1HPBWPLVT            6     45.600     54.879    tcbn65lphpbwplvttc       0 
HICOND2HPBWPLVT           10     88.000    118.284    tcbn65lphpbwplvttc       0 
IAO21D1HPBWPLVT            9     25.200     19.742    tcbn65lphpbwplvttc       0 
IAO21D2HPBWPLVT            2      8.000     18.932    tcbn65lphpbwplvttc       0 
IAO22D1HPBWPLVT            1      3.600      3.186    tcbn65lphpbwplvttc       0 
IAO22D4HPBWPLVT            1      7.600     10.345    tcbn65lphpbwplvttc       0 
IIND4D1HPBWPLVT            2      8.000      4.873    tcbn65lphpbwplvttc       0 
IINR4D0HPBWPLVT            7     28.000     12.791    tcbn65lphpbwplvttc       0 
IND2D1HPBWP               37     88.800      4.656    tcbn65lphpbwptc          0 
IND2D1HPBWPLVT           103    247.200    176.519    tcbn65lphpbwplvttc       0 
IND2D2HPBWPLVT            32    102.400     72.070    tcbn65lphpbwplvttc       0 
IND2D4HPBWPLVT            10     64.000     87.770    tcbn65lphpbwplvttc       0 
IND3D1HPBWPLVT            26     72.800     21.900    tcbn65lphpbwplvttc       0 
IND3D2HPBWPLVT             6     28.800     22.834    tcbn65lphpbwplvttc       0 
IND3D4HPBWPLVT             3     25.200     21.515    tcbn65lphpbwplvttc       0 
IND4D1HPBWPLVT             8     25.600      3.677    tcbn65lphpbwplvttc       0 
IND4D2HPBWPLVT            11     70.400      7.817    tcbn65lphpbwplvttc       0 
IND4D4HPBWPLVT            15    162.000     34.072    tcbn65lphpbwplvttc       0 
INR2D1HPBWPLVT           141    338.400    182.245    tcbn65lphpbwplvttc       0 
INR2D2HPBWPLVT            22     70.400     53.204    tcbn65lphpbwplvttc       0 
INR2D4HPBWPLVT             1      6.000      4.657    tcbn65lphpbwplvttc       0 
INR2XD0HPBWPLVT           59    141.600     71.582    tcbn65lphpbwplvttc       0 
INR2XD1HPBWPLVT           20     64.000     65.507    tcbn65lphpbwplvttc       0 
INR2XD2HPBWPLVT           14     72.800     24.376    tcbn65lphpbwplvttc       0 
INR3D0HPBWPLVT             7     19.600      8.774    tcbn65lphpbwplvttc       0 
INR3D1HPBWPLVT             9     36.000     21.942    tcbn65lphpbwplvttc       0 
INR3D4HPBWPLVT             1      8.400      4.408    tcbn65lphpbwplvttc       0 
INR4D0HPBWPLVT            15     48.000     20.816    tcbn65lphpbwplvttc       0 
INR4D1HPBWPLVT             2     11.200      1.333    tcbn65lphpbwplvttc       0 
INVD12HPBWPLVT            17    115.600    261.068    tcbn65lphpbwplvttc       0 
INVD16HPBWPLVT             2     18.400     38.548    tcbn65lphpbwplvttc       0 
INVD1HPBWP                47     56.400      4.700    tcbn65lphpbwptc          0 
INVD1HPBWPLVT            469    562.800    459.145    tcbn65lphpbwplvttc       0 
INVD2HPBWPLVT            172    275.200    389.090    tcbn65lphpbwplvttc       0 
INVD3HPBWP                 6     14.400      2.186    tcbn65lphpbwptc          0 
INVD3HPBWPLVT             76    182.400    284.845    tcbn65lphpbwplvttc       0 
INVD4HPBWPLVT             43    120.400    223.849    tcbn65lphpbwplvttc       0 
INVD6HPBWPLVT             35    140.000    275.799    tcbn65lphpbwplvttc       0 
INVD8HPBWPLVT             14     67.200    193.879    tcbn65lphpbwplvttc       0 
IOA21D1HPBWPLVT          284    795.200    419.794    tcbn65lphpbwplvttc       0 
IOA21D2HPBWPLVT          321   1284.000   1193.332    tcbn65lphpbwplvttc       0 
IOA21D4HPBWPLVT            4     25.600     28.629    tcbn65lphpbwplvttc       0 
IOA22D1HPBWPLVT           18     64.800     33.356    tcbn65lphpbwplvttc       0 
IOA22D2HPBWPLVT            7     33.600     37.955    tcbn65lphpbwplvttc       0 
MAOI222D0HPBWPLVT          1      3.200      0.748    tcbn65lphpbwplvttc       0 
MAOI222D1HPBWPLVT          7     22.400      8.306    tcbn65lphpbwplvttc       0 
MAOI22D1HPBWP              2      6.400      0.705    tcbn65lphpbwptc          0 
MAOI22D1HPBWPLVT          27     86.400    104.523    tcbn65lphpbwplvttc       0 
MAOI22D2HPBWPLVT          14     67.200     71.212    tcbn65lphpbwplvttc       0 
MOAI22D1HPBWP              1      3.200      0.334    tcbn65lphpbwptc          0 
MOAI22D1HPBWPLVT        1533   4905.600   4082.962    tcbn65lphpbwplvttc       0 
MOAI22D2HPBWPLVT           1      4.800      4.924    tcbn65lphpbwplvttc       0 
MUX2D0HPBWPLVT           829   2984.400   1572.904    tcbn65lphpbwplvttc       0 
MUX2D1HPBWPLVT            59    236.000    257.679    tcbn65lphpbwplvttc       0 
MUX2D2HPBWPLVT             5     22.000     28.777    tcbn65lphpbwplvttc       0 
MUX2D4HPBWPLVT             8     54.400    103.358    tcbn65lphpbwplvttc       0 
MUX2ND0HPBWPLVT           34    108.800     52.525    tcbn65lphpbwplvttc       0 
MUX4ND0HPBWPLVT           16    128.000     97.669    tcbn65lphpbwplvttc       0 
ND2D1HPBWP                 2      3.200      0.341    tcbn65lphpbwptc          0 
ND2D1HPBWPLVT            562    899.200    358.847    tcbn65lphpbwplvttc       0 
ND2D2HPBWPLVT            110    308.000    154.633    tcbn65lphpbwplvttc       0 
ND2D3HPBWPLVT             38    152.000     51.373    tcbn65lphpbwplvttc       0 
ND2D4HPBWPLVT             25    120.000     89.577    tcbn65lphpbwplvttc       0 
ND2D8HPBWP                 2     18.400      1.367    tcbn65lphpbwptc          0 
ND2D8HPBWPLVT             26    239.200    262.985    tcbn65lphpbwplvttc       0 
ND3D1HPBWPLVT             60    144.000     28.451    tcbn65lphpbwplvttc       0 
ND3D2HPBWPLVT             32    128.000     59.976    tcbn65lphpbwplvttc       0 
ND3D3HPBWPLVT              5     26.000     20.180    tcbn65lphpbwplvttc       0 
ND3D4HPBWPLVT              2     13.600      1.199    tcbn65lphpbwplvttc       0 
ND4D1HPBWPLVT             75    210.000     59.232    tcbn65lphpbwplvttc       0 
ND4D2HPBWPLVT             12     62.400     10.863    tcbn65lphpbwplvttc       0 
ND4D3HPBWPLVT              3     20.400     14.550    tcbn65lphpbwplvttc       0 
ND4D4HPBWPLVT              2     19.200     19.183    tcbn65lphpbwplvttc       0 
ND4D8HPBWPLVT             28    235.200    576.471    tcbn65lphpbwplvttc       0 
NR2D1HPBWP                11     17.600      0.407    tcbn65lphpbwptc          0 
NR2D1HPBWPLVT            164    262.400     90.721    tcbn65lphpbwplvttc       0 
NR2D2HPBWP                 1      2.800      0.137    tcbn65lphpbwptc          0 
NR2D2HPBWPLVT             75    210.000     75.539    tcbn65lphpbwplvttc       0 
NR2D3HPBWPLVT             18     72.000     76.711    tcbn65lphpbwplvttc       0 
NR2D4HPBWPLVT              4     19.200     22.387    tcbn65lphpbwplvttc       0 
NR2D8HPBWPLVT              1      9.200     23.738    tcbn65lphpbwplvttc       0 
NR2XD0HPBWPLVT           142    227.200    162.695    tcbn65lphpbwplvttc       0 
NR2XD1HPBWP                1      2.800      0.041    tcbn65lphpbwptc          0 
NR2XD1HPBWPLVT            95    266.000    208.720    tcbn65lphpbwplvttc       0 
NR2XD2HPBWPLVT            54    259.200     97.808    tcbn65lphpbwplvttc       0 
NR2XD3HPBWPLVT            35    238.000     81.499    tcbn65lphpbwplvttc       0 
NR2XD4HPBWPLVT             9     82.800     86.891    tcbn65lphpbwplvttc       0 
NR3D0HPBWPLVT             23     55.200     15.527    tcbn65lphpbwplvttc       0 
NR3D1HPBWPLVT             11     39.600     11.705    tcbn65lphpbwplvttc       0 
NR3D2HPBWPLVT              2     12.800      1.368    tcbn65lphpbwplvttc       0 
NR3D3HPBWPLVT              1      9.600      4.720    tcbn65lphpbwplvttc       0 
NR3D4HPBWPLVT              1     11.600      1.312    tcbn65lphpbwplvttc       0 
NR3D8HPBWPLVT              1     21.200      1.731    tcbn65lphpbwplvttc       0 
NR4D0HPBWPLVT             52    145.600     62.568    tcbn65lphpbwplvttc       0 
NR4D1HPBWPLVT              4     19.200      3.619    tcbn65lphpbwplvttc       0 
OA211D1HPBWPLVT            7     22.400     18.078    tcbn65lphpbwplvttc       0 
OA211D2HPBWPLVT            2      7.200      6.946    tcbn65lphpbwplvttc       0 
OA21D1HPBWPLVT            31     86.800     78.908    tcbn65lphpbwplvttc       0 
OA21D2HPBWPLVT            11     35.200     49.667    tcbn65lphpbwplvttc       0 
OA21D4HPBWPLVT            10     64.000     78.099    tcbn65lphpbwplvttc       0 
OA221D1HPBWPLVT           15     60.000     37.991    tcbn65lphpbwplvttc       0 
OA222D1HPBWPLVT           14     67.200     40.675    tcbn65lphpbwplvttc       0 
OA22D1HPBWPLVT             1      3.600      2.177    tcbn65lphpbwplvttc       0 
OAI211D1HPBWPLVT          22     61.600     26.355    tcbn65lphpbwplvttc       0 
OAI21D1HPBWPLVT           72    172.800     85.129    tcbn65lphpbwplvttc       0 
OAI21D2HPBWPLVT            7     28.000     23.522    tcbn65lphpbwplvttc       0 
OAI21D4HPBWPLVT            6     43.200     29.858    tcbn65lphpbwplvttc       0 
OAI221D0HPBWPLVT         138    441.600     99.632    tcbn65lphpbwplvttc       0 
OAI221D1HPBWPLVT           3     10.800      2.060    tcbn65lphpbwplvttc       0 
OAI221D2HPBWPLVT           1      6.400      2.646    tcbn65lphpbwplvttc       0 
OAI222D0HPBWPLVT          36    129.600     26.128    tcbn65lphpbwplvttc       0 
OAI222D1HPBWPLVT          18     72.000     19.626    tcbn65lphpbwplvttc       0 
OAI222D2HPBWPLVT          33    250.800     87.740    tcbn65lphpbwplvttc       0 
OAI222D4HPBWPLVT          62    421.600    434.103    tcbn65lphpbwplvttc       0 
OAI222XD4HPBWPLVT          9    126.000     50.128    tcbn65lphpbwplvttc       0 
OAI22D1HPBWPLVT          133    372.400    154.753    tcbn65lphpbwplvttc       0 
OAI22D2HPBWPLVT            3     14.400      7.367    tcbn65lphpbwplvttc       0 
OAI31D1HPBWPLVT            2      5.600      1.077    tcbn65lphpbwplvttc       0 
OAI31D2HPBWPLVT            8     38.400     12.326    tcbn65lphpbwplvttc       0 
OAI32D1HPBWPLVT            7     22.400     15.400    tcbn65lphpbwplvttc       0 
OR2D1HPBWP                 1      2.400      0.213    tcbn65lphpbwptc          0 
OR2D1HPBWPLVT             61    146.400    119.150    tcbn65lphpbwplvttc       0 
OR2D2HPBWPLVT             12     33.600     46.109    tcbn65lphpbwplvttc       0 
OR2D4HPBWPLVT             22    105.600    191.875    tcbn65lphpbwplvttc       0 
OR2D8HPBWPLVT              6     48.000    102.369    tcbn65lphpbwplvttc       0 
OR2XD1HPBWPLVT            16     38.400     35.833    tcbn65lphpbwplvttc       0 
OR3D1HPBWPLVT             10     28.000     14.601    tcbn65lphpbwplvttc       0 
OR3D4HPBWPLVT              1      6.000      8.930    tcbn65lphpbwplvttc       0 
OR4D1HPBWPLVT             23     73.600     52.683    tcbn65lphpbwplvttc       0 
OR4D8HPBWPLVT              1     11.200     35.014    tcbn65lphpbwplvttc       0 
XNR2D1HPBWPLVT           264   1056.000   1213.007    tcbn65lphpbwplvttc       0 
XOR2D0HPBWPLVT             2      8.000      6.012    tcbn65lphpbwplvttc       0 
XOR2D1HPBWPLVT           328   1312.000   1770.495    tcbn65lphpbwplvttc       0 
---------------------------------------------------------------------------------
total                  14236  58934.000  39347.593                       


                                                     Leakage  Leakage 
      Library      Instances Instances %    Area   Power (nW) Power % 
----------------------------------------------------------------------
tcbn65lphpbwplvttc     13520        95.0 57659.200  39237.133    99.7 
tcbn65lphpbwptc          716         5.0  1274.800    110.459     0.3 

                                            Leakage  Leakage 
     Type      Instances    Area   Area % Power (nW) Power % 
-------------------------------------------------------------
sequential          2704 22025.600   37.4  12336.597    31.4 
inverter             955  1674.400    2.8   2239.216     5.7 
buffer               726  1433.600    2.4   1112.449     2.8 
logic               9851 33800.400   57.4  23659.331    60.1 
physical_cells         0     0.000    0.0      0.000     0.0 
-------------------------------------------------------------
total              14236 58934.000  100.0  39347.593   100.0 

