============================================================
  Generated by:           Genus(TM) Synthesis Solution 19.11-s087_1
  Generated on:           Aug 20 2021  10:36:25 am
  Module:                 top_nft
  Operating conditions:   NCCOM 
  Operating conditions:   WCCOM 
  Operating conditions:   WCCOM 
  Operating conditions:   BCCOM 
  Interconnect mode:      global
  Area mode:              physical library
============================================================

Timing
--------

 Analysis view Clock Period 
----------------------------
view_typ       clk   2000.0 
view_slow      clk   2000.0 
view_superslow clk   2000.0 
view_fast      clk   2000.0 


   Analysis      Cost   Critical        Violating 
     View       Group  Path Slack  TNS    Paths   
--------------------------------------------------
view_typ           C2C      891.1  0.0          0 
                   C2O     1063.8  0.0          0 
                   clk   No paths  0.0          0 
               default   No paths  0.0          0 
                   I2C     1028.3  0.0          0 
                   I2O     1201.0  0.0          0 
--------------------------------------------------
Total                             -0.0          0 
                                                  
view_slow          C2C      201.5  0.0          0 
                   C2O      561.6  0.0          0 
                   clk   No paths  0.0          0 
               default   No paths  0.0          0 
                   I2C      486.5  0.0          0 
                   I2O      846.6  0.0          0 
--------------------------------------------------
Total                             -0.0          0 
                                                  
view_superslow     C2C      201.5  0.0          0 
                   C2O      561.6  0.0          0 
                   clk   No paths  0.0          0 
               default   No paths  0.0          0 
                   I2C      486.5  0.0          0 
                   I2O      846.6  0.0          0 
--------------------------------------------------
Total                             -0.0          0 
                                                  
view_fast          C2C     1182.7  0.0          0 
                   C2O     1278.4  0.0          0 
                   clk   No paths  0.0          0 
               default   No paths  0.0          0 
                   I2C     1254.0  0.0          0 
                   I2O     1349.7  0.0          0 
--------------------------------------------------
Total                             -0.0          0 
                                                  

Instance Count
--------------
Leaf Instance Count             31717 
Physical Instance count             0 
Sequential Instance Count        2704 
Combinational Instance Count    29013 
Hierarchical Instance Count        33 

Area
----
Cell Area                          136488.154
Physical Cell Area                 0.000
Total Cell Area (Cell+Physical)    136488.154
Net Area                           41.621
Total Area (Cell+Physical+Net)     136529.775

Runtime                            1.0 seconds
Elapsed Runtime                    258 seconds
Genus peak memory usage            1558.22 
Innovus peak memory usage          no_value 
Hostname                           epi03.bsc.es
