============================================================
  Generated by:           Genus(TM) Synthesis Solution 19.11-s087_1
  Generated on:           Aug 20 2021  10:36:28 am
  Module:                 top_nft
  Operating conditions:   NCCOM 
  Operating conditions:   WCCOM 
  Operating conditions:   WCCOM 
  Operating conditions:   BCCOM 
  Interconnect mode:      global
  Area mode:              physical library
============================================================

                                        Leakage  Leakage 
     Type      Instances  Area Area % Power (nW) Power % 
---------------------------------------------------------
sequential          2704 0.000    0.0  57147.688    98.3 
inverter               5 0.000    0.0      0.162     0.0 
logic              29008 0.000    0.0    999.045     1.7 
physical_cells         0 0.000    0.0      0.000     0.0 
---------------------------------------------------------
total              31717 0.000    0.0  58146.896   100.0 

