============================================================
  Generated by:           Genus(TM) Synthesis Solution 19.11-s087_1
  Generated on:           Aug 20 2021  10:43:31 am
  Module:                 top_nft
  Operating conditions:   NCCOM 
  Operating conditions:   WCCOM 
  Operating conditions:   WCCOM 
  Operating conditions:   BCCOM 
  Interconnect mode:      global
  Area mode:              physical library
============================================================

                                          Leakage                        Library 
       Gate        Instances    Area    Power (nW)        Library         Domain 
---------------------------------------------------------------------------------
AN2D2HPBWPLVT             38    106.400    173.550    tcbn65lphpbwplvttc       0 
AN2D4HPBWPLVT             14     67.200     52.059    tcbn65lphpbwplvttc       0 
AN2D8HPBWPLVT              8     64.000     81.849    tcbn65lphpbwplvttc       0 
AN2XD1HPBWP               54    129.600      8.139    tcbn65lphpbwptc          0 
AN2XD1HPBWPLVT           145    348.000    240.419    tcbn65lphpbwplvttc       0 
AN3D2HPBWPLVT              4     12.800     16.050    tcbn65lphpbwplvttc       0 
AN3D4HPBWPLVT              9     54.000     26.447    tcbn65lphpbwplvttc       0 
AN3D8HPBWPLVT              1      9.600      5.110    tcbn65lphpbwplvttc       0 
AN3XD1HPBWPLVT            34     95.200     79.058    tcbn65lphpbwplvttc       0 
AN4D2HPBWPLVT             10     40.000     12.852    tcbn65lphpbwplvttc       0 
AN4D4HPBWPLVT              3     21.600      8.603    tcbn65lphpbwplvttc       0 
AN4XD1HPBWP                6     19.200      0.730    tcbn65lphpbwptc          0 
AN4XD1HPBWPLVT           241    771.200    203.804    tcbn65lphpbwplvttc       0 
AO211D1HPBWPLVT           14     44.800     53.285    tcbn65lphpbwplvttc       0 
AO21D1HPBWPLVT            71    198.800    235.576    tcbn65lphpbwplvttc       0 
AO21D2HPBWPLVT             4     12.800     18.943    tcbn65lphpbwplvttc       0 
AO21D4HPBWPLVT             2     12.000     21.102    tcbn65lphpbwplvttc       0 
AO221D0HPBWPLVT           80    320.000    152.071    tcbn65lphpbwplvttc       0 
AO221D1HPBWPLVT            1      4.400      3.153    tcbn65lphpbwplvttc       0 
AO222D1HPBWPLVT          201    964.800    543.237    tcbn65lphpbwplvttc       0 
AO222D2HPBWPLVT           22    114.400     82.288    tcbn65lphpbwplvttc       0 
AO222D4HPBWPLVT            2     20.000     16.356    tcbn65lphpbwplvttc       0 
AO22D0HPBWPLVT           375   1200.000    420.291    tcbn65lphpbwplvttc       0 
AO22D1HPBWPLVT            81    291.600    121.803    tcbn65lphpbwplvttc       0 
AO31D1HPBWPLVT            42    134.400    100.207    tcbn65lphpbwplvttc       0 
AO32D1HPBWPLVT             2      8.000      6.340    tcbn65lphpbwplvttc       0 
AOI211XD0HPBWPLVT         74    207.200    128.597    tcbn65lphpbwplvttc       0 
AOI21D1HPBWPLVT           39     93.600     77.220    tcbn65lphpbwplvttc       0 
AOI21D2HPBWPLVT           14     56.000     73.330    tcbn65lphpbwplvttc       0 
AOI221D0HPBWPLVT         265    848.000    356.129    tcbn65lphpbwplvttc       0 
AOI221D1HPBWPLVT           1      3.600      3.892    tcbn65lphpbwplvttc       0 
AOI222D0HPBWP              2      8.000      0.171    tcbn65lphpbwptc          0 
AOI222D0HPBWPLVT         128    512.000    157.546    tcbn65lphpbwplvttc       0 
AOI222D1HPBWPLVT           8     35.200      8.971    tcbn65lphpbwplvttc       0 
AOI222D2HPBWPLVT          32    230.400     89.043    tcbn65lphpbwplvttc       0 
AOI22D1HPBWPLVT          599   1677.200    823.312    tcbn65lphpbwplvttc       0 
AOI22D2HPBWPLVT           71    340.800    235.160    tcbn65lphpbwplvttc       0 
AOI31D1HPBWPLVT            4     11.200      3.349    tcbn65lphpbwplvttc       0 
AOI31D2HPBWPLVT            2      9.600      7.365    tcbn65lphpbwplvttc       0 
AOI31D4HPBWPLVT            1      9.600      9.649    tcbn65lphpbwplvttc       0 
AOI32D1HPBWPLVT            2      6.400      2.636    tcbn65lphpbwplvttc       0 
BUFFD12HPBWPLVT           16    147.200    523.207    tcbn65lphpbwplvttc       0 
BUFFD2HPBWPLVT            88    211.200    320.441    tcbn65lphpbwplvttc       0 
BUFFD3HPBWPLVT             7     19.600     38.888    tcbn65lphpbwplvttc       0 
BUFFD4HPBWPLVT            53    212.000    500.361    tcbn65lphpbwplvttc       0 
BUFFD6HPBWPLVT             6     28.800     77.488    tcbn65lphpbwplvttc       0 
BUFFD8HPBWPLVT             5     32.000     82.851    tcbn65lphpbwplvttc       0 
CKAN2D8HPBWPLVT            4     27.200     22.963    tcbn65lphpbwplvttc       0 
CKBD0HPBWPLVT              1      1.600      0.855    tcbn65lphpbwplvttc       0 
CKBD12HPBWPLVT             1      8.400     13.013    tcbn65lphpbwplvttc       0 
CKBD1HPBWP                74    118.400     11.100    tcbn65lphpbwptc          0 
CKBD1HPBWPLVT             17     27.200     26.401    tcbn65lphpbwplvttc       0 
CKBD4HPBWPLVT              1      4.000      6.604    tcbn65lphpbwplvttc       0 
CKMUX2D1HPBWPLVT          16     64.000     53.710    tcbn65lphpbwplvttc       0 
CKMUX2D4HPBWPLVT           1      6.800     10.606    tcbn65lphpbwplvttc       0 
CKND0HPBWPLVT              4      4.800      1.347    tcbn65lphpbwplvttc       0 
CKND16HPBWPLVT             2     18.400     46.828    tcbn65lphpbwplvttc       0 
CKND1HPBWPLVT             62     74.400     45.097    tcbn65lphpbwplvttc       0 
CKND2HPBWPLVT              5      8.000      6.851    tcbn65lphpbwplvttc       0 
CKND3HPBWPLVT              4      9.600      8.307    tcbn65lphpbwplvttc       0 
CKND4HPBWPLVT              7     19.600     17.098    tcbn65lphpbwplvttc       0 
CKND6HPBWPLVT              4     16.000     19.611    tcbn65lphpbwplvttc       0 
CKND8HPBWPLVT              1      4.800      4.849    tcbn65lphpbwplvttc       0 
CKXOR2D1HPBWPLVT          49    196.000    214.825    tcbn65lphpbwplvttc       0 
CKXOR2D2HPBWPLVT           6     26.400     31.846    tcbn65lphpbwplvttc       0 
DFD1HPBWPLVT              52    416.000    315.664    tcbn65lphpbwplvttc       0 
DFD2HPBWPLVT               2     19.200     26.624    tcbn65lphpbwplvttc       0 
DFD4HPBWPLVT               1     12.400     21.101    tcbn65lphpbwplvttc       0 
DFKCND1HPBWPLVT          374   3440.800   2108.829    tcbn65lphpbwplvttc       0 
DFKCND2HPBWPLVT            3     31.200     40.863    tcbn65lphpbwplvttc       0 
DFKCND4HPBWPLVT            3     39.600     62.946    tcbn65lphpbwplvttc       0 
DFKCNQD1HPBWP              2     16.800      0.868    tcbn65lphpbwptc          0 
DFKCNQD1HPBWPLVT         969   8139.600   3992.070    tcbn65lphpbwplvttc       0 
DFKCNQD2HPBWPLVT           1      8.800      7.051    tcbn65lphpbwplvttc       0 
DFKCNQD4HPBWPLVT           2     20.000     26.294    tcbn65lphpbwplvttc       0 
DFKCSND1HPBWPLVT           4     41.600     23.163    tcbn65lphpbwplvttc       0 
DFQD1HPBWPLVT           1288   9788.800   5594.811    tcbn65lphpbwplvttc       0 
DFQD4HPBWPLVT              3     27.600     28.517    tcbn65lphpbwplvttc       0 
FA1D1HPBWPLVT              3     34.800     50.572    tcbn65lphpbwplvttc       0 
FA1D2HPBWPLVT             12    148.800    264.450    tcbn65lphpbwplvttc       0 
FCICIND1HPBWPLVT          18     93.600     60.010    tcbn65lphpbwplvttc       0 
FIICOND1HPBWPLVT           1     12.000     18.561    tcbn65lphpbwplvttc       0 
HA1D0HPBWP                 1      6.400      0.701    tcbn65lphpbwptc          0 
HA1D0HPBWPLVT            163   1043.200   1138.615    tcbn65lphpbwplvttc       0 
HA1D4HPBWPLVT              4     48.000     77.929    tcbn65lphpbwplvttc       0 
HCOSCIND1HPBWPLVT          2     24.800     23.291    tcbn65lphpbwplvttc       0 
HICIND1HPBWPLVT            8     60.800     71.275    tcbn65lphpbwplvttc       0 
HICOND1HPBWPLVT            6     45.600     54.880    tcbn65lphpbwplvttc       0 
HICOND2HPBWPLVT           10     88.000    118.284    tcbn65lphpbwplvttc       0 
IAO21D1HPBWPLVT            9     25.200     19.742    tcbn65lphpbwplvttc       0 
IAO21D2HPBWPLVT            2      8.000     18.932    tcbn65lphpbwplvttc       0 
IAO22D1HPBWPLVT            1      3.600      3.186    tcbn65lphpbwplvttc       0 
IAO22D4HPBWPLVT            1      7.600     10.345    tcbn65lphpbwplvttc       0 
IIND4D1HPBWPLVT            2      8.000      4.873    tcbn65lphpbwplvttc       0 
IINR4D0HPBWPLVT            7     28.000     12.791    tcbn65lphpbwplvttc       0 
IND2D1HPBWP               37     88.800      4.656    tcbn65lphpbwptc          0 
IND2D1HPBWPLVT           100    240.000    170.671    tcbn65lphpbwplvttc       0 
IND2D2HPBWPLVT            36    115.200     88.097    tcbn65lphpbwplvttc       0 
IND2D4HPBWPLVT             9     57.600     81.821    tcbn65lphpbwplvttc       0 
IND3D1HPBWPLVT            26     72.800     21.900    tcbn65lphpbwplvttc       0 
IND3D2HPBWPLVT             6     28.800     22.834    tcbn65lphpbwplvttc       0 
IND3D4HPBWPLVT             3     25.200     21.515    tcbn65lphpbwplvttc       0 
IND4D1HPBWPLVT             8     25.600      3.677    tcbn65lphpbwplvttc       0 
IND4D2HPBWPLVT            11     70.400      7.817    tcbn65lphpbwplvttc       0 
IND4D4HPBWPLVT            15    162.000     34.072    tcbn65lphpbwplvttc       0 
INR2D1HPBWPLVT           137    328.800    174.726    tcbn65lphpbwplvttc       0 
INR2D2HPBWPLVT            14     44.800     43.726    tcbn65lphpbwplvttc       0 
INR2D4HPBWPLVT             1      6.000      4.657    tcbn65lphpbwplvttc       0 
INR2XD0HPBWPLVT           59    141.600     71.582    tcbn65lphpbwplvttc       0 
INR2XD1HPBWPLVT           21     67.200     67.309    tcbn65lphpbwplvttc       0 
INR2XD2HPBWPLVT           25    130.000     43.234    tcbn65lphpbwplvttc       0 
INR3D0HPBWPLVT             7     19.600      8.774    tcbn65lphpbwplvttc       0 
INR3D1HPBWPLVT             9     36.000     21.942    tcbn65lphpbwplvttc       0 
INR3D4HPBWPLVT             1      8.400      4.408    tcbn65lphpbwplvttc       0 
INR4D0HPBWPLVT            15     48.000     20.816    tcbn65lphpbwplvttc       0 
INR4D1HPBWPLVT             1      5.600      0.641    tcbn65lphpbwplvttc       0 
INR4D2HPBWPLVT             1      8.800      1.000    tcbn65lphpbwplvttc       0 
INVD12HPBWPLVT            53    360.400    916.702    tcbn65lphpbwplvttc       0 
INVD16HPBWPLVT             2     18.400     38.548    tcbn65lphpbwplvttc       0 
INVD1HPBWPLVT            557    668.400    551.755    tcbn65lphpbwplvttc       0 
INVD2HPBWPLVT            155    248.000    345.601    tcbn65lphpbwplvttc       0 
INVD3HPBWPLVT             83    199.200    340.189    tcbn65lphpbwplvttc       0 
INVD4HPBWPLVT             41    114.800    226.664    tcbn65lphpbwplvttc       0 
INVD6HPBWPLVT             28    112.000    240.682    tcbn65lphpbwplvttc       0 
INVD8HPBWPLVT             29    139.200    333.560    tcbn65lphpbwplvttc       0 
IOA21D1HPBWPLVT          338    946.400    498.041    tcbn65lphpbwplvttc       0 
IOA21D2HPBWPLVT          340   1360.000   1262.966    tcbn65lphpbwplvttc       0 
IOA21D4HPBWPLVT            4     25.600     28.629    tcbn65lphpbwplvttc       0 
IOA22D1HPBWPLVT           18     64.800     33.356    tcbn65lphpbwplvttc       0 
IOA22D2HPBWPLVT            7     33.600     37.955    tcbn65lphpbwplvttc       0 
MAOI222D0HPBWPLVT          1      3.200      0.748    tcbn65lphpbwplvttc       0 
MAOI222D1HPBWPLVT          7     22.400      8.306    tcbn65lphpbwplvttc       0 
MAOI22D1HPBWPLVT          27     86.400    104.523    tcbn65lphpbwplvttc       0 
MAOI22D2HPBWPLVT          16     76.800     81.583    tcbn65lphpbwplvttc       0 
MOAI22D1HPBWP              1      3.200      0.334    tcbn65lphpbwptc          0 
MOAI22D1HPBWPLVT        1655   5296.000   4441.953    tcbn65lphpbwplvttc       0 
MOAI22D2HPBWPLVT           1      4.800      4.924    tcbn65lphpbwplvttc       0 
MUX2D0HPBWPLVT           808   2908.800   1533.593    tcbn65lphpbwplvttc       0 
MUX2D1HPBWPLVT            75    300.000    327.686    tcbn65lphpbwplvttc       0 
MUX2D2HPBWPLVT             6     26.400     34.177    tcbn65lphpbwplvttc       0 
MUX2D4HPBWPLVT             8     54.400    103.358    tcbn65lphpbwplvttc       0 
MUX2ND0HPBWPLVT           34    108.800     52.525    tcbn65lphpbwplvttc       0 
MUX4ND0HPBWPLVT           16    128.000     97.669    tcbn65lphpbwplvttc       0 
ND2D1HPBWPLVT            569    910.400    343.112    tcbn65lphpbwplvttc       0 
ND2D2HPBWPLVT            140    392.000    243.757    tcbn65lphpbwplvttc       0 
ND2D3HPBWPLVT             38    152.000     52.285    tcbn65lphpbwplvttc       0 
ND2D4HPBWPLVT             28    134.400     92.266    tcbn65lphpbwplvttc       0 
ND2D8HPBWPLVT             28    257.600    281.368    tcbn65lphpbwplvttc       0 
ND3D1HPBWPLVT             60    144.000     28.451    tcbn65lphpbwplvttc       0 
ND3D2HPBWPLVT             33    132.000     60.258    tcbn65lphpbwplvttc       0 
ND3D3HPBWPLVT              5     26.000     20.181    tcbn65lphpbwplvttc       0 
ND3D4HPBWPLVT              2     13.600      1.199    tcbn65lphpbwplvttc       0 
ND4D1HPBWPLVT             75    210.000     59.232    tcbn65lphpbwplvttc       0 
ND4D2HPBWPLVT             10     52.000     10.575    tcbn65lphpbwplvttc       0 
ND4D3HPBWPLVT              4     27.200     14.811    tcbn65lphpbwplvttc       0 
ND4D4HPBWPLVT              2     19.200     19.183    tcbn65lphpbwplvttc       0 
ND4D8HPBWPLVT             28    235.200    576.471    tcbn65lphpbwplvttc       0 
NR2D1HPBWPLVT            158    252.800     89.889    tcbn65lphpbwplvttc       0 
NR2D2HPBWP                 1      2.800      0.137    tcbn65lphpbwptc          0 
NR2D2HPBWPLVT             88    246.400     72.623    tcbn65lphpbwplvttc       0 
NR2D3HPBWPLVT             21     84.000     79.159    tcbn65lphpbwplvttc       0 
NR2D4HPBWPLVT              8     38.400     37.853    tcbn65lphpbwplvttc       0 
NR2D8HPBWPLVT              2     18.400     47.476    tcbn65lphpbwplvttc       0 
NR2XD0HPBWPLVT           142    227.200    167.039    tcbn65lphpbwplvttc       0 
NR2XD1HPBWP                1      2.800      0.041    tcbn65lphpbwptc          0 
NR2XD1HPBWPLVT            94    263.200    205.835    tcbn65lphpbwplvttc       0 
NR2XD2HPBWPLVT            55    264.000    104.488    tcbn65lphpbwplvttc       0 
NR2XD3HPBWPLVT            35    238.000     83.902    tcbn65lphpbwplvttc       0 
NR2XD4HPBWPLVT            10     92.000     74.755    tcbn65lphpbwplvttc       0 
NR3D0HPBWPLVT             22     52.800     15.495    tcbn65lphpbwplvttc       0 
NR3D1HPBWPLVT             12     43.200     11.767    tcbn65lphpbwplvttc       0 
NR3D2HPBWPLVT              2     12.800      1.368    tcbn65lphpbwplvttc       0 
NR3D3HPBWPLVT              1      9.600      4.720    tcbn65lphpbwplvttc       0 
NR3D4HPBWPLVT              1     11.600      1.312    tcbn65lphpbwplvttc       0 
NR3D8HPBWPLVT              1     21.200      1.731    tcbn65lphpbwplvttc       0 
NR4D0HPBWPLVT             52    145.600     62.568    tcbn65lphpbwplvttc       0 
NR4D1HPBWPLVT              3     14.400      3.569    tcbn65lphpbwplvttc       0 
OA211D1HPBWPLVT            6     19.200     15.666    tcbn65lphpbwplvttc       0 
OA211D2HPBWPLVT            3     10.800     10.418    tcbn65lphpbwplvttc       0 
OA21D1HPBWPLVT            31     86.800     78.908    tcbn65lphpbwplvttc       0 
OA21D2HPBWPLVT            11     35.200     49.667    tcbn65lphpbwplvttc       0 
OA21D4HPBWPLVT            10     64.000     78.099    tcbn65lphpbwplvttc       0 
OA221D1HPBWPLVT           14     56.000     35.813    tcbn65lphpbwplvttc       0 
OA221D2HPBWPLVT            1      4.800      3.307    tcbn65lphpbwplvttc       0 
OA222D1HPBWPLVT           14     67.200     40.675    tcbn65lphpbwplvttc       0 
OA22D1HPBWPLVT             1      3.600      2.177    tcbn65lphpbwplvttc       0 
OAI211D1HPBWPLVT          22     61.600     26.355    tcbn65lphpbwplvttc       0 
OAI21D1HPBWPLVT           72    172.800     85.188    tcbn65lphpbwplvttc       0 
OAI21D2HPBWPLVT            7     28.000     23.522    tcbn65lphpbwplvttc       0 
OAI21D4HPBWPLVT            6     43.200     29.858    tcbn65lphpbwplvttc       0 
OAI221D0HPBWPLVT         137    438.400     99.219    tcbn65lphpbwplvttc       0 
OAI221D1HPBWPLVT           4     14.400      2.787    tcbn65lphpbwplvttc       0 
OAI221D2HPBWPLVT           1      6.400      2.646    tcbn65lphpbwplvttc       0 
OAI222D0HPBWPLVT          36    129.600     26.128    tcbn65lphpbwplvttc       0 
OAI222D1HPBWPLVT          16     64.000     17.403    tcbn65lphpbwplvttc       0 
OAI222D2HPBWPLVT          38    288.800    100.839    tcbn65lphpbwplvttc       0 
OAI222D4HPBWPLVT          58    394.400    406.121    tcbn65lphpbwplvttc       0 
OAI222XD4HPBWPLVT         10    140.000     55.707    tcbn65lphpbwplvttc       0 
OAI22D1HPBWPLVT          133    372.400    154.753    tcbn65lphpbwplvttc       0 
OAI22D2HPBWPLVT            3     14.400      7.367    tcbn65lphpbwplvttc       0 
OAI31D1HPBWPLVT            2      5.600      1.077    tcbn65lphpbwplvttc       0 
OAI31D2HPBWPLVT            8     38.400     12.326    tcbn65lphpbwplvttc       0 
OAI32D1HPBWPLVT            7     22.400     15.401    tcbn65lphpbwplvttc       0 
OR2D1HPBWP                 1      2.400      0.213    tcbn65lphpbwptc          0 
OR2D1HPBWPLVT             52    124.800     98.793    tcbn65lphpbwplvttc       0 
OR2D2HPBWPLVT             21     58.800     82.109    tcbn65lphpbwplvttc       0 
OR2D4HPBWPLVT             19     91.200    165.622    tcbn65lphpbwplvttc       0 
OR2D8HPBWPLVT              8     64.000    143.266    tcbn65lphpbwplvttc       0 
OR2XD1HPBWPLVT            16     38.400     35.833    tcbn65lphpbwplvttc       0 
OR3D1HPBWPLVT             11     30.800     16.046    tcbn65lphpbwplvttc       0 
OR3D4HPBWPLVT              1      6.000      8.930    tcbn65lphpbwplvttc       0 
OR4D1HPBWPLVT             23     73.600     52.683    tcbn65lphpbwplvttc       0 
OR4D8HPBWPLVT              1     11.200     35.014    tcbn65lphpbwplvttc       0 
XNR2D1HPBWPLVT           167    668.000    774.730    tcbn65lphpbwplvttc       0 
XOR2D1HPBWPLVT           306   1224.000   1669.658    tcbn65lphpbwplvttc       0 
---------------------------------------------------------------------------------
total                  13954  58852.400  40841.178                       


                                                     Leakage  Leakage 
      Library      Instances Instances %    Area   Power (nW) Power % 
----------------------------------------------------------------------
tcbn65lphpbwplvttc     13774        98.7 58454.000  40814.090    99.9 
tcbn65lphpbwptc          180         1.3   398.400     27.089     0.1 

                                            Leakage  Leakage 
     Type      Instances    Area   Area % Power (nW) Power % 
-------------------------------------------------------------
sequential          2704 22002.400   37.4  12248.799    30.0 
inverter            1037  2016.000    3.4   3143.689     7.7 
buffer               269   810.400    1.4   1601.209     3.9 
logic               9944 34023.600   57.8  23847.481    58.4 
physical_cells         0     0.000    0.0      0.000     0.0 
-------------------------------------------------------------
total              13954 58852.400  100.0  40841.178   100.0 

