============================================================
  Generated by:           Genus(TM) Synthesis Solution 19.11-s087_1
  Generated on:           Aug 20 2021  10:43:36 am
  Module:                 top_nft
  Operating conditions:   NCCOM 
  Operating conditions:   WCCOM 
  Operating conditions:   WCCOM 
  Operating conditions:   BCCOM 
  Interconnect mode:      global
  Area mode:              physical library
============================================================


Path 1: MET (99 ps) Late External Delay Assertion at pin intr_RDC_o
           View: view_superslow
          Group: I2O
     Startpoint: (R) hwdata_i[9]
          Clock: (R) clk
       Endpoint: (F) intr_RDC_o
          Clock: (R) clk

                     Capture       Launch     
        Clock Edge:+    2000            0     
        Drv Adjust:+       0            0     
       Src Latency:+       0            0     
       Net Latency:+       0 (I)        0 (I) 
           Arrival:=    2000            0     
                                              
      Output Delay:-     100                  
     Required Time:=    1900                  
      Launch Clock:-       0                  
       Input Delay:-     100                  
         Data Path:-    1701                  
             Slack:=      99                  

Exceptions/Constraints:
  input_delay              100             tmp_sdc_view_typ.sdc_line_11264 
  output_delay             100             tmp_sdc_view_typ.sdc_line_11352 

#--------------------------------------------------------------------------------------------------------------------------
#              Timing Point                Flags    Arc   Edge       Cell        Fanout  Load Trans Delay Arrival Instance 
#                                                                                        (fF)  (ps)  (ps)   (ps)  Location 
#--------------------------------------------------------------------------------------------------------------------------
  hwdata_i[9]                              -       -      R     (arrival)             1   5.8   200     0     100    (-,-) 
  dut_pmu_ahb/g94512/ZN                    -       A2->ZN F     ND2D2HPBWPLVT        14  43.3   211   170     270    (-,-) 
  dut_pmu_ahb/g94491/ZN                    -       I->ZN  R     INVD1HPBWPLVT         8  21.0   170   156     426    (-,-) 
  dut_pmu_ahb/g80182/Z                     -       I0->Z  R     CKMUX2D4HPBWPLVT      5  14.3    51   111     537    (-,-) 
  dut_pmu_ahb/inst_pmu_raw/g94959/ZN       -       A1->ZN R     IND2D1HPBWPLVT        1   4.1    52    69     605    (-,-) 
  dut_pmu_ahb/inst_pmu_raw/g94745/ZN       -       C->ZN  F     OAI211D1HPBWPLVT      1   4.1   100    88     693    (-,-) 
  dut_pmu_ahb/inst_pmu_raw/g94539/ZN       -       A1->ZN R     MAOI22D1HPBWPLVT      1   4.1    95    78     771    (-,-) 
  dut_pmu_ahb/inst_pmu_raw/g94477/ZN       -       A1->ZN F     OAI22D1HPBWPLVT       1   5.1    81    72     843    (-,-) 
  dut_pmu_ahb/inst_pmu_raw/g97912/CO       -       B->CO  F     FCICIND1HPBWPLVT      1   5.3    63   130     973    (-,-) 
  dut_pmu_ahb/inst_pmu_raw/g97911/CO       -       A->CO  F     FCICIND1HPBWPLVT      1   4.1    57   119    1092    (-,-) 
  dut_pmu_ahb/inst_pmu_raw/g94286/ZN       -       A1->ZN R     ND2D1HPBWPLVT         1   4.2    53    44    1136    (-,-) 
  dut_pmu_ahb/inst_pmu_raw/g97869/ZN       -       A1->ZN F     ND2D1HPBWPLVT         1   5.3    65    55    1191    (-,-) 
  dut_pmu_ahb/inst_pmu_raw/g97868/CO       -       A->CO  F     FCICIND1HPBWPLVT      2   7.0    70   132    1323    (-,-) 
  dut_pmu_ahb/inst_pmu_raw/g92487__9945/ZN -       A1->ZN F     IND2D2HPBWPLVT        1   6.5    55    79    1402    (-,-) 
  dut_pmu_ahb/inst_pmu_raw/g92273__2802/Z  -       A2->Z  F     OR4D8HPBWPLVT         2 505.1   348   394    1796    (-,-) 
  intr_RDC_o                               -       -      F     (port)                -     -     -     6    1801    (-,-) 
#--------------------------------------------------------------------------------------------------------------------------


