============================================================
  Generated by:           Genus(TM) Synthesis Solution 19.11-s087_1
  Generated on:           Aug 20 2021  10:48:48 am
  Module:                 top_nft
  Operating conditions:   NCCOM 
  Operating conditions:   WCCOM 
  Operating conditions:   WCCOM 
  Operating conditions:   BCCOM 
  Interconnect mode:      global
  Area mode:              physical library
============================================================


Path 1: MET (94 ps) Late External Delay Assertion at pin intr_overflow_o
           View: view_superslow
          Group: I2O
     Startpoint: (F) hwdata_i[31]
          Clock: (R) clk
       Endpoint: (R) intr_overflow_o
          Clock: (R) clk

                     Capture       Launch     
        Clock Edge:+    2000            0     
        Drv Adjust:+       0            0     
       Src Latency:+       0            0     
       Net Latency:+       0 (I)        0 (I) 
           Arrival:=    2000            0     
                                              
      Output Delay:-     100                  
     Required Time:=    1900                  
      Launch Clock:-       0                  
       Input Delay:-     100                  
         Data Path:-    1706                  
             Slack:=      94                  

Exceptions/Constraints:
  input_delay              100             tmp_sdc_view_typ.sdc_line_11242 
  output_delay             100             tmp_sdc_view_typ.sdc_line_11346 

#--------------------------------------------------------------------------------------------------------------------------
#              Timing Point                Flags    Arc   Edge       Cell        Fanout  Load Trans Delay Arrival Instance 
#                                                                                        (fF)  (ps)  (ps)   (ps)  Location 
#--------------------------------------------------------------------------------------------------------------------------
  hwdata_i[31]                             -       -      F     (arrival)             1   3.9   200     0     100    (-,-) 
  dut_pmu_ahb/g117666/ZN                   -       B1->ZN R     INR2D1HPBWPLVT        2   7.8   162   143     243    (-,-) 
  dut_pmu_ahb/g93361/ZN                    -       A2->ZN F     NR2XD1HPBWPLVT        1   5.6    63    73     316    (-,-) 
  dut_pmu_ahb/g93357/ZN                    -       A1->ZN F     IND2D4HPBWPLVT        2  21.6    64    90     406    (-,-) 
  dut_pmu_ahb/inst_pmu_raw/g95629/ZN       -       I->ZN  R     INVD12HPBWPLVT       17  73.4    53    51     458    (-,-) 
  dut_pmu_ahb/inst_pmu_raw/g94291/ZN       -       B->ZN  F     OAI21D2HPBWPLVT       2   9.6    69    63     521    (-,-) 
  dut_pmu_ahb/inst_pmu_raw/g94276/ZN       -       I->ZN  R     INVD2HPBWPLVT         1   7.1    37    41     562    (-,-) 
  dut_pmu_ahb/inst_pmu_raw/g94218/Z        -       A1->Z  R     AN2D8HPBWPLVT        15  54.7    68    93     655    (-,-) 
  dut_pmu_ahb/inst_pmu_raw/g94175/ZN       -       I->ZN  F     INVD8HPBWPLVT        16  51.7    40    42     697    (-,-) 
  dut_pmu_ahb/inst_pmu_raw/g92701__7098/ZN -       B1->ZN R     OAI222D1HPBWPLVT      4  12.5   284   160     857    (-,-) 
  dut_pmu_ahb/inst_pmu_raw/g92330__6783/Z  -       A1->Z  R     AN4XD1HPBWPLVT        1   4.1    63   156    1013    (-,-) 
  dut_pmu_ahb/inst_pmu_raw/g92216__1617/ZN -       A2->ZN F     ND4D1HPBWPLVT         1   5.3   142   106    1119    (-,-) 
  dut_pmu_ahb/inst_pmu_raw/g92157__1881/ZN -       A3->ZN R     OAI31D2HPBWPLVT       3   9.5   154   124    1243    (-,-) 
  dut_pmu_ahb/inst_pmu_raw/g92110__6260/Z  -       A1->Z  R     OR4D1HPBWPLVT         1   3.9    46   113    1356    (-,-) 
  dut_pmu_ahb/inst_pmu_raw/g92091__4733/ZN -       A3->ZN F     NR4D0HPBWPLVT         1   4.1    73    56    1413    (-,-) 
  dut_pmu_ahb/inst_pmu_raw/g92080__2802/ZN -       A1->ZN R     ND3D1HPBWPLVT         1   7.1    76    62    1476    (-,-) 
  dut_pmu_ahb/inst_pmu_raw/g92075__1617/Z  -       A1->Z  R     AN2D8HPBWPLVT         1 502.6   474   323    1799    (-,-) 
  intr_overflow_o                          -       -      R     (port)                -     -     -     8    1806    (-,-) 
#--------------------------------------------------------------------------------------------------------------------------


