============================================================
  Generated by:           Genus(TM) Synthesis Solution 19.11-s087_1
  Generated on:           Aug 20 2021  10:48:46 am
  Module:                 top_nft
  Operating conditions:   NCCOM 
  Operating conditions:   WCCOM 
  Operating conditions:   WCCOM 
  Operating conditions:   BCCOM 
  Interconnect mode:      global
  Area mode:              physical library
============================================================


Path 1: MET (0 ps) Setup Check with Pin dut_pmu_ahb/inst_pmu_raw/inst_quota_suma_int_reg[36]/CP->D
           View: view_superslow
          Group: C2C
     Startpoint: (R) dut_pmu_ahb/inst_pmu_raw/inst_counters_slv_reg_reg[0][0]/CP
          Clock: (R) clk
       Endpoint: (R) dut_pmu_ahb/inst_pmu_raw/inst_quota_suma_int_reg[36]/D
          Clock: (R) clk

                     Capture       Launch     
        Clock Edge:+    2000            0     
       Src Latency:+       0            0     
       Net Latency:+       0 (I)        0 (I) 
           Arrival:=    2000            0     
                                              
             Setup:-      78                  
     Required Time:=    1922                  
      Launch Clock:-       0                  
         Data Path:-    1921                  
             Slack:=       0                  

#-------------------------------------------------------------------------------------------------------------------------------------------------
#                          Timing Point                           Flags    Arc    Edge       Cell        Fanout Load Trans Delay Arrival Instance 
#                                                                                                               (fF)  (ps)  (ps)   (ps)  Location 
#-------------------------------------------------------------------------------------------------------------------------------------------------
  dut_pmu_ahb/inst_pmu_raw/inst_counters_slv_reg_reg[0][0]/CP     -       -       R     (arrival)          2704    -     0     -       0    (-,-) 
  dut_pmu_ahb/inst_pmu_raw/inst_counters_slv_reg_reg[0][0]/Q      -       CP->Q   R     DFKCNQD1HPBWPLVT      3 14.0   114   165     165    (-,-) 
  dut_pmu_ahb/inst_pmu_raw/g97922/CON                             -       CI->CON F     HICOND2HPBWPLVT       2  9.8    66    66     231    (-,-) 
  dut_pmu_ahb/inst_pmu_raw/inst_counters_inc_add_68_63_I1_g871/ZN -       A1->ZN  R     NR2XD2HPBWPLVT        2 11.1    57    52     282    (-,-) 
  dut_pmu_ahb/inst_pmu_raw/g97601/ZN                              -       A1->ZN  F     ND3D2HPBWPLVT         2  9.8    94    69     351    (-,-) 
  dut_pmu_ahb/inst_pmu_raw/inst_counters_inc_add_68_63_I1_g864/ZN -       A1->ZN  R     NR2XD2HPBWPLVT        3 13.3    69    63     414    (-,-) 
  dut_pmu_ahb/inst_pmu_raw/inst_counters_inc_add_68_63_I1_g859/ZN -       A1->ZN  F     ND2D3HPBWPLVT         3 18.2    70    60     474    (-,-) 
  dut_pmu_ahb/inst_pmu_raw/inst_counters_inc_add_68_63_I1_g853/ZN -       A1->ZN  R     NR2XD3HPBWPLVT        4 16.4    74    52     527    (-,-) 
  dut_pmu_ahb/inst_pmu_raw/inst_counters_inc_add_68_63_I1_g852/ZN -       I->ZN   F     INVD2HPBWPLVT         9 25.0    69    62     588    (-,-) 
  dut_pmu_ahb/inst_pmu_raw/inst_counters_inc_add_68_63_I1_g832/ZN -       A1->ZN  R     NR3D0HPBWPLVT         2  7.1   194   130     718    (-,-) 
  dut_pmu_ahb/inst_pmu_raw/inst_counters_inc_add_68_63_I1_g820/ZN -       A1->ZN  F     MOAI22D1HPBWPLVT      1  4.1    82    74     792    (-,-) 
  dut_pmu_ahb/inst_pmu_raw/g93861/ZN                              -       A1->ZN  R     AOI22D1HPBWPLVT       1  5.5   129    95     888    (-,-) 
  dut_pmu_ahb/inst_pmu_raw/g93109__5477/ZN                        -       B->ZN   F     IOA21D2HPBWPLVT       4 12.2    79    73     961    (-,-) 
  dut_pmu_ahb/inst_pmu_raw/inst_quota_g29188/ZN                   -       I->ZN   R     CKND1HPBWPLVT         1  4.2    44    47    1008    (-,-) 
  dut_pmu_ahb/inst_pmu_raw/inst_quota_g28796/ZN                   -       A1->ZN  F     MOAI22D1HPBWPLVT      1  4.2    73    46    1054    (-,-) 
  dut_pmu_ahb/inst_pmu_raw/inst_quota_g28481/ZN                   -       B->ZN   R     AOI21D1HPBWPLVT       1  4.2   100    91    1145    (-,-) 
  dut_pmu_ahb/inst_pmu_raw/inst_quota_g28200/ZN                   -       A1->ZN  F     ND2D1HPBWPLVT         1  4.8    66    64    1209    (-,-) 
  dut_pmu_ahb/inst_pmu_raw/inst_quota_g28171/ZN                   -       A2->ZN  R     NR2XD1HPBWPLVT        1  5.4    55    59    1268    (-,-) 
  dut_pmu_ahb/inst_pmu_raw/inst_quota_g28145/ZN                   -       A1->ZN  F     ND2D2HPBWPLVT         2  7.5    47    44    1311    (-,-) 
  dut_pmu_ahb/inst_pmu_raw/inst_quota_add_141_42_g1359/ZN         -       A1->ZN  R     NR2XD1HPBWPLVT        4 13.6   115    79    1390    (-,-) 
  dut_pmu_ahb/inst_pmu_raw/inst_quota_add_141_42_g1274/ZN         -       A2->ZN  F     NR2D2HPBWPLVT         2  8.3    45    48    1439    (-,-) 
  dut_pmu_ahb/inst_pmu_raw/inst_quota_add_141_42_g1202/ZN         -       A1->ZN  F     INR2D2HPBWPLVT        1  6.9    32    64    1503    (-,-) 
  dut_pmu_ahb/inst_pmu_raw/inst_quota_add_141_42_g1194/ZN         -       A1->ZN  R     NR2XD2HPBWPLVT        5 15.5    74    52    1555    (-,-) 
  dut_pmu_ahb/inst_pmu_raw/inst_quota_add_141_42_g1164/Z          -       A1->Z   R     OA21D1HPBWPLVT        1  4.2    48    77    1632    (-,-) 
  dut_pmu_ahb/inst_pmu_raw/inst_quota_add_141_42_g1150/Z          -       B->Z    R     OA21D2HPBWPLVT        1  9.0    52    95    1727    (-,-) 
  dut_pmu_ahb/inst_pmu_raw/inst_quota_add_141_42_g1093/ZN         -       A2->ZN  F     ND2D4HPBWPLVT         4 15.9    49    47    1774    (-,-) 
  dut_pmu_ahb/inst_pmu_raw/inst_quota_add_141_42_g1082/ZN         -       A1->ZN  R     ND2D3HPBWPLVT         3 13.1    47    41    1815    (-,-) 
  dut_pmu_ahb/inst_pmu_raw/inst_quota_add_141_42_g1073/ZN         -       A1->ZN  F     NR2XD2HPBWPLVT        1  5.0    32    28    1844    (-,-) 
  dut_pmu_ahb/inst_pmu_raw/inst_quota_add_141_42_g1062/Z          -       A1->Z   R     CKXOR2D2HPBWPLVT      1  4.0    42    78    1921    (-,-) 
  dut_pmu_ahb/inst_pmu_raw/inst_quota_suma_int_reg[36]/D          -       -       R     DFKCND1HPBWPLVT       1    -     -     0    1921    (-,-) 
#-------------------------------------------------------------------------------------------------------------------------------------------------


