============================================================
  Generated by:           Genus(TM) Synthesis Solution 19.11-s087_1
  Generated on:           Aug 20 2021  11:46:06 am
  Module:                 top_nft
  Operating conditions:   NCCOM 
  Operating conditions:   WCCOM 
  Operating conditions:   WCCOM 
  Operating conditions:   BCCOM 
  Interconnect mode:      global
  Area mode:              physical library
============================================================

                                          Leakage                        Library 
       Gate        Instances    Area    Power (nW)        Library         Domain 
---------------------------------------------------------------------------------
AN2D0HPBWP                 2      4.800      0.186    tcbn65lphpbwptc          0 
AN2D0HPBWPLVT              3      7.200      2.961    tcbn65lphpbwplvttc       0 
AN2D1HPBWP                 1      2.400      0.122    tcbn65lphpbwptc          0 
AN2D1HPBWPLVT              2      4.800      1.646    tcbn65lphpbwplvttc       0 
AN2D2HPBWPLVT             96    268.800    219.730    tcbn65lphpbwplvttc       0 
AN2D4HPBWPLVT            100    480.000    548.362    tcbn65lphpbwplvttc       0 
AN2D8HPBWPLVT             48    384.000    494.477    tcbn65lphpbwplvttc       0 
AN2XD1HPBWP                1      2.400      0.218    tcbn65lphpbwptc          0 
AN2XD1HPBWPLVT           108    259.200    213.278    tcbn65lphpbwplvttc       0 
AN3D1HPBWPLVT              3      8.400      2.033    tcbn65lphpbwplvttc       0 
AN3D2HPBWPLVT              7     22.400     19.241    tcbn65lphpbwplvttc       0 
AN3D4HPBWPLVT            112    672.000   1202.879    tcbn65lphpbwplvttc       0 
AN3D8HPBWPLVT              2     19.200     13.314    tcbn65lphpbwplvttc       0 
AN3XD1HPBWPLVT            36    100.800     55.776    tcbn65lphpbwplvttc       0 
AN4D2HPBWPLVT              8     32.000     10.177    tcbn65lphpbwplvttc       0 
AN4D4HPBWPLVT              7     50.400     53.457    tcbn65lphpbwplvttc       0 
AN4XD1HPBWPLVT            20     64.000     49.338    tcbn65lphpbwplvttc       0 
AO211D1HPBWPLVT            3      9.600     10.386    tcbn65lphpbwplvttc       0 
AO21D0HPBWP                1      2.800      0.144    tcbn65lphpbwptc          0 
AO21D0HPBWPLVT             2      5.600      3.782    tcbn65lphpbwplvttc       0 
AO21D1HPBWP                2      5.600      0.588    tcbn65lphpbwptc          0 
AO21D1HPBWPLVT            50    140.000    165.881    tcbn65lphpbwplvttc       0 
AO21D2HPBWPLVT            11     35.200     50.323    tcbn65lphpbwplvttc       0 
AO21D4HPBWPLVT            20    120.000    203.895    tcbn65lphpbwplvttc       0 
AO221D0HPBWPLVT            3     12.000      4.312    tcbn65lphpbwplvttc       0 
AO221D1HPBWPLVT            1      4.400      2.552    tcbn65lphpbwplvttc       0 
AO221D4HPBWPLVT            1      8.800      9.904    tcbn65lphpbwplvttc       0 
AO222D1HPBWPLVT           12     57.600     32.211    tcbn65lphpbwplvttc       0 
AO22D0HPBWPLVT            98    313.600    125.561    tcbn65lphpbwplvttc       0 
AO22D1HPBWP                4     14.400      0.985    tcbn65lphpbwptc          0 
AO22D1HPBWPLVT           213    766.800    401.120    tcbn65lphpbwplvttc       0 
AO22D2HPBWPLVT            18     72.000     58.348    tcbn65lphpbwplvttc       0 
AO22D4HPBWPLVT            17    122.400    106.170    tcbn65lphpbwplvttc       0 
AO31D1HPBWPLVT             9     28.800     25.402    tcbn65lphpbwplvttc       0 
AO31D2HPBWPLVT             1      4.000      4.968    tcbn65lphpbwplvttc       0 
AO31D4HPBWPLVT             3     21.600     31.424    tcbn65lphpbwplvttc       0 
AOI211D1HPBWPLVT           1      2.800      3.901    tcbn65lphpbwplvttc       0 
AOI211XD0HPBWPLVT          3      8.400      2.998    tcbn65lphpbwplvttc       0 
AOI211XD1HPBWPLVT          8     38.400     12.528    tcbn65lphpbwplvttc       0 
AOI211XD2HPBWPLVT          4     36.800     28.705    tcbn65lphpbwplvttc       0 
AOI21D1HPBWP               1      2.400      0.141    tcbn65lphpbwptc          0 
AOI21D1HPBWPLVT           39     93.600     62.168    tcbn65lphpbwplvttc       0 
AOI21D2HPBWP               2      8.000      0.737    tcbn65lphpbwptc          0 
AOI21D2HPBWPLVT           61    244.000    257.808    tcbn65lphpbwplvttc       0 
AOI21D4HPBWP               3     21.600      2.505    tcbn65lphpbwptc          0 
AOI21D4HPBWPLVT           52    374.400    394.708    tcbn65lphpbwplvttc       0 
AOI221D0HPBWPLVT           2      6.400      1.101    tcbn65lphpbwplvttc       0 
AOI221D1HPBWPLVT          20     72.000     48.587    tcbn65lphpbwplvttc       0 
AOI221D2HPBWPLVT           4     25.600     17.870    tcbn65lphpbwplvttc       0 
AOI222D0HPBWPLVT           6     24.000      7.687    tcbn65lphpbwplvttc       0 
AOI222D1HPBWP              1      4.400      0.180    tcbn65lphpbwptc          0 
AOI222D1HPBWPLVT         113    497.200    220.611    tcbn65lphpbwplvttc       0 
AOI222D2HPBWPLVT           4     28.800     18.695    tcbn65lphpbwplvttc       0 
AOI222D4HPBWP              1      6.800      1.004    tcbn65lphpbwptc          0 
AOI222D4HPBWPLVT           3     20.400     35.950    tcbn65lphpbwplvttc       0 
AOI222XD4HPBWPLVT          2     28.000     28.523    tcbn65lphpbwplvttc       0 
AOI22D0HPBWP               1      2.800      0.059    tcbn65lphpbwptc          0 
AOI22D0HPBWPLVT           27     75.600     26.172    tcbn65lphpbwplvttc       0 
AOI22D1HPBWP              34     95.200      4.927    tcbn65lphpbwptc          0 
AOI22D1HPBWPLVT          655   1834.000   1124.080    tcbn65lphpbwplvttc       0 
AOI22D2HPBWP              15     72.000      5.599    tcbn65lphpbwptc          0 
AOI22D2HPBWPLVT          100    480.000    380.218    tcbn65lphpbwplvttc       0 
AOI22D4HPBWP               1     10.000      0.837    tcbn65lphpbwptc          0 
AOI22D4HPBWPLVT           16    160.000     68.586    tcbn65lphpbwplvttc       0 
AOI31D1HPBWP               1      2.800      0.116    tcbn65lphpbwptc          0 
AOI31D1HPBWPLVT           11     30.800     11.182    tcbn65lphpbwplvttc       0 
AOI31D2HPBWP               1      4.800      0.315    tcbn65lphpbwptc          0 
AOI31D2HPBWPLVT           17     81.600     15.163    tcbn65lphpbwplvttc       0 
AOI31D4HPBWPLVT            7     67.200     46.596    tcbn65lphpbwplvttc       0 
AOI32D1HPBWPLVT            8     25.600     10.530    tcbn65lphpbwplvttc       0 
AOI32D2HPBWPLVT            2     12.000      7.204    tcbn65lphpbwplvttc       0 
AOI33D1HPBWP               1      4.000      0.178    tcbn65lphpbwptc          0 
AOI33D1HPBWPLVT            4     16.000      6.422    tcbn65lphpbwplvttc       0 
BUFFD0HPBWP                1      1.600      0.089    tcbn65lphpbwptc          0 
BUFFD0HPBWPLVT             7     11.200      7.959    tcbn65lphpbwplvttc       0 
BUFFD12HPBWPLVT           14    128.800    395.207    tcbn65lphpbwplvttc       0 
BUFFD16HPBWPLVT           39    452.400   1421.014    tcbn65lphpbwplvttc       0 
BUFFD1HPBWP                4      6.400      0.583    tcbn65lphpbwptc          0 
BUFFD1HPBWPLVT             9     14.400     13.749    tcbn65lphpbwplvttc       0 
BUFFD2HPBWP               28     67.200     10.762    tcbn65lphpbwptc          0 
BUFFD2HPBWPLVT            91    218.400    351.985    tcbn65lphpbwplvttc       0 
BUFFD3HPBWP                1      2.800      0.459    tcbn65lphpbwptc          0 
BUFFD3HPBWPLVT            28     78.400    141.440    tcbn65lphpbwplvttc       0 
BUFFD4HPBWPLVT            37    148.000    320.927    tcbn65lphpbwplvttc       0 
BUFFD6HPBWPLVT            12     57.600    161.966    tcbn65lphpbwplvttc       0 
BUFFD8HPBWPLVT            24    153.600    453.841    tcbn65lphpbwplvttc       0 
CKAN2D0HPBWPLVT            1      2.400      0.908    tcbn65lphpbwplvttc       0 
CKAN2D1HPBWPLVT            1      2.400      1.279    tcbn65lphpbwplvttc       0 
CKAN2D2HPBWPLVT            3      8.400      5.127    tcbn65lphpbwplvttc       0 
CKBD0HPBWPLVT             13     20.800     11.115    tcbn65lphpbwplvttc       0 
CKBD16HPBWPLVT             4     41.600     66.114    tcbn65lphpbwplvttc       0 
CKBD1HPBWP                75    120.000     11.250    tcbn65lphpbwptc          0 
CKBD1HPBWPLVT             50     80.000     77.650    tcbn65lphpbwplvttc       0 
CKBD2HPBWPLVT              1      2.400      2.665    tcbn65lphpbwplvttc       0 
CKBD3HPBWPLVT              6     16.800     21.122    tcbn65lphpbwplvttc       0 
CKBD4HPBWPLVT              2      8.000     11.193    tcbn65lphpbwplvttc       0 
CKMUX2D1HPBWP              3     12.000      1.009    tcbn65lphpbwptc          0 
CKMUX2D1HPBWPLVT           6     24.000     20.292    tcbn65lphpbwplvttc       0 
CKMUX2D2HPBWP              1      4.400      0.424    tcbn65lphpbwptc          0 
CKMUX2D2HPBWPLVT          11     48.400     48.923    tcbn65lphpbwplvttc       0 
CKMUX2D4HPBWPLVT          10     68.000    100.552    tcbn65lphpbwplvttc       0 
CKND0HPBWPLVT             17     20.400      5.594    tcbn65lphpbwplvttc       0 
CKND12HPBWPLVT            13     88.400    144.134    tcbn65lphpbwplvttc       0 
CKND16HPBWPLVT            12    110.400    187.345    tcbn65lphpbwplvttc       0 
CKND1HPBWP                34     40.800      2.684    tcbn65lphpbwptc          0 
CKND1HPBWPLVT            438    525.600    281.230    tcbn65lphpbwplvttc       0 
CKND2D0HPBWPLVT            2      3.200      0.590    tcbn65lphpbwplvttc       0 
CKND2D1HPBWPLVT           12     19.200      7.319    tcbn65lphpbwplvttc       0 
CKND2D2HPBWPLVT           37    103.600     37.712    tcbn65lphpbwplvttc       0 
CKND2D3HPBWPLVT            2      8.000      1.782    tcbn65lphpbwplvttc       0 
CKND2D4HPBWPLVT            1      4.800      1.798    tcbn65lphpbwplvttc       0 
CKND2D8HPBWPLVT            1      9.200      2.879    tcbn65lphpbwplvttc       0 
CKND2HPBWP                 8     12.800      1.156    tcbn65lphpbwptc          0 
CKND2HPBWPLVT             83    132.800    117.499    tcbn65lphpbwplvttc       0 
CKND3HPBWPLVT             45    108.000    101.377    tcbn65lphpbwplvttc       0 
CKND4HPBWPLVT             37    103.600    116.133    tcbn65lphpbwplvttc       0 
CKND6HPBWP                 2      8.000      1.162    tcbn65lphpbwptc          0 
CKND6HPBWPLVT             60    240.000    301.171    tcbn65lphpbwplvttc       0 
CKND8HPBWP                 1      4.800      0.645    tcbn65lphpbwptc          0 
CKND8HPBWPLVT             16     76.800    112.844    tcbn65lphpbwplvttc       0 
CKXOR2D0HPBWPLVT           2      8.000      4.884    tcbn65lphpbwplvttc       0 
CKXOR2D1HPBWP              1      4.000      0.396    tcbn65lphpbwptc          0 
CKXOR2D1HPBWPLVT          23     92.000    101.232    tcbn65lphpbwplvttc       0 
CKXOR2D2HPBWPLVT          32    140.800    163.828    tcbn65lphpbwplvttc       0 
DFCND1HPBWPLVT            11    105.600     64.158    tcbn65lphpbwplvttc       0 
DFCND2HPBWPLVT             2     22.400     21.839    tcbn65lphpbwplvttc       0 
DFCND4HPBWPLVT             2     27.200     37.763    tcbn65lphpbwplvttc       0 
DFCNQD1HPBWPLVT           35    308.000    153.410    tcbn65lphpbwplvttc       0 
DFCNQD2HPBWPLVT            2     20.000     12.603    tcbn65lphpbwplvttc       0 
DFD1HPBWP                  1      8.000      0.612    tcbn65lphpbwptc          0 
DFD1HPBWPLVT             119    952.000    722.291    tcbn65lphpbwplvttc       0 
DFD2HPBWPLVT              13    124.800    177.213    tcbn65lphpbwplvttc       0 
DFD4HPBWPLVT               9    111.600    188.795    tcbn65lphpbwplvttc       0 
DFKCND1HPBWP              34    312.800     19.845    tcbn65lphpbwptc          0 
DFKCND1HPBWPLVT          152   1398.400    861.314    tcbn65lphpbwplvttc       0 
DFKCND2HPBWPLVT           10    104.000    134.418    tcbn65lphpbwplvttc       0 
DFKCND4HPBWP               1     13.200      2.023    tcbn65lphpbwptc          0 
DFKCND4HPBWPLVT           25    330.000    530.035    tcbn65lphpbwplvttc       0 
DFKCNQD1HPBWP            216   1814.400     94.829    tcbn65lphpbwptc          0 
DFKCNQD1HPBWPLVT         963   8089.200   4012.959    tcbn65lphpbwplvttc       0 
DFKCNQD2HPBWP              2     17.600      1.471    tcbn65lphpbwptc          0 
DFKCNQD2HPBWPLVT         167   1469.600   1214.955    tcbn65lphpbwplvttc       0 
DFKCNQD4HPBWPLVT         545   5450.000   5584.110    tcbn65lphpbwplvttc       0 
DFKCSND1HPBWPLVT           5     52.000     29.151    tcbn65lphpbwplvttc       0 
DFKSND1HPBWPLVT            8     80.000     64.818    tcbn65lphpbwplvttc       0 
DFKSND2HPBWPLVT            1     11.200     15.466    tcbn65lphpbwplvttc       0 
DFQD1HPBWPLVT            320   2432.000   1390.034    tcbn65lphpbwplvttc       0 
DFQD2HPBWPLVT             41    328.000    209.453    tcbn65lphpbwplvttc       0 
DFQD4HPBWP                 2     18.400      1.808    tcbn65lphpbwptc          0 
DFQD4HPBWPLVT             14    128.800    109.620    tcbn65lphpbwplvttc       0 
EDFQD4HPBWPLVT             4     49.600     53.912    tcbn65lphpbwplvttc       0 
FCICIND1HPBWPLVT           3     15.600     12.538    tcbn65lphpbwplvttc       0 
FCICOND1HPBWPLVT           1      3.600      1.303    tcbn65lphpbwplvttc       0 
HA1D0HPBWPLVT            107    684.800    743.979    tcbn65lphpbwplvttc       0 
HA1D4HPBWPLVT              1     12.000     23.799    tcbn65lphpbwplvttc       0 
HICIND1HPBWPLVT            1      7.600      8.889    tcbn65lphpbwplvttc       0 
HICIND2HPBWPLVT            1      8.800     11.885    tcbn65lphpbwplvttc       0 
HICOND1HPBWPLVT            1      7.600      9.058    tcbn65lphpbwplvttc       0 
HICOND2HPBWP               1      8.800      1.100    tcbn65lphpbwptc          0 
HICOND2HPBWPLVT           17    149.600    200.687    tcbn65lphpbwplvttc       0 
IAO21D1HPBWP               2      5.600      0.548    tcbn65lphpbwptc          0 
IAO21D1HPBWPLVT           18     50.400     53.587    tcbn65lphpbwplvttc       0 
IAO21D2HPBWPLVT           53    212.000    440.438    tcbn65lphpbwplvttc       0 
IAO21D4HPBWPLVT           27    172.800    459.099    tcbn65lphpbwplvttc       0 
IAO22D1HPBWPLVT            4     14.400     12.898    tcbn65lphpbwplvttc       0 
IAO22D2HPBWPLVT            5     24.000     24.899    tcbn65lphpbwplvttc       0 
IIND4D1HPBWPLVT            1      4.000      0.730    tcbn65lphpbwplvttc       0 
IIND4D2HPBWPLVT            2     13.600     14.423    tcbn65lphpbwplvttc       0 
IIND4D4HPBWPLVT            5     60.000     58.008    tcbn65lphpbwplvttc       0 
IINR4D0HPBWPLVT            1      4.000      1.917    tcbn65lphpbwplvttc       0 
IINR4D2HPBWPLVT            4     44.800     51.682    tcbn65lphpbwplvttc       0 
IINR4D4HPBWPLVT            1     16.400     13.669    tcbn65lphpbwplvttc       0 
IND2D0HPBWP                7     16.800      0.720    tcbn65lphpbwptc          0 
IND2D0HPBWPLVT             9     21.600     12.481    tcbn65lphpbwplvttc       0 
IND2D1HPBWP                6     14.400      0.805    tcbn65lphpbwptc          0 
IND2D1HPBWPLVT           165    396.000    225.562    tcbn65lphpbwplvttc       0 
IND2D2HPBWP                9     28.800      2.860    tcbn65lphpbwptc          0 
IND2D2HPBWPLVT           246    787.200    680.518    tcbn65lphpbwplvttc       0 
IND2D4HPBWP                3     19.200      1.415    tcbn65lphpbwptc          0 
IND2D4HPBWPLVT           157   1004.800    975.426    tcbn65lphpbwplvttc       0 
IND3D0HPBWPLVT             1      2.800      0.367    tcbn65lphpbwplvttc       0 
IND3D1HPBWPLVT           134    375.200     90.702    tcbn65lphpbwplvttc       0 
IND3D2HPBWP                3     14.400      0.464    tcbn65lphpbwptc          0 
IND3D2HPBWPLVT            21    100.800     49.164    tcbn65lphpbwplvttc       0 
IND3D4HPBWPLVT            15    126.000    113.812    tcbn65lphpbwplvttc       0 
IND4D1HPBWPLVT            26     83.200     19.546    tcbn65lphpbwplvttc       0 
IND4D2HPBWPLVT             1      6.400      0.704    tcbn65lphpbwplvttc       0 
IND4D4HPBWPLVT             1     10.800     13.812    tcbn65lphpbwplvttc       0 
INR2D0HPBWPLVT             4      9.600      7.131    tcbn65lphpbwplvttc       0 
INR2D1HPBWP                1      2.400      0.091    tcbn65lphpbwptc          0 
INR2D1HPBWPLVT            26     62.400     47.997    tcbn65lphpbwplvttc       0 
INR2D2HPBWP                1      3.200      0.243    tcbn65lphpbwptc          0 
INR2D2HPBWPLVT           116    371.200    348.308    tcbn65lphpbwplvttc       0 
INR2D4HPBWPLVT            35    210.000    374.103    tcbn65lphpbwplvttc       0 
INR2XD0HPBWP               5     12.000      0.531    tcbn65lphpbwptc          0 
INR2XD0HPBWPLVT           45    108.000     73.954    tcbn65lphpbwplvttc       0 
INR2XD1HPBWP               1      3.200      0.181    tcbn65lphpbwptc          0 
INR2XD1HPBWPLVT          167    534.400    303.003    tcbn65lphpbwplvttc       0 
INR2XD2HPBWP               8     41.600      2.172    tcbn65lphpbwptc          0 
INR2XD2HPBWPLVT          140    728.000    408.741    tcbn65lphpbwplvttc       0 
INR2XD4HPBWPLVT           10    104.000     91.374    tcbn65lphpbwplvttc       0 
INR3D0HPBWPLVT            16     44.800     20.821    tcbn65lphpbwplvttc       0 
INR3D1HPBWP                1      4.000      0.265    tcbn65lphpbwptc          0 
INR3D1HPBWPLVT            93    372.000    144.167    tcbn65lphpbwplvttc       0 
INR3D2HPBWPLVT             1      4.400      8.747    tcbn65lphpbwplvttc       0 
INR3D4HPBWPLVT             2     16.800     58.736    tcbn65lphpbwplvttc       0 
INR4D0HPBWP                1      3.200      0.077    tcbn65lphpbwptc          0 
INR4D0HPBWPLVT            14     44.800     13.295    tcbn65lphpbwplvttc       0 
INR4D1HPBWPLVT             5     28.000      3.290    tcbn65lphpbwplvttc       0 
INR4D2HPBWPLVT             1      8.800     11.187    tcbn65lphpbwplvttc       0 
INVD0HPBWPLVT             45     54.000     17.474    tcbn65lphpbwplvttc       0 
INVD12HPBWPLVT            96    652.800   1932.635    tcbn65lphpbwplvttc       0 
INVD16HPBWPLVT            36    331.200   1048.960    tcbn65lphpbwplvttc       0 
INVD1HPBWP                21     25.200      2.100    tcbn65lphpbwptc          0 
INVD1HPBWPLVT            324    388.800    337.140    tcbn65lphpbwplvttc       0 
INVD2HPBWP                13     20.800      2.801    tcbn65lphpbwptc          0 
INVD2HPBWPLVT            246    393.600    514.927    tcbn65lphpbwplvttc       0 
INVD3HPBWPLVT             98    235.200    388.731    tcbn65lphpbwplvttc       0 
INVD4HPBWP                 1      2.800      0.464    tcbn65lphpbwptc          0 
INVD4HPBWPLVT            158    442.400    861.716    tcbn65lphpbwplvttc       0 
INVD6HPBWP                 1      4.000      1.002    tcbn65lphpbwptc          0 
INVD6HPBWPLVT            125    500.000   1123.969    tcbn65lphpbwplvttc       0 
INVD8HPBWPLVT             87    417.600    985.814    tcbn65lphpbwplvttc       0 
IOA21D1HPBWP               1      2.800      0.199    tcbn65lphpbwptc          0 
IOA21D1HPBWPLVT          238    666.400    361.747    tcbn65lphpbwplvttc       0 
IOA21D2HPBWPLVT          515   2060.000   1955.582    tcbn65lphpbwplvttc       0 
IOA21D4HPBWP               1      6.400      0.878    tcbn65lphpbwptc          0 
IOA21D4HPBWPLVT           65    416.000    444.164    tcbn65lphpbwplvttc       0 
IOA22D1HPBWPLVT            5     18.000      5.860    tcbn65lphpbwplvttc       0 
IOA22D2HPBWPLVT           13     62.400     72.415    tcbn65lphpbwplvttc       0 
IOA22D4HPBWPLVT            2     15.200     21.404    tcbn65lphpbwplvttc       0 
MAOI222D1HPBWPLVT          2      6.400      3.857    tcbn65lphpbwplvttc       0 
MAOI22D0HPBWPLVT           2      6.400      3.679    tcbn65lphpbwplvttc       0 
MAOI22D1HPBWP              7     22.400      2.369    tcbn65lphpbwptc          0 
MAOI22D1HPBWPLVT         215    688.000    771.860    tcbn65lphpbwplvttc       0 
MAOI22D2HPBWPLVT          22    105.600    109.177    tcbn65lphpbwplvttc       0 
MOAI22D0HPBWPLVT           1      3.200      1.539    tcbn65lphpbwplvttc       0 
MOAI22D1HPBWP              5     16.000      1.327    tcbn65lphpbwptc          0 
MOAI22D1HPBWPLVT         507   1622.400   1209.193    tcbn65lphpbwplvttc       0 
MOAI22D2HPBWPLVT          13     62.400     63.180    tcbn65lphpbwplvttc       0 
MUX2D0HPBWP                4     14.400      0.652    tcbn65lphpbwptc          0 
MUX2D0HPBWPLVT            18     64.800     31.149    tcbn65lphpbwplvttc       0 
MUX2D1HPBWPLVT             6     24.000     25.839    tcbn65lphpbwplvttc       0 
MUX2D2HPBWPLVT           127    558.800    733.747    tcbn65lphpbwplvttc       0 
MUX2D4HPBWPLVT           107    727.600   1391.210    tcbn65lphpbwplvttc       0 
MUX2ND0HPBWP               1      3.200      0.116    tcbn65lphpbwptc          0 
MUX2ND0HPBWPLVT           40    128.000     58.301    tcbn65lphpbwplvttc       0 
MUX2ND1HPBWP               1      4.800      0.505    tcbn65lphpbwptc          0 
MUX2ND1HPBWPLVT            2      9.600     10.384    tcbn65lphpbwplvttc       0 
MUX2ND2HPBWPLVT            2     10.400     11.799    tcbn65lphpbwplvttc       0 
MUX2ND4HPBWPLVT            8     64.000    133.329    tcbn65lphpbwplvttc       0 
MUX4ND0HPBWPLVT            1      8.000      6.159    tcbn65lphpbwplvttc       0 
ND2D0HPBWPLVT              1      1.600      0.610    tcbn65lphpbwplvttc       0 
ND2D1HPBWP                 6      9.600      0.285    tcbn65lphpbwptc          0 
ND2D1HPBWPLVT            617    987.200    424.556    tcbn65lphpbwplvttc       0 
ND2D2HPBWP                26     72.800      4.478    tcbn65lphpbwptc          0 
ND2D2HPBWPLVT           1042   2917.600   1848.951    tcbn65lphpbwplvttc       0 
ND2D3HPBWPLVT            377   1508.000   1146.141    tcbn65lphpbwplvttc       0 
ND2D4HPBWP                 1      4.800      0.120    tcbn65lphpbwptc          0 
ND2D4HPBWPLVT            350   1680.000   1461.942    tcbn65lphpbwplvttc       0 
ND2D8HPBWPLVT            138   1269.600   1063.337    tcbn65lphpbwplvttc       0 
ND3D1HPBWP                 3      7.200      0.308    tcbn65lphpbwptc          0 
ND3D1HPBWPLVT             61    146.400     21.875    tcbn65lphpbwplvttc       0 
ND3D2HPBWP                 1      4.000      0.154    tcbn65lphpbwptc          0 
ND3D2HPBWPLVT             37    148.000     82.214    tcbn65lphpbwplvttc       0 
ND3D3HPBWPLVT             35    182.000    125.801    tcbn65lphpbwplvttc       0 
ND3D4HPBWP                 1      6.800      1.161    tcbn65lphpbwptc          0 
ND3D4HPBWPLVT             87    591.600    455.186    tcbn65lphpbwplvttc       0 
ND3D8HPBWPLVT             24    326.400    209.567    tcbn65lphpbwplvttc       0 
ND4D1HPBWPLVT             11     30.800     13.783    tcbn65lphpbwplvttc       0 
ND4D2HPBWPLVT             24    124.800     47.933    tcbn65lphpbwplvttc       0 
ND4D3HPBWP                 1      6.800      1.244    tcbn65lphpbwptc          0 
ND4D3HPBWPLVT             18    122.400     33.309    tcbn65lphpbwplvttc       0 
ND4D4HPBWPLVT              6     57.600     11.160    tcbn65lphpbwplvttc       0 
NR2D0HPBWPLVT              1      1.600      0.027    tcbn65lphpbwplvttc       0 
NR2D1HPBWP                12     19.200      1.909    tcbn65lphpbwptc          0 
NR2D1HPBWPLVT            142    227.200    315.959    tcbn65lphpbwplvttc       0 
NR2D2HPBWP                 8     22.400      1.911    tcbn65lphpbwptc          0 
NR2D2HPBWPLVT            204    571.200    292.013    tcbn65lphpbwplvttc       0 
NR2D3HPBWPLVT            152    608.000    620.938    tcbn65lphpbwplvttc       0 
NR2D4HPBWP                 1      4.800      0.160    tcbn65lphpbwptc          0 
NR2D4HPBWPLVT            231   1108.800   2430.615    tcbn65lphpbwplvttc       0 
NR2D8HPBWPLVT             67    616.400   1238.757    tcbn65lphpbwplvttc       0 
NR2XD0HPBWP                2      3.200      0.091    tcbn65lphpbwptc          0 
NR2XD0HPBWPLVT           348    556.800    190.960    tcbn65lphpbwplvttc       0 
NR2XD1HPBWP               29     81.200      4.081    tcbn65lphpbwptc          0 
NR2XD1HPBWPLVT           253    708.400    301.095    tcbn65lphpbwplvttc       0 
NR2XD2HPBWP                6     28.800      0.952    tcbn65lphpbwptc          0 
NR2XD2HPBWPLVT           420   2016.000   1796.634    tcbn65lphpbwplvttc       0 
NR2XD3HPBWP                5     34.000      3.140    tcbn65lphpbwptc          0 
NR2XD3HPBWPLVT           243   1652.400   2265.210    tcbn65lphpbwplvttc       0 
NR2XD4HPBWPLVT           105    966.000   1399.635    tcbn65lphpbwplvttc       0 
NR2XD8HPBWP                1     17.200      1.175    tcbn65lphpbwptc          0 
NR2XD8HPBWPLVT            36    619.200    497.568    tcbn65lphpbwplvttc       0 
NR3D0HPBWPLVT             48    115.200      9.798    tcbn65lphpbwplvttc       0 
NR3D1HPBWP                12     43.200      0.528    tcbn65lphpbwptc          0 
NR3D1HPBWPLVT             21     75.600     51.307    tcbn65lphpbwplvttc       0 
NR3D2HPBWPLVT             20    128.000    152.589    tcbn65lphpbwplvttc       0 
NR3D3HPBWPLVT             26    249.600    322.841    tcbn65lphpbwplvttc       0 
NR3D4HPBWPLVT             16    185.600    341.591    tcbn65lphpbwplvttc       0 
NR3D8HPBWPLVT             10    212.000    447.678    tcbn65lphpbwplvttc       0 
NR4D0HPBWP                 2      5.600      0.051    tcbn65lphpbwptc          0 
NR4D0HPBWPLVT             31     86.800     17.118    tcbn65lphpbwplvttc       0 
NR4D1HPBWPLVT             54    259.200     43.963    tcbn65lphpbwplvttc       0 
NR4D2HPBWPLVT              4     32.000     28.426    tcbn65lphpbwplvttc       0 
NR4D3HPBWPLVT              1     12.000      0.316    tcbn65lphpbwplvttc       0 
OA211D1HPBWPLVT            8     25.600     20.547    tcbn65lphpbwplvttc       0 
OA211D2HPBWPLVT            2      7.200      6.284    tcbn65lphpbwplvttc       0 
OA211D4HPBWPLVT            1      7.200      6.519    tcbn65lphpbwplvttc       0 
OA21D0HPBWPLVT             1      2.800      1.616    tcbn65lphpbwplvttc       0 
OA21D1HPBWPLVT           144    403.200    401.889    tcbn65lphpbwplvttc       0 
OA21D2HPBWPLVT            56    179.200    261.274    tcbn65lphpbwplvttc       0 
OA21D4HPBWPLVT             7     44.800     60.383    tcbn65lphpbwplvttc       0 
OA221D1HPBWPLVT           87    348.000    231.958    tcbn65lphpbwplvttc       0 
OA221D2HPBWPLVT           12     57.600     52.325    tcbn65lphpbwplvttc       0 
OA222D1HPBWPLVT            2      9.600      6.088    tcbn65lphpbwplvttc       0 
OA22D1HPBWPLVT            49    176.400    103.218    tcbn65lphpbwplvttc       0 
OA22D2HPBWPLVT            40    160.000    124.468    tcbn65lphpbwplvttc       0 
OA22D4HPBWPLVT            81    583.200    655.476    tcbn65lphpbwplvttc       0 
OA31D1HPBWPLVT             2      6.400      5.249    tcbn65lphpbwplvttc       0 
OA31D2HPBWPLVT             1      4.000      5.049    tcbn65lphpbwplvttc       0 
OAI211D1HPBWPLVT           6     16.800      6.715    tcbn65lphpbwplvttc       0 
OAI211D2HPBWPLVT          14     67.200     44.547    tcbn65lphpbwplvttc       0 
OAI211D4HPBWPLVT           4     38.400     23.593    tcbn65lphpbwplvttc       0 
OAI21D0HPBWPLVT            1      2.400      0.376    tcbn65lphpbwplvttc       0 
OAI21D1HPBWP               1      2.400      0.192    tcbn65lphpbwptc          0 
OAI21D1HPBWPLVT           81    194.400    109.818    tcbn65lphpbwplvttc       0 
OAI21D2HPBWP               1      4.000      0.303    tcbn65lphpbwptc          0 
OAI21D2HPBWPLVT          146    584.000    365.445    tcbn65lphpbwplvttc       0 
OAI21D4HPBWPLVT           92    662.400    466.108    tcbn65lphpbwplvttc       0 
OAI221D0HPBWPLVT           1      3.200      0.561    tcbn65lphpbwplvttc       0 
OAI221D1HPBWPLVT          46    165.600     61.287    tcbn65lphpbwplvttc       0 
OAI221D2HPBWPLVT           8     51.200     26.607    tcbn65lphpbwplvttc       0 
OAI221XD4HPBWPLVT          1     12.000      3.556    tcbn65lphpbwplvttc       0 
OAI222D0HPBWPLVT           3     10.800      1.893    tcbn65lphpbwplvttc       0 
OAI222D1HPBWPLVT           9     36.000     13.524    tcbn65lphpbwplvttc       0 
OAI22D1HPBWPLVT           81    226.800     86.106    tcbn65lphpbwplvttc       0 
OAI22D2HPBWP               1      4.800      0.243    tcbn65lphpbwptc          0 
OAI22D2HPBWPLVT           41    196.800     80.297    tcbn65lphpbwplvttc       0 
OAI22D4HPBWP               2     19.200      1.388    tcbn65lphpbwptc          0 
OAI22D4HPBWPLVT           11    105.600     17.816    tcbn65lphpbwplvttc       0 
OAI31D1HPBWPLVT           26     72.800     32.979    tcbn65lphpbwplvttc       0 
OAI31D2HPBWPLVT           10     48.000     41.210    tcbn65lphpbwplvttc       0 
OAI31D4HPBWPLVT            1      9.200      0.434    tcbn65lphpbwplvttc       0 
OAI32D1HPBWPLVT            2      6.400      3.389    tcbn65lphpbwplvttc       0 
OAI32D2HPBWPLVT            1      6.000      1.761    tcbn65lphpbwplvttc       0 
OR2D0HPBWP                 2      4.800      0.188    tcbn65lphpbwptc          0 
OR2D0HPBWPLVT              1      2.400      2.181    tcbn65lphpbwplvttc       0 
OR2D1HPBWP                 2      4.800      0.340    tcbn65lphpbwptc          0 
OR2D1HPBWPLVT             85    204.000    152.673    tcbn65lphpbwplvttc       0 
OR2D2HPBWP                 1      2.800      0.296    tcbn65lphpbwptc          0 
OR2D2HPBWPLVT              5     14.000     19.161    tcbn65lphpbwplvttc       0 
OR2D4HPBWPLVT             70    336.000    579.666    tcbn65lphpbwplvttc       0 
OR2D8HPBWPLVT              6     48.000    121.113    tcbn65lphpbwplvttc       0 
OR2XD1HPBWPLVT            16     38.400     40.130    tcbn65lphpbwplvttc       0 
OR3D1HPBWPLVT              8     22.400     16.258    tcbn65lphpbwplvttc       0 
OR3D4HPBWPLVT             14     84.000    137.495    tcbn65lphpbwplvttc       0 
OR3D8HPBWPLVT              4     38.400     75.968    tcbn65lphpbwplvttc       0 
OR3XD1HPBWPLVT             1      2.800      3.586    tcbn65lphpbwplvttc       0 
OR4D1HPBWPLVT              3      9.600     10.643    tcbn65lphpbwplvttc       0 
XNR2D0HPBWPLVT            33    132.000    114.700    tcbn65lphpbwplvttc       0 
XNR2D1HPBWPLVT           250   1000.000   1249.559    tcbn65lphpbwplvttc       0 
XNR2D2HPBWPLVT             1      4.400      6.444    tcbn65lphpbwplvttc       0 
XNR2D4HPBWPLVT             2     16.800     33.850    tcbn65lphpbwplvttc       0 
XOR2D0HPBWPLVT             3     12.000     10.005    tcbn65lphpbwplvttc       0 
XOR2D1HPBWPLVT           426   1704.000   2340.493    tcbn65lphpbwplvttc       0 
XOR2D2HPBWPLVT             6     26.400     44.053    tcbn65lphpbwplvttc       0 
---------------------------------------------------------------------------------
total                  18656  83945.600  76969.351                       


                                                     Leakage  Leakage 
      Library      Instances Instances %    Area   Power (nW) Power % 
----------------------------------------------------------------------
tcbn65lphpbwplvttc     17936        96.1 80494.400  76750.718    99.7 
tcbn65lphpbwptc          720         3.9  3451.200    218.633     0.3 

                                            Leakage  Leakage 
     Type      Instances    Area   Area % Power (nW) Power % 
-------------------------------------------------------------
sequential          2704 23778.800   28.3  15708.904    20.4 
inverter            2017  4940.800    5.9   8590.707    11.2 
buffer               446  1630.400    1.9   3481.090     4.5 
logic              13489 53595.600   63.8  49188.649    63.9 
physical_cells         0     0.000    0.0      0.000     0.0 
-------------------------------------------------------------
total              18656 83945.600  100.0  76969.351   100.0 

