============================================================
  Generated by:           Genus(TM) Synthesis Solution 19.11-s087_1
  Generated on:           Aug 20 2021  10:36:20 am
  Module:                 top_nft
  Operating conditions:   NCCOM 
  Operating conditions:   WCCOM 
  Operating conditions:   WCCOM 
  Operating conditions:   BCCOM 
  Interconnect mode:      global
  Area mode:              physical library
============================================================

Timing
--------

 Analysis view Clock Period 
----------------------------
view_typ       clk   1000.0 
view_slow      clk   1000.0 
view_superslow clk   1000.0 
view_fast      clk   1000.0 


   Analysis      Cost   Critical            Violating 
     View       Group  Path Slack    TNS      Paths   
------------------------------------------------------
view_typ           C2C      -47.8   -468.7         20 
                   C2O       71.5      0.0          0 
                   clk   No paths      0.0          0 
               default   No paths      0.0          0 
                   I2C      107.0      0.0          0 
                   I2O      226.3      0.0          0 
------------------------------------------------------
Total                               -468.7         20 
                                                      
view_slow          C2C     -700.4 -40550.9        226 
                   C2O     -425.2   -628.7          3 
                   clk   No paths      0.0          0 
               default   No paths      0.0          0 
                   I2C     -386.7  -9472.0         34 
                   I2O     -111.5   -111.5          1 
------------------------------------------------------
Total                             -41179.6        264 
                                                      
view_superslow     C2C     -700.4 -40550.9        226 
                   C2O     -425.2   -628.7          3 
                   clk   No paths      0.0          0 
               default   No paths      0.0          0 
                   I2C     -386.7  -9472.0         34 
                   I2O     -111.5   -111.5          1 
------------------------------------------------------
Total                             -41179.6        264 
                                                      
view_fast          C2C      231.1      0.0          0 
                   C2O      287.6      0.0          0 
                   clk   No paths      0.0          0 
               default   No paths      0.0          0 
                   I2C      312.3      0.0          0 
                   I2O      368.8      0.0          0 
------------------------------------------------------
Total                                 -0.0          0 
                                                      

Instance Count
--------------
Leaf Instance Count             31288 
Physical Instance count             0 
Sequential Instance Count        2704 
Combinational Instance Count    28584 
Hierarchical Instance Count        35 

Area
----
Cell Area                          134971.599
Physical Cell Area                 0.000
Total Cell Area (Cell+Physical)    134971.599
Net Area                           41.622
Total Area (Cell+Physical+Net)     135013.221

Runtime                            1.0 seconds
Elapsed Runtime                    269 seconds
Genus peak memory usage            1441.77 
Innovus peak memory usage          no_value 
Hostname                           epi03.bsc.es
