============================================================
  Generated by:           Genus(TM) Synthesis Solution 19.11-s087_1
  Generated on:           Aug 20 2021  10:49:36 am
  Module:                 top_nft
  Operating conditions:   NCCOM 
  Operating conditions:   WCCOM 
  Operating conditions:   WCCOM 
  Operating conditions:   BCCOM 
  Interconnect mode:      global
  Area mode:              physical library
============================================================

                                          Leakage                        Library 
       Gate        Instances    Area    Power (nW)        Library         Domain 
---------------------------------------------------------------------------------
AN2D0HPBWPLVT              1      2.400      0.573    tcbn65lphpbwplvttc       0 
AN2D1HPBWPLVT              1      2.400      0.910    tcbn65lphpbwplvttc       0 
AN2D2HPBWP                 2      5.600      0.517    tcbn65lphpbwptc          0 
AN2D2HPBWPLVT             87    243.600    190.855    tcbn65lphpbwplvttc       0 
AN2D4HPBWP                 3     14.400      2.667    tcbn65lphpbwptc          0 
AN2D4HPBWPLVT            127    609.600    646.132    tcbn65lphpbwplvttc       0 
AN2D8HPBWP                 2     16.000      2.190    tcbn65lphpbwptc          0 
AN2D8HPBWPLVT             24    192.000    239.763    tcbn65lphpbwplvttc       0 
AN2XD1HPBWPLVT           105    252.000    200.734    tcbn65lphpbwplvttc       0 
AN3D2HPBWPLVT              5     16.000     10.170    tcbn65lphpbwplvttc       0 
AN3D4HPBWPLVT            119    714.000   1284.103    tcbn65lphpbwplvttc       0 
AN3D8HPBWPLVT              1      9.600      5.112    tcbn65lphpbwplvttc       0 
AN3XD1HPBWPLVT            41    114.800     70.104    tcbn65lphpbwplvttc       0 
AN4D2HPBWPLVT              6     24.000      7.642    tcbn65lphpbwplvttc       0 
AN4XD1HPBWPLVT            25     80.000     63.671    tcbn65lphpbwplvttc       0 
AO211D1HPBWPLVT            2      6.400      5.204    tcbn65lphpbwplvttc       0 
AO21D0HPBWPLVT             4     11.200      6.929    tcbn65lphpbwplvttc       0 
AO21D1HPBWPLVT            50    140.000    166.710    tcbn65lphpbwplvttc       0 
AO21D2HPBWPLVT            10     32.000     43.495    tcbn65lphpbwplvttc       0 
AO21D4HPBWPLVT            11     66.000    115.670    tcbn65lphpbwplvttc       0 
AO221D0HPBWPLVT            1      4.000      1.350    tcbn65lphpbwplvttc       0 
AO221D1HPBWPLVT            3     13.200      7.970    tcbn65lphpbwplvttc       0 
AO221D4HPBWPLVT            2     17.600     19.807    tcbn65lphpbwplvttc       0 
AO222D1HPBWPLVT           12     57.600     32.176    tcbn65lphpbwplvttc       0 
AO22D0HPBWPLVT            36    115.200     49.323    tcbn65lphpbwplvttc       0 
AO22D1HPBWPLVT           212    763.200    423.199    tcbn65lphpbwplvttc       0 
AO22D2HPBWP                1      4.000      0.352    tcbn65lphpbwptc          0 
AO22D2HPBWPLVT            63    252.000    158.581    tcbn65lphpbwplvttc       0 
AO22D4HPBWPLVT            30    216.000    152.264    tcbn65lphpbwplvttc       0 
AO31D1HPBWPLVT            13     41.600     35.700    tcbn65lphpbwplvttc       0 
AO31D4HPBWPLVT             2     14.400     16.488    tcbn65lphpbwplvttc       0 
AOI211D1HPBWPLVT           1      2.800      3.646    tcbn65lphpbwplvttc       0 
AOI211D2HPBWPLVT           1      4.800      2.075    tcbn65lphpbwplvttc       0 
AOI211XD0HPBWPLVT          6     16.800      3.847    tcbn65lphpbwplvttc       0 
AOI211XD1HPBWPLVT          6     28.800     15.431    tcbn65lphpbwplvttc       0 
AOI211XD2HPBWPLVT          1      9.200      4.201    tcbn65lphpbwplvttc       0 
AOI21D1HPBWPLVT           36     86.400     61.405    tcbn65lphpbwplvttc       0 
AOI21D2HPBWPLVT           45    180.000    207.828    tcbn65lphpbwplvttc       0 
AOI21D4HPBWP               2     14.400      1.657    tcbn65lphpbwptc          0 
AOI21D4HPBWPLVT           34    244.800    293.626    tcbn65lphpbwplvttc       0 
AOI221D1HPBWPLVT          20     72.000     42.040    tcbn65lphpbwplvttc       0 
AOI222D1HPBWP              1      4.400      0.216    tcbn65lphpbwptc          0 
AOI222D1HPBWPLVT         152    668.800    304.486    tcbn65lphpbwplvttc       0 
AOI222D2HPBWPLVT           2     14.400     13.399    tcbn65lphpbwplvttc       0 
AOI22D1HPBWP               3      8.400      0.465    tcbn65lphpbwptc          0 
AOI22D1HPBWPLVT          776   2172.800   1323.920    tcbn65lphpbwplvttc       0 
AOI22D2HPBWP               6     28.800      2.175    tcbn65lphpbwptc          0 
AOI22D2HPBWPLVT           70    336.000    249.670    tcbn65lphpbwplvttc       0 
AOI22D4HPBWPLVT            7     70.000     23.457    tcbn65lphpbwplvttc       0 
AOI31D1HPBWPLVT           15     42.000     10.883    tcbn65lphpbwplvttc       0 
AOI31D2HPBWPLVT           10     48.000     16.481    tcbn65lphpbwplvttc       0 
AOI31D4HPBWPLVT            6     57.600     57.585    tcbn65lphpbwplvttc       0 
AOI32D1HPBWPLVT            7     22.400      8.767    tcbn65lphpbwplvttc       0 
AOI32D2HPBWPLVT            3     18.000     10.837    tcbn65lphpbwplvttc       0 
AOI33D1HPBWPLVT            3     12.000      4.862    tcbn65lphpbwplvttc       0 
BUFFD0HPBWP                1      1.600      0.089    tcbn65lphpbwptc          0 
BUFFD12HPBWPLVT           12    110.400    350.253    tcbn65lphpbwplvttc       0 
BUFFD16HPBWPLVT            2     23.200     67.901    tcbn65lphpbwplvttc       0 
BUFFD1HPBWP                1      1.600      0.147    tcbn65lphpbwptc          0 
BUFFD1HPBWPLVT             1      1.600      1.646    tcbn65lphpbwplvttc       0 
BUFFD2HPBWP                1      2.400      0.327    tcbn65lphpbwptc          0 
BUFFD2HPBWPLVT           112    268.800    396.841    tcbn65lphpbwplvttc       0 
BUFFD3HPBWPLVT            24     67.200    132.466    tcbn65lphpbwplvttc       0 
BUFFD4HPBWP                1      4.000      0.870    tcbn65lphpbwptc          0 
BUFFD4HPBWPLVT            40    160.000    372.152    tcbn65lphpbwplvttc       0 
BUFFD6HPBWPLVT             9     43.200    107.256    tcbn65lphpbwplvttc       0 
BUFFD8HPBWPLVT            11     70.400    197.540    tcbn65lphpbwplvttc       0 
CKBD1HPBWP                 8     12.800      1.200    tcbn65lphpbwptc          0 
CKBD1HPBWPLVT              2      3.200      3.106    tcbn65lphpbwplvttc       0 
CKBD2HPBWPLVT              1      2.400      2.972    tcbn65lphpbwplvttc       0 
CKBD3HPBWP                 1      2.800      0.342    tcbn65lphpbwptc          0 
CKBD4HPBWPLVT              2      8.000     11.808    tcbn65lphpbwplvttc       0 
CKMUX2D0HPBWPLVT           2      8.000      3.568    tcbn65lphpbwplvttc       0 
CKMUX2D1HPBWP             21     84.000      7.045    tcbn65lphpbwptc          0 
CKMUX2D1HPBWPLVT          12     48.000     42.546    tcbn65lphpbwplvttc       0 
CKMUX2D2HPBWPLVT          16     70.400     71.584    tcbn65lphpbwplvttc       0 
CKMUX2D4HPBWPLVT           6     40.800     60.045    tcbn65lphpbwplvttc       0 
CKND0HPBWPLVT              3      3.600      1.081    tcbn65lphpbwplvttc       0 
CKND12HPBWPLVT            17    115.600    190.756    tcbn65lphpbwplvttc       0 
CKND16HPBWPLVT             1      9.200     10.841    tcbn65lphpbwplvttc       0 
CKND1HPBWP                 5      6.000      0.425    tcbn65lphpbwptc          0 
CKND1HPBWPLVT            518    621.600    330.614    tcbn65lphpbwplvttc       0 
CKND2D1HPBWPLVT            6      9.600      3.136    tcbn65lphpbwplvttc       0 
CKND2D2HPBWPLVT           16     44.800      8.705    tcbn65lphpbwplvttc       0 
CKND2D3HPBWP               1      4.000      0.280    tcbn65lphpbwptc          0 
CKND2D3HPBWPLVT            1      4.000      0.356    tcbn65lphpbwplvttc       0 
CKND2HPBWP                 2      3.200      0.298    tcbn65lphpbwptc          0 
CKND2HPBWPLVT             59     94.400     79.880    tcbn65lphpbwplvttc       0 
CKND3HPBWPLVT             43    103.200     93.097    tcbn65lphpbwplvttc       0 
CKND4HPBWPLVT             39    109.200    143.460    tcbn65lphpbwplvttc       0 
CKND6HPBWPLVT             40    160.000    191.226    tcbn65lphpbwplvttc       0 
CKND8HPBWPLVT             15     72.000    111.515    tcbn65lphpbwplvttc       0 
CKXOR2D1HPBWPLVT           4     16.000     16.143    tcbn65lphpbwplvttc       0 
CKXOR2D2HPBWPLVT          41    180.400    210.793    tcbn65lphpbwplvttc       0 
DFCND1HPBWPLVT            10     96.000     58.321    tcbn65lphpbwplvttc       0 
DFCND2HPBWPLVT             1     11.200     10.912    tcbn65lphpbwplvttc       0 
DFCND4HPBWPLVT             2     27.200     37.764    tcbn65lphpbwplvttc       0 
DFCNQD1HPBWPLVT           43    378.400    190.380    tcbn65lphpbwplvttc       0 
DFCNQD2HPBWPLVT            1     10.000      6.503    tcbn65lphpbwplvttc       0 
DFD1HPBWPLVT              95    760.000    576.365    tcbn65lphpbwplvttc       0 
DFD2HPBWPLVT              15    144.000    204.534    tcbn65lphpbwplvttc       0 
DFD4HPBWPLVT               8     99.200    167.836    tcbn65lphpbwplvttc       0 
DFKCND1HPBWP              20    184.000     11.690    tcbn65lphpbwptc          0 
DFKCND1HPBWPLVT          139   1278.800    784.900    tcbn65lphpbwplvttc       0 
DFKCND2HPBWPLVT            5     52.000     68.033    tcbn65lphpbwplvttc       0 
DFKCND4HPBWPLVT           48    633.600   1019.520    tcbn65lphpbwplvttc       0 
DFKCNQD1HPBWP            200   1680.000     87.890    tcbn65lphpbwptc          0 
DFKCNQD1HPBWPLVT         913   7669.200   3821.748    tcbn65lphpbwplvttc       0 
DFKCNQD2HPBWPLVT         277   2437.600   2017.269    tcbn65lphpbwplvttc       0 
DFKCNQD4HPBWPLVT         513   5130.000   5264.280    tcbn65lphpbwplvttc       0 
DFKCSND1HPBWPLVT           5     52.000     29.151    tcbn65lphpbwplvttc       0 
DFKSND1HPBWPLVT            8     80.000     64.818    tcbn65lphpbwplvttc       0 
DFKSND2HPBWPLVT            1     11.200     15.466    tcbn65lphpbwplvttc       0 
DFQD1HPBWPLVT            339   2576.400   1472.321    tcbn65lphpbwplvttc       0 
DFQD2HPBWPLVT             43    344.000    218.919    tcbn65lphpbwplvttc       0 
DFQD4HPBWPLVT             14    128.800    109.229    tcbn65lphpbwplvttc       0 
EDFQD4HPBWPLVT             4     49.600     53.912    tcbn65lphpbwplvttc       0 
FCICIND1HPBWPLVT           1      5.200      3.413    tcbn65lphpbwplvttc       0 
FCICOND1HPBWPLVT           1      3.600      1.303    tcbn65lphpbwplvttc       0 
HA1D0HPBWPLVT            106    678.400    736.852    tcbn65lphpbwplvttc       0 
HA1D4HPBWP                 1     12.000      2.263    tcbn65lphpbwptc          0 
HICIND1HPBWPLVT            1      7.600      8.889    tcbn65lphpbwplvttc       0 
HICOND2HPBWP               1      8.800      1.232    tcbn65lphpbwptc          0 
HICOND2HPBWPLVT           18    158.400    212.511    tcbn65lphpbwplvttc       0 
IAO21D1HPBWPLVT           13     36.400     37.311    tcbn65lphpbwplvttc       0 
IAO21D2HPBWP               3     12.000      2.044    tcbn65lphpbwptc          0 
IAO21D2HPBWPLVT           53    212.000    457.762    tcbn65lphpbwplvttc       0 
IAO21D4HPBWPLVT           11     70.400    224.488    tcbn65lphpbwplvttc       0 
IAO22D1HPBWPLVT            2      7.200      6.430    tcbn65lphpbwplvttc       0 
IAO22D2HPBWPLVT            8     38.400     40.189    tcbn65lphpbwplvttc       0 
IIND4D2HPBWPLVT            2     13.600     14.080    tcbn65lphpbwplvttc       0 
IIND4D4HPBWPLVT            2     24.000     37.864    tcbn65lphpbwplvttc       0 
IINR4D0HPBWPLVT            1      4.000      1.917    tcbn65lphpbwplvttc       0 
IINR4D2HPBWPLVT            1     11.200     14.691    tcbn65lphpbwplvttc       0 
IND2D0HPBWPLVT             3      7.200      4.502    tcbn65lphpbwplvttc       0 
IND2D1HPBWP                3      7.200      0.462    tcbn65lphpbwptc          0 
IND2D1HPBWPLVT           180    432.000    256.181    tcbn65lphpbwplvttc       0 
IND2D2HPBWP                1      3.200      0.252    tcbn65lphpbwptc          0 
IND2D2HPBWPLVT           242    774.400    676.575    tcbn65lphpbwplvttc       0 
IND2D4HPBWP                1      6.400      0.623    tcbn65lphpbwptc          0 
IND2D4HPBWPLVT            97    620.800    615.012    tcbn65lphpbwplvttc       0 
IND3D1HPBWPLVT           140    392.000     92.304    tcbn65lphpbwplvttc       0 
IND3D2HPBWP                3     14.400      0.397    tcbn65lphpbwptc          0 
IND3D2HPBWPLVT            20     96.000     57.109    tcbn65lphpbwplvttc       0 
IND3D4HPBWPLVT             8     67.200     45.957    tcbn65lphpbwplvttc       0 
IND4D1HPBWPLVT            26     83.200     19.551    tcbn65lphpbwplvttc       0 
IND4D2HPBWPLVT             1      6.400      0.704    tcbn65lphpbwplvttc       0 
INR2D1HPBWP                1      2.400      0.090    tcbn65lphpbwptc          0 
INR2D1HPBWPLVT            19     45.600     35.623    tcbn65lphpbwplvttc       0 
INR2D2HPBWPLVT            52    166.400    186.402    tcbn65lphpbwplvttc       0 
INR2D4HPBWP                1      6.000      0.475    tcbn65lphpbwptc          0 
INR2D4HPBWPLVT            35    210.000    268.076    tcbn65lphpbwplvttc       0 
INR2XD0HPBWP               6     14.400      0.610    tcbn65lphpbwptc          0 
INR2XD0HPBWPLVT           36     86.400     61.625    tcbn65lphpbwplvttc       0 
INR2XD1HPBWP               1      3.200      0.146    tcbn65lphpbwptc          0 
INR2XD1HPBWPLVT          102    326.400    204.086    tcbn65lphpbwplvttc       0 
INR2XD2HPBWP               9     46.800      2.324    tcbn65lphpbwptc          0 
INR2XD2HPBWPLVT          272   1414.400    643.045    tcbn65lphpbwplvttc       0 
INR2XD4HPBWPLVT            4     41.600     42.540    tcbn65lphpbwplvttc       0 
INR3D0HPBWPLVT            16     44.800     20.730    tcbn65lphpbwplvttc       0 
INR3D1HPBWP                1      4.000      0.265    tcbn65lphpbwptc          0 
INR3D1HPBWPLVT            84    336.000    124.165    tcbn65lphpbwplvttc       0 
INR3D2HPBWPLVT             4     17.600     38.107    tcbn65lphpbwplvttc       0 
INR3D4HPBWPLVT             2     16.800      8.656    tcbn65lphpbwplvttc       0 
INR4D0HPBWPLVT            16     51.200     15.210    tcbn65lphpbwplvttc       0 
INR4D1HPBWPLVT             2     11.200      1.298    tcbn65lphpbwplvttc       0 
INVD0HPBWPLVT              1      1.200      0.461    tcbn65lphpbwplvttc       0 
INVD12HPBWP                1      6.800      2.204    tcbn65lphpbwptc          0 
INVD12HPBWPLVT           118    802.400   2736.441    tcbn65lphpbwplvttc       0 
INVD16HPBWPLVT            36    331.200   1118.929    tcbn65lphpbwplvttc       0 
INVD1HPBWP                 1      1.200      0.100    tcbn65lphpbwptc          0 
INVD1HPBWPLVT            607    728.400    670.349    tcbn65lphpbwplvttc       0 
INVD2HPBWP                 3      4.800      0.650    tcbn65lphpbwptc          0 
INVD2HPBWPLVT            302    483.200    637.297    tcbn65lphpbwplvttc       0 
INVD3HPBWPLVT             64    153.600    229.848    tcbn65lphpbwplvttc       0 
INVD4HPBWP                 2      5.600      0.969    tcbn65lphpbwptc          0 
INVD4HPBWPLVT            180    504.000    917.418    tcbn65lphpbwplvttc       0 
INVD6HPBWPLVT            114    456.000   1025.659    tcbn65lphpbwplvttc       0 
INVD8HPBWPLVT             73    350.400    894.005    tcbn65lphpbwplvttc       0 
IOA21D1HPBWP               1      2.800      0.198    tcbn65lphpbwptc          0 
IOA21D1HPBWPLVT          237    663.600    358.471    tcbn65lphpbwplvttc       0 
IOA21D2HPBWPLVT          532   2128.000   2008.522    tcbn65lphpbwplvttc       0 
IOA21D4HPBWPLVT           35    224.000    251.273    tcbn65lphpbwplvttc       0 
IOA22D1HPBWPLVT            2      7.200      2.502    tcbn65lphpbwplvttc       0 
IOA22D2HPBWPLVT           11     52.800     63.099    tcbn65lphpbwplvttc       0 
IOA22D4HPBWPLVT            1      7.600     11.317    tcbn65lphpbwplvttc       0 
MAOI222D1HPBWPLVT          2      6.400      3.858    tcbn65lphpbwplvttc       0 
MAOI22D1HPBWPLVT         245    784.000    875.888    tcbn65lphpbwplvttc       0 
MAOI22D2HPBWPLVT           9     43.200     45.488    tcbn65lphpbwplvttc       0 
MOAI22D0HPBWPLVT           1      3.200      1.316    tcbn65lphpbwplvttc       0 
MOAI22D1HPBWPLVT         525   1680.000   1248.046    tcbn65lphpbwplvttc       0 
MOAI22D2HPBWPLVT           9     43.200     44.259    tcbn65lphpbwplvttc       0 
MUX2D0HPBWPLVT             2      7.200      3.321    tcbn65lphpbwplvttc       0 
MUX2D1HPBWPLVT             3     12.000     13.572    tcbn65lphpbwplvttc       0 
MUX2D2HPBWPLVT           136    598.400    789.688    tcbn65lphpbwplvttc       0 
MUX2D4HPBWPLVT            92    625.600   1191.573    tcbn65lphpbwplvttc       0 
MUX2ND0HPBWPLVT           52    166.400     76.981    tcbn65lphpbwplvttc       0 
MUX2ND1HPBWPLVT            1      4.800      5.137    tcbn65lphpbwplvttc       0 
MUX2ND2HPBWPLVT            4     20.800     24.212    tcbn65lphpbwplvttc       0 
MUX2ND4HPBWPLVT            7     56.000    113.934    tcbn65lphpbwplvttc       0 
MUX4ND0HPBWPLVT            1      8.000      6.159    tcbn65lphpbwplvttc       0 
ND2D0HPBWPLVT              2      3.200      1.043    tcbn65lphpbwplvttc       0 
ND2D1HPBWP                 6      9.600      0.310    tcbn65lphpbwptc          0 
ND2D1HPBWPLVT            688   1100.800    502.259    tcbn65lphpbwplvttc       0 
ND2D2HPBWP                13     36.400      1.696    tcbn65lphpbwptc          0 
ND2D2HPBWPLVT           1100   3080.000   1981.249    tcbn65lphpbwplvttc       0 
ND2D3HPBWPLVT            422   1688.000   1264.968    tcbn65lphpbwplvttc       0 
ND2D4HPBWPLVT            419   2011.200   1745.139    tcbn65lphpbwplvttc       0 
ND2D8HPBWPLVT             72    662.400    696.930    tcbn65lphpbwplvttc       0 
ND3D1HPBWP                 2      4.800      0.188    tcbn65lphpbwptc          0 
ND3D1HPBWPLVT             58    139.200     21.234    tcbn65lphpbwplvttc       0 
ND3D2HPBWP                 2      8.000      0.296    tcbn65lphpbwptc          0 
ND3D2HPBWPLVT             43    172.000     72.585    tcbn65lphpbwplvttc       0 
ND3D3HPBWPLVT             14     72.800     53.517    tcbn65lphpbwplvttc       0 
ND3D4HPBWP                 1      6.800      0.062    tcbn65lphpbwptc          0 
ND3D4HPBWPLVT             58    394.400    336.009    tcbn65lphpbwplvttc       0 
ND3D8HPBWPLVT              5     68.000     59.065    tcbn65lphpbwplvttc       0 
ND4D1HPBWPLVT             17     47.600     24.193    tcbn65lphpbwplvttc       0 
ND4D2HPBWPLVT             27    140.400     32.984    tcbn65lphpbwplvttc       0 
ND4D3HPBWPLVT              5     34.000      1.680    tcbn65lphpbwplvttc       0 
ND4D4HPBWPLVT              7     67.200      2.513    tcbn65lphpbwplvttc       0 
NR2D0HPBWPLVT              2      3.200      0.297    tcbn65lphpbwplvttc       0 
NR2D1HPBWPLVT            149    238.400    321.037    tcbn65lphpbwplvttc       0 
NR2D2HPBWP                 4     11.200      0.361    tcbn65lphpbwptc          0 
NR2D2HPBWPLVT            214    599.200    264.049    tcbn65lphpbwplvttc       0 
NR2D3HPBWPLVT            101    404.000    351.545    tcbn65lphpbwplvttc       0 
NR2D4HPBWP                 4     19.200      0.785    tcbn65lphpbwptc          0 
NR2D4HPBWPLVT            214   1027.200   2670.135    tcbn65lphpbwplvttc       0 
NR2D8HPBWPLVT             35    322.000    860.328    tcbn65lphpbwplvttc       0 
NR2XD0HPBWPLVT           395    632.000    243.227    tcbn65lphpbwplvttc       0 
NR2XD1HPBWP               16     44.800      2.491    tcbn65lphpbwptc          0 
NR2XD1HPBWPLVT           225    630.000    295.665    tcbn65lphpbwplvttc       0 
NR2XD2HPBWP                7     33.600      1.944    tcbn65lphpbwptc          0 
NR2XD2HPBWPLVT           546   2620.800   1969.259    tcbn65lphpbwplvttc       0 
NR2XD3HPBWP                1      6.800      0.493    tcbn65lphpbwptc          0 
NR2XD3HPBWPLVT           315   2142.000   3367.573    tcbn65lphpbwplvttc       0 
NR2XD4HPBWPLVT            43    395.600    361.143    tcbn65lphpbwplvttc       0 
NR2XD8HPBWPLVT            15    258.000    137.361    tcbn65lphpbwplvttc       0 
NR3D0HPBWPLVT             59    141.600      6.785    tcbn65lphpbwplvttc       0 
NR3D1HPBWP                 5     18.000      0.220    tcbn65lphpbwptc          0 
NR3D1HPBWPLVT             22     79.200     64.761    tcbn65lphpbwplvttc       0 
NR3D2HPBWP                 2     12.800      0.180    tcbn65lphpbwptc          0 
NR3D2HPBWPLVT             14     89.600     82.858    tcbn65lphpbwplvttc       0 
NR3D3HPBWPLVT             26    249.600    445.614    tcbn65lphpbwplvttc       0 
NR3D4HPBWPLVT              3     34.800     43.246    tcbn65lphpbwplvttc       0 
NR4D0HPBWPLVT             34     95.200     20.818    tcbn65lphpbwplvttc       0 
NR4D1HPBWPLVT             50    240.000     32.919    tcbn65lphpbwplvttc       0 
NR4D2HPBWPLVT              2     16.000      1.876    tcbn65lphpbwplvttc       0 
OA211D1HPBWPLVT            8     25.600     20.973    tcbn65lphpbwplvttc       0 
OA211D2HPBWPLVT            2      7.200      6.122    tcbn65lphpbwplvttc       0 
OA211D4HPBWPLVT            2     14.400     19.312    tcbn65lphpbwplvttc       0 
OA21D1HPBWP                1      2.800      0.295    tcbn65lphpbwptc          0 
OA21D1HPBWPLVT           122    341.600    338.512    tcbn65lphpbwplvttc       0 
OA21D2HPBWP                1      3.200      0.472    tcbn65lphpbwptc          0 
OA21D2HPBWPLVT            81    259.200    389.099    tcbn65lphpbwplvttc       0 
OA21D4HPBWPLVT             8     51.200     69.733    tcbn65lphpbwplvttc       0 
OA221D1HPBWPLVT           94    376.000    250.818    tcbn65lphpbwplvttc       0 
OA221D2HPBWPLVT           15     72.000     65.279    tcbn65lphpbwplvttc       0 
OA222D1HPBWPLVT            2      9.600      6.088    tcbn65lphpbwplvttc       0 
OA222D4HPBWPLVT            1     10.000      8.765    tcbn65lphpbwplvttc       0 
OA22D1HPBWPLVT            61    219.600    122.545    tcbn65lphpbwplvttc       0 
OA22D2HPBWPLVT            78    312.000    239.970    tcbn65lphpbwplvttc       0 
OA22D4HPBWPLVT            66    475.200    532.458    tcbn65lphpbwplvttc       0 
OA31D1HPBWPLVT             3      9.600      7.869    tcbn65lphpbwplvttc       0 
OAI211D1HPBWPLVT           7     19.600      8.505    tcbn65lphpbwplvttc       0 
OAI211D2HPBWPLVT          18     86.400     57.385    tcbn65lphpbwplvttc       0 
OAI211D4HPBWPLVT           2     19.200     12.360    tcbn65lphpbwplvttc       0 
OAI21D1HPBWPLVT           81    194.400    102.471    tcbn65lphpbwplvttc       0 
OAI21D2HPBWP               1      4.000      0.307    tcbn65lphpbwptc          0 
OAI21D2HPBWPLVT          100    400.000    250.082    tcbn65lphpbwplvttc       0 
OAI21D4HPBWPLVT           77    554.400    437.948    tcbn65lphpbwplvttc       0 
OAI221D0HPBWPLVT           1      3.200      0.561    tcbn65lphpbwplvttc       0 
OAI221D1HPBWPLVT          51    183.600     68.421    tcbn65lphpbwplvttc       0 
OAI221D2HPBWP              1      6.400      0.322    tcbn65lphpbwptc          0 
OAI221D2HPBWPLVT           4     25.600     11.035    tcbn65lphpbwplvttc       0 
OAI221XD4HPBWPLVT          1     12.000      3.372    tcbn65lphpbwplvttc       0 
OAI222D1HPBWPLVT          12     48.000     16.843    tcbn65lphpbwplvttc       0 
OAI22D1HPBWPLVT           89    249.200     96.698    tcbn65lphpbwplvttc       0 
OAI22D2HPBWP               4     19.200      0.958    tcbn65lphpbwptc          0 
OAI22D2HPBWPLVT           29    139.200     50.738    tcbn65lphpbwplvttc       0 
OAI22D4HPBWPLVT            2     19.200      7.033    tcbn65lphpbwplvttc       0 
OAI31D1HPBWPLVT            2      5.600      3.435    tcbn65lphpbwplvttc       0 
OAI31D2HPBWPLVT           10     48.000     39.543    tcbn65lphpbwplvttc       0 
OAI32D1HPBWPLVT            2      6.400      3.384    tcbn65lphpbwplvttc       0 
OR2D0HPBWP                 1      2.400      0.089    tcbn65lphpbwptc          0 
OR2D0HPBWPLVT              2      4.800      2.662    tcbn65lphpbwplvttc       0 
OR2D1HPBWPLVT             91    218.400    162.344    tcbn65lphpbwplvttc       0 
OR2D2HPBWPLVT              8     22.400     30.480    tcbn65lphpbwplvttc       0 
OR2D4HPBWPLVT             27    129.600    225.524    tcbn65lphpbwplvttc       0 
OR2D8HPBWPLVT             24    192.000    417.342    tcbn65lphpbwplvttc       0 
OR2XD1HPBWPLVT            10     24.000     26.578    tcbn65lphpbwplvttc       0 
OR3D1HPBWPLVT              5     14.000     11.000    tcbn65lphpbwplvttc       0 
OR3D4HPBWPLVT              1      6.000      8.859    tcbn65lphpbwplvttc       0 
OR3D8HPBWPLVT             20    192.000    389.062    tcbn65lphpbwplvttc       0 
OR4D1HPBWPLVT              4     12.800     12.124    tcbn65lphpbwplvttc       0 
OR4D2HPBWPLVT              1      4.000      3.702    tcbn65lphpbwplvttc       0 
OR4D4HPBWPLVT              2     13.600     18.456    tcbn65lphpbwplvttc       0 
XNR2D1HPBWPLVT           205    820.000    877.824    tcbn65lphpbwplvttc       0 
XNR2D4HPBWPLVT             2     16.800     33.813    tcbn65lphpbwplvttc       0 
XOR2D1HPBWPLVT           527   2108.000   2851.288    tcbn65lphpbwplvttc       0 
XOR2D2HPBWPLVT             3     13.200     20.840    tcbn65lphpbwplvttc       0 
---------------------------------------------------------------------------------
total                  18474  80410.400  73425.465                       


                                                     Leakage  Leakage 
      Library      Instances Instances %    Area   Power (nW) Power % 
----------------------------------------------------------------------
tcbn65lphpbwplvttc     18080        97.9 77916.000  73277.851    99.8 
tcbn65lphpbwptc          394         2.1  2494.400    147.614     0.2 

                                            Leakage  Leakage 
     Type      Instances    Area   Area % Power (nW) Power % 
-------------------------------------------------------------
sequential          2704 23833.200   29.6  16291.760    22.2 
inverter            2244  5126.800    6.4   9387.524    12.8 
buffer               229   783.600    1.0   1646.916     2.2 
logic              13297 50666.800   63.0  46099.265    62.8 
physical_cells         0     0.000    0.0      0.000     0.0 
-------------------------------------------------------------
total              18474 80410.400  100.0  73425.465   100.0 

