============================================================
  Generated by:           Genus(TM) Synthesis Solution 19.11-s087_1
  Generated on:           Aug 20 2021  10:49:32 am
  Module:                 top_nft
  Operating conditions:   NCCOM 
  Operating conditions:   WCCOM 
  Operating conditions:   WCCOM 
  Operating conditions:   BCCOM 
  Interconnect mode:      global
  Area mode:              physical library
============================================================

Timing
--------

 Analysis view Clock Period 
----------------------------
view_typ       clk   1000.0 
view_slow      clk   1000.0 
view_superslow clk   1000.0 
view_fast      clk   1000.0 


   Analysis      Cost   Critical             Violating 
     View       Group  Path Slack    TNS       Paths   
-------------------------------------------------------
view_typ           C2C       22.4       0.0          0 
                   C2O       48.8       0.0          0 
                   clk   No paths       0.0          0 
               default   No paths       0.0          0 
                   I2C       75.6       0.0          0 
                   I2O      103.1       0.0          0 
-------------------------------------------------------
Total                                  -0.0          0 
                                                       
view_slow          C2C     -592.3  -77709.1        428 
                   C2O     -459.6  -10153.6         39 
                   clk   No paths       0.0          0 
               default   No paths       0.0          0 
                   I2C     -435.3  -14728.4        100 
                   I2O     -302.6    -697.4          3 
-------------------------------------------------------
Total                              -87862.7        570 
                                                       
view_superslow     C2C     -627.9  -95161.5        704 
                   C2O     -485.6  -11149.7         39 
                   clk   No paths       0.0          0 
               default   No paths       0.0          0 
                   I2C     -466.2  -18816.4        183 
                   I2O     -322.5    -778.1          3 
-------------------------------------------------------
Total                             -106311.2        929 
                                                       
view_fast          C2C      310.2       0.0          0 
                   C2O      289.1       0.0          0 
                   clk   No paths       0.0          0 
               default   No paths       0.0          0 
                   I2C      314.3       0.0          0 
                   I2O      296.1       0.0          0 
-------------------------------------------------------
Total                                  -0.0          0 
                                                       

Instance Count
--------------
Leaf Instance Count             18474 
Physical Instance count             0 
Sequential Instance Count        2704 
Combinational Instance Count    15770 
Hierarchical Instance Count         1 

Area
----
Cell Area                          80410.400
Physical Cell Area                 0.000
Total Cell Area (Cell+Physical)    80410.400
Net Area                           32852.892
Total Area (Cell+Physical+Net)     113263.292

Runtime                            106.81315900000001 seconds
Elapsed Runtime                    1061 seconds
Genus peak memory usage            1450.70 
Innovus peak memory usage          no_value 
Hostname                           epi03.bsc.es
