============================================================
  Generated by:           Genus(TM) Synthesis Solution 19.11-s087_1
  Generated on:           Aug 20 2021  11:45:57 am
  Module:                 top_nft
  Operating conditions:   NCCOM 
  Operating conditions:   WCCOM 
  Operating conditions:   WCCOM 
  Operating conditions:   BCCOM 
  Interconnect mode:      global
  Area mode:              physical library
============================================================


Path 1: VIOLATED (-525 ps) Setup Check with Pin dut_pmu_ahb_inst_pmu_raw_inst_quota_suma_int_reg[35]/CP->D
           View: view_superslow
          Group: C2C
     Startpoint: (R) dut_pmu_ahb_inst_pmu_raw_inst_counters_slv_reg_reg[6][11]/CP
          Clock: (R) clk
       Endpoint: (R) dut_pmu_ahb_inst_pmu_raw_inst_quota_suma_int_reg[35]/D
          Clock: (R) clk

                     Capture       Launch     
        Clock Edge:+    1000            0     
       Src Latency:+       0            0     
       Net Latency:+       0 (I)        0 (I) 
           Arrival:=    1000            0     
                                              
             Setup:-      78                  
     Required Time:=     922                  
      Launch Clock:-       0                  
         Data Path:-    1446                  
             Slack:=    -525                  

#-----------------------------------------------------------------------------------------------------------------------------------------------------------
#                               Timing Point                                 Flags    Arc   Edge       Cell        Fanout Load Trans Delay Arrival Instance 
#                                                                                                                         (fF)  (ps)  (ps)   (ps)  Location 
#-----------------------------------------------------------------------------------------------------------------------------------------------------------
  dut_pmu_ahb_inst_pmu_raw_inst_counters_slv_reg_reg[6][11]/CP               -       -      R     (arrival)          2704    -     0     -       0    (-,-) 
  dut_pmu_ahb_inst_pmu_raw_inst_counters_slv_reg_reg[6][11]/Q                -       CP->Q  R     DFKCNQD4HPBWPLVT      3 13.1    38   131     131    (-,-) 
  dut_pmu_ahb_inst_pmu_raw_inst_counters_inc_add_68_63_I7_g272283/ZN         -       A2->ZN F     ND2D2HPBWPLVT         2  7.3    45    41     173    (-,-) 
  g275582/ZN                                                                 -       A2->ZN R     NR2XD1HPBWPLVT        1  5.5    55    53     226    (-,-) 
  g298214/ZN                                                                 -       B2->ZN F     IND3D2HPBWPLVT        2 10.4    99    72     299    (-,-) 
  g275579/ZN                                                                 -       A1->ZN R     NR2XD2HPBWPLVT        1 13.5    74    65     363    (-,-) 
  dut_pmu_ahb_inst_pmu_raw_inst_counters_inc_add_68_63_I7_g2106_dup297368/ZN -       A1->ZN F     ND2D8HPBWPLVT        11 38.3    64    59     423    (-,-) 
  dut_pmu_ahb_inst_pmu_raw_inst_counters_inc_add_68_63_I7_g272861/ZN         -       A1->ZN R     NR3D0HPBWPLVT         1  4.8   144   100     523    (-,-) 
  dut_pmu_ahb_inst_pmu_raw_inst_counters_inc_add_68_63_I7_g2063/Z            -       A1->Z  F     XOR2D1HPBWPLVT        1  5.2    52   128     651    (-,-) 
  g258665/ZN                                                                 -       A2->ZN R     AOI21D2HPBWPLVT       1  5.5    79    62     714    (-,-) 
  g309024/ZN                                                                 -       B->ZN  F     IOA21D2HPBWPLVT       4 14.4    80    67     780    (-,-) 
  g305585/ZN                                                                 -       A1->ZN R     ND2D2HPBWPLVT         1  5.5    38    42     822    (-,-) 
  g284591/ZN                                                                 -       B->ZN  F     IOA21D2HPBWPLVT       1  6.9    47    38     860    (-,-) 
  g302677/ZN                                                                 -       A1->ZN R     NR2D3HPBWPLVT         1  5.4    48    44     904    (-,-) 
  g277845/ZN                                                                 -       A1->ZN F     ND2D2HPBWPLVT         1  9.1    54    46     950    (-,-) 
  g133/ZN                                                                    -       A1->ZN R     NR2XD3HPBWPLVT        2 14.0    50    45     995    (-,-) 
  g131/ZN                                                                    -       B1->ZN F     IND2D4HPBWPLVT        2 12.4    43    40    1035    (-,-) 
  g281949/ZN                                                                 -       A1->ZN R     NR2D3HPBWPLVT         1  8.3    62    51    1086    (-,-) 
  g302250/ZN                                                                 -       B1->ZN F     IND2D4HPBWPLVT        3 19.9    60    52    1138    (-,-) 
  g302248/ZN                                                                 -       A2->ZN R     ND3D8HPBWPLVT         6 31.6    51    48    1186    (-,-) 
  g299093/ZN                                                                 -       A2->ZN F     NR2XD2HPBWPLVT        1  6.9    33    38    1224    (-,-) 
  g302027/ZN                                                                 -       A1->ZN R     ND2D3HPBWPLVT         2 15.9    53    40    1264    (-,-) 
  g300947/ZN                                                                 -       A2->ZN F     NR2XD4HPBWPLVT        1 20.0    40    42    1306    (-,-) 
  g301145/ZN                                                                 -       A1->ZN R     NR2XD8HPBWPLVT        4 25.6    40    36    1342    (-,-) 
  g301146/ZN                                                                 -       A1->ZN F     NR2XD2HPBWPLVT        1  5.0    34    26    1368    (-,-) 
  dut_pmu_ahb_inst_pmu_raw_inst_quota_add_141_42_g3301/Z                     -       A1->Z  R     CKXOR2D2HPBWPLVT      1  4.0    42    78    1446    (-,-) 
  dut_pmu_ahb_inst_pmu_raw_inst_quota_suma_int_reg[35]/D                     -       -      R     DFKCND1HPBWPLVT       1    -     -     0    1446    (-,-) 
#-----------------------------------------------------------------------------------------------------------------------------------------------------------


