============================================================
  Generated by:           Genus(TM) Synthesis Solution 19.11-s087_1
  Generated on:           Aug 20 2021  11:45:56 am
  Module:                 top_nft
  Operating conditions:   NCCOM 
  Operating conditions:   WCCOM 
  Operating conditions:   WCCOM 
  Operating conditions:   BCCOM 
  Interconnect mode:      global
  Area mode:              physical library
============================================================


Path 1: VIOLATED (-438 ps) Late External Delay Assertion at pin intr_overflow_o
           View: view_superslow
          Group: C2O
     Startpoint: (R) dut_pmu_ahb_genblk1.master_addr_reg[3]/CP
          Clock: (R) clk
       Endpoint: (R) intr_overflow_o
          Clock: (R) clk

                     Capture       Launch     
        Clock Edge:+    1000            0     
       Src Latency:+       0            0     
       Net Latency:+       0 (I)        0 (I) 
           Arrival:=    1000            0     
                                              
      Output Delay:-     100                  
     Required Time:=     900                  
      Launch Clock:-       0                  
         Data Path:-    1338                  
             Slack:=    -438                  

Exceptions/Constraints:
  output_delay             100             tmp_sdc_view_typ.sdc_line_11346 

#---------------------------------------------------------------------------------------------------------------------------
#               Timing Point                Flags    Arc   Edge       Cell        Fanout  Load Trans Delay Arrival Instance 
#                                                                                         (fF)  (ps)  (ps)   (ps)  Location 
#---------------------------------------------------------------------------------------------------------------------------
  dut_pmu_ahb_genblk1.master_addr_reg[3]/CP -       -      R     (arrival)          2704     -     0     -       0    (-,-) 
  dut_pmu_ahb_genblk1.master_addr_reg[3]/Q  -       CP->Q  F     DFKCNQD4HPBWPLVT      1  13.7    32   143     143    (-,-) 
  fopt271513/ZN                             -       I->ZN  R     INVD8HPBWPLVT         3  29.6    34    31     174    (-,-) 
  g267739/ZN                                -       A2->ZN F     ND2D8HPBWPLVT         2  17.3    36    36     210    (-,-) 
  g300646/ZN                                -       A1->ZN R     NR2XD4HPBWPLVT        2  17.9    48    40     249    (-,-) 
  g312410/ZN                                -       A1->ZN F     ND2D8HPBWPLVT         6  24.5    46    43     292    (-,-) 
  g265517_dup274466_dup312691/ZN            -       S->ZN  R     MUX2ND4HPBWPLVT       1  11.3    34   111     404    (-,-) 
  g312414/ZN                                -       I->ZN  F     INVD6HPBWPLVT         2  25.1    25    26     430    (-,-) 
  g264355/ZN                                -       A1->ZN R     NR2D8HPBWPLVT         1  21.8    59    44     474    (-,-) 
  g264267/ZN                                -       A1->ZN F     NR2XD8HPBWPLVT        4  39.8    39    39     513    (-,-) 
  g263974/ZN                                -       I->ZN  R     INVD8HPBWPLVT         3  37.2    41    37     551    (-,-) 
  g263973/ZN                                -       I->ZN  F     CKND12HPBWPLVT        7  42.9    37    36     587    (-,-) 
  g273989/Z                                 -       A1->Z  F     AN2D8HPBWPLVT         2  34.2    35    65     652    (-,-) 
  g261774/ZN                                -       I->ZN  R     INVD12HPBWPLVT       14  57.8    42    37     689    (-,-) 
  g307422/Z                                 -       A1->Z  R     AN2D2HPBWPLVT         1   9.9    53    82     772    (-,-) 
  g307973/ZN                                -       A2->ZN F     NR2XD3HPBWPLVT        3  10.8    40    38     810    (-,-) 
  g257901/ZN                                -       A1->ZN R     NR2XD1HPBWPLVT        1  14.4   120    81     890    (-,-) 
  g303616/ZN                                -       A3->ZN F     ND3D8HPBWPLVT         1  11.3    56    62     952    (-,-) 
  g302633/ZN                                -       A1->ZN R     NR2XD4HPBWPLVT        2  10.5    37    37     989    (-,-) 
  g125/ZN                                   -       B1->ZN F     IND2D4HPBWPLVT        1   8.6    35    31    1020    (-,-) 
  g273838/ZN                                -       A3->ZN R     ND3D4HPBWPLVT         1   9.9    39    35    1056    (-,-) 
  g256192/ZN                                -       A2->ZN F     NR2XD3HPBWPLVT        1   8.7    30    32    1088    (-,-) 
  g256156/ZN                                -       A2->ZN R     ND3D4HPBWPLVT         1   8.2    36    30    1118    (-,-) 
  g279587/ZN                                -       A1->ZN F     OAI21D4HPBWPLVT       1  24.3    82    56    1174    (-,-) 
  g279586/ZN                                -       I->ZN  R     INVD16HPBWPLVT        1 502.6   238   157    1330    (-,-) 
  intr_overflow_o                           -       -      R     (port)                -     -     -     8    1338    (-,-) 
#---------------------------------------------------------------------------------------------------------------------------


