============================================================
  Generated by:           Genus(TM) Synthesis Solution 19.11-s087_1
  Generated on:           Aug 17 2021  04:57:33 pm
  Module:                 top
  Operating conditions:   NCCOM 
  Operating conditions:   WCCOM 
  Operating conditions:   WCCOM 
  Operating conditions:   BCCOM 
  Interconnect mode:      global
  Area mode:              physical library
============================================================

                          Instance                                  Module         Cell Count  Cell Area  Net Area   Total Area 
--------------------------------------------------------------------------------------------------------------------------------
top                                                                                     50514 217749.600 92760.908   310510.508 
  dut_ft_pmu_ahb_inst_pmu_raw                                PMU_raw                    12840  54305.200 20286.384    74591.584 
    inst_quota                                               PMU_quota                   1602   6699.600  2439.680     9139.280 
    inst_MCCU                                                MCCU                        1707   6107.600  2534.279     8641.879 
  dut_pmu_ahb_inst_pmu_raw                                   PMU_raw_0                   8479  34531.200 13781.518    48312.718 
  dut_ft_pmu_ahb_Slvft.slv_ham_dec[48].slv_hamming32t26d_dec hamming32t26d_dec_48         206    886.800   267.980     1154.780 
  dut_ft_pmu_ahb_Slvft.slv_ham_dec[39].slv_hamming32t26d_dec hamming32t26d_dec_39         197    881.200   261.495     1142.695 
  dut_ft_pmu_ahb_Slvft.slv_ham_dec[47].slv_hamming32t26d_dec hamming32t26d_dec_47         211    857.200   279.556     1136.756 
  dut_ft_pmu_ahb_Slvft.slv_ham_dec[35].slv_hamming32t26d_dec hamming32t26d_dec_35         183    808.000   240.315     1048.315 
  dut_ft_pmu_ahb_Slvft.slv_ham_dec[38].slv_hamming32t26d_dec hamming32t26d_dec_38         196    794.000   254.189     1048.189 
  dut_ft_pmu_ahb_Slvft.slv_ham_dec[40].slv_hamming32t26d_dec hamming32t26d_dec_40         192    769.200   250.960     1020.160 
  dut_ft_pmu_ahb_Slvft.slv_ham_dec[34].slv_hamming32t26d_dec hamming32t26d_dec_34         182    757.600   234.568      992.168 
  dut_ft_pmu_ahb_Slvft.slv_ham_dec[33].slv_hamming32t26d_dec hamming32t26d_dec_33         178    744.800   229.780      974.580 
  dut_ft_pmu_ahb_Slvft.slv_ham_dec[36].slv_hamming32t26d_dec hamming32t26d_dec_36         175    718.400   229.697      948.097 
  dut_ft_pmu_ahb_Slvft.slv_ham_dec[37].slv_hamming32t26d_dec hamming32t26d_dec_37         165    701.600   214.346      915.946 
  dut_ft_pmu_ahb_Slvft.slv_ham_dec[55].slv_hamming32t26d_dec hamming32t26d_dec_55         166    694.800   214.373      909.173 
  dut_ft_pmu_ahb_Slvft.slv_ham_dec[54].slv_hamming32t26d_dec hamming32t26d_dec_54         170    686.000   221.242      907.242 
  dut_ft_pmu_ahb_Slvft.slv_ham_dec[53].slv_hamming32t26d_dec hamming32t26d_dec_53         167    632.400   215.960      848.360 
  dut_ft_pmu_ahb_Slvft.slv_ham_dec[56].slv_hamming32t26d_dec hamming32t26d_dec_56         154    615.200   198.447      813.647 
  dut_ft_pmu_ahb_Slvft.slv_ham_dec[46].slv_hamming32t26d_dec hamming32t26d_dec_46         140    536.800   173.628      710.428 
  dut_ft_pmu_ahb_Slvft.slv_ham_dec[49].slv_hamming32t26d_dec hamming32t26d_dec_49         135    512.800   165.172      677.972 
  dut_ft_pmu_ahb_Slvft.slv_ham_dec[57].slv_hamming32t26d_dec hamming32t26d_dec_57         127    506.000   162.983      668.983 
  dut_ft_pmu_ahb_Slvft.slv_ham_dec[41].slv_hamming32t26d_dec hamming32t26d_dec_41         133    468.400   163.038      631.438 
  dut_ft_pmu_ahb_Slvft.slv_ham_dec[51].slv_hamming32t26d_dec hamming32t26d_dec_51         110    438.800   130.693      569.493 
  dut_ft_pmu_ahb_Slvft.slv_ham_dec[45].slv_hamming32t26d_dec hamming32t26d_dec_45         114    434.800   134.442      569.242 
  dut_ft_pmu_ahb_Slvft.slv_ham_dec[52].slv_hamming32t26d_dec hamming32t26d_dec_52         110    429.600   129.653      559.253 
  dut_ft_pmu_ahb_Slvft.slv_ham_dec[42].slv_hamming32t26d_dec hamming32t26d_dec_42         109    426.400   128.066      554.466 
  dut_ft_pmu_ahb_Slvft.slv_ham_dec[43].slv_hamming32t26d_dec hamming32t26d_dec_43         109    423.200   128.066      551.266 
  dut_ft_pmu_ahb_Slvft.slv_ham_dec[44].slv_hamming32t26d_dec hamming32t26d_dec_44         107    424.800   125.931      550.731 
  dut_ft_pmu_ahb_Slvft.slv_ham_dec[50].slv_hamming32t26d_dec hamming32t26d_dec_50         107    421.200   125.931      547.131 
  dut_ft_pmu_ahb_Slvft.slv_ham_dec[32].slv_hamming32t26d_dec hamming32t26d_dec_32         103    408.400   120.623      529.023 
