============================================================
  Generated by:           Genus(TM) Synthesis Solution 19.11-s087_1
  Generated on:           Aug 17 2021  04:57:41 pm
  Module:                 top
  Operating conditions:   NCCOM 
  Operating conditions:   WCCOM 
  Operating conditions:   WCCOM 
  Operating conditions:   BCCOM 
  Interconnect mode:      global
  Area mode:              physical library
============================================================

                                           Leakage                         Library 
       Gate        Instances     Area     Power (nW)        Library         Domain 
-----------------------------------------------------------------------------------
AN2D0HPBWPLVT              1       2.400       0.872    tcbn65lphpbwplvttc       0 
AN2D1HPBWPLVT              2       4.800       2.796    tcbn65lphpbwplvttc       0 
AN2D2HPBWPLVT            100     280.000     232.539    tcbn65lphpbwplvttc       0 
AN2D4HPBWPLVT            110     528.000     689.038    tcbn65lphpbwplvttc       0 
AN2D8HPBWPLVT             32     256.000     380.017    tcbn65lphpbwplvttc       0 
AN2XD1HPBWP               34      81.600       5.777    tcbn65lphpbwptc          0 
AN2XD1HPBWPLVT           906    2174.400    1886.422    tcbn65lphpbwplvttc       0 
AN3D1HPBWPLVT              1       2.800       0.621    tcbn65lphpbwplvttc       0 
AN3D2HPBWPLVT              8      25.600      29.466    tcbn65lphpbwplvttc       0 
AN3D4HPBWPLVT             21     126.000     117.247    tcbn65lphpbwplvttc       0 
AN3D8HPBWPLVT              1       9.600       5.123    tcbn65lphpbwplvttc       0 
AN3XD1HPBWPLVT            59     165.200      98.921    tcbn65lphpbwplvttc       0 
AN4D0HPBWPLVT              1       3.200       0.355    tcbn65lphpbwplvttc       0 
AN4D1HPBWPLVT             12      38.400       7.509    tcbn65lphpbwplvttc       0 
AN4D2HPBWPLVT              4      16.000       5.430    tcbn65lphpbwplvttc       0 
AN4D4HPBWPLVT             16     115.200      54.967    tcbn65lphpbwplvttc       0 
AN4XD1HPBWP                8      25.600       1.238    tcbn65lphpbwptc          0 
AN4XD1HPBWPLVT           357    1142.400     345.263    tcbn65lphpbwplvttc       0 
AO211D1HPBWPLVT           33     105.600     157.707    tcbn65lphpbwplvttc       0 
AO21D0HPBWP                1       2.800       0.110    tcbn65lphpbwptc          0 
AO21D1HPBWP                1       2.800       0.285    tcbn65lphpbwptc          0 
AO21D1HPBWPLVT           172     481.600     572.545    tcbn65lphpbwplvttc       0 
AO21D2HPBWPLVT            13      41.600      63.960    tcbn65lphpbwplvttc       0 
AO21D4HPBWPLVT           110     660.000    1286.286    tcbn65lphpbwplvttc       0 
AO221D0HPBWPLVT           90     360.000     160.204    tcbn65lphpbwplvttc       0 
AO221D1HPBWPLVT            2       8.800       8.178    tcbn65lphpbwplvttc       0 
AO221D4HPBWPLVT            2      17.600      18.731    tcbn65lphpbwplvttc       0 
AO222D0HPBWPLVT            1       4.800       1.176    tcbn65lphpbwplvttc       0 
AO222D1HPBWPLVT          309    1483.200     775.487    tcbn65lphpbwplvttc       0 
AO222D2HPBWPLVT           34     176.800     119.348    tcbn65lphpbwplvttc       0 
AO222D4HPBWPLVT           14     140.000     103.682    tcbn65lphpbwplvttc       0 
AO22D0HPBWP                2       6.400       0.176    tcbn65lphpbwptc          0 
AO22D0HPBWPLVT           731    2339.200     792.751    tcbn65lphpbwplvttc       0 
AO22D1HPBWPLVT           327    1177.200     594.467    tcbn65lphpbwplvttc       0 
AO22D2HPBWPLVT           218     872.000     752.003    tcbn65lphpbwplvttc       0 
AO22D4HPBWPLVT           533    3837.600    4833.461    tcbn65lphpbwplvttc       0 
AO31D1HPBWPLVT            52     166.400     121.838    tcbn65lphpbwplvttc       0 
AO31D4HPBWPLVT             1       7.200      10.198    tcbn65lphpbwplvttc       0 
AO32D1HPBWPLVT             4      16.000      10.672    tcbn65lphpbwplvttc       0 
AO32D4HPBWPLVT             3      25.200      29.325    tcbn65lphpbwplvttc       0 
AOI211D1HPBWPLVT           7      19.600      16.410    tcbn65lphpbwplvttc       0 
AOI211XD0HPBWPLVT        114     319.200     207.013    tcbn65lphpbwplvttc       0 
AOI211XD1HPBWPLVT          1       4.800       4.590    tcbn65lphpbwplvttc       0 
AOI211XD2HPBWPLVT         10      92.000      86.800    tcbn65lphpbwplvttc       0 
AOI21D1HPBWPLVT          180     432.000     317.199    tcbn65lphpbwplvttc       0 
AOI21D2HPBWPLVT           79     316.000     380.303    tcbn65lphpbwplvttc       0 
AOI21D4HPBWPLVT           71     511.200     765.581    tcbn65lphpbwplvttc       0 
AOI221D0HPBWP              1       3.200       0.062    tcbn65lphpbwptc          0 
AOI221D0HPBWPLVT         346    1107.200     446.235    tcbn65lphpbwplvttc       0 
AOI221D1HPBWPLVT          81     291.600     209.858    tcbn65lphpbwplvttc       0 
AOI221D2HPBWPLVT           3      19.200      14.301    tcbn65lphpbwplvttc       0 
AOI222D0HPBWP            123     492.000      10.126    tcbn65lphpbwptc          0 
AOI222D0HPBWPLVT         139     556.000     144.273    tcbn65lphpbwplvttc       0 
AOI222D1HPBWPLVT         104     457.600     164.997    tcbn65lphpbwplvttc       0 
AOI222D2HPBWPLVT          39     280.800      74.755    tcbn65lphpbwplvttc       0 
AOI222D4HPBWPLVT           1       6.800       5.912    tcbn65lphpbwplvttc       0 
AOI222XD4HPBWPLVT          8     112.000      29.844    tcbn65lphpbwplvttc       0 
AOI22D1HPBWP               2       5.600       0.212    tcbn65lphpbwptc          0 
AOI22D1HPBWPLVT          916    2564.800    1141.764    tcbn65lphpbwplvttc       0 
AOI22D2HPBWP               1       4.800       0.468    tcbn65lphpbwptc          0 
AOI22D2HPBWPLVT          357    1713.600     930.813    tcbn65lphpbwplvttc       0 
AOI22D4HPBWP               1      10.000       0.282    tcbn65lphpbwptc          0 
AOI22D4HPBWPLVT           28     280.000     164.375    tcbn65lphpbwplvttc       0 
AOI31D0HPBWP               1       2.800       0.086    tcbn65lphpbwptc          0 
AOI31D1HPBWPLVT           30      84.000      25.815    tcbn65lphpbwplvttc       0 
AOI31D2HPBWPLVT            5      24.000      24.119    tcbn65lphpbwplvttc       0 
AOI31D4HPBWPLVT            5      48.000      37.204    tcbn65lphpbwplvttc       0 
AOI32D1HPBWPLVT           14      44.800      20.768    tcbn65lphpbwplvttc       0 
AOI32XD4HPBWPLVT           1      12.000       5.404    tcbn65lphpbwplvttc       0 
BMLD1HPBWPLVT             14     140.000     172.659    tcbn65lphpbwplvttc       0 
BMLD2HPBWPLVT             26     270.400     341.195    tcbn65lphpbwplvttc       0 
BMLD4HPBWPLVT              5      76.000     103.991    tcbn65lphpbwplvttc       0 
BUFFD0HPBWP                4       6.400       0.356    tcbn65lphpbwptc          0 
BUFFD0HPBWPLVT             3       4.800       3.411    tcbn65lphpbwplvttc       0 
BUFFD12HPBWPLVT            4      36.800      86.365    tcbn65lphpbwplvttc       0 
BUFFD1HPBWPLVT            22      35.200      33.968    tcbn65lphpbwplvttc       0 
BUFFD2HPBWP              260     624.000      95.414    tcbn65lphpbwptc          0 
BUFFD2HPBWPLVT           396     950.400    1375.848    tcbn65lphpbwplvttc       0 
BUFFD3HPBWPLVT           150     420.000     750.118    tcbn65lphpbwplvttc       0 
BUFFD4HPBWP                6      24.000       5.066    tcbn65lphpbwptc          0 
BUFFD4HPBWPLVT           195     780.000    1694.860    tcbn65lphpbwplvttc       0 
BUFFD6HPBWPLVT            26     124.800     333.263    tcbn65lphpbwplvttc       0 
BUFFD8HPBWPLVT            20     128.000     337.331    tcbn65lphpbwplvttc       0 
CKAN2D1HPBWPLVT            1       2.400       0.681    tcbn65lphpbwplvttc       0 
CKAN2D2HPBWPLVT            1       2.800       2.496    tcbn65lphpbwplvttc       0 
CKAN2D4HPBWP               1       4.000       0.477    tcbn65lphpbwptc          0 
CKAN2D8HPBWPLVT            6      40.800      37.928    tcbn65lphpbwplvttc       0 
CKBD0HPBWPLVT             16      25.600      13.680    tcbn65lphpbwplvttc       0 
CKBD12HPBWPLVT             2      16.800      36.070    tcbn65lphpbwplvttc       0 
CKBD1HPBWP               663    1060.800      99.450    tcbn65lphpbwptc          0 
CKBD1HPBWPLVT             20      32.000      31.060    tcbn65lphpbwplvttc       0 
CKBD2HPBWPLVT             11      26.400      26.918    tcbn65lphpbwplvttc       0 
CKBD3HPBWPLVT              7      19.600      24.210    tcbn65lphpbwplvttc       0 
CKMUX2D0HPBWPLVT           1       4.000       2.042    tcbn65lphpbwplvttc       0 
CKMUX2D1HPBWPLVT          85     340.000     312.955    tcbn65lphpbwplvttc       0 
CKMUX2D2HPBWPLVT          15      66.000      64.546    tcbn65lphpbwplvttc       0 
CKMUX2D4HPBWPLVT          10      68.000      98.893    tcbn65lphpbwplvttc       0 
CKND0HPBWPLVT             12      14.400       4.163    tcbn65lphpbwplvttc       0 
CKND12HPBWPLVT            12      81.600     135.728    tcbn65lphpbwplvttc       0 
CKND16HPBWP                1       9.200       1.577    tcbn65lphpbwptc          0 
CKND16HPBWPLVT            14     128.800     210.935    tcbn65lphpbwplvttc       0 
CKND1HPBWP                 3       3.600       0.187    tcbn65lphpbwptc          0 
CKND1HPBWPLVT            283     339.600     188.146    tcbn65lphpbwplvttc       0 
CKND2D1HPBWPLVT            6       9.600       2.216    tcbn65lphpbwplvttc       0 
CKND2D2HPBWPLVT           27      75.600      20.275    tcbn65lphpbwplvttc       0 
CKND2D3HPBWPLVT            2       8.000       2.544    tcbn65lphpbwplvttc       0 
CKND2D4HPBWPLVT            2       9.600       3.126    tcbn65lphpbwplvttc       0 
CKND2HPBWP                 6       9.600       0.864    tcbn65lphpbwptc          0 
CKND2HPBWPLVT             64     102.400      90.852    tcbn65lphpbwplvttc       0 
CKND3HPBWPLVT             35      84.000      91.247    tcbn65lphpbwplvttc       0 
CKND4HPBWP                 2       5.600       0.682    tcbn65lphpbwptc          0 
CKND4HPBWPLVT             65     182.000     245.235    tcbn65lphpbwplvttc       0 
CKND6HPBWPLVT             49     196.000     258.803    tcbn65lphpbwplvttc       0 
CKND8HPBWPLVT             16      76.800     122.599    tcbn65lphpbwplvttc       0 
CKXOR2D0HPBWPLVT           1       4.000       2.377    tcbn65lphpbwplvttc       0 
CKXOR2D1HPBWPLVT         149     596.000     645.761    tcbn65lphpbwplvttc       0 
CKXOR2D2HPBWPLVT          24     105.600     127.098    tcbn65lphpbwplvttc       0 
CKXOR2D4HPBWPLVT           2      16.800      28.414    tcbn65lphpbwplvttc       0 
CMPE42D1HPBWPLVT          21     403.200     551.473    tcbn65lphpbwplvttc       0 
CMPE42D2HPBWPLVT           2      40.800      59.472    tcbn65lphpbwplvttc       0 
DFCND1HPBWPLVT             8      76.800      46.637    tcbn65lphpbwplvttc       0 
DFCND2HPBWPLVT             3      33.600      32.740    tcbn65lphpbwplvttc       0 
DFCNQD1HPBWPLVT           16     140.800      71.596    tcbn65lphpbwplvttc       0 
DFD1HPBWP                 28     224.000      17.148    tcbn65lphpbwptc          0 
DFD1HPBWPLVT             256    2048.000    1555.895    tcbn65lphpbwplvttc       0 
DFD2HPBWPLVT              96     921.600    1307.181    tcbn65lphpbwplvttc       0 
DFD4HPBWPLVT              35     434.000     735.098    tcbn65lphpbwplvttc       0 
DFKCND1HPBWP               7      64.400       3.941    tcbn65lphpbwptc          0 
DFKCND1HPBWPLVT          414    3808.800    2325.635    tcbn65lphpbwplvttc       0 
DFKCND2HPBWPLVT           55     572.000     723.035    tcbn65lphpbwplvttc       0 
DFKCND4HPBWP               1      13.200       2.018    tcbn65lphpbwptc          0 
DFKCND4HPBWPLVT          233    3075.600    4980.049    tcbn65lphpbwplvttc       0 
DFKCNQD1HPBWP            115     966.000      47.672    tcbn65lphpbwptc          0 
DFKCNQD1HPBWPLVT        2278   19135.200    9252.452    tcbn65lphpbwplvttc       0 
DFKCNQD2HPBWPLVT         209    1839.200    1579.160    tcbn65lphpbwplvttc       0 
DFKCNQD4HPBWP             14     140.000      15.177    tcbn65lphpbwptc          0 
DFKCNQD4HPBWPLVT         252    2520.000    2800.057    tcbn65lphpbwplvttc       0 
DFKCSND1HPBWPLVT           9      93.600      52.459    tcbn65lphpbwplvttc       0 
DFKSND1HPBWPLVT            1      10.000       8.096    tcbn65lphpbwplvttc       0 
DFQD1HPBWP                 5      38.000       2.317    tcbn65lphpbwptc          0 
DFQD1HPBWPLVT           1464   11126.400    6357.058    tcbn65lphpbwplvttc       0 
DFQD2HPBWPLVT             54     432.000     268.811    tcbn65lphpbwplvttc       0 
DFQD4HPBWPLVT              6      55.200      55.562    tcbn65lphpbwplvttc       0 
EDFD2HPBWPLVT              8      96.000     100.505    tcbn65lphpbwplvttc       0 
EDFD4HPBWPLVT             37     562.400     829.407    tcbn65lphpbwplvttc       0 
EDFQD1HPBWPLVT             5      54.000      26.068    tcbn65lphpbwplvttc       0 
EDFQD2HPBWPLVT             9     100.800      80.267    tcbn65lphpbwplvttc       0 
EDFQD4HPBWPLVT           412    5108.800    5249.549    tcbn65lphpbwplvttc       0 
FA1D0HPBWPLVT              2      20.000      25.043    tcbn65lphpbwplvttc       0 
FA1D1HPBWPLVT              9     104.400     150.275    tcbn65lphpbwplvttc       0 
FA1D2HPBWPLVT             12     148.800     265.094    tcbn65lphpbwplvttc       0 
FCICIND1HPBWPLVT          22     114.400      83.002    tcbn65lphpbwplvttc       0 
FCICIND2HPBWPLVT           1       5.600       3.845    tcbn65lphpbwplvttc       0 
FICIND2HPBWP               1      13.600       2.227    tcbn65lphpbwptc          0 
FICIND2HPBWPLVT            6      81.600     142.464    tcbn65lphpbwplvttc       0 
FICOND2HPBWPLVT            1      13.600      23.099    tcbn65lphpbwplvttc       0 
FIICOND1HPBWPLVT           3      36.000      57.405    tcbn65lphpbwplvttc       0 
FIICOND2HPBWPLVT           2      28.800      50.124    tcbn65lphpbwplvttc       0 
HA1D0HPBWP                 6      38.400       4.178    tcbn65lphpbwptc          0 
HA1D0HPBWPLVT            737    4716.800    5100.045    tcbn65lphpbwplvttc       0 
HA1D1HPBWP                 3      20.400       2.741    tcbn65lphpbwptc          0 
HA1D1HPBWPLVT              1       6.800       9.448    tcbn65lphpbwplvttc       0 
HA1D2HPBWPLVT             11      88.000     128.047    tcbn65lphpbwplvttc       0 
HA1D4HPBWPLVT              1      12.000      19.077    tcbn65lphpbwplvttc       0 
HCOSCIND1HPBWPLVT         17     210.800     199.884    tcbn65lphpbwplvttc       0 
HCOSCIND2HPBWPLVT          1      13.600      14.345    tcbn65lphpbwplvttc       0 
HCOSCOND1HPBWPLVT         12     134.400     139.810    tcbn65lphpbwplvttc       0 
HICIND1HPBWPLVT           12      91.200     105.879    tcbn65lphpbwplvttc       0 
HICIND2HPBWP               2      17.600       2.578    tcbn65lphpbwptc          0 
HICIND2HPBWPLVT            3      26.400      39.357    tcbn65lphpbwplvttc       0 
HICOND1HPBWPLVT           21     159.600     193.727    tcbn65lphpbwplvttc       0 
HICOND2HPBWPLVT           11      96.800     128.087    tcbn65lphpbwplvttc       0 
IAO21D1HPBWPLVT           35      98.000      95.396    tcbn65lphpbwplvttc       0 
IAO21D2HPBWPLVT           21      84.000     165.015    tcbn65lphpbwplvttc       0 
IAO21D4HPBWPLVT            4      25.600      67.907    tcbn65lphpbwplvttc       0 
IAO22D1HPBWPLVT            5      18.000      15.303    tcbn65lphpbwplvttc       0 
IIND4D1HPBWPLVT            2       8.000       7.187    tcbn65lphpbwplvttc       0 
IIND4D2HPBWPLVT            2      13.600      15.085    tcbn65lphpbwplvttc       0 
IIND4D4HPBWPLVT            3      36.000      56.760    tcbn65lphpbwplvttc       0 
IINR4D0HPBWPLVT           17      68.000      50.885    tcbn65lphpbwplvttc       0 
IINR4D1HPBWPLVT            1       6.000       1.547    tcbn65lphpbwplvttc       0 
IINR4D4HPBWPLVT            1      16.400      16.118    tcbn65lphpbwplvttc       0 
IND2D0HPBWP                1       2.400       0.105    tcbn65lphpbwptc          0 
IND2D0HPBWPLVT             3       7.200       3.614    tcbn65lphpbwplvttc       0 
IND2D1HPBWP               94     225.600      13.431    tcbn65lphpbwptc          0 
IND2D1HPBWPLVT           404     969.600     671.015    tcbn65lphpbwplvttc       0 
IND2D2HPBWP                2       6.400       0.478    tcbn65lphpbwptc          0 
IND2D2HPBWPLVT          1149    3676.800    4121.254    tcbn65lphpbwplvttc       0 
IND2D4HPBWP                1       6.400       0.753    tcbn65lphpbwptc          0 
IND2D4HPBWPLVT           381    2438.400    2928.998    tcbn65lphpbwplvttc       0 
IND3D0HPBWPLVT             2       5.600       0.716    tcbn65lphpbwplvttc       0 
IND3D1HPBWPLVT            75     210.000      71.735    tcbn65lphpbwplvttc       0 
IND3D2HPBWPLVT            23     110.400      74.874    tcbn65lphpbwplvttc       0 
IND3D4HPBWPLVT            22     184.800     184.097    tcbn65lphpbwplvttc       0 
IND4D1HPBWPLVT            17      54.400      11.941    tcbn65lphpbwplvttc       0 
IND4D2HPBWPLVT            18     115.200      12.573    tcbn65lphpbwplvttc       0 
IND4D4HPBWPLVT             9      97.200      38.620    tcbn65lphpbwplvttc       0 
INR2D0HPBWPLVT             3       7.200       2.137    tcbn65lphpbwplvttc       0 
INR2D1HPBWP                1       2.400       0.081    tcbn65lphpbwptc          0 
INR2D1HPBWPLVT           347     832.800     506.071    tcbn65lphpbwplvttc       0 
INR2D2HPBWPLVT           187     598.400     573.427    tcbn65lphpbwplvttc       0 
INR2D4HPBWP                1       6.000       0.675    tcbn65lphpbwptc          0 
INR2D4HPBWPLVT            40     240.000     391.967    tcbn65lphpbwplvttc       0 
INR2XD0HPBWPLVT          146     350.400     182.035    tcbn65lphpbwplvttc       0 
INR2XD1HPBWPLVT           85     272.000     203.395    tcbn65lphpbwplvttc       0 
INR2XD2HPBWPLVT           96     499.200     320.964    tcbn65lphpbwplvttc       0 
INR2XD4HPBWPLVT           38     395.200     356.354    tcbn65lphpbwplvttc       0 
INR3D0HPBWPLVT            38     106.400      58.845    tcbn65lphpbwplvttc       0 
INR3D1HPBWP                1       4.000       0.137    tcbn65lphpbwptc          0 
INR3D1HPBWPLVT            36     144.000      74.270    tcbn65lphpbwplvttc       0 
INR3D4HPBWPLVT             9      75.600     148.583    tcbn65lphpbwplvttc       0 
INR4D0HPBWP                1       3.200       0.076    tcbn65lphpbwptc          0 
INR4D0HPBWPLVT            19      60.800      31.172    tcbn65lphpbwplvttc       0 
INR4D1HPBWP                3      16.800       0.557    tcbn65lphpbwptc          0 
INR4D1HPBWPLVT             2      11.200       1.349    tcbn65lphpbwplvttc       0 
INR4D2HPBWPLVT             2      17.600       7.163    tcbn65lphpbwplvttc       0 
INVD0HPBWPLVT             10      12.000       3.364    tcbn65lphpbwplvttc       0 
INVD12HPBWPLVT            35     238.000     570.370    tcbn65lphpbwplvttc       0 
INVD16HPBWPLVT            20     184.000     495.681    tcbn65lphpbwplvttc       0 
INVD1HPBWP               225     270.000      22.500    tcbn65lphpbwptc          0 
INVD1HPBWPLVT           1380    1656.000    1318.563    tcbn65lphpbwplvttc       0 
INVD2HPBWP                 5       8.000       1.065    tcbn65lphpbwptc          0 
INVD2HPBWPLVT           1574    2518.400    3477.457    tcbn65lphpbwplvttc       0 
INVD3HPBWPLVT            580    1392.000    2402.766    tcbn65lphpbwplvttc       0 
INVD4HPBWPLVT            397    1111.600    2191.945    tcbn65lphpbwplvttc       0 
INVD6HPBWPLVT            209     836.000    1810.679    tcbn65lphpbwplvttc       0 
INVD8HPBWP                 1       4.800       1.142    tcbn65lphpbwptc          0 
INVD8HPBWPLVT             71     340.800     855.311    tcbn65lphpbwplvttc       0 
IOA21D0HPBWP               1       2.800       0.136    tcbn65lphpbwptc          0 
IOA21D1HPBWPLVT         1625    4550.000    2805.547    tcbn65lphpbwplvttc       0 
IOA21D2HPBWP               4      16.000       2.098    tcbn65lphpbwptc          0 
IOA21D2HPBWPLVT         1467    5868.000    5681.698    tcbn65lphpbwplvttc       0 
IOA21D4HPBWP               1       6.400       0.957    tcbn65lphpbwptc          0 
IOA21D4HPBWPLVT           78     499.200     507.740    tcbn65lphpbwplvttc       0 
IOA22D0HPBWPLVT            1       3.600       1.334    tcbn65lphpbwplvttc       0 
IOA22D1HPBWP               1       3.600       0.211    tcbn65lphpbwptc          0 
IOA22D1HPBWPLVT           38     136.800      66.823    tcbn65lphpbwplvttc       0 
IOA22D2HPBWPLVT           17      81.600      99.512    tcbn65lphpbwplvttc       0 
IOA22D4HPBWPLVT           54     410.400     573.379    tcbn65lphpbwplvttc       0 
MAOI222D0HPBWPLVT          3       9.600       1.958    tcbn65lphpbwplvttc       0 
MAOI222D1HPBWPLVT         37     118.400      53.564    tcbn65lphpbwplvttc       0 
MAOI22D1HPBWP              2       6.400       0.655    tcbn65lphpbwptc          0 
MAOI22D1HPBWPLVT         129     412.800     488.774    tcbn65lphpbwplvttc       0 
MAOI22D2HPBWPLVT          11      52.800      56.042    tcbn65lphpbwplvttc       0 
MOAI22D1HPBWP              1       3.200       0.331    tcbn65lphpbwptc          0 
MOAI22D1HPBWPLVT        1621    5187.200    4345.386    tcbn65lphpbwplvttc       0 
MOAI22D2HPBWPLVT          28     134.400     150.918    tcbn65lphpbwplvttc       0 
MUX2D0HPBWP                4      14.400       0.659    tcbn65lphpbwptc          0 
MUX2D0HPBWPLVT          1094    3938.400    2105.021    tcbn65lphpbwplvttc       0 
MUX2D1HPBWPLVT           670    2680.000    3023.807    tcbn65lphpbwplvttc       0 
MUX2D2HPBWPLVT           374    1645.600    2240.248    tcbn65lphpbwplvttc       0 
MUX2D4HPBWPLVT           520    3536.000    7016.348    tcbn65lphpbwplvttc       0 
MUX2ND0HPBWP              13      41.600       2.132    tcbn65lphpbwptc          0 
MUX2ND0HPBWPLVT          179     572.800     296.545    tcbn65lphpbwplvttc       0 
MUX2ND1HPBWPLVT            4      19.200      22.971    tcbn65lphpbwplvttc       0 
MUX2ND2HPBWPLVT           58     301.600     378.257    tcbn65lphpbwplvttc       0 
MUX2ND4HPBWPLVT           12      96.000     209.153    tcbn65lphpbwplvttc       0 
MUX3D1HPBWPLVT             1       6.400       6.911    tcbn65lphpbwplvttc       0 
MUX4ND0HPBWPLVT           31     248.000     187.493    tcbn65lphpbwplvttc       0 
ND2D1HPBWP                 6       9.600       0.383    tcbn65lphpbwptc          0 
ND2D1HPBWPLVT           2647    4235.200    1863.197    tcbn65lphpbwplvttc       0 
ND2D2HPBWP                15      42.000       2.725    tcbn65lphpbwptc          0 
ND2D2HPBWPLVT           2585    7238.000    4988.960    tcbn65lphpbwplvttc       0 
ND2D3HPBWPLVT           1100    4400.000    3743.745    tcbn65lphpbwplvttc       0 
ND2D4HPBWP                 1       4.800       0.421    tcbn65lphpbwptc          0 
ND2D4HPBWPLVT            588    2822.400    2838.541    tcbn65lphpbwplvttc       0 
ND2D8HPBWP                 1       9.200       0.876    tcbn65lphpbwptc          0 
ND2D8HPBWPLVT            190    1748.000    2034.143    tcbn65lphpbwplvttc       0 
ND3D0HPBWPLVT              1       2.400       0.045    tcbn65lphpbwplvttc       0 
ND3D1HPBWPLVT            137     328.800     112.383    tcbn65lphpbwplvttc       0 
ND3D2HPBWP                 2       8.000       1.140    tcbn65lphpbwptc          0 
ND3D2HPBWPLVT            116     464.000     307.551    tcbn65lphpbwplvttc       0 
ND3D3HPBWPLVT            160     832.000     805.443    tcbn65lphpbwplvttc       0 
ND3D4HPBWPLVT            157    1067.600     993.238    tcbn65lphpbwplvttc       0 
ND3D8HPBWPLVT             10     136.000      86.760    tcbn65lphpbwplvttc       0 
ND4D0HPBWPLVT              2       5.600       0.061    tcbn65lphpbwplvttc       0 
ND4D1HPBWPLVT            163     456.400     114.781    tcbn65lphpbwplvttc       0 
ND4D2HPBWPLVT             15      78.000      15.530    tcbn65lphpbwplvttc       0 
ND4D3HPBWPLVT              6      40.800      37.311    tcbn65lphpbwplvttc       0 
ND4D4HPBWPLVT              4      38.400      29.142    tcbn65lphpbwplvttc       0 
ND4D8HPBWP                 1       8.400       1.956    tcbn65lphpbwptc          0 
ND4D8HPBWPLVT             44     369.600     922.368    tcbn65lphpbwplvttc       0 
NR2D0HPBWPLVT              2       3.200       1.316    tcbn65lphpbwplvttc       0 
NR2D1HPBWP                17      27.200       1.795    tcbn65lphpbwptc          0 
NR2D1HPBWPLVT            376     601.600     251.901    tcbn65lphpbwplvttc       0 
NR2D2HPBWP                 1       2.800       0.161    tcbn65lphpbwptc          0 
NR2D2HPBWPLVT            261     730.800     744.566    tcbn65lphpbwplvttc       0 
NR2D3HPBWPLVT            201     804.000    1116.001    tcbn65lphpbwplvttc       0 
NR2D4HPBWPLVT            122     585.600    1184.564    tcbn65lphpbwplvttc       0 
NR2D8HPBWPLVT             49     450.800    1051.264    tcbn65lphpbwplvttc       0 
NR2XD0HPBWPLVT           538     860.800     352.100    tcbn65lphpbwplvttc       0 
NR2XD1HPBWP               19      53.200       2.124    tcbn65lphpbwptc          0 
NR2XD1HPBWPLVT           599    1677.200     494.671    tcbn65lphpbwplvttc       0 
NR2XD2HPBWPLVT           509    2443.200    1659.247    tcbn65lphpbwplvttc       0 
NR2XD3HPBWP                2      13.600       0.645    tcbn65lphpbwptc          0 
NR2XD3HPBWPLVT           347    2359.600    1700.963    tcbn65lphpbwplvttc       0 
NR2XD4HPBWPLVT            50     460.000     379.080    tcbn65lphpbwplvttc       0 
NR2XD8HPBWPLVT            36     619.200     735.756    tcbn65lphpbwplvttc       0 
NR3D0HPBWPLVT             49     117.600      42.204    tcbn65lphpbwplvttc       0 
NR3D1HPBWP                 1       3.600       0.059    tcbn65lphpbwptc          0 
NR3D1HPBWPLVT             23      82.800      27.471    tcbn65lphpbwplvttc       0 
NR3D2HPBWPLVT             24     153.600     177.180    tcbn65lphpbwplvttc       0 
NR3D3HPBWPLVT             26     249.600     233.908    tcbn65lphpbwplvttc       0 
NR3D4HPBWPLVT              6      69.600      31.005    tcbn65lphpbwplvttc       0 
NR4D0HPBWPLVT            118     330.400     150.805    tcbn65lphpbwplvttc       0 
NR4D1HPBWP                 2       9.600       0.128    tcbn65lphpbwptc          0 
NR4D1HPBWPLVT              5      24.000       1.410    tcbn65lphpbwplvttc       0 
NR4D2HPBWPLVT              1       8.000       1.617    tcbn65lphpbwplvttc       0 
NR4D3HPBWPLVT              1      12.000       0.211    tcbn65lphpbwplvttc       0 
OA211D1HPBWPLVT           26      83.200      72.652    tcbn65lphpbwplvttc       0 
OA211D4HPBWPLVT            9      64.800      91.437    tcbn65lphpbwplvttc       0 
OA21D0HPBWP                1       2.800       0.154    tcbn65lphpbwptc          0 
OA21D0HPBWPLVT             2       5.600       2.621    tcbn65lphpbwplvttc       0 
OA21D1HPBWPLVT           105     294.000     284.672    tcbn65lphpbwplvttc       0 
OA21D2HPBWPLVT             7      22.400      32.503    tcbn65lphpbwplvttc       0 
OA21D4HPBWPLVT            12      76.800      99.297    tcbn65lphpbwplvttc       0 
OA221D1HPBWPLVT          100     400.000     262.457    tcbn65lphpbwplvttc       0 
OA221D2HPBWPLVT            3      14.400      11.318    tcbn65lphpbwplvttc       0 
OA222D1HPBWPLVT           14      67.200      41.768    tcbn65lphpbwplvttc       0 
OA22D0HPBWPLVT             1       3.600       1.675    tcbn65lphpbwplvttc       0 
OA22D1HPBWPLVT            37     133.200      86.489    tcbn65lphpbwplvttc       0 
OA22D2HPBWPLVT             8      32.000      30.174    tcbn65lphpbwplvttc       0 
OA22D4HPBWPLVT            20     144.000     187.127    tcbn65lphpbwplvttc       0 
OA31D1HPBWPLVT             3       9.600       8.183    tcbn65lphpbwplvttc       0 
OA31D2HPBWPLVT             1       4.000       1.385    tcbn65lphpbwplvttc       0 
OA32D1HPBWPLVT             2       8.000       3.024    tcbn65lphpbwplvttc       0 
OAI211D1HPBWPLVT          75     210.000      91.444    tcbn65lphpbwplvttc       0 
OAI211D2HPBWPLVT           7      33.600      18.087    tcbn65lphpbwplvttc       0 
OAI211D4HPBWPLVT          16     153.600     112.359    tcbn65lphpbwplvttc       0 
OAI21D1HPBWP               2       4.800       0.266    tcbn65lphpbwptc          0 
OAI21D1HPBWPLVT          349     837.600     455.672    tcbn65lphpbwplvttc       0 
OAI21D2HPBWPLVT          143     572.000     466.447    tcbn65lphpbwplvttc       0 
OAI21D4HPBWPLVT           87     626.400     488.994    tcbn65lphpbwplvttc       0 
OAI221D0HPBWPLVT         246     787.200     184.427    tcbn65lphpbwplvttc       0 
OAI221D1HPBWPLVT          15      54.000      15.248    tcbn65lphpbwplvttc       0 
OAI221D2HPBWPLVT           4      25.600       8.970    tcbn65lphpbwplvttc       0 
OAI221XD4HPBWPLVT          2      24.000      13.631    tcbn65lphpbwplvttc       0 
OAI222D0HPBWPLVT          51     183.600      34.400    tcbn65lphpbwplvttc       0 
OAI222D1HPBWPLVT           6      24.000       6.872    tcbn65lphpbwplvttc       0 
OAI222D2HPBWP              1       7.600       0.361    tcbn65lphpbwptc          0 
OAI222D2HPBWPLVT         106     805.600     230.788    tcbn65lphpbwplvttc       0 
OAI222D4HPBWPLVT           1       6.800       6.241    tcbn65lphpbwplvttc       0 
OAI222XD4HPBWPLVT         22     308.000     103.768    tcbn65lphpbwplvttc       0 
OAI22D1HPBWPLVT          221     618.800     264.681    tcbn65lphpbwplvttc       0 
OAI22D2HPBWPLVT           58     278.400     171.382    tcbn65lphpbwplvttc       0 
OAI22D4HPBWPLVT            7      67.200      48.562    tcbn65lphpbwplvttc       0 
OAI31D0HPBWPLVT            1       2.800       0.364    tcbn65lphpbwplvttc       0 
OAI31D1HPBWPLVT           13      36.400      18.205    tcbn65lphpbwplvttc       0 
OAI31D2HPBWPLVT           13      62.400      26.940    tcbn65lphpbwplvttc       0 
OAI32D1HPBWPLVT           15      48.000      38.640    tcbn65lphpbwplvttc       0 
OAI32D2HPBWPLVT            1       6.000       2.854    tcbn65lphpbwplvttc       0 
OR2D1HPBWP                 1       2.400       0.160    tcbn65lphpbwptc          0 
OR2D1HPBWPLVT            149     357.600     294.499    tcbn65lphpbwplvttc       0 
OR2D2HPBWPLVT             17      47.600      65.627    tcbn65lphpbwplvttc       0 
OR2D4HPBWPLVT             60     288.000     514.712    tcbn65lphpbwplvttc       0 
OR2D8HPBWPLVT             21     168.000     373.896    tcbn65lphpbwplvttc       0 
OR2XD1HPBWP                1       2.400       0.167    tcbn65lphpbwptc          0 
OR2XD1HPBWPLVT            46     110.400     106.020    tcbn65lphpbwplvttc       0 
OR3D1HPBWPLVT             18      50.400      33.643    tcbn65lphpbwplvttc       0 
OR3D2HPBWPLVT              1       3.200       3.477    tcbn65lphpbwplvttc       0 
OR3D8HPBWPLVT              6      57.600     118.119    tcbn65lphpbwplvttc       0 
OR4D1HPBWPLVT             38     121.600     100.210    tcbn65lphpbwplvttc       0 
OR4D4HPBWPLVT              2      13.600      18.558    tcbn65lphpbwplvttc       0 
OR4D8HPBWPLVT              1      11.200      34.970    tcbn65lphpbwplvttc       0 
OR4XD1HPBWPLVT             1       3.200       5.059    tcbn65lphpbwplvttc       0 
XNR2D1HPBWP                1       4.000       0.451    tcbn65lphpbwptc          0 
XNR2D1HPBWPLVT           955    3820.000    4454.821    tcbn65lphpbwplvttc       0 
XNR2D2HPBWPLVT            16      70.400     104.056    tcbn65lphpbwplvttc       0 
XNR2D4HPBWPLVT            28     235.200     445.566    tcbn65lphpbwplvttc       0 
XNR3D0HPBWPLVT             3      20.400      15.810    tcbn65lphpbwplvttc       0 
XNR3D1HPBWP                1       6.800       0.645    tcbn65lphpbwptc          0 
XNR3D1HPBWPLVT           197    1339.600    1452.915    tcbn65lphpbwplvttc       0 
XNR3D2HPBWPLVT             2      17.600      19.305    tcbn65lphpbwplvttc       0 
XNR3D4HPBWPLVT            98    1176.000    2352.153    tcbn65lphpbwplvttc       0 
XNR4D0HPBWPLVT             1       9.600       8.105    tcbn65lphpbwplvttc       0 
XNR4D1HPBWPLVT           395    3792.000    3680.270    tcbn65lphpbwplvttc       0 
XNR4D2HPBWPLVT            24     240.000     275.945    tcbn65lphpbwplvttc       0 
XOR2D0HPBWP                2       8.000       0.531    tcbn65lphpbwptc          0 
XOR2D0HPBWPLVT             6      24.000      19.156    tcbn65lphpbwplvttc       0 
XOR2D1HPBWPLVT          1654    6616.000    9042.779    tcbn65lphpbwplvttc       0 
XOR2D2HPBWPLVT            97     426.800     673.297    tcbn65lphpbwplvttc       0 
XOR2D4HPBWPLVT            32     268.800     531.594    tcbn65lphpbwplvttc       0 
XOR3D0HPBWP                1       6.800       0.399    tcbn65lphpbwptc          0 
XOR3D0HPBWPLVT             5      34.000      24.726    tcbn65lphpbwplvttc       0 
XOR3D1HPBWP                2      13.600       1.324    tcbn65lphpbwptc          0 
XOR3D1HPBWPLVT           198    1346.400    1367.540    tcbn65lphpbwplvttc       0 
XOR3D2HPBWPLVT           131     995.600    1278.771    tcbn65lphpbwplvttc       0 
XOR3D4HPBWPLVT           338    4056.000    8030.977    tcbn65lphpbwplvttc       0 
XOR4D0HPBWPLVT            14     140.000     109.015    tcbn65lphpbwplvttc       0 
XOR4D1HPBWP               27     270.000      25.599    tcbn65lphpbwptc          0 
XOR4D1HPBWPLVT           121    1210.000    1323.519    tcbn65lphpbwplvttc       0 
XOR4D2HPBWPLVT            32     345.600     386.131    tcbn65lphpbwplvttc       0 
-----------------------------------------------------------------------------------
total                  50514  217749.600  199326.178                       


                                                      Leakage  Leakage 
      Library      Instances Instances %    Area    Power (nW) Power % 
-----------------------------------------------------------------------
tcbn65lphpbwplvttc     48740        96.5 212657.600 198912.638    99.8 
tcbn65lphpbwptc         1774         3.5   5092.000    413.540     0.2 

                                             Leakage  Leakage 
     Type      Instances    Area    Area % Power (nW) Power % 
--------------------------------------------------------------
sequential          6030  53690.400   24.7  38525.589    19.3 
inverter            5069   9805.200    4.5  14501.861     7.3 
buffer              1805   4315.600    2.0   4947.389     2.5 
logic              37610 149938.400   68.9 141351.340    70.9 
physical_cells         0      0.000    0.0      0.000     0.0 
--------------------------------------------------------------
total              50514 217749.600  100.0 199326.178   100.0 

