============================================================
  Generated by:           Genus(TM) Synthesis Solution 19.11-s087_1
  Generated on:           Aug 17 2021  03:37:33 pm
  Module:                 top
  Operating conditions:   NCCOM 
  Operating conditions:   WCCOM 
  Operating conditions:   WCCOM 
  Operating conditions:   BCCOM 
  Interconnect mode:      global
  Area mode:              physical library
============================================================

Timing
--------

 Analysis view Clock Period 
----------------------------
view_typ       clk   2000.0 
view_slow      clk   2000.0 
view_superslow clk   2000.0 
view_fast      clk   2000.0 


   Analysis      Cost   Critical        Violating 
     View       Group  Path Slack  TNS    Paths   
--------------------------------------------------
view_typ           C2C      791.4  0.0          0 
                   C2O      902.8  0.0          0 
                   clk   No paths  0.0          0 
               default   No paths  0.0          0 
                   I2C     1007.9  0.0          0 
                   I2O     1201.0  0.0          0 
--------------------------------------------------
Total                             -0.0          0 
                                                  
view_slow          C2C       30.6  0.0          0 
                   C2O      277.7  0.0          0 
                   clk   No paths  0.0          0 
               default   No paths  0.0          0 
                   I2C      453.6  0.0          0 
                   I2O      846.6  0.0          0 
--------------------------------------------------
Total                             -0.0          0 
                                                  
view_superslow     C2C       30.6  0.0          0 
                   C2O      277.7  0.0          0 
                   clk   No paths  0.0          0 
               default   No paths  0.0          0 
                   I2C      453.6  0.0          0 
                   I2O      846.6  0.0          0 
--------------------------------------------------
Total                             -0.0          0 
                                                  
view_fast          C2C     1110.1  0.0          0 
                   C2O     1168.6  0.0          0 
                   clk   No paths  0.0          0 
               default   No paths  0.0          0 
                   I2C     1238.7  0.0          0 
                   I2O     1349.7  0.0          0 
--------------------------------------------------
Total                             -0.0          0 
                                                  

Instance Count
--------------
Leaf Instance Count             101638 
Physical Instance count              0 
Sequential Instance Count         6030 
Combinational Instance Count     95608 
Hierarchical Instance Count         95 

Area
----
Cell Area                          414014.127
Physical Cell Area                 0.000
Total Cell Area (Cell+Physical)    414014.127
Net Area                           85.377
Total Area (Cell+Physical+Net)     414099.504

Runtime                            127.632539 seconds
Elapsed Runtime                    645 seconds
Genus peak memory usage            1776.63 
Innovus peak memory usage          no_value 
Hostname                           epi03.bsc.es
