============================================================
  Generated by:           Genus(TM) Synthesis Solution 19.11-s087_1
  Generated on:           Aug 17 2021  03:37:46 pm
  Module:                 top
  Operating conditions:   NCCOM 
  Operating conditions:   WCCOM 
  Operating conditions:   WCCOM 
  Operating conditions:   BCCOM 
  Interconnect mode:      global
  Area mode:              physical library
============================================================

                                        Leakage  Leakage 
     Type      Instances  Area Area % Power (nW) Power % 
---------------------------------------------------------
sequential          6030 0.000    0.0 127441.035    97.8 
inverter              14 0.000    0.0      0.455     0.0 
logic              95594 0.000    0.0   2847.834     2.2 
physical_cells         0 0.000    0.0      0.000     0.0 
---------------------------------------------------------
total             101638 0.000    0.0 130289.324   100.0 

