============================================================
  Generated by:           Genus(TM) Synthesis Solution 19.11-s087_1
  Generated on:           Aug 17 2021  04:05:46 pm
  Module:                 top
  Operating conditions:   NCCOM 
  Operating conditions:   WCCOM 
  Operating conditions:   WCCOM 
  Operating conditions:   BCCOM 
  Interconnect mode:      global
  Area mode:              physical library
============================================================


Path 1: MET (87 ps) Late External Delay Assertion at pin intr_RDC_o
           View: view_slow
          Group: I2O
     Startpoint: (R) hwdata_i[9]
          Clock: (R) clk
       Endpoint: (F) intr_RDC_o
          Clock: (R) clk

                     Capture       Launch     
        Clock Edge:+    2000            0     
        Drv Adjust:+       0            0     
       Src Latency:+       0            0     
       Net Latency:+       0 (I)        0 (I) 
           Arrival:=    2000            0     
                                              
      Output Delay:-     100                  
     Required Time:=    1900                  
      Launch Clock:-       0                  
       Input Delay:-     100                  
         Data Path:-    1713                  
             Slack:=      87                  

Exceptions/Constraints:
  input_delay              100             top_65.sdc_1_line_11_265_1 
  output_delay             100             top_65.sdc_1_line_12_396_1 

#---------------------------------------------------------------------------------------------------------------------
#           Timing Point             Flags    Arc   Edge       Cell         Fanout  Load Trans Delay Arrival Instance 
#                                                                                   (fF)  (ps)  (ps)   (ps)  Location 
#---------------------------------------------------------------------------------------------------------------------
  hwdata_i[9]                        -       -      R     (arrival)              2  13.5   200     0     100    (-,-) 
  g125003/ZN                         -       A2->ZN F     ND2D2HPBWPLVT         14  39.6   195   161     261    (-,-) 
  g124988/ZN                         -       I->ZN  R     INVD1HPBWPLVT         10  28.4   220   179     440    (-,-) 
  g110882/Z                          -       I1->Z  R     MUX2D4HPBWPLVT         5  14.5    57   122     562    (-,-) 
  dut_pmu_ahb_inst_pmu_raw/g94565/Z  -       A2->Z  R     OA21D1HPBWPLVT         1   5.4    56    85     647    (-,-) 
  dut_pmu_ahb_inst_pmu_raw/g94559/ZN -       A1->ZN F     ND2D2HPBWPLVT          1   5.1    38    37     684    (-,-) 
  dut_pmu_ahb_inst_pmu_raw/g94353/ZN -       B->ZN  R     MAOI222D1HPBWPLVT      1   4.1   140    91     776    (-,-) 
  dut_pmu_ahb_inst_pmu_raw/g94294/ZN -       A1->ZN F     OAI22D1HPBWPLVT        1   5.1    82    83     859    (-,-) 
  dut_pmu_ahb_inst_pmu_raw/g3/CO     -       B->CO  F     FCICIND1HPBWPLVT       1   5.1    62   129     988    (-,-) 
  dut_pmu_ahb_inst_pmu_raw/g97092/CO -       B->CO  F     FCICIND1HPBWPLVT       1   3.4    54   117    1105    (-,-) 
  dut_pmu_ahb_inst_pmu_raw/g4/ZN     -       I->ZN  R     CKND0HPBWPLVT          1   5.5    87    67    1172    (-,-) 
  dut_pmu_ahb_inst_pmu_raw/g94075/ZN -       A->ZN  F     MAOI222D1HPBWPLVT      1   4.2   132    94    1266    (-,-) 
  dut_pmu_ahb_inst_pmu_raw/g93765/ZN -       B1->ZN F     MOAI22D1HPBWPLVT       2   9.3   129   133    1399    (-,-) 
  dut_pmu_ahb_inst_pmu_raw/g92348/Z  -       A2->Z  F     OR4D8HPBWPLVT          2 505.1   348   409    1808    (-,-) 
  intr_RDC_o                         -       -      F     (port)                 -     -     -     6    1813    (-,-) 
#---------------------------------------------------------------------------------------------------------------------


